[0.013s] Invoking command in '/home/spaaaaace/Code/mid70/2025_radar_station/build/radar_station': CMAKE_PREFIX_PATH=${CMAKE_PREFIX_PATH}:/opt/ros/humble CONDA_PROMPT_MODIFIER=(yolov8) /usr/local/bin/cmake /home/spaaaaace/Code/mid70/2025_radar_station/src/radar_station -DCMAKE_INSTALL_PREFIX=/home/spaaaaace/Code/mid70/2025_radar_station/install/radar_station
[0.054s] -- The C compiler identification is GNU 11.4.0
[0.098s] -- The CXX compiler identification is GNU 11.4.0
[0.106s] -- Detecting C compiler ABI info
[0.152s] -- Detecting C compiler ABI info - done
[0.160s] -- Check for working C compiler: /usr/bin/cc - skipped
[0.160s] -- Detecting C compile features
[0.161s] -- Detecting C compile features - done
[0.163s] -- Detecting CXX compiler ABI info
[0.209s] -- Detecting CXX compiler ABI info - done
[0.216s] -- Check for working CXX compiler: /usr/bin/c++ - skipped
[0.216s] -- Detecting CXX compile features
[0.216s] -- Detecting CXX compile features - done
[0.218s] -- Found ament_cmake: 1.3.11 (/opt/ros/humble/share/ament_cmake/cmake)
[0.460s] -- Found Python3: /home/spaaaaace/anaconda3/envs/yolov8/bin/python3 (found version "3.8.20") found components: Interpreter 
[0.518s] -- Found OpenCV: /usr/local (found version "4.10.0") 
[0.520s] -- Found rclcpp: 16.0.10 (/opt/ros/humble/share/rclcpp/cmake)
[0.552s] -- Found rosidl_generator_c: 3.1.5 (/opt/ros/humble/share/rosidl_generator_c/cmake)
[0.555s] -- Found rosidl_adapter: 3.1.5 (/opt/ros/humble/share/rosidl_adapter/cmake)
[0.561s] -- Found rosidl_generator_cpp: 3.1.5 (/opt/ros/humble/share/rosidl_generator_cpp/cmake)
[0.571s] -- Using all available rosidl_typesupport_c: rosidl_typesupport_fastrtps_c;rosidl_typesupport_introspection_c
[0.582s] -- Using all available rosidl_typesupport_cpp: rosidl_typesupport_fastrtps_cpp;rosidl_typesupport_introspection_cpp
[0.617s] -- Found rmw_implementation_cmake: 6.1.2 (/opt/ros/humble/share/rmw_implementation_cmake/cmake)
[0.619s] -- Found rmw_fastrtps_cpp: 6.2.7 (/opt/ros/humble/share/rmw_fastrtps_cpp/cmake)
[0.686s] -- Found OpenSSL: /usr/lib/x86_64-linux-gnu/libcrypto.so (found version "3.0.2")  
[0.714s] -- Found FastRTPS: /opt/ros/humble/include  
[0.746s] -- Using RMW implementation 'rmw_fastrtps_cpp' as default
[0.753s] -- Performing Test CMAKE_HAVE_LIBC_PTHREAD
[0.804s] -- Performing Test CMAKE_HAVE_LIBC_PTHREAD - Success
[0.805s] -- Found Threads: TRUE  
[0.848s] -- Found sensor_msgs: 4.2.4 (/opt/ros/humble/share/sensor_msgs/cmake)
[0.875s] -- Found cv_bridge: 3.2.1 (/opt/ros/humble/share/cv_bridge/cmake)
[0.878s] -- Found image_transport: 3.1.9 (/opt/ros/humble/share/image_transport/cmake)
[0.912s] -- Checking for module 'eigen3'
[0.921s] --   Found eigen3, version 3.4.0
[0.945s] -- Found Eigen: /usr/local/include/eigen3 (Required is at least version "3.1") 
[0.945s] -- Eigen found (include: /usr/local/include/eigen3, version: 3.4.0)
[0.962s] -- Found Boost: /usr/lib/x86_64-linux-gnu/cmake/Boost-1.74.0/BoostConfig.cmake (found suitable version "1.74.0", minimum required is "1.65.0") found components: system filesystem date_time iostreams serialization 
[0.975s] -- Checking for module 'flann'
[0.986s] --   Found flann, version 1.9.1
[1.015s] -- Found FLANN: /usr/lib/x86_64-linux-gnu/libflann_cpp.so  
[1.015s] -- FLANN found (include: /usr/include, lib: /usr/lib/x86_64-linux-gnu/libflann_cpp.so)
[1.049s] -- Found GLEW: /usr/lib/x86_64-linux-gnu/libGLEW.so  
[1.056s] -- Found OpenGL: /usr/lib/x86_64-linux-gnu/libOpenGL.so  found components: OpenGL GLX 
[1.179s] -- Found MPI_C: /usr/lib/x86_64-linux-gnu/libmpi.so (found version "3.1") 
[1.179s] -- Found MPI: TRUE (found version "3.1") found components: C 
[1.181s] -- Found JsonCpp: /usr/lib/x86_64-linux-gnu/libjsoncpp.so (found suitable version "1.9.5", minimum required is "0.7.0") 
[1.192s] -- Found ZLIB: /usr/lib/x86_64-linux-gnu/libz.so (found version "1.2.11")  
[1.211s] -- Found PNG: /usr/lib/x86_64-linux-gnu/libpng.so (found version "1.6.37") 
[1.220s] -- Found Eigen3: /usr/include/eigen3 (found version "3.4.0") 
[1.303s] -- Found X11: /usr/include   
[1.303s] -- Looking for XOpenDisplay in /usr/lib/x86_64-linux-gnu/libX11.so;/usr/lib/x86_64-linux-gnu/libXext.so
[1.361s] -- Looking for XOpenDisplay in /usr/lib/x86_64-linux-gnu/libX11.so;/usr/lib/x86_64-linux-gnu/libXext.so - found
[1.361s] -- Looking for gethostbyname
[1.409s] -- Looking for gethostbyname - found
[1.410s] -- Looking for connect
[1.472s] -- Looking for connect - found
[1.472s] -- Looking for remove
[1.528s] -- Looking for remove - found
[1.528s] -- Looking for shmat
[1.587s] -- Looking for shmat - found
[1.587s] -- Looking for IceConnectionNumber in ICE
[1.638s] -- Looking for IceConnectionNumber in ICE - found
[1.724s] -- Found EXPAT: /usr/lib/x86_64-linux-gnu/libexpat.so (found version "2.4.7") 
[1.727s] -- Found double-conversion: /usr/lib/x86_64-linux-gnu/libdouble-conversion.so  
[1.732s] -- Found LZ4: /usr/lib/x86_64-linux-gnu/liblz4.so (found version "1.9.3") 
[1.735s] -- Found LZMA: /usr/lib/x86_64-linux-gnu/liblzma.so (found version "5.2.5") 
[1.756s] -- Found JPEG: /usr/lib/x86_64-linux-gnu/libjpeg.so (found version "80") 
[1.762s] -- Found TIFF: /usr/lib/x86_64-linux-gnu/libtiff.so (found version "4.3.0")  
[1.767s] -- Found Freetype: /usr/lib/x86_64-linux-gnu/libfreetype.so (found version "2.11.1") 
[1.771s] -- Found utf8cpp: /usr/include/utf8cpp  
[1.850s] -- Checking for module 'libusb-1.0'
[1.864s] --   Found libusb-1.0, version 1.0.25
[1.889s] -- Found libusb: /usr/lib/x86_64-linux-gnu/libusb-1.0.so  
[1.891s] -- Found OpenNI: /usr/lib/libOpenNI.so;libusb::libusb (found version "1.5.4.0") 
[1.891s] -- OpenNI found (version: 1.5.4.0, include: /usr/include/ni, lib: /usr/lib/libOpenNI.so;libusb::libusb)
[1.937s] -- Found OpenNI2: /usr/lib/x86_64-linux-gnu/libOpenNI2.so;libusb::libusb (found version "2.2.0.33") 
[1.937s] -- OpenNI2 found (version: 2.2.0.33, include: /usr/include/openni2, lib: /usr/lib/x86_64-linux-gnu/libOpenNI2.so;libusb::libusb)
[1.937s] [0m** WARNING ** io features related to pcap will be disabled[0m
[2.082s] -- Eigen found (include: /usr/local/include/eigen3, version: 3.4.0)
[2.089s] -- OpenNI found (version: 1.5.4.0, include: /usr/include/ni, lib: /usr/lib/libOpenNI.so;libusb::libusb)
[2.095s] -- OpenNI2 found (version: 2.2.0.33, include: /usr/include/openni2, lib: /usr/lib/x86_64-linux-gnu/libOpenNI2.so;libusb::libusb)
[2.325s] -- Found Qhull version 8.0.2
[2.471s] -- OpenNI found (version: 1.5.4.0, include: /usr/include/ni, lib: /usr/lib/libOpenNI.so;libusb::libusb)
[2.604s] -- looking for PCL_COMMON
[2.605s] -- Found PCL_COMMON: /usr/lib/x86_64-linux-gnu/libpcl_common.so  
[2.605s] -- looking for PCL_KDTREE
[2.606s] -- Found PCL_KDTREE: /usr/lib/x86_64-linux-gnu/libpcl_kdtree.so  
[2.606s] -- looking for PCL_OCTREE
[2.606s] -- Found PCL_OCTREE: /usr/lib/x86_64-linux-gnu/libpcl_octree.so  
[2.606s] -- looking for PCL_SEARCH
[2.607s] -- Found PCL_SEARCH: /usr/lib/x86_64-linux-gnu/libpcl_search.so  
[2.607s] -- looking for PCL_SAMPLE_CONSENSUS
[2.608s] -- Found PCL_SAMPLE_CONSENSUS: /usr/lib/x86_64-linux-gnu/libpcl_sample_consensus.so  
[2.608s] -- looking for PCL_FILTERS
[2.609s] -- Found PCL_FILTERS: /usr/lib/x86_64-linux-gnu/libpcl_filters.so  
[2.609s] -- looking for PCL_2D
[2.609s] -- Found PCL_2D: /usr/include/pcl-1.12  
[2.609s] -- looking for PCL_GEOMETRY
[2.609s] -- Found PCL_GEOMETRY: /usr/include/pcl-1.12  
[2.609s] -- looking for PCL_IO
[2.610s] -- Found PCL_IO: /usr/lib/x86_64-linux-gnu/libpcl_io.so  
[2.610s] -- looking for PCL_FEATURES
[2.611s] -- Found PCL_FEATURES: /usr/lib/x86_64-linux-gnu/libpcl_features.so  
[2.611s] -- looking for PCL_ML
[2.612s] -- Found PCL_ML: /usr/lib/x86_64-linux-gnu/libpcl_ml.so  
[2.612s] -- looking for PCL_SEGMENTATION
[2.612s] -- Found PCL_SEGMENTATION: /usr/lib/x86_64-linux-gnu/libpcl_segmentation.so  
[2.612s] -- looking for PCL_VISUALIZATION
[2.613s] -- Found PCL_VISUALIZATION: /usr/lib/x86_64-linux-gnu/libpcl_visualization.so  
[2.613s] -- looking for PCL_SURFACE
[2.614s] -- Found PCL_SURFACE: /usr/lib/x86_64-linux-gnu/libpcl_surface.so  
[2.614s] -- looking for PCL_REGISTRATION
[2.615s] -- Found PCL_REGISTRATION: /usr/lib/x86_64-linux-gnu/libpcl_registration.so  
[2.615s] -- looking for PCL_KEYPOINTS
[2.616s] -- Found PCL_KEYPOINTS: /usr/lib/x86_64-linux-gnu/libpcl_keypoints.so  
[2.616s] -- looking for PCL_TRACKING
[2.616s] -- Found PCL_TRACKING: /usr/lib/x86_64-linux-gnu/libpcl_tracking.so  
[2.616s] -- looking for PCL_RECOGNITION
[2.617s] -- Found PCL_RECOGNITION: /usr/lib/x86_64-linux-gnu/libpcl_recognition.so  
[2.617s] -- looking for PCL_STEREO
[2.618s] -- Found PCL_STEREO: /usr/lib/x86_64-linux-gnu/libpcl_stereo.so  
[2.618s] -- looking for PCL_APPS
[2.619s] -- Found PCL_APPS: /usr/lib/x86_64-linux-gnu/libpcl_apps.so  
[2.619s] -- looking for PCL_IN_HAND_SCANNER
[2.619s] -- Found PCL_IN_HAND_SCANNER: /usr/include/pcl-1.12  
[2.620s] -- looking for PCL_MODELER
[2.620s] -- Found PCL_MODELER: /usr/include/pcl-1.12  
[2.620s] -- looking for PCL_POINT_CLOUD_EDITOR
[2.620s] -- Found PCL_POINT_CLOUD_EDITOR: /usr/include/pcl-1.12  
[2.620s] -- looking for PCL_OUTOFCORE
[2.621s] -- Found PCL_OUTOFCORE: /usr/lib/x86_64-linux-gnu/libpcl_outofcore.so  
[2.622s] -- looking for PCL_PEOPLE
[2.624s] -- Found PCL_PEOPLE: /usr/lib/x86_64-linux-gnu/libpcl_people.so  
[2.625s] -- Found PCL: pcl_common;pcl_kdtree;pcl_octree;pcl_search;pcl_sample_consensus;pcl_filters;pcl_io;pcl_features;pcl_ml;pcl_segmentation;pcl_visualization;pcl_surface;pcl_registration;pcl_keypoints;pcl_tracking;pcl_recognition;pcl_stereo;pcl_apps;pcl_outofcore;pcl_people;Boost::system;Boost::filesystem;Boost::date_time;Boost::iostreams;Boost::serialization;/usr/lib/libOpenNI.so;libusb::libusb;/usr/lib/x86_64-linux-gnu/libOpenNI2.so;libusb::libusb;VTK::ChartsCore;VTK::CommonColor;VTK::CommonComputationalGeometry;VTK::CommonCore;VTK::CommonDataModel;VTK::CommonExecutionModel;VTK::CommonMath;VTK::CommonMisc;VTK::CommonTransforms;VTK::FiltersCore;VTK::FiltersExtraction;VTK::FiltersGeneral;VTK::FiltersGeometry;VTK::FiltersModeling;VTK::FiltersSources;VTK::ImagingCore;VTK::ImagingSources;VTK::InteractionImage;VTK::InteractionStyle;VTK::InteractionWidgets;VTK::IOCore;VTK::IOGeometry;VTK::IOImage;VTK::IOLegacy;VTK::IOPLY;VTK::RenderingAnnotation;VTK::RenderingCore;VTK::RenderingContext2D;VTK::RenderingLOD;VTK::RenderingFreeType;VTK::ViewsCore;VTK::ViewsContext2D;VTK::RenderingOpenGL2;VTK::GUISupportQt;FLANN::FLANN;QHULL::QHULL  
[2.628s] -- Found pcl_conversions: 2.4.5 (/opt/ros/humble/share/pcl_conversions/cmake)
[2.658s] -- Found ament_lint_auto: 0.12.11 (/opt/ros/humble/share/ament_lint_auto/cmake)
[2.730s] -- Added test 'cppcheck' to perform static code analysis on C / C++ code
[2.731s] -- Configured cppcheck include dirs: 
[2.731s] -- Configured cppcheck exclude dirs and/or files: 
[2.731s] -- Added test 'lint_cmake' to check CMake code style
[2.732s] -- Added test 'uncrustify' to check C / C++ code style
[2.732s] -- Configured uncrustify additional arguments: 
[2.732s] -- Added test 'xmllint' to check XML markup files
[2.733s] -- Configuring done (2.7s)
[2.756s] -- Generating done (0.0s)
[2.758s] -- Build files have been written to: /home/spaaaaace/Code/mid70/2025_radar_station/build/radar_station
[2.774s] Invoked command in '/home/spaaaaace/Code/mid70/2025_radar_station/build/radar_station' returned '0': CMAKE_PREFIX_PATH=${CMAKE_PREFIX_PATH}:/opt/ros/humble CONDA_PROMPT_MODIFIER=(yolov8) /usr/local/bin/cmake /home/spaaaaace/Code/mid70/2025_radar_station/src/radar_station -DCMAKE_INSTALL_PREFIX=/home/spaaaaace/Code/mid70/2025_radar_station/install/radar_station
[2.776s] Invoking command in '/home/spaaaaace/Code/mid70/2025_radar_station/build/radar_station': CMAKE_PREFIX_PATH=${CMAKE_PREFIX_PATH}:/opt/ros/humble CONDA_PROMPT_MODIFIER=(yolov8) /usr/local/bin/cmake --build /home/spaaaaace/Code/mid70/2025_radar_station/build/radar_station -- -j22 -l22
[2.802s] [ 50%] [32mBuilding CXX object CMakeFiles/radar_station.dir/src/radar_station.cpp.o[0m
[14.826s] [100%] [32m[1mLinking CXX executable radar_station[0m
[14.848s] gmake[2]: *** 正在删除文件“radar_station”
[14.849s] gmake[2]: *** [CMakeFiles/radar_station.dir/build.make:313: radar_station] 中断
[14.849s] gmake[1]: *** [CMakeFiles/Makefile2:137: CMakeFiles/radar_station.dir/all] 中断
[14.849s] gmake: *** [Makefile:146: all] 中断
[14.850s] Invoked command in '/home/spaaaaace/Code/mid70/2025_radar_station/build/radar_station' returned '-2': CMAKE_PREFIX_PATH=${CMAKE_PREFIX_PATH}:/opt/ros/humble CONDA_PROMPT_MODIFIER=(yolov8) /usr/local/bin/cmake --build /home/spaaaaace/Code/mid70/2025_radar_station/build/radar_station -- -j22 -l22
