[0.017s] Invoking command in '/home/spaaaaace/Code/mid70/2025_radar_station/build/livox_sdk_vendor': CMAKE_PREFIX_PATH=${CMAKE_PREFIX_PATH}:/opt/ros/humble CONDA_PROMPT_MODIFIER=(vision) /usr/local/bin/cmake --build /home/spaaaaace/Code/mid70/2025_radar_station/build/livox_sdk_vendor -- -j22 -l22
[0.031s] [ 12%] [34m[1mPerforming update step for 'livox-sdk-v2.3.1'[0m
[0.039s] [ 25%] [34m[1mNo patch step for 'livox-sdk-v2.3.1'[0m
[0.044s] [ 37%] [34m[1mPerforming configure step for 'livox-sdk-v2.3.1'[0m
[0.048s] -- main project dir: /home/spaaaaace/Code/mid70/2025_radar_station/build/livox_sdk_vendor/livox-sdk-v2.3.1-prefix/src/livox-sdk-v2.3.1
[0.051s] -- Configuring done (0.0s)
[0.067s] -- Generating done (0.0s)
[0.068s] -- Build files have been written to: /home/spaaaaace/Code/mid70/2025_radar_station/build/livox_sdk_vendor/livox-sdk-v2.3.1-prefix/src/livox-sdk-v2.3.1-build
[0.070s] [ 50%] [34m[1mPerforming build step for 'livox-sdk-v2.3.1'[0m
[0.101s] [ 54%] Built target livox_sdk_static
[0.107s] [ 58%] Built target hub_sample
[0.107s] [ 62%] Built target lidar_sample
[0.108s] [ 68%] Built target hub_lvx_sample
[0.109s] [ 72%] Built target trouble_shooting
[0.110s] [ 79%] Built target lidar_lvx_sample
[0.110s] [ 85%] Built target hub_sample_cc
[0.111s] [ 93%] Built target lidar_utc_sync
[0.111s] [100%] Built target lidar_sample_cc
[0.118s] [ 62%] [34m[1mPerforming install step for 'livox-sdk-v2.3.1'[0m
[0.139s] [ 54%] Built target livox_sdk_static
[0.146s] [ 58%] Built target lidar_sample
[0.146s] [ 62%] Built target hub_sample
[0.147s] [ 66%] Built target trouble_shooting
[0.147s] [ 72%] Built target hub_sample_cc
[0.147s] [ 79%] Built target lidar_sample_cc
[0.147s] [ 93%] Built target lidar_utc_sync
[0.147s] [ 93%] Built target lidar_lvx_sample
[0.147s] [100%] Built target hub_lvx_sample
[0.153s] [36mInstall the project...[0m
[0.155s] -- Install configuration: ""
[0.155s] -- Up-to-date: /home/spaaaaace/Code/mid70/2025_radar_station/build/livox_sdk_vendor/livox-sdk_install/lib/liblivox_sdk_static.a
[0.155s] -- Up-to-date: /home/spaaaaace/Code/mid70/2025_radar_station/build/livox_sdk_vendor/livox-sdk_install/include/livox_def.h
[0.155s] -- Up-to-date: /home/spaaaaace/Code/mid70/2025_radar_station/build/livox_sdk_vendor/livox-sdk_install/include/livox_sdk.h
[0.161s] [ 75%] [34m[1mCompleted 'livox-sdk-v2.3.1'[0m
[0.168s] [100%] Built target livox-sdk-v2.3.1
[0.171s] Invoked command in '/home/spaaaaace/Code/mid70/2025_radar_station/build/livox_sdk_vendor' returned '0': CMAKE_PREFIX_PATH=${CMAKE_PREFIX_PATH}:/opt/ros/humble CONDA_PROMPT_MODIFIER=(vision) /usr/local/bin/cmake --build /home/spaaaaace/Code/mid70/2025_radar_station/build/livox_sdk_vendor -- -j22 -l22
[0.187s] Invoking command in '/home/spaaaaace/Code/mid70/2025_radar_station/build/livox_sdk_vendor': CMAKE_PREFIX_PATH=${CMAKE_PREFIX_PATH}:/opt/ros/humble CONDA_PROMPT_MODIFIER=(vision) /usr/local/bin/cmake --install /home/spaaaaace/Code/mid70/2025_radar_station/build/livox_sdk_vendor
[0.189s] -- Install configuration: ""
[0.189s] -- Up-to-date: /home/spaaaaace/Code/mid70/2025_radar_station/install/livox_sdk_vendor
[0.189s] -- Up-to-date: /home/spaaaaace/Code/mid70/2025_radar_station/install/livox_sdk_vendor/include
[0.189s] -- Up-to-date: /home/spaaaaace/Code/mid70/2025_radar_station/install/livox_sdk_vendor/include/livox_sdk.h
[0.189s] -- Up-to-date: /home/spaaaaace/Code/mid70/2025_radar_station/install/livox_sdk_vendor/include/livox_def.h
[0.189s] -- Up-to-date: /home/spaaaaace/Code/mid70/2025_radar_station/install/livox_sdk_vendor/lib
[0.189s] -- Up-to-date: /home/spaaaaace/Code/mid70/2025_radar_station/install/livox_sdk_vendor/lib/liblivox_sdk_static.a
[0.190s] -- Up-to-date: /home/spaaaaace/Code/mid70/2025_radar_station/install/livox_sdk_vendor/share/livox_sdk_vendor/cmake
[0.190s] -- Up-to-date: /home/spaaaaace/Code/mid70/2025_radar_station/install/livox_sdk_vendor/share/livox_sdk_vendor/cmake/Modules
[0.190s] -- Up-to-date: /home/spaaaaace/Code/mid70/2025_radar_station/install/livox_sdk_vendor/share/livox_sdk_vendor/cmake/Modules/Findlivox_sdk.cmake
[0.190s] -- Up-to-date: /home/spaaaaace/Code/mid70/2025_radar_station/install/livox_sdk_vendor/share/ament_index/resource_index/package_run_dependencies/livox_sdk_vendor
[0.190s] -- Up-to-date: /home/spaaaaace/Code/mid70/2025_radar_station/install/livox_sdk_vendor/share/ament_index/resource_index/parent_prefix_path/livox_sdk_vendor
[0.191s] -- Up-to-date: /home/spaaaaace/Code/mid70/2025_radar_station/install/livox_sdk_vendor/share/livox_sdk_vendor/environment/ament_prefix_path.sh
[0.191s] -- Up-to-date: /home/spaaaaace/Code/mid70/2025_radar_station/install/livox_sdk_vendor/share/livox_sdk_vendor/environment/ament_prefix_path.dsv
[0.191s] -- Up-to-date: /home/spaaaaace/Code/mid70/2025_radar_station/install/livox_sdk_vendor/share/livox_sdk_vendor/environment/path.sh
[0.191s] -- Up-to-date: /home/spaaaaace/Code/mid70/2025_radar_station/install/livox_sdk_vendor/share/livox_sdk_vendor/environment/path.dsv
[0.191s] -- Up-to-date: /home/spaaaaace/Code/mid70/2025_radar_station/install/livox_sdk_vendor/share/livox_sdk_vendor/local_setup.bash
[0.191s] -- Up-to-date: /home/spaaaaace/Code/mid70/2025_radar_station/install/livox_sdk_vendor/share/livox_sdk_vendor/local_setup.sh
[0.192s] -- Up-to-date: /home/spaaaaace/Code/mid70/2025_radar_station/install/livox_sdk_vendor/share/livox_sdk_vendor/local_setup.zsh
[0.192s] -- Up-to-date: /home/spaaaaace/Code/mid70/2025_radar_station/install/livox_sdk_vendor/share/livox_sdk_vendor/local_setup.dsv
[0.192s] -- Installing: /home/spaaaaace/Code/mid70/2025_radar_station/install/livox_sdk_vendor/share/livox_sdk_vendor/package.dsv
[0.192s] -- Up-to-date: /home/spaaaaace/Code/mid70/2025_radar_station/install/livox_sdk_vendor/share/ament_index/resource_index/packages/livox_sdk_vendor
[0.192s] -- Up-to-date: /home/spaaaaace/Code/mid70/2025_radar_station/install/livox_sdk_vendor/share/livox_sdk_vendor/cmake/livox_sdk_vendor-extras.cmake
[0.192s] -- Up-to-date: /home/spaaaaace/Code/mid70/2025_radar_station/install/livox_sdk_vendor/share/livox_sdk_vendor/cmake/livox_sdk_vendorConfig.cmake
[0.192s] -- Up-to-date: /home/spaaaaace/Code/mid70/2025_radar_station/install/livox_sdk_vendor/share/livox_sdk_vendor/cmake/livox_sdk_vendorConfig-version.cmake
[0.192s] -- Up-to-date: /home/spaaaaace/Code/mid70/2025_radar_station/install/livox_sdk_vendor/share/livox_sdk_vendor/package.xml
[0.193s] Invoked command in '/home/spaaaaace/Code/mid70/2025_radar_station/build/livox_sdk_vendor' returned '0': CMAKE_PREFIX_PATH=${CMAKE_PREFIX_PATH}:/opt/ros/humble CONDA_PROMPT_MODIFIER=(vision) /usr/local/bin/cmake --install /home/spaaaaace/Code/mid70/2025_radar_station/build/livox_sdk_vendor
