[0.014s] Invoking command in '/home/spaaaaace/Code/mid70/2025_radar_station/build/livox_sdk_vendor': CMAKE_PREFIX_PATH=${CMAKE_PREFIX_PATH}:/opt/ros/humble PS1=\[\e]0;\u@\h: \w\a\]${debian_chroot:+($debian_chroot)}\[\033[01;32m\]\u@\h\[\033[00m\]:\[\033[01;34m\]\w\[\033[00m\]\$ /usr/local/bin/cmake /home/spaaaaace/Code/mid70/2025_radar_station/src/livox_ros2_driver/livox_sdk_vendor -DCMAKE_INSTALL_PREFIX=/home/spaaaaace/Code/mid70/2025_radar_station/install/livox_sdk_vendor
[0.042s] -- The C compiler identification is GNU 11.4.0
[0.084s] -- The CXX compiler identification is GNU 11.4.0
[0.092s] -- Detecting C compiler ABI info
[0.136s] -- Detecting C compiler ABI info - done
[0.143s] -- Check for working C compiler: /usr/bin/cc - skipped
[0.143s] -- Detecting C compile features
[0.143s] -- Detecting C compile features - done
[0.145s] -- Detecting CXX compiler ABI info
[0.191s] -- Detecting CXX compiler ABI info - done
[0.204s] -- Check for working CXX compiler: /usr/bin/c++ - skipped
[0.204s] -- Detecting CXX compile features
[0.205s] -- Detecting CXX compile features - done
[0.207s] -- Found ament_cmake: 1.3.11 (/opt/ros/humble/share/ament_cmake/cmake)
[0.324s] -- Found Python3: /home/linuxbrew/.linuxbrew/bin/python3 (found version "3.13.1") found components: Interpreter 
[0.464s] Traceback (most recent call last):
[0.465s]   File "/opt/ros/humble/share/ament_cmake_core/cmake/core/package_xml_2_cmake.py", line 22, in <module>
[0.465s]     from catkin_pkg.package import parse_package_string
[0.465s] ModuleNotFoundError: No module named 'catkin_pkg'
[0.469s] [31mCMake Error at /opt/ros/humble/share/ament_cmake_core/cmake/core/ament_package_xml.cmake:95 (message):
[0.469s]   execute_process(/home/linuxbrew/.linuxbrew/bin/python3
[0.469s]   /opt/ros/humble/share/ament_cmake_core/cmake/core/package_xml_2_cmake.py
[0.470s]   /home/spaaaaace/Code/mid70/2025_radar_station/src/livox_ros2_driver/livox_sdk_vendor/package.xml
[0.470s]   /home/spaaaaace/Code/mid70/2025_radar_station/build/livox_sdk_vendor/ament_cmake_core/package.cmake)
[0.470s]   returned error code 1
[0.471s] Call Stack (most recent call first):
[0.471s]   /opt/ros/humble/share/ament_cmake_core/cmake/core/ament_package_xml.cmake:49 (_ament_package_xml)
[0.471s]   /opt/ros/humble/share/ament_cmake_core/cmake/core/ament_package.cmake:63 (ament_package_xml)
[0.471s]   CMakeLists.txt:49 (ament_package)
[0.471s] 
[0.472s] [0m
[0.472s] -- Configuring incomplete, errors occurred!
[0.474s] Invoked command in '/home/spaaaaace/Code/mid70/2025_radar_station/build/livox_sdk_vendor' returned '1': CMAKE_PREFIX_PATH=${CMAKE_PREFIX_PATH}:/opt/ros/humble PS1=\[\e]0;\u@\h: \w\a\]${debian_chroot:+($debian_chroot)}\[\033[01;32m\]\u@\h\[\033[00m\]:\[\033[01;34m\]\w\[\033[00m\]\$ /usr/local/bin/cmake /home/spaaaaace/Code/mid70/2025_radar_station/src/livox_ros2_driver/livox_sdk_vendor -DCMAKE_INSTALL_PREFIX=/home/spaaaaace/Code/mid70/2025_radar_station/install/livox_sdk_vendor
