[0.015s] Invoking command in '/home/spaaaaace/Code/mid70/2025_radar_station/build/livox_interfaces': CMAKE_PREFIX_PATH=${CMAKE_PREFIX_PATH}:/opt/ros/humble PS1=\[\e]0;\u@\h: \w\a\]${debian_chroot:+($debian_chroot)}\[\033[01;32m\]\u@\h\[\033[00m\]:\[\033[01;34m\]\w\[\033[00m\]\$ /usr/local/bin/cmake /home/spaaaaace/Code/mid70/2025_radar_station/src/livox_ros2_driver/livox_interfaces -DCMAKE_INSTALL_PREFIX=/home/spaaaaace/Code/mid70/2025_radar_station/install/livox_interfaces
[0.052s] -- The C compiler identification is GNU 11.4.0
[0.098s] -- The CXX compiler identification is GNU 11.4.0
[0.108s] -- Detecting C compiler ABI info
[0.162s] -- Detecting C compiler ABI info - done
[0.175s] -- Check for working C compiler: /usr/bin/cc - skipped
[0.175s] -- Detecting C compile features
[0.176s] -- Detecting C compile features - done
[0.178s] -- Detecting CXX compiler ABI info
[0.224s] -- Detecting CXX compiler ABI info - done
[0.231s] -- Check for working CXX compiler: /usr/bin/c++ - skipped
[0.231s] -- Detecting CXX compile features
[0.232s] -- Detecting CXX compile features - done
[0.233s] -- Found ament_cmake: 1.3.11 (/opt/ros/humble/share/ament_cmake/cmake)
[0.355s] -- Found Python3: /home/linuxbrew/.linuxbrew/bin/python3 (found version "3.13.1") found components: Interpreter 
[0.441s] -- Found std_msgs: 4.2.4 (/opt/ros/humble/share/std_msgs/cmake)
[0.466s] -- Found rosidl_generator_c: 3.1.5 (/opt/ros/humble/share/rosidl_generator_c/cmake)
[0.469s] -- Found rosidl_adapter: 3.1.5 (/opt/ros/humble/share/rosidl_adapter/cmake)
[0.476s] -- Found rosidl_generator_cpp: 3.1.5 (/opt/ros/humble/share/rosidl_generator_cpp/cmake)
[0.484s] -- Using all available rosidl_typesupport_c: rosidl_typesupport_fastrtps_c;rosidl_typesupport_introspection_c
[0.495s] -- Using all available rosidl_typesupport_cpp: rosidl_typesupport_fastrtps_cpp;rosidl_typesupport_introspection_cpp
[0.515s] -- Found rosidl_default_generators: 1.2.0 (/opt/ros/humble/share/rosidl_default_generators/cmake)
[0.577s] [31mCMake Error at /opt/ros/humble/share/rosidl_adapter/cmake/rosidl_adapt_interfaces.cmake:59 (message):
[0.577s]   execute_process(/home/linuxbrew/.linuxbrew/bin/python3 -m rosidl_adapter
[0.577s]   --package-name livox_interfaces --arguments-file
[0.577s]   /home/spaaaaace/Code/mid70/2025_radar_station/build/livox_interfaces/rosidl_adapter__arguments__livox_interfaces.json
[0.577s]   --output-dir
[0.577s]   /home/spaaaaace/Code/mid70/2025_radar_station/build/livox_interfaces/rosidl_adapter/livox_interfaces
[0.577s]   --output-file
[0.577s]   /home/spaaaaace/Code/mid70/2025_radar_station/build/livox_interfaces/rosidl_adapter/livox_interfaces.idls)
[0.577s]   returned error code 1:
[0.578s] 
[0.578s]   Traceback (most recent call last):
[0.578s] 
[0.578s]     File "<frozen runpy>", line 198, in _run_module_as_main
[0.578s]     File "<frozen runpy>", line 88, in _run_code
[0.578s]     File "/opt/ros/humble/local/lib/python3.10/dist-packages/rosidl_adapter/__main__.py", line 19, in <module>
[0.578s]       sys.exit(main())
[0.578s]                ~~~~^^
[0.578s]     File "/opt/ros/humble/local/lib/python3.10/dist-packages/rosidl_adapter/main.py", line 53, in main
[0.578s]       abs_idl_file = convert_to_idl(
[0.578s]           pathlib.Path(basepath), args.package_name,
[0.578s]           pathlib.Path(relative_path), output_dir)
[0.578s]     File "/opt/ros/humble/local/lib/python3.10/dist-packages/rosidl_adapter/__init__.py", line 18, in convert_to_idl
[0.578s]       from rosidl_adapter.msg import convert_msg_to_idl
[0.578s]     File "/opt/ros/humble/local/lib/python3.10/dist-packages/rosidl_adapter/msg/__init__.py", line 16, in <module>
[0.578s]       from rosidl_adapter.resource import expand_template
[0.578s]     File "/opt/ros/humble/local/lib/python3.10/dist-packages/rosidl_adapter/resource/__init__.py", line 19, in <module>
[0.578s]       import em
[0.579s] 
[0.579s]   ModuleNotFoundError: No module named 'em'
[0.579s] 
[0.579s] Call Stack (most recent call first):
[0.579s]   /opt/ros/humble/share/rosidl_cmake/cmake/rosidl_generate_interfaces.cmake:130 (rosidl_adapt_interfaces)
[0.579s]   CMakeLists.txt:24 (rosidl_generate_interfaces)
[0.579s] 
[0.579s] [0m
[0.579s] -- Configuring incomplete, errors occurred!
