[0.018s] Invoking command in '/home/spaaaaace/Code/mid70/2025_radar_station/build/mindvision_camera': CMAKE_PREFIX_PATH=${CMAKE_PREFIX_PATH}:/opt/ros/humble CONDA_PROMPT_MODIFIER=(vision) PS1=(vision) \[\e]0;\u@\h: \w\a\]${debian_chroot:+($debian_chroot)}\[\033[01;32m\]\u@\h\[\033[00m\]:\[\033[01;34m\]\w\[\033[00m\]\$ /usr/local/bin/cmake /home/spaaaaace/Code/mid70/2025_radar_station/src/camera_driver/mindvision_camera -DCMAKE_INSTALL_PREFIX=/home/spaaaaace/Code/mid70/2025_radar_station/install/mindvision_camera
[0.054s] -- The C compiler identification is GNU 11.4.0
[0.098s] -- The CXX compiler identification is GNU 11.4.0
[0.107s] -- Detecting C compiler ABI info
[0.149s] -- Detecting C compiler ABI info - done
[0.155s] -- Check for working C compiler: /usr/bin/cc - skipped
[0.155s] -- Detecting C compile features
[0.155s] -- Detecting C compile features - done
[0.157s] -- Detecting CXX compiler ABI info
[0.200s] -- Detecting CXX compiler ABI info - done
[0.207s] -- Check for working CXX compiler: /usr/bin/c++ - skipped
[0.207s] -- Detecting CXX compile features
[0.207s] -- Detecting CXX compile features - done
[0.209s] -- Found ament_cmake_auto: 1.3.10 (/opt/ros/humble/share/ament_cmake_auto/cmake)
[0.482s] -- Found Python3: /home/spaaaaace/anaconda3/envs/vision/bin/python3 (found version "3.8.20") found components: Interpreter 
[0.637s] -- Found rosidl_generator_c: 3.1.5 (/opt/ros/humble/share/rosidl_generator_c/cmake)
[0.641s] -- Found rosidl_adapter: 3.1.5 (/opt/ros/humble/share/rosidl_adapter/cmake)
[0.647s] -- Found rosidl_generator_cpp: 3.1.5 (/opt/ros/humble/share/rosidl_generator_cpp/cmake)
[0.660s] -- Using all available rosidl_typesupport_c: rosidl_typesupport_fastrtps_c;rosidl_typesupport_introspection_c
[0.673s] -- Using all available rosidl_typesupport_cpp: rosidl_typesupport_fastrtps_cpp;rosidl_typesupport_introspection_cpp
[0.707s] -- Found rmw_implementation_cmake: 6.1.2 (/opt/ros/humble/share/rmw_implementation_cmake/cmake)
[0.709s] -- Found rmw_fastrtps_cpp: 6.2.7 (/opt/ros/humble/share/rmw_fastrtps_cpp/cmake)
[0.776s] -- Found OpenSSL: /usr/lib/x86_64-linux-gnu/libcrypto.so (found version "3.0.2")  
[0.798s] -- Found FastRTPS: /opt/ros/humble/include  
[0.826s] -- Using RMW implementation 'rmw_fastrtps_cpp' as default
[0.832s] -- Performing Test CMAKE_HAVE_LIBC_PTHREAD
[0.878s] -- Performing Test CMAKE_HAVE_LIBC_PTHREAD - Success
[0.880s] -- Found Threads: TRUE  
[1.001s] -- Found ament_lint_auto: 0.12.11 (/opt/ros/humble/share/ament_lint_auto/cmake)
[1.015s] -- Added test 'cppcheck' to perform static code analysis on C / C++ code
[1.015s] -- Configured cppcheck include dirs: /home/spaaaaace/Code/mid70/2025_radar_station/src/camera_driver/mindvision_camera/mvsdk/include
[1.015s] -- Configured cppcheck exclude dirs and/or files: 
[1.016s] -- Added test 'flake8' to check Python code syntax and style conventions
[1.016s] -- Added test 'lint_cmake' to check CMake code style
[1.016s] -- Added test 'pep257' to check Python code against some of the docstring style conventions in PEP 257
[1.017s] -- Added test 'xmllint' to check XML markup files
[1.018s] -- Configuring done (1.0s)
[1.027s] -- Generating done (0.0s)
[1.028s] -- Build files have been written to: /home/spaaaaace/Code/mid70/2025_radar_station/build/mindvision_camera
[1.036s] Invoked command in '/home/spaaaaace/Code/mid70/2025_radar_station/build/mindvision_camera' returned '0': CMAKE_PREFIX_PATH=${CMAKE_PREFIX_PATH}:/opt/ros/humble CONDA_PROMPT_MODIFIER=(vision) PS1=(vision) \[\e]0;\u@\h: \w\a\]${debian_chroot:+($debian_chroot)}\[\033[01;32m\]\u@\h\[\033[00m\]:\[\033[01;34m\]\w\[\033[00m\]\$ /usr/local/bin/cmake /home/spaaaaace/Code/mid70/2025_radar_station/src/camera_driver/mindvision_camera -DCMAKE_INSTALL_PREFIX=/home/spaaaaace/Code/mid70/2025_radar_station/install/mindvision_camera
[1.037s] Invoking command in '/home/spaaaaace/Code/mid70/2025_radar_station/build/mindvision_camera': CMAKE_PREFIX_PATH=${CMAKE_PREFIX_PATH}:/opt/ros/humble CONDA_PROMPT_MODIFIER=(vision) PS1=(vision) \[\e]0;\u@\h: \w\a\]${debian_chroot:+($debian_chroot)}\[\033[01;32m\]\u@\h\[\033[00m\]:\[\033[01;34m\]\w\[\033[00m\]\$ /usr/local/bin/cmake --build /home/spaaaaace/Code/mid70/2025_radar_station/build/mindvision_camera -- -j22 -l22
[1.055s] [ 25%] [32mBuilding CXX object CMakeFiles/mindvision_camera.dir/src/mv_camera_node.cpp.o[0m
[1.055s] [ 50%] [32mBuilding CXX object CMakeFiles/mindvision_camera_node.dir/rclcpp_components/node_main_mindvision_camera_node.cpp.o[0m
[3.239s] [ 75%] [32m[1mLinking CXX executable mindvision_camera_node[0m
[3.312s] [ 75%] Built target mindvision_camera_node
[3.449s] [100%] [32m[1mLinking CXX shared library libmindvision_camera.so[0m
[3.526s] [100%] Built target mindvision_camera
[3.534s] Invoked command in '/home/spaaaaace/Code/mid70/2025_radar_station/build/mindvision_camera' returned '0': CMAKE_PREFIX_PATH=${CMAKE_PREFIX_PATH}:/opt/ros/humble CONDA_PROMPT_MODIFIER=(vision) PS1=(vision) \[\e]0;\u@\h: \w\a\]${debian_chroot:+($debian_chroot)}\[\033[01;32m\]\u@\h\[\033[00m\]:\[\033[01;34m\]\w\[\033[00m\]\$ /usr/local/bin/cmake --build /home/spaaaaace/Code/mid70/2025_radar_station/build/mindvision_camera -- -j22 -l22
[3.556s] Invoking command in '/home/spaaaaace/Code/mid70/2025_radar_station/build/mindvision_camera': CMAKE_PREFIX_PATH=${CMAKE_PREFIX_PATH}:/opt/ros/humble CONDA_PROMPT_MODIFIER=(vision) PS1=(vision) \[\e]0;\u@\h: \w\a\]${debian_chroot:+($debian_chroot)}\[\033[01;32m\]\u@\h\[\033[00m\]:\[\033[01;34m\]\w\[\033[00m\]\$ /usr/local/bin/cmake --install /home/spaaaaace/Code/mid70/2025_radar_station/build/mindvision_camera
[3.558s] -- Install configuration: ""
[3.559s] -- Installing: /home/spaaaaace/Code/mid70/2025_radar_station/install/mindvision_camera/lib/mindvision_camera/mindvision_camera_node
[3.559s] -- Set runtime path of "/home/spaaaaace/Code/mid70/2025_radar_station/install/mindvision_camera/lib/mindvision_camera/mindvision_camera_node" to ""
[3.559s] -- Installing: /home/spaaaaace/Code/mid70/2025_radar_station/install/mindvision_camera/share/mindvision_camera/environment/library_path.sh
[3.559s] -- Installing: /home/spaaaaace/Code/mid70/2025_radar_station/install/mindvision_camera/share/mindvision_camera/environment/library_path.dsv
[3.559s] -- Installing: /home/spaaaaace/Code/mid70/2025_radar_station/install/mindvision_camera/lib/libmindvision_camera.so
[3.559s] -- Set runtime path of "/home/spaaaaace/Code/mid70/2025_radar_station/install/mindvision_camera/lib/libmindvision_camera.so" to ""
[3.560s] -- Installing: /home/spaaaaace/Code/mid70/2025_radar_station/install/mindvision_camera/share/mindvision_camera/config
[3.560s] -- Installing: /home/spaaaaace/Code/mid70/2025_radar_station/install/mindvision_camera/share/mindvision_camera/config/camera_params.yaml
[3.560s] -- Installing: /home/spaaaaace/Code/mid70/2025_radar_station/install/mindvision_camera/share/mindvision_camera/config/camera_info.yaml
[3.560s] -- Installing: /home/spaaaaace/Code/mid70/2025_radar_station/install/mindvision_camera/share/mindvision_camera/launch
[3.560s] -- Installing: /home/spaaaaace/Code/mid70/2025_radar_station/install/mindvision_camera/share/mindvision_camera/launch/mv_launch.py
[3.560s] -- Installing: /home/spaaaaace/Code/mid70/2025_radar_station/install/mindvision_camera/share/ament_index/resource_index/package_run_dependencies/mindvision_camera
[3.560s] -- Installing: /home/spaaaaace/Code/mid70/2025_radar_station/install/mindvision_camera/share/ament_index/resource_index/parent_prefix_path/mindvision_camera
[3.560s] -- Installing: /home/spaaaaace/Code/mid70/2025_radar_station/install/mindvision_camera/share/mindvision_camera/environment/ament_prefix_path.sh
[3.560s] -- Installing: /home/spaaaaace/Code/mid70/2025_radar_station/install/mindvision_camera/share/mindvision_camera/environment/ament_prefix_path.dsv
[3.560s] -- Installing: /home/spaaaaace/Code/mid70/2025_radar_station/install/mindvision_camera/share/mindvision_camera/environment/path.sh
[3.560s] -- Installing: /home/spaaaaace/Code/mid70/2025_radar_station/install/mindvision_camera/share/mindvision_camera/environment/path.dsv
[3.560s] -- Installing: /home/spaaaaace/Code/mid70/2025_radar_station/install/mindvision_camera/share/mindvision_camera/local_setup.bash
[3.560s] -- Installing: /home/spaaaaace/Code/mid70/2025_radar_station/install/mindvision_camera/share/mindvision_camera/local_setup.sh
[3.560s] -- Installing: /home/spaaaaace/Code/mid70/2025_radar_station/install/mindvision_camera/share/mindvision_camera/local_setup.zsh
[3.560s] -- Installing: /home/spaaaaace/Code/mid70/2025_radar_station/install/mindvision_camera/share/mindvision_camera/local_setup.dsv
[3.560s] -- Installing: /home/spaaaaace/Code/mid70/2025_radar_station/install/mindvision_camera/share/mindvision_camera/package.dsv
[3.560s] -- Installing: /home/spaaaaace/Code/mid70/2025_radar_station/install/mindvision_camera/share/ament_index/resource_index/packages/mindvision_camera
[3.560s] -- Installing: /home/spaaaaace/Code/mid70/2025_radar_station/install/mindvision_camera/share/ament_index/resource_index/rclcpp_components/mindvision_camera
[3.561s] -- Installing: /home/spaaaaace/Code/mid70/2025_radar_station/install/mindvision_camera/share/mindvision_camera/cmake/ament_cmake_export_dependencies-extras.cmake
[3.561s] -- Installing: /home/spaaaaace/Code/mid70/2025_radar_station/install/mindvision_camera/share/mindvision_camera/cmake/ament_cmake_export_libraries-extras.cmake
[3.561s] -- Installing: /home/spaaaaace/Code/mid70/2025_radar_station/install/mindvision_camera/share/mindvision_camera/cmake/mindvision_cameraConfig.cmake
[3.562s] -- Installing: /home/spaaaaace/Code/mid70/2025_radar_station/install/mindvision_camera/share/mindvision_camera/cmake/mindvision_cameraConfig-version.cmake
[3.562s] -- Installing: /home/spaaaaace/Code/mid70/2025_radar_station/install/mindvision_camera/share/mindvision_camera/package.xml
[3.562s] Invoked command in '/home/spaaaaace/Code/mid70/2025_radar_station/build/mindvision_camera' returned '0': CMAKE_PREFIX_PATH=${CMAKE_PREFIX_PATH}:/opt/ros/humble CONDA_PROMPT_MODIFIER=(vision) PS1=(vision) \[\e]0;\u@\h: \w\a\]${debian_chroot:+($debian_chroot)}\[\033[01;32m\]\u@\h\[\033[00m\]:\[\033[01;34m\]\w\[\033[00m\]\$ /usr/local/bin/cmake --install /home/spaaaaace/Code/mid70/2025_radar_station/build/mindvision_camera
