[0.020s] Invoking command in '/home/spaaaaace/Code/mid70/2025_radar_station/build/livox_interfaces': CMAKE_PREFIX_PATH=${CMAKE_PREFIX_PATH}:/opt/ros/humble CONDA_PROMPT_MODIFIER=(vision) PS1=(vision) \[\e]0;\u@\h: \w\a\]${debian_chroot:+($debian_chroot)}\[\033[01;32m\]\u@\h\[\033[00m\]:\[\033[01;34m\]\w\[\033[00m\]\$ /usr/local/bin/cmake --build /home/spaaaaace/Code/mid70/2025_radar_station/build/livox_interfaces -- -j22 -l22
[0.037s] [  2%] Built target livox_interfaces__cpp
[0.038s] [ 12%] Built target livox_interfaces__rosidl_generator_c
[0.039s] [ 12%] Built target ament_cmake_python_copy_livox_interfaces
[0.045s] [ 23%] Built target livox_interfaces__rosidl_typesupport_cpp
[0.045s] [ 33%] Built target livox_interfaces__rosidl_typesupport_fastrtps_cpp
[0.046s] [ 43%] Built target livox_interfaces__rosidl_typesupport_introspection_cpp
[0.051s] [ 53%] Built target livox_interfaces__rosidl_typesupport_introspection_c
[0.051s] [ 64%] Built target livox_interfaces__rosidl_typesupport_c
[0.052s] [ 74%] Built target livox_interfaces__rosidl_typesupport_fastrtps_c
[0.058s] [ 74%] Built target livox_interfaces
[0.066s] [ 76%] Built target livox_interfaces__py
[0.075s] [ 84%] Built target livox_interfaces__rosidl_generator_py
[0.081s] [ 89%] Built target livox_interfaces__rosidl_typesupport_introspection_c__pyext
[0.082s] [ 94%] Built target livox_interfaces__rosidl_typesupport_c__pyext
[0.082s] [100%] Built target livox_interfaces__rosidl_typesupport_fastrtps_c__pyext
[0.182s] running egg_info
[0.189s] writing livox_interfaces.egg-info/PKG-INFO
[0.190s] writing dependency_links to livox_interfaces.egg-info/dependency_links.txt
[0.191s] writing top-level names to livox_interfaces.egg-info/top_level.txt
[0.212s] reading manifest file 'livox_interfaces.egg-info/SOURCES.txt'
[0.213s] writing manifest file 'livox_interfaces.egg-info/SOURCES.txt'
[0.233s] [100%] Built target ament_cmake_python_build_livox_interfaces_egg
[0.238s] Invoked command in '/home/spaaaaace/Code/mid70/2025_radar_station/build/livox_interfaces' returned '0': CMAKE_PREFIX_PATH=${CMAKE_PREFIX_PATH}:/opt/ros/humble CONDA_PROMPT_MODIFIER=(vision) PS1=(vision) \[\e]0;\u@\h: \w\a\]${debian_chroot:+($debian_chroot)}\[\033[01;32m\]\u@\h\[\033[00m\]:\[\033[01;34m\]\w\[\033[00m\]\$ /usr/local/bin/cmake --build /home/spaaaaace/Code/mid70/2025_radar_station/build/livox_interfaces -- -j22 -l22
[0.310s] Invoking command in '/home/spaaaaace/Code/mid70/2025_radar_station/build/livox_interfaces': CMAKE_PREFIX_PATH=${CMAKE_PREFIX_PATH}:/opt/ros/humble CONDA_PROMPT_MODIFIER=(vision) PS1=(vision) \[\e]0;\u@\h: \w\a\]${debian_chroot:+($debian_chroot)}\[\033[01;32m\]\u@\h\[\033[00m\]:\[\033[01;34m\]\w\[\033[00m\]\$ /usr/local/bin/cmake --install /home/spaaaaace/Code/mid70/2025_radar_station/build/livox_interfaces
[0.313s] -- Install configuration: ""
[0.314s] -- Up-to-date: /home/spaaaaace/Code/mid70/2025_radar_station/install/livox_interfaces/share/ament_index/resource_index/rosidl_interfaces/livox_interfaces
[0.314s] -- Up-to-date: /home/spaaaaace/Code/mid70/2025_radar_station/install/livox_interfaces/include/livox_interfaces/livox_interfaces
[0.314s] -- Up-to-date: /home/spaaaaace/Code/mid70/2025_radar_station/install/livox_interfaces/include/livox_interfaces/livox_interfaces/msg
[0.314s] -- Up-to-date: /home/spaaaaace/Code/mid70/2025_radar_station/install/livox_interfaces/include/livox_interfaces/livox_interfaces/msg/detail
[0.315s] -- Up-to-date: /home/spaaaaace/Code/mid70/2025_radar_station/install/livox_interfaces/include/livox_interfaces/livox_interfaces/msg/detail/custom_point__type_support.h
[0.315s] -- Up-to-date: /home/spaaaaace/Code/mid70/2025_radar_station/install/livox_interfaces/include/livox_interfaces/livox_interfaces/msg/detail/custom_msg__functions.h
[0.315s] -- Up-to-date: /home/spaaaaace/Code/mid70/2025_radar_station/install/livox_interfaces/include/livox_interfaces/livox_interfaces/msg/detail/custom_msg__struct.h
[0.315s] -- Up-to-date: /home/spaaaaace/Code/mid70/2025_radar_station/install/livox_interfaces/include/livox_interfaces/livox_interfaces/msg/detail/custom_point__struct.h
[0.315s] -- Up-to-date: /home/spaaaaace/Code/mid70/2025_radar_station/install/livox_interfaces/include/livox_interfaces/livox_interfaces/msg/detail/custom_msg__functions.c
[0.315s] -- Up-to-date: /home/spaaaaace/Code/mid70/2025_radar_station/install/livox_interfaces/include/livox_interfaces/livox_interfaces/msg/detail/custom_point__functions.c
[0.315s] -- Up-to-date: /home/spaaaaace/Code/mid70/2025_radar_station/install/livox_interfaces/include/livox_interfaces/livox_interfaces/msg/detail/custom_point__functions.h
[0.315s] -- Up-to-date: /home/spaaaaace/Code/mid70/2025_radar_station/install/livox_interfaces/include/livox_interfaces/livox_interfaces/msg/detail/custom_msg__type_support.h
[0.315s] -- Up-to-date: /home/spaaaaace/Code/mid70/2025_radar_station/install/livox_interfaces/include/livox_interfaces/livox_interfaces/msg/custom_msg.h
[0.315s] -- Up-to-date: /home/spaaaaace/Code/mid70/2025_radar_station/install/livox_interfaces/include/livox_interfaces/livox_interfaces/msg/custom_point.h
[0.315s] -- Up-to-date: /home/spaaaaace/Code/mid70/2025_radar_station/install/livox_interfaces/include/livox_interfaces/livox_interfaces/msg/rosidl_generator_c__visibility_control.h
[0.316s] -- Up-to-date: /home/spaaaaace/Code/mid70/2025_radar_station/install/livox_interfaces/share/livox_interfaces/environment/library_path.sh
[0.316s] -- Up-to-date: /home/spaaaaace/Code/mid70/2025_radar_station/install/livox_interfaces/share/livox_interfaces/environment/library_path.dsv
[0.316s] -- Up-to-date: /home/spaaaaace/Code/mid70/2025_radar_station/install/livox_interfaces/lib/liblivox_interfaces__rosidl_generator_c.so
[0.316s] -- Up-to-date: /home/spaaaaace/Code/mid70/2025_radar_station/install/livox_interfaces/include/livox_interfaces/livox_interfaces
[0.316s] -- Up-to-date: /home/spaaaaace/Code/mid70/2025_radar_station/install/livox_interfaces/include/livox_interfaces/livox_interfaces/msg
[0.316s] -- Up-to-date: /home/spaaaaace/Code/mid70/2025_radar_station/install/livox_interfaces/include/livox_interfaces/livox_interfaces/msg/rosidl_typesupport_fastrtps_c__visibility_control.h
[0.316s] -- Up-to-date: /home/spaaaaace/Code/mid70/2025_radar_station/install/livox_interfaces/include/livox_interfaces/livox_interfaces/msg/detail
[0.316s] -- Up-to-date: /home/spaaaaace/Code/mid70/2025_radar_station/install/livox_interfaces/include/livox_interfaces/livox_interfaces/msg/detail/custom_point__rosidl_typesupport_fastrtps_c.h
[0.316s] -- Up-to-date: /home/spaaaaace/Code/mid70/2025_radar_station/install/livox_interfaces/include/livox_interfaces/livox_interfaces/msg/detail/custom_msg__rosidl_typesupport_fastrtps_c.h
[0.316s] -- Up-to-date: /home/spaaaaace/Code/mid70/2025_radar_station/install/livox_interfaces/lib/liblivox_interfaces__rosidl_typesupport_fastrtps_c.so
[0.316s] -- Up-to-date: /home/spaaaaace/Code/mid70/2025_radar_station/install/livox_interfaces/include/livox_interfaces/livox_interfaces
[0.316s] -- Up-to-date: /home/spaaaaace/Code/mid70/2025_radar_station/install/livox_interfaces/include/livox_interfaces/livox_interfaces/msg
[0.316s] -- Up-to-date: /home/spaaaaace/Code/mid70/2025_radar_station/install/livox_interfaces/include/livox_interfaces/livox_interfaces/msg/custom_msg.hpp
[0.316s] -- Up-to-date: /home/spaaaaace/Code/mid70/2025_radar_station/install/livox_interfaces/include/livox_interfaces/livox_interfaces/msg/detail
[0.316s] -- Up-to-date: /home/spaaaaace/Code/mid70/2025_radar_station/install/livox_interfaces/include/livox_interfaces/livox_interfaces/msg/detail/custom_point__struct.hpp
[0.316s] -- Up-to-date: /home/spaaaaace/Code/mid70/2025_radar_station/install/livox_interfaces/include/livox_interfaces/livox_interfaces/msg/detail/custom_point__traits.hpp
[0.316s] -- Up-to-date: /home/spaaaaace/Code/mid70/2025_radar_station/install/livox_interfaces/include/livox_interfaces/livox_interfaces/msg/detail/custom_msg__traits.hpp
[0.316s] -- Up-to-date: /home/spaaaaace/Code/mid70/2025_radar_station/install/livox_interfaces/include/livox_interfaces/livox_interfaces/msg/detail/custom_point__builder.hpp
[0.317s] -- Up-to-date: /home/spaaaaace/Code/mid70/2025_radar_station/install/livox_interfaces/include/livox_interfaces/livox_interfaces/msg/detail/custom_msg__struct.hpp
[0.317s] -- Up-to-date: /home/spaaaaace/Code/mid70/2025_radar_station/install/livox_interfaces/include/livox_interfaces/livox_interfaces/msg/detail/custom_msg__builder.hpp
[0.317s] -- Up-to-date: /home/spaaaaace/Code/mid70/2025_radar_station/install/livox_interfaces/include/livox_interfaces/livox_interfaces/msg/custom_point.hpp
[0.317s] -- Up-to-date: /home/spaaaaace/Code/mid70/2025_radar_station/install/livox_interfaces/include/livox_interfaces/livox_interfaces
[0.317s] -- Up-to-date: /home/spaaaaace/Code/mid70/2025_radar_station/install/livox_interfaces/include/livox_interfaces/livox_interfaces/msg
[0.317s] -- Up-to-date: /home/spaaaaace/Code/mid70/2025_radar_station/install/livox_interfaces/include/livox_interfaces/livox_interfaces/msg/detail
[0.317s] -- Up-to-date: /home/spaaaaace/Code/mid70/2025_radar_station/install/livox_interfaces/include/livox_interfaces/livox_interfaces/msg/detail/custom_msg__rosidl_typesupport_fastrtps_cpp.hpp
[0.317s] -- Up-to-date: /home/spaaaaace/Code/mid70/2025_radar_station/install/livox_interfaces/include/livox_interfaces/livox_interfaces/msg/detail/custom_point__rosidl_typesupport_fastrtps_cpp.hpp
[0.317s] -- Up-to-date: /home/spaaaaace/Code/mid70/2025_radar_station/install/livox_interfaces/include/livox_interfaces/livox_interfaces/msg/detail/dds_fastrtps
[0.317s] -- Up-to-date: /home/spaaaaace/Code/mid70/2025_radar_station/install/livox_interfaces/include/livox_interfaces/livox_interfaces/msg/rosidl_typesupport_fastrtps_cpp__visibility_control.h
[0.317s] -- Up-to-date: /home/spaaaaace/Code/mid70/2025_radar_station/install/livox_interfaces/lib/liblivox_interfaces__rosidl_typesupport_fastrtps_cpp.so
[0.317s] -- Up-to-date: /home/spaaaaace/Code/mid70/2025_radar_station/install/livox_interfaces/include/livox_interfaces/livox_interfaces
[0.317s] -- Up-to-date: /home/spaaaaace/Code/mid70/2025_radar_station/install/livox_interfaces/include/livox_interfaces/livox_interfaces/msg
[0.317s] -- Up-to-date: /home/spaaaaace/Code/mid70/2025_radar_station/install/livox_interfaces/include/livox_interfaces/livox_interfaces/msg/detail
[0.317s] -- Up-to-date: /home/spaaaaace/Code/mid70/2025_radar_station/install/livox_interfaces/include/livox_interfaces/livox_interfaces/msg/detail/custom_msg__rosidl_typesupport_introspection_c.h
[0.317s] -- Up-to-date: /home/spaaaaace/Code/mid70/2025_radar_station/install/livox_interfaces/include/livox_interfaces/livox_interfaces/msg/detail/custom_point__type_support.c
[0.317s] -- Up-to-date: /home/spaaaaace/Code/mid70/2025_radar_station/install/livox_interfaces/include/livox_interfaces/livox_interfaces/msg/detail/custom_point__rosidl_typesupport_introspection_c.h
[0.317s] -- Up-to-date: /home/spaaaaace/Code/mid70/2025_radar_station/install/livox_interfaces/include/livox_interfaces/livox_interfaces/msg/detail/custom_msg__type_support.c
[0.317s] -- Up-to-date: /home/spaaaaace/Code/mid70/2025_radar_station/install/livox_interfaces/include/livox_interfaces/livox_interfaces/msg/rosidl_typesupport_introspection_c__visibility_control.h
[0.317s] -- Up-to-date: /home/spaaaaace/Code/mid70/2025_radar_station/install/livox_interfaces/lib/liblivox_interfaces__rosidl_typesupport_introspection_c.so
[0.317s] -- Up-to-date: /home/spaaaaace/Code/mid70/2025_radar_station/install/livox_interfaces/lib/liblivox_interfaces__rosidl_typesupport_c.so
[0.317s] -- Up-to-date: /home/spaaaaace/Code/mid70/2025_radar_station/install/livox_interfaces/include/livox_interfaces/livox_interfaces
[0.317s] -- Up-to-date: /home/spaaaaace/Code/mid70/2025_radar_station/install/livox_interfaces/include/livox_interfaces/livox_interfaces/msg
[0.317s] -- Up-to-date: /home/spaaaaace/Code/mid70/2025_radar_station/install/livox_interfaces/include/livox_interfaces/livox_interfaces/msg/detail
[0.317s] -- Up-to-date: /home/spaaaaace/Code/mid70/2025_radar_station/install/livox_interfaces/include/livox_interfaces/livox_interfaces/msg/detail/custom_msg__rosidl_typesupport_introspection_cpp.hpp
[0.317s] -- Up-to-date: /home/spaaaaace/Code/mid70/2025_radar_station/install/livox_interfaces/include/livox_interfaces/livox_interfaces/msg/detail/custom_msg__type_support.cpp
[0.317s] -- Up-to-date: /home/spaaaaace/Code/mid70/2025_radar_station/install/livox_interfaces/include/livox_interfaces/livox_interfaces/msg/detail/custom_point__type_support.cpp
[0.317s] -- Up-to-date: /home/spaaaaace/Code/mid70/2025_radar_station/install/livox_interfaces/include/livox_interfaces/livox_interfaces/msg/detail/custom_point__rosidl_typesupport_introspection_cpp.hpp
[0.318s] -- Up-to-date: /home/spaaaaace/Code/mid70/2025_radar_station/install/livox_interfaces/lib/liblivox_interfaces__rosidl_typesupport_introspection_cpp.so
[0.318s] -- Up-to-date: /home/spaaaaace/Code/mid70/2025_radar_station/install/livox_interfaces/lib/liblivox_interfaces__rosidl_typesupport_cpp.so
[0.318s] -- Up-to-date: /home/spaaaaace/Code/mid70/2025_radar_station/install/livox_interfaces/share/livox_interfaces/environment/pythonpath.sh
[0.318s] -- Up-to-date: /home/spaaaaace/Code/mid70/2025_radar_station/install/livox_interfaces/share/livox_interfaces/environment/pythonpath.dsv
[0.318s] -- Up-to-date: /home/spaaaaace/Code/mid70/2025_radar_station/install/livox_interfaces/lib/python3.8/site-packages/livox_interfaces-0.0.1-py3.8.egg-info
[0.318s] -- Installing: /home/spaaaaace/Code/mid70/2025_radar_station/install/livox_interfaces/lib/python3.8/site-packages/livox_interfaces-0.0.1-py3.8.egg-info/dependency_links.txt
[0.318s] -- Installing: /home/spaaaaace/Code/mid70/2025_radar_station/install/livox_interfaces/lib/python3.8/site-packages/livox_interfaces-0.0.1-py3.8.egg-info/SOURCES.txt
[0.318s] -- Installing: /home/spaaaaace/Code/mid70/2025_radar_station/install/livox_interfaces/lib/python3.8/site-packages/livox_interfaces-0.0.1-py3.8.egg-info/PKG-INFO
[0.318s] -- Installing: /home/spaaaaace/Code/mid70/2025_radar_station/install/livox_interfaces/lib/python3.8/site-packages/livox_interfaces-0.0.1-py3.8.egg-info/top_level.txt
[0.318s] -- Up-to-date: /home/spaaaaace/Code/mid70/2025_radar_station/install/livox_interfaces/lib/python3.8/site-packages/livox_interfaces
[0.318s] -- Up-to-date: /home/spaaaaace/Code/mid70/2025_radar_station/install/livox_interfaces/lib/python3.8/site-packages/livox_interfaces/livox_interfaces_s__rosidl_typesupport_introspection_c.cpython-38-x86_64-linux-gnu.so
[0.318s] -- Up-to-date: /home/spaaaaace/Code/mid70/2025_radar_station/install/livox_interfaces/lib/python3.8/site-packages/livox_interfaces/msg
[0.318s] -- Up-to-date: /home/spaaaaace/Code/mid70/2025_radar_station/install/livox_interfaces/lib/python3.8/site-packages/livox_interfaces/msg/_custom_point.py
[0.318s] -- Up-to-date: /home/spaaaaace/Code/mid70/2025_radar_station/install/livox_interfaces/lib/python3.8/site-packages/livox_interfaces/msg/_custom_msg_s.c
[0.318s] -- Up-to-date: /home/spaaaaace/Code/mid70/2025_radar_station/install/livox_interfaces/lib/python3.8/site-packages/livox_interfaces/msg/_custom_msg.py
[0.318s] -- Up-to-date: /home/spaaaaace/Code/mid70/2025_radar_station/install/livox_interfaces/lib/python3.8/site-packages/livox_interfaces/msg/_custom_point_s.c
[0.318s] -- Up-to-date: /home/spaaaaace/Code/mid70/2025_radar_station/install/livox_interfaces/lib/python3.8/site-packages/livox_interfaces/msg/__init__.py
[0.318s] -- Up-to-date: /home/spaaaaace/Code/mid70/2025_radar_station/install/livox_interfaces/lib/python3.8/site-packages/livox_interfaces/_livox_interfaces_s.ep.rosidl_typesupport_fastrtps_c.c
[0.318s] -- Up-to-date: /home/spaaaaace/Code/mid70/2025_radar_station/install/livox_interfaces/lib/python3.8/site-packages/livox_interfaces/livox_interfaces_s__rosidl_typesupport_c.cpython-38-x86_64-linux-gnu.so
[0.318s] -- Up-to-date: /home/spaaaaace/Code/mid70/2025_radar_station/install/livox_interfaces/lib/python3.8/site-packages/livox_interfaces/liblivox_interfaces__rosidl_generator_py.so
[0.318s] -- Up-to-date: /home/spaaaaace/Code/mid70/2025_radar_station/install/livox_interfaces/lib/python3.8/site-packages/livox_interfaces/livox_interfaces_s__rosidl_typesupport_fastrtps_c.cpython-38-x86_64-linux-gnu.so
[0.318s] -- Up-to-date: /home/spaaaaace/Code/mid70/2025_radar_station/install/livox_interfaces/lib/python3.8/site-packages/livox_interfaces/_livox_interfaces_s.ep.rosidl_typesupport_c.c
[0.318s] -- Up-to-date: /home/spaaaaace/Code/mid70/2025_radar_station/install/livox_interfaces/lib/python3.8/site-packages/livox_interfaces/_livox_interfaces_s.ep.rosidl_typesupport_introspection_c.c
[0.318s] -- Up-to-date: /home/spaaaaace/Code/mid70/2025_radar_station/install/livox_interfaces/lib/python3.8/site-packages/livox_interfaces/__init__.py
[0.345s] Listing '/home/spaaaaace/Code/mid70/2025_radar_station/install/livox_interfaces/lib/python3.8/site-packages/livox_interfaces'...
[0.345s] Listing '/home/spaaaaace/Code/mid70/2025_radar_station/install/livox_interfaces/lib/python3.8/site-packages/livox_interfaces/msg'...
[0.351s] -- Up-to-date: /home/spaaaaace/Code/mid70/2025_radar_station/install/livox_interfaces/lib/python3.8/site-packages/livox_interfaces/livox_interfaces_s__rosidl_typesupport_fastrtps_c.cpython-38-x86_64-linux-gnu.so
[0.352s] -- Up-to-date: /home/spaaaaace/Code/mid70/2025_radar_station/install/livox_interfaces/lib/python3.8/site-packages/livox_interfaces/livox_interfaces_s__rosidl_typesupport_introspection_c.cpython-38-x86_64-linux-gnu.so
[0.352s] -- Up-to-date: /home/spaaaaace/Code/mid70/2025_radar_station/install/livox_interfaces/lib/python3.8/site-packages/livox_interfaces/livox_interfaces_s__rosidl_typesupport_c.cpython-38-x86_64-linux-gnu.so
[0.352s] -- Up-to-date: /home/spaaaaace/Code/mid70/2025_radar_station/install/livox_interfaces/lib/liblivox_interfaces__rosidl_generator_py.so
[0.352s] -- Up-to-date: /home/spaaaaace/Code/mid70/2025_radar_station/install/livox_interfaces/share/livox_interfaces/msg/CustomPoint.idl
[0.352s] -- Up-to-date: /home/spaaaaace/Code/mid70/2025_radar_station/install/livox_interfaces/share/livox_interfaces/msg/CustomMsg.idl
[0.352s] -- Up-to-date: /home/spaaaaace/Code/mid70/2025_radar_station/install/livox_interfaces/share/livox_interfaces/msg/CustomPoint.msg
[0.352s] -- Up-to-date: /home/spaaaaace/Code/mid70/2025_radar_station/install/livox_interfaces/share/livox_interfaces/msg/CustomMsg.msg
[0.352s] -- Up-to-date: /home/spaaaaace/Code/mid70/2025_radar_station/install/livox_interfaces/share/ament_index/resource_index/package_run_dependencies/livox_interfaces
[0.353s] -- Up-to-date: /home/spaaaaace/Code/mid70/2025_radar_station/install/livox_interfaces/share/ament_index/resource_index/parent_prefix_path/livox_interfaces
[0.353s] -- Up-to-date: /home/spaaaaace/Code/mid70/2025_radar_station/install/livox_interfaces/share/livox_interfaces/environment/ament_prefix_path.sh
[0.353s] -- Up-to-date: /home/spaaaaace/Code/mid70/2025_radar_station/install/livox_interfaces/share/livox_interfaces/environment/ament_prefix_path.dsv
[0.353s] -- Up-to-date: /home/spaaaaace/Code/mid70/2025_radar_station/install/livox_interfaces/share/livox_interfaces/environment/path.sh
[0.353s] -- Up-to-date: /home/spaaaaace/Code/mid70/2025_radar_station/install/livox_interfaces/share/livox_interfaces/environment/path.dsv
[0.353s] -- Up-to-date: /home/spaaaaace/Code/mid70/2025_radar_station/install/livox_interfaces/share/livox_interfaces/local_setup.bash
[0.353s] -- Up-to-date: /home/spaaaaace/Code/mid70/2025_radar_station/install/livox_interfaces/share/livox_interfaces/local_setup.sh
[0.353s] -- Up-to-date: /home/spaaaaace/Code/mid70/2025_radar_station/install/livox_interfaces/share/livox_interfaces/local_setup.zsh
[0.353s] -- Up-to-date: /home/spaaaaace/Code/mid70/2025_radar_station/install/livox_interfaces/share/livox_interfaces/local_setup.dsv
[0.353s] -- Installing: /home/spaaaaace/Code/mid70/2025_radar_station/install/livox_interfaces/share/livox_interfaces/package.dsv
[0.353s] -- Up-to-date: /home/spaaaaace/Code/mid70/2025_radar_station/install/livox_interfaces/share/ament_index/resource_index/packages/livox_interfaces
[0.353s] -- Up-to-date: /home/spaaaaace/Code/mid70/2025_radar_station/install/livox_interfaces/share/livox_interfaces/cmake/export_livox_interfaces__rosidl_generator_cExport.cmake
[0.353s] -- Up-to-date: /home/spaaaaace/Code/mid70/2025_radar_station/install/livox_interfaces/share/livox_interfaces/cmake/export_livox_interfaces__rosidl_generator_cExport-noconfig.cmake
[0.353s] -- Up-to-date: /home/spaaaaace/Code/mid70/2025_radar_station/install/livox_interfaces/share/livox_interfaces/cmake/export_livox_interfaces__rosidl_typesupport_fastrtps_cExport.cmake
[0.354s] -- Up-to-date: /home/spaaaaace/Code/mid70/2025_radar_station/install/livox_interfaces/share/livox_interfaces/cmake/export_livox_interfaces__rosidl_typesupport_fastrtps_cExport-noconfig.cmake
[0.354s] -- Up-to-date: /home/spaaaaace/Code/mid70/2025_radar_station/install/livox_interfaces/share/livox_interfaces/cmake/export_livox_interfaces__rosidl_generator_cppExport.cmake
[0.354s] -- Up-to-date: /home/spaaaaace/Code/mid70/2025_radar_station/install/livox_interfaces/share/livox_interfaces/cmake/export_livox_interfaces__rosidl_typesupport_fastrtps_cppExport.cmake
[0.354s] -- Up-to-date: /home/spaaaaace/Code/mid70/2025_radar_station/install/livox_interfaces/share/livox_interfaces/cmake/export_livox_interfaces__rosidl_typesupport_fastrtps_cppExport-noconfig.cmake
[0.354s] -- Up-to-date: /home/spaaaaace/Code/mid70/2025_radar_station/install/livox_interfaces/share/livox_interfaces/cmake/livox_interfaces__rosidl_typesupport_introspection_cExport.cmake
[0.354s] -- Up-to-date: /home/spaaaaace/Code/mid70/2025_radar_station/install/livox_interfaces/share/livox_interfaces/cmake/livox_interfaces__rosidl_typesupport_introspection_cExport-noconfig.cmake
[0.354s] -- Up-to-date: /home/spaaaaace/Code/mid70/2025_radar_station/install/livox_interfaces/share/livox_interfaces/cmake/livox_interfaces__rosidl_typesupport_cExport.cmake
[0.354s] -- Up-to-date: /home/spaaaaace/Code/mid70/2025_radar_station/install/livox_interfaces/share/livox_interfaces/cmake/livox_interfaces__rosidl_typesupport_cExport-noconfig.cmake
[0.355s] -- Up-to-date: /home/spaaaaace/Code/mid70/2025_radar_station/install/livox_interfaces/share/livox_interfaces/cmake/livox_interfaces__rosidl_typesupport_introspection_cppExport.cmake
[0.355s] -- Up-to-date: /home/spaaaaace/Code/mid70/2025_radar_station/install/livox_interfaces/share/livox_interfaces/cmake/livox_interfaces__rosidl_typesupport_introspection_cppExport-noconfig.cmake
[0.355s] -- Up-to-date: /home/spaaaaace/Code/mid70/2025_radar_station/install/livox_interfaces/share/livox_interfaces/cmake/livox_interfaces__rosidl_typesupport_cppExport.cmake
[0.355s] -- Up-to-date: /home/spaaaaace/Code/mid70/2025_radar_station/install/livox_interfaces/share/livox_interfaces/cmake/livox_interfaces__rosidl_typesupport_cppExport-noconfig.cmake
[0.355s] -- Up-to-date: /home/spaaaaace/Code/mid70/2025_radar_station/install/livox_interfaces/share/livox_interfaces/cmake/export_livox_interfaces__rosidl_generator_pyExport.cmake
[0.355s] -- Up-to-date: /home/spaaaaace/Code/mid70/2025_radar_station/install/livox_interfaces/share/livox_interfaces/cmake/export_livox_interfaces__rosidl_generator_pyExport-noconfig.cmake
[0.355s] -- Up-to-date: /home/spaaaaace/Code/mid70/2025_radar_station/install/livox_interfaces/share/livox_interfaces/cmake/rosidl_cmake-extras.cmake
[0.355s] -- Up-to-date: /home/spaaaaace/Code/mid70/2025_radar_station/install/livox_interfaces/share/livox_interfaces/cmake/ament_cmake_export_dependencies-extras.cmake
[0.355s] -- Up-to-date: /home/spaaaaace/Code/mid70/2025_radar_station/install/livox_interfaces/share/livox_interfaces/cmake/ament_cmake_export_include_directories-extras.cmake
[0.355s] -- Up-to-date: /home/spaaaaace/Code/mid70/2025_radar_station/install/livox_interfaces/share/livox_interfaces/cmake/ament_cmake_export_libraries-extras.cmake
[0.356s] -- Up-to-date: /home/spaaaaace/Code/mid70/2025_radar_station/install/livox_interfaces/share/livox_interfaces/cmake/ament_cmake_export_targets-extras.cmake
[0.357s] -- Up-to-date: /home/spaaaaace/Code/mid70/2025_radar_station/install/livox_interfaces/share/livox_interfaces/cmake/rosidl_cmake_export_typesupport_targets-extras.cmake
[0.357s] -- Up-to-date: /home/spaaaaace/Code/mid70/2025_radar_station/install/livox_interfaces/share/livox_interfaces/cmake/rosidl_cmake_export_typesupport_libraries-extras.cmake
[0.357s] -- Up-to-date: /home/spaaaaace/Code/mid70/2025_radar_station/install/livox_interfaces/share/livox_interfaces/cmake/livox_interfacesConfig.cmake
[0.358s] -- Up-to-date: /home/spaaaaace/Code/mid70/2025_radar_station/install/livox_interfaces/share/livox_interfaces/cmake/livox_interfacesConfig-version.cmake
[0.358s] -- Up-to-date: /home/spaaaaace/Code/mid70/2025_radar_station/install/livox_interfaces/share/livox_interfaces/package.xml
[0.358s] Invoked command in '/home/spaaaaace/Code/mid70/2025_radar_station/build/livox_interfaces' returned '0': CMAKE_PREFIX_PATH=${CMAKE_PREFIX_PATH}:/opt/ros/humble CONDA_PROMPT_MODIFIER=(vision) PS1=(vision) \[\e]0;\u@\h: \w\a\]${debian_chroot:+($debian_chroot)}\[\033[01;32m\]\u@\h\[\033[00m\]:\[\033[01;34m\]\w\[\033[00m\]\$ /usr/local/bin/cmake --install /home/spaaaaace/Code/mid70/2025_radar_station/build/livox_interfaces
