[0.016s] Invoking command in '/home/spaaaaace/Code/mid70/2025_radar_station/build/radar_station': CMAKE_PREFIX_PATH=${CMAKE_PREFIX_PATH}:/opt/ros/humble CONDA_PROMPT_MODIFIER=(vision) /usr/local/bin/cmake --build /home/spaaaaace/Code/mid70/2025_radar_station/build/radar_station -- -j22 -l22
[0.027s] -- Found ament_cmake: 1.3.11 (/opt/ros/humble/share/ament_cmake/cmake)
[0.101s] -- Found rclcpp: 16.0.10 (/opt/ros/humble/share/rclcpp/cmake)
[0.125s] -- Found rosidl_generator_c: 3.1.5 (/opt/ros/humble/share/rosidl_generator_c/cmake)
[0.126s] -- Found rosidl_adapter: 3.1.5 (/opt/ros/humble/share/rosidl_adapter/cmake)
[0.130s] -- Found rosidl_generator_cpp: 3.1.5 (/opt/ros/humble/share/rosidl_generator_cpp/cmake)
[0.138s] -- Using all available rosidl_typesupport_c: rosidl_typesupport_fastrtps_c;rosidl_typesupport_introspection_c
[0.147s] -- Using all available rosidl_typesupport_cpp: rosidl_typesupport_fastrtps_cpp;rosidl_typesupport_introspection_cpp
[0.172s] -- Found rmw_implementation_cmake: 6.1.2 (/opt/ros/humble/share/rmw_implementation_cmake/cmake)
[0.173s] -- Found rmw_fastrtps_cpp: 6.2.7 (/opt/ros/humble/share/rmw_fastrtps_cpp/cmake)
[0.263s] -- Using RMW implementation 'rmw_fastrtps_cpp' as default
[0.299s] -- Found sensor_msgs: 4.2.4 (/opt/ros/humble/share/sensor_msgs/cmake)
[0.322s] -- Found cv_bridge: 3.2.1 (/opt/ros/humble/share/cv_bridge/cmake)
[0.323s] -- Found image_transport: 3.1.9 (/opt/ros/humble/share/image_transport/cmake)
[0.337s] -- Found ament_lint_auto: 0.12.11 (/opt/ros/humble/share/ament_lint_auto/cmake)
[0.392s] -- Added test 'cppcheck' to perform static code analysis on C / C++ code
[0.392s] -- Configured cppcheck include dirs: 
[0.392s] -- Configured cppcheck exclude dirs and/or files: 
[0.392s] -- Added test 'lint_cmake' to check CMake code style
[0.393s] -- Added test 'uncrustify' to check C / C++ code style
[0.393s] -- Configured uncrustify additional arguments: 
[0.393s] -- Added test 'xmllint' to check XML markup files
[0.394s] -- Configuring done (0.4s)
[0.401s] -- Generating done (0.0s)
[0.402s] -- Build files have been written to: /home/spaaaaace/Code/mid70/2025_radar_station/build/radar_station
[0.426s] [ 50%] [32m[1mLinking CXX executable radar_station[0m
[0.667s] [100%] Built target radar_station
[0.675s] Invoked command in '/home/spaaaaace/Code/mid70/2025_radar_station/build/radar_station' returned '0': CMAKE_PREFIX_PATH=${CMAKE_PREFIX_PATH}:/opt/ros/humble CONDA_PROMPT_MODIFIER=(vision) /usr/local/bin/cmake --build /home/spaaaaace/Code/mid70/2025_radar_station/build/radar_station -- -j22 -l22
[0.694s] Invoking command in '/home/spaaaaace/Code/mid70/2025_radar_station/build/radar_station': CMAKE_PREFIX_PATH=${CMAKE_PREFIX_PATH}:/opt/ros/humble CONDA_PROMPT_MODIFIER=(vision) /usr/local/bin/cmake --install /home/spaaaaace/Code/mid70/2025_radar_station/build/radar_station
[0.695s] -- Install configuration: ""
[0.695s] -- Installing: /home/spaaaaace/Code/mid70/2025_radar_station/install/radar_station/lib/radar_station/radar_station
[0.699s] -- Set runtime path of "/home/spaaaaace/Code/mid70/2025_radar_station/install/radar_station/lib/radar_station/radar_station" to ""
[0.699s] -- Up-to-date: /home/spaaaaace/Code/mid70/2025_radar_station/install/radar_station/share/ament_index/resource_index/package_run_dependencies/radar_station
[0.699s] -- Up-to-date: /home/spaaaaace/Code/mid70/2025_radar_station/install/radar_station/share/ament_index/resource_index/parent_prefix_path/radar_station
[0.699s] -- Up-to-date: /home/spaaaaace/Code/mid70/2025_radar_station/install/radar_station/share/radar_station/environment/ament_prefix_path.sh
[0.699s] -- Installing: /home/spaaaaace/Code/mid70/2025_radar_station/install/radar_station/share/radar_station/environment/ament_prefix_path.dsv
[0.699s] -- Up-to-date: /home/spaaaaace/Code/mid70/2025_radar_station/install/radar_station/share/radar_station/environment/path.sh
[0.699s] -- Installing: /home/spaaaaace/Code/mid70/2025_radar_station/install/radar_station/share/radar_station/environment/path.dsv
[0.699s] -- Up-to-date: /home/spaaaaace/Code/mid70/2025_radar_station/install/radar_station/share/radar_station/local_setup.bash
[0.699s] -- Up-to-date: /home/spaaaaace/Code/mid70/2025_radar_station/install/radar_station/share/radar_station/local_setup.sh
[0.700s] -- Up-to-date: /home/spaaaaace/Code/mid70/2025_radar_station/install/radar_station/share/radar_station/local_setup.zsh
[0.700s] -- Installing: /home/spaaaaace/Code/mid70/2025_radar_station/install/radar_station/share/radar_station/local_setup.dsv
[0.700s] -- Installing: /home/spaaaaace/Code/mid70/2025_radar_station/install/radar_station/share/radar_station/package.dsv
[0.700s] -- Up-to-date: /home/spaaaaace/Code/mid70/2025_radar_station/install/radar_station/share/ament_index/resource_index/packages/radar_station
[0.700s] -- Up-to-date: /home/spaaaaace/Code/mid70/2025_radar_station/install/radar_station/share/radar_station/cmake/radar_stationConfig.cmake
[0.700s] -- Up-to-date: /home/spaaaaace/Code/mid70/2025_radar_station/install/radar_station/share/radar_station/cmake/radar_stationConfig-version.cmake
[0.700s] -- Up-to-date: /home/spaaaaace/Code/mid70/2025_radar_station/install/radar_station/share/radar_station/package.xml
[0.702s] Invoked command in '/home/spaaaaace/Code/mid70/2025_radar_station/build/radar_station' returned '0': CMAKE_PREFIX_PATH=${CMAKE_PREFIX_PATH}:/opt/ros/humble CONDA_PROMPT_MODIFIER=(vision) /usr/local/bin/cmake --install /home/spaaaaace/Code/mid70/2025_radar_station/build/radar_station
