[0.011s] Invoking command in '/home/spaaaaace/Code/mid70/2025_radar_station/build/mindvision_camera': CMAKE_PREFIX_PATH=${CMAKE_PREFIX_PATH}:/opt/ros/humble CONDA_PROMPT_MODIFIER=(vision) PS1=(vision) \[\e]0;\u@\h: \w\a\]${debian_chroot:+($debian_chroot)}\[\033[01;32m\]\u@\h\[\033[00m\]:\[\033[01;34m\]\w\[\033[00m\]\$ /usr/local/bin/cmake /home/spaaaaace/Code/mid70/2025_radar_station/src/camera_driver/mindvision_camera -DCMAKE_INSTALL_PREFIX=/home/spaaaaace/Code/mid70/2025_radar_station/install/mindvision_camera
[0.043s] -- The C compiler identification is GNU 11.4.0
[0.082s] -- The CXX compiler identification is GNU 11.4.0
[0.090s] -- Detecting C compiler ABI info
[0.130s] -- Detecting C compiler ABI info - done
[0.137s] -- Check for working C compiler: /usr/bin/cc - skipped
[0.137s] -- Detecting C compile features
[0.137s] -- Detecting C compile features - done
[0.139s] -- Detecting CXX compiler ABI info
[0.182s] -- Detecting CXX compiler ABI info - done
[0.188s] -- Check for working CXX compiler: /usr/bin/c++ - skipped
[0.189s] -- Detecting CXX compile features
[0.189s] -- Detecting CXX compile features - done
[0.190s] -- Found ament_cmake_auto: 1.3.10 (/opt/ros/humble/share/ament_cmake_auto/cmake)
[0.451s] -- Found Python3: /home/spaaaaace/anaconda3/envs/vision/bin/python3 (found version "3.8.20") found components: Interpreter 
[0.590s] -- Found rosidl_generator_c: 3.1.5 (/opt/ros/humble/share/rosidl_generator_c/cmake)
[0.594s] -- Found rosidl_adapter: 3.1.5 (/opt/ros/humble/share/rosidl_adapter/cmake)
[0.600s] -- Found rosidl_generator_cpp: 3.1.5 (/opt/ros/humble/share/rosidl_generator_cpp/cmake)
[0.609s] -- Using all available rosidl_typesupport_c: rosidl_typesupport_fastrtps_c;rosidl_typesupport_introspection_c
[0.622s] -- Using all available rosidl_typesupport_cpp: rosidl_typesupport_fastrtps_cpp;rosidl_typesupport_introspection_cpp
[0.656s] -- Found rmw_implementation_cmake: 6.1.2 (/opt/ros/humble/share/rmw_implementation_cmake/cmake)
[0.657s] -- Found rmw_fastrtps_cpp: 6.2.7 (/opt/ros/humble/share/rmw_fastrtps_cpp/cmake)
[0.719s] -- Found OpenSSL: /usr/lib/x86_64-linux-gnu/libcrypto.so (found version "3.0.2")  
[0.751s] -- Found FastRTPS: /opt/ros/humble/include  
[0.783s] -- Using RMW implementation 'rmw_fastrtps_cpp' as default
[0.789s] -- Performing Test CMAKE_HAVE_LIBC_PTHREAD
[0.831s] -- Performing Test CMAKE_HAVE_LIBC_PTHREAD - Success
[0.832s] -- Found Threads: TRUE  
[0.957s] -- Found ament_lint_auto: 0.12.11 (/opt/ros/humble/share/ament_lint_auto/cmake)
[0.973s] -- Added test 'cppcheck' to perform static code analysis on C / C++ code
[0.973s] -- Configured cppcheck include dirs: /home/spaaaaace/Code/mid70/2025_radar_station/src/camera_driver/mindvision_camera/mvsdk/include
[0.973s] -- Configured cppcheck exclude dirs and/or files: 
[0.973s] -- Added test 'flake8' to check Python code syntax and style conventions
[0.974s] -- Added test 'lint_cmake' to check CMake code style
[0.974s] -- Added test 'pep257' to check Python code against some of the docstring style conventions in PEP 257
[0.974s] -- Added test 'xmllint' to check XML markup files
[0.976s] -- Configuring done (1.0s)
[0.985s] -- Generating done (0.0s)
[0.986s] -- Build files have been written to: /home/spaaaaace/Code/mid70/2025_radar_station/build/mindvision_camera
[0.994s] Invoked command in '/home/spaaaaace/Code/mid70/2025_radar_station/build/mindvision_camera' returned '0': CMAKE_PREFIX_PATH=${CMAKE_PREFIX_PATH}:/opt/ros/humble CONDA_PROMPT_MODIFIER=(vision) PS1=(vision) \[\e]0;\u@\h: \w\a\]${debian_chroot:+($debian_chroot)}\[\033[01;32m\]\u@\h\[\033[00m\]:\[\033[01;34m\]\w\[\033[00m\]\$ /usr/local/bin/cmake /home/spaaaaace/Code/mid70/2025_radar_station/src/camera_driver/mindvision_camera -DCMAKE_INSTALL_PREFIX=/home/spaaaaace/Code/mid70/2025_radar_station/install/mindvision_camera
[0.995s] Invoking command in '/home/spaaaaace/Code/mid70/2025_radar_station/build/mindvision_camera': CMAKE_PREFIX_PATH=${CMAKE_PREFIX_PATH}:/opt/ros/humble CONDA_PROMPT_MODIFIER=(vision) PS1=(vision) \[\e]0;\u@\h: \w\a\]${debian_chroot:+($debian_chroot)}\[\033[01;32m\]\u@\h\[\033[00m\]:\[\033[01;34m\]\w\[\033[00m\]\$ /usr/local/bin/cmake --build /home/spaaaaace/Code/mid70/2025_radar_station/build/mindvision_camera -- -j22 -l22
[1.013s] [ 25%] [32mBuilding CXX object CMakeFiles/mindvision_camera.dir/src/mv_camera_node.cpp.o[0m
[1.013s] [ 50%] [32mBuilding CXX object CMakeFiles/mindvision_camera_node.dir/rclcpp_components/node_main_mindvision_camera_node.cpp.o[0m
[3.383s] [ 75%] [32m[1mLinking CXX executable mindvision_camera_node[0m
[3.448s] [100%] [32m[1mLinking CXX shared library libmindvision_camera.so[0m
[3.459s] [100%] Built target mindvision_camera_node
[3.537s] [100%] Built target mindvision_camera
[3.541s] Invoked command in '/home/spaaaaace/Code/mid70/2025_radar_station/build/mindvision_camera' returned '0': CMAKE_PREFIX_PATH=${CMAKE_PREFIX_PATH}:/opt/ros/humble CONDA_PROMPT_MODIFIER=(vision) PS1=(vision) \[\e]0;\u@\h: \w\a\]${debian_chroot:+($debian_chroot)}\[\033[01;32m\]\u@\h\[\033[00m\]:\[\033[01;34m\]\w\[\033[00m\]\$ /usr/local/bin/cmake --build /home/spaaaaace/Code/mid70/2025_radar_station/build/mindvision_camera -- -j22 -l22
[3.564s] Invoking command in '/home/spaaaaace/Code/mid70/2025_radar_station/build/mindvision_camera': CMAKE_PREFIX_PATH=${CMAKE_PREFIX_PATH}:/opt/ros/humble CONDA_PROMPT_MODIFIER=(vision) PS1=(vision) \[\e]0;\u@\h: \w\a\]${debian_chroot:+($debian_chroot)}\[\033[01;32m\]\u@\h\[\033[00m\]:\[\033[01;34m\]\w\[\033[00m\]\$ /usr/local/bin/cmake --install /home/spaaaaace/Code/mid70/2025_radar_station/build/mindvision_camera
[3.566s] -- Install configuration: ""
[3.566s] -- Installing: /home/spaaaaace/Code/mid70/2025_radar_station/install/mindvision_camera/lib/mindvision_camera/mindvision_camera_node
[3.566s] -- Set runtime path of "/home/spaaaaace/Code/mid70/2025_radar_station/install/mindvision_camera/lib/mindvision_camera/mindvision_camera_node" to ""
[3.566s] -- Installing: /home/spaaaaace/Code/mid70/2025_radar_station/install/mindvision_camera/share/mindvision_camera/environment/library_path.sh
[3.567s] -- Installing: /home/spaaaaace/Code/mid70/2025_radar_station/install/mindvision_camera/share/mindvision_camera/environment/library_path.dsv
[3.567s] -- Installing: /home/spaaaaace/Code/mid70/2025_radar_station/install/mindvision_camera/lib/libmindvision_camera.so
[3.567s] -- Set runtime path of "/home/spaaaaace/Code/mid70/2025_radar_station/install/mindvision_camera/lib/libmindvision_camera.so" to ""
[3.567s] -- Installing: /home/spaaaaace/Code/mid70/2025_radar_station/install/mindvision_camera/share/mindvision_camera/config
[3.567s] -- Installing: /home/spaaaaace/Code/mid70/2025_radar_station/install/mindvision_camera/share/mindvision_camera/config/camera_params.yaml
[3.567s] -- Installing: /home/spaaaaace/Code/mid70/2025_radar_station/install/mindvision_camera/share/mindvision_camera/config/camera_info.yaml
[3.568s] -- Installing: /home/spaaaaace/Code/mid70/2025_radar_station/install/mindvision_camera/share/mindvision_camera/launch
[3.568s] -- Installing: /home/spaaaaace/Code/mid70/2025_radar_station/install/mindvision_camera/share/mindvision_camera/launch/mv_launch.py
[3.568s] -- Installing: /home/spaaaaace/Code/mid70/2025_radar_station/install/mindvision_camera/share/ament_index/resource_index/package_run_dependencies/mindvision_camera
[3.568s] -- Installing: /home/spaaaaace/Code/mid70/2025_radar_station/install/mindvision_camera/share/ament_index/resource_index/parent_prefix_path/mindvision_camera
[3.568s] -- Installing: /home/spaaaaace/Code/mid70/2025_radar_station/install/mindvision_camera/share/mindvision_camera/environment/ament_prefix_path.sh
[3.568s] -- Installing: /home/spaaaaace/Code/mid70/2025_radar_station/install/mindvision_camera/share/mindvision_camera/environment/ament_prefix_path.dsv
[3.568s] -- Installing: /home/spaaaaace/Code/mid70/2025_radar_station/install/mindvision_camera/share/mindvision_camera/environment/path.sh
[3.568s] -- Installing: /home/spaaaaace/Code/mid70/2025_radar_station/install/mindvision_camera/share/mindvision_camera/environment/path.dsv
[3.568s] -- Installing: /home/spaaaaace/Code/mid70/2025_radar_station/install/mindvision_camera/share/mindvision_camera/local_setup.bash
[3.568s] -- Installing: /home/spaaaaace/Code/mid70/2025_radar_station/install/mindvision_camera/share/mindvision_camera/local_setup.sh
[3.568s] -- Installing: /home/spaaaaace/Code/mid70/2025_radar_station/install/mindvision_camera/share/mindvision_camera/local_setup.zsh
[3.568s] -- Installing: /home/spaaaaace/Code/mid70/2025_radar_station/install/mindvision_camera/share/mindvision_camera/local_setup.dsv
[3.568s] -- Installing: /home/spaaaaace/Code/mid70/2025_radar_station/install/mindvision_camera/share/mindvision_camera/package.dsv
[3.568s] -- Installing: /home/spaaaaace/Code/mid70/2025_radar_station/install/mindvision_camera/share/ament_index/resource_index/packages/mindvision_camera
[3.568s] -- Installing: /home/spaaaaace/Code/mid70/2025_radar_station/install/mindvision_camera/share/ament_index/resource_index/rclcpp_components/mindvision_camera
[3.568s] -- Installing: /home/spaaaaace/Code/mid70/2025_radar_station/install/mindvision_camera/share/mindvision_camera/cmake/ament_cmake_export_dependencies-extras.cmake
[3.568s] -- Installing: /home/spaaaaace/Code/mid70/2025_radar_station/install/mindvision_camera/share/mindvision_camera/cmake/ament_cmake_export_libraries-extras.cmake
[3.568s] -- Installing: /home/spaaaaace/Code/mid70/2025_radar_station/install/mindvision_camera/share/mindvision_camera/cmake/mindvision_cameraConfig.cmake
[3.568s] -- Installing: /home/spaaaaace/Code/mid70/2025_radar_station/install/mindvision_camera/share/mindvision_camera/cmake/mindvision_cameraConfig-version.cmake
[3.568s] -- Installing: /home/spaaaaace/Code/mid70/2025_radar_station/install/mindvision_camera/share/mindvision_camera/package.xml
[3.570s] Invoked command in '/home/spaaaaace/Code/mid70/2025_radar_station/build/mindvision_camera' returned '0': CMAKE_PREFIX_PATH=${CMAKE_PREFIX_PATH}:/opt/ros/humble CONDA_PROMPT_MODIFIER=(vision) PS1=(vision) \[\e]0;\u@\h: \w\a\]${debian_chroot:+($debian_chroot)}\[\033[01;32m\]\u@\h\[\033[00m\]:\[\033[01;34m\]\w\[\033[00m\]\$ /usr/local/bin/cmake --install /home/spaaaaace/Code/mid70/2025_radar_station/build/mindvision_camera
