[0.015s] Invoking command in '/home/spaaaaace/Code/mid70/2025_radar_station/build/livox_interfaces': CMAKE_PREFIX_PATH=${CMAKE_PREFIX_PATH}:/opt/ros/humble CONDA_PROMPT_MODIFIER=(yolov8) /usr/local/bin/cmake /home/spaaaaace/Code/mid70/2025_radar_station/src/livox_ros2_driver/livox_interfaces -DCMAKE_INSTALL_PREFIX=/home/spaaaaace/Code/mid70/2025_radar_station/install/livox_interfaces
[0.048s] -- The C compiler identification is GNU 11.4.0
[0.089s] -- The CXX compiler identification is GNU 11.4.0
[0.095s] -- Detecting C compiler ABI info
[0.131s] -- Detecting C compiler ABI info - done
[0.137s] -- Check for working C compiler: /usr/bin/cc - skipped
[0.137s] -- Detecting C compile features
[0.138s] -- Detecting C compile features - done
[0.140s] -- Detecting CXX compiler ABI info
[0.184s] -- Detecting CXX compiler ABI info - done
[0.190s] -- Check for working CXX compiler: /usr/bin/c++ - skipped
[0.191s] -- Detecting CXX compile features
[0.191s] -- Detecting CXX compile features - done
[0.193s] -- Found ament_cmake: 1.3.11 (/opt/ros/humble/share/ament_cmake/cmake)
[0.436s] -- Found Python3: /home/spaaaaace/anaconda3/envs/yolov8/bin/python3 (found version "3.8.20") found components: Interpreter 
[0.498s] -- Found std_msgs: 4.2.4 (/opt/ros/humble/share/std_msgs/cmake)
[0.525s] -- Found rosidl_generator_c: 3.1.5 (/opt/ros/humble/share/rosidl_generator_c/cmake)
[0.528s] -- Found rosidl_adapter: 3.1.5 (/opt/ros/humble/share/rosidl_adapter/cmake)
[0.535s] -- Found rosidl_generator_cpp: 3.1.5 (/opt/ros/humble/share/rosidl_generator_cpp/cmake)
[0.544s] -- Using all available rosidl_typesupport_c: rosidl_typesupport_fastrtps_c;rosidl_typesupport_introspection_c
[0.556s] -- Using all available rosidl_typesupport_cpp: rosidl_typesupport_fastrtps_cpp;rosidl_typesupport_introspection_cpp
[0.575s] -- Found rosidl_default_generators: 1.2.0 (/opt/ros/humble/share/rosidl_default_generators/cmake)
[0.725s] -- Found ament_cmake_ros: 0.10.0 (/opt/ros/humble/share/ament_cmake_ros/cmake)
[0.875s] -- Using all available rosidl_typesupport_c: rosidl_typesupport_fastrtps_c;rosidl_typesupport_introspection_c
[0.931s] -- Using all available rosidl_typesupport_cpp: rosidl_typesupport_fastrtps_cpp;rosidl_typesupport_introspection_cpp
[0.947s] -- Found PythonInterp: /home/spaaaaace/anaconda3/envs/yolov8/bin/python3 (found suitable version "3.8.20", minimum required is "3.6") 
[0.948s] -- Found python_cmake_module: 0.10.0 (/opt/ros/humble/share/python_cmake_module/cmake)
[0.965s] -- Found PythonLibs: /home/spaaaaace/anaconda3/envs/yolov8/lib/libpython3.8.so (found suitable version "3.8.20", minimum required is "3.5") 
[0.965s] -- Using PYTHON_EXECUTABLE: /home/spaaaaace/anaconda3/envs/yolov8/bin/python3
[0.965s] -- Using PYTHON_INCLUDE_DIRS: /home/spaaaaace/anaconda3/envs/yolov8/include/python3.8
[0.965s] -- Using PYTHON_LIBRARIES: /home/spaaaaace/anaconda3/envs/yolov8/lib/libpython3.8.so
[0.983s] -- Found PythonExtra: .so  
[1.199s] -- Using numpy include directory: /home/spaaaaace/anaconda3/envs/yolov8/lib/python3.8/site-packages/numpy/core/include
[1.206s] -- Found ament_lint_auto: 0.12.11 (/opt/ros/humble/share/ament_lint_auto/cmake)
[1.220s] -- Added test 'copyright' to check source files copyright and LICENSE
[1.221s] -- Added test 'lint_cmake' to check CMake code style
[1.221s] -- Added test 'xmllint' to check XML markup files
[1.223s] -- Configuring done (1.2s)
[1.244s] -- Generating done (0.0s)
[1.245s] -- Build files have been written to: /home/spaaaaace/Code/mid70/2025_radar_station/build/livox_interfaces
[1.251s] Invoked command in '/home/spaaaaace/Code/mid70/2025_radar_station/build/livox_interfaces' returned '0': CMAKE_PREFIX_PATH=${CMAKE_PREFIX_PATH}:/opt/ros/humble CONDA_PROMPT_MODIFIER=(yolov8) /usr/local/bin/cmake /home/spaaaaace/Code/mid70/2025_radar_station/src/livox_ros2_driver/livox_interfaces -DCMAKE_INSTALL_PREFIX=/home/spaaaaace/Code/mid70/2025_radar_station/install/livox_interfaces
[1.252s] Invoking command in '/home/spaaaaace/Code/mid70/2025_radar_station/build/livox_interfaces': CMAKE_PREFIX_PATH=${CMAKE_PREFIX_PATH}:/opt/ros/humble CONDA_PROMPT_MODIFIER=(yolov8) /usr/local/bin/cmake --build /home/spaaaaace/Code/mid70/2025_radar_station/build/livox_interfaces -- -j22 -l22
[1.271s] [  2%] [34m[1mGenerating C code for ROS interfaces[0m
[1.275s] [  5%] [34m[1mGenerating C++ code for ROS interfaces[0m
[1.276s] [  5%] Built target ament_cmake_python_copy_livox_interfaces
[1.420s] running egg_info
[1.421s] creating livox_interfaces.egg-info
[1.427s] writing livox_interfaces.egg-info/PKG-INFO
[1.427s] writing dependency_links to livox_interfaces.egg-info/dependency_links.txt
[1.427s] writing top-level names to livox_interfaces.egg-info/top_level.txt
[1.427s] writing manifest file 'livox_interfaces.egg-info/SOURCES.txt'
[1.447s] reading manifest file 'livox_interfaces.egg-info/SOURCES.txt'
[1.447s] writing manifest file 'livox_interfaces.egg-info/SOURCES.txt'
[1.471s] [  5%] Built target ament_cmake_python_build_livox_interfaces_egg
[1.594s] [  7%] [32mBuilding C object CMakeFiles/livox_interfaces__rosidl_generator_c.dir/rosidl_generator_c/livox_interfaces/msg/detail/custom_point__functions.c.o[0m
[1.594s] [ 10%] [32mBuilding C object CMakeFiles/livox_interfaces__rosidl_generator_c.dir/rosidl_generator_c/livox_interfaces/msg/detail/custom_msg__functions.c.o[0m
[1.634s] [ 12%] [32m[1mLinking C shared library liblivox_interfaces__rosidl_generator_c.so[0m
[1.656s] [ 12%] Built target livox_interfaces__rosidl_generator_c
[1.660s] [ 15%] [34m[1mGenerating C type support for eProsima Fast-RTPS[0m
[1.660s] [ 20%] [34m[1mGenerating C introspection for ROS interfaces[0m
[1.661s] [ 20%] [34m[1mGenerating C type support dispatch for ROS interfaces[0m
[1.858s] [ 20%] Built target livox_interfaces__cpp
[1.862s] [ 23%] [34m[1mGenerating C++ type support dispatch for ROS interfaces[0m
[1.862s] [ 28%] [34m[1mGenerating C++ introspection for ROS interfaces[0m
[1.862s] [ 28%] [34m[1mGenerating C++ type support for eProsima Fast-RTPS[0m
[1.935s] [ 30%] [32mBuilding CXX object CMakeFiles/livox_interfaces__rosidl_typesupport_c.dir/rosidl_typesupport_c/livox_interfaces/msg/custom_point__type_support.cpp.o[0m
[1.935s] [ 33%] [32mBuilding CXX object CMakeFiles/livox_interfaces__rosidl_typesupport_c.dir/rosidl_typesupport_c/livox_interfaces/msg/custom_msg__type_support.cpp.o[0m
[1.952s] [ 35%] [32m[1mLinking CXX shared library liblivox_interfaces__rosidl_typesupport_c.so[0m
[1.972s] [ 35%] Built target livox_interfaces__rosidl_typesupport_c
[2.017s] [ 41%] [32mBuilding C object CMakeFiles/livox_interfaces__rosidl_typesupport_introspection_c.dir/rosidl_typesupport_introspection_c/livox_interfaces/msg/detail/custom_msg__type_support.c.o[0m
[2.017s] [ 41%] [32mBuilding C object CMakeFiles/livox_interfaces__rosidl_typesupport_introspection_c.dir/rosidl_typesupport_introspection_c/livox_interfaces/msg/detail/custom_point__type_support.c.o[0m
[2.043s] [ 43%] [32m[1mLinking C shared library liblivox_interfaces__rosidl_typesupport_introspection_c.so[0m
[2.057s] [ 43%] Built target livox_interfaces__rosidl_typesupport_introspection_c
[2.062s] [ 46%] [32mBuilding CXX object CMakeFiles/livox_interfaces__rosidl_typesupport_fastrtps_c.dir/rosidl_typesupport_fastrtps_c/livox_interfaces/msg/detail/custom_point__type_support_c.cpp.o[0m
[2.062s] [ 48%] [32mBuilding CXX object CMakeFiles/livox_interfaces__rosidl_typesupport_fastrtps_c.dir/rosidl_typesupport_fastrtps_c/livox_interfaces/msg/detail/custom_msg__type_support_c.cpp.o[0m
[2.215s] [ 51%] [32mBuilding CXX object CMakeFiles/livox_interfaces__rosidl_typesupport_cpp.dir/rosidl_typesupport_cpp/livox_interfaces/msg/custom_point__type_support.cpp.o[0m
[2.215s] [ 53%] [32mBuilding CXX object CMakeFiles/livox_interfaces__rosidl_typesupport_cpp.dir/rosidl_typesupport_cpp/livox_interfaces/msg/custom_msg__type_support.cpp.o[0m
[2.269s] [ 56%] [32m[1mLinking CXX shared library liblivox_interfaces__rosidl_typesupport_fastrtps_c.so[0m
[2.299s] [ 61%] [32mBuilding CXX object CMakeFiles/livox_interfaces__rosidl_typesupport_fastrtps_cpp.dir/rosidl_typesupport_fastrtps_cpp/livox_interfaces/msg/detail/dds_fastrtps/custom_point__type_support.cpp.o[0m
[2.299s] [ 61%] [32mBuilding CXX object CMakeFiles/livox_interfaces__rosidl_typesupport_fastrtps_cpp.dir/rosidl_typesupport_fastrtps_cpp/livox_interfaces/msg/detail/dds_fastrtps/custom_msg__type_support.cpp.o[0m
[2.311s] [ 61%] Built target livox_interfaces__rosidl_typesupport_fastrtps_c
[2.394s] [ 64%] [32m[1mLinking CXX shared library liblivox_interfaces__rosidl_typesupport_cpp.so[0m
[2.414s] [ 64%] Built target livox_interfaces__rosidl_typesupport_cpp
[2.426s] [ 66%] [32mBuilding CXX object CMakeFiles/livox_interfaces__rosidl_typesupport_introspection_cpp.dir/rosidl_typesupport_introspection_cpp/livox_interfaces/msg/detail/custom_point__type_support.cpp.o[0m
[2.427s] [ 69%] [32mBuilding CXX object CMakeFiles/livox_interfaces__rosidl_typesupport_introspection_cpp.dir/rosidl_typesupport_introspection_cpp/livox_interfaces/msg/detail/custom_msg__type_support.cpp.o[0m
[2.567s] [ 71%] [32m[1mLinking CXX shared library liblivox_interfaces__rosidl_typesupport_fastrtps_cpp.so[0m
[2.611s] [ 71%] Built target livox_interfaces__rosidl_typesupport_fastrtps_cpp
[2.703s] [ 74%] [32m[1mLinking CXX shared library liblivox_interfaces__rosidl_typesupport_introspection_cpp.so[0m
[2.746s] [ 74%] Built target livox_interfaces__rosidl_typesupport_introspection_cpp
[2.755s] [ 74%] Built target livox_interfaces
[2.762s] [ 76%] [34m[1mGenerating Python code for ROS interfaces[0m
[3.265s] [ 76%] Built target livox_interfaces__py
[3.274s] [ 79%] [32mBuilding C object CMakeFiles/livox_interfaces__rosidl_generator_py.dir/rosidl_generator_py/livox_interfaces/msg/_custom_point_s.c.o[0m
[3.274s] [ 82%] [32mBuilding C object CMakeFiles/livox_interfaces__rosidl_generator_py.dir/rosidl_generator_py/livox_interfaces/msg/_custom_msg_s.c.o[0m
[3.351s] [ 84%] [32m[1mLinking C shared library rosidl_generator_py/livox_interfaces/liblivox_interfaces__rosidl_generator_py.so[0m
[3.375s] [ 84%] Built target livox_interfaces__rosidl_generator_py
[3.383s] [ 87%] [32mBuilding C object CMakeFiles/livox_interfaces__rosidl_typesupport_introspection_c__pyext.dir/rosidl_generator_py/livox_interfaces/_livox_interfaces_s.ep.rosidl_typesupport_introspection_c.c.o[0m
[3.383s] [ 92%] [32mBuilding C object CMakeFiles/livox_interfaces__rosidl_typesupport_c__pyext.dir/rosidl_generator_py/livox_interfaces/_livox_interfaces_s.ep.rosidl_typesupport_c.c.o[0m
[3.383s] [ 92%] [32mBuilding C object CMakeFiles/livox_interfaces__rosidl_typesupport_fastrtps_c__pyext.dir/rosidl_generator_py/livox_interfaces/_livox_interfaces_s.ep.rosidl_typesupport_fastrtps_c.c.o[0m
[3.441s] [ 94%] [32m[1mLinking C shared library rosidl_generator_py/livox_interfaces/livox_interfaces_s__rosidl_typesupport_c.cpython-38-x86_64-linux-gnu.so[0m
[3.441s] [ 97%] [32m[1mLinking C shared library rosidl_generator_py/livox_interfaces/livox_interfaces_s__rosidl_typesupport_fastrtps_c.cpython-38-x86_64-linux-gnu.so[0m
[3.442s] [100%] [32m[1mLinking C shared library rosidl_generator_py/livox_interfaces/livox_interfaces_s__rosidl_typesupport_introspection_c.cpython-38-x86_64-linux-gnu.so[0m
[3.460s] [100%] Built target livox_interfaces__rosidl_typesupport_fastrtps_c__pyext
[3.464s] [100%] Built target livox_interfaces__rosidl_typesupport_introspection_c__pyext
[3.464s] [100%] Built target livox_interfaces__rosidl_typesupport_c__pyext
[3.469s] Invoked command in '/home/spaaaaace/Code/mid70/2025_radar_station/build/livox_interfaces' returned '0': CMAKE_PREFIX_PATH=${CMAKE_PREFIX_PATH}:/opt/ros/humble CONDA_PROMPT_MODIFIER=(yolov8) /usr/local/bin/cmake --build /home/spaaaaace/Code/mid70/2025_radar_station/build/livox_interfaces -- -j22 -l22
[3.545s] Invoking command in '/home/spaaaaace/Code/mid70/2025_radar_station/build/livox_interfaces': CMAKE_PREFIX_PATH=${CMAKE_PREFIX_PATH}:/opt/ros/humble CONDA_PROMPT_MODIFIER=(yolov8) /usr/local/bin/cmake --install /home/spaaaaace/Code/mid70/2025_radar_station/build/livox_interfaces
[3.547s] -- Install configuration: ""
[3.547s] -- Installing: /home/spaaaaace/Code/mid70/2025_radar_station/install/livox_interfaces/share/ament_index/resource_index/rosidl_interfaces/livox_interfaces
[3.547s] -- Installing: /home/spaaaaace/Code/mid70/2025_radar_station/install/livox_interfaces/include/livox_interfaces/livox_interfaces
[3.547s] -- Installing: /home/spaaaaace/Code/mid70/2025_radar_station/install/livox_interfaces/include/livox_interfaces/livox_interfaces/msg
[3.547s] -- Installing: /home/spaaaaace/Code/mid70/2025_radar_station/install/livox_interfaces/include/livox_interfaces/livox_interfaces/msg/detail
[3.548s] -- Installing: /home/spaaaaace/Code/mid70/2025_radar_station/install/livox_interfaces/include/livox_interfaces/livox_interfaces/msg/detail/custom_point__type_support.h
[3.548s] -- Installing: /home/spaaaaace/Code/mid70/2025_radar_station/install/livox_interfaces/include/livox_interfaces/livox_interfaces/msg/detail/custom_msg__functions.h
[3.548s] -- Installing: /home/spaaaaace/Code/mid70/2025_radar_station/install/livox_interfaces/include/livox_interfaces/livox_interfaces/msg/detail/custom_msg__struct.h
[3.548s] -- Installing: /home/spaaaaace/Code/mid70/2025_radar_station/install/livox_interfaces/include/livox_interfaces/livox_interfaces/msg/detail/custom_point__struct.h
[3.548s] -- Installing: /home/spaaaaace/Code/mid70/2025_radar_station/install/livox_interfaces/include/livox_interfaces/livox_interfaces/msg/detail/custom_msg__functions.c
[3.548s] -- Installing: /home/spaaaaace/Code/mid70/2025_radar_station/install/livox_interfaces/include/livox_interfaces/livox_interfaces/msg/detail/custom_point__functions.c
[3.548s] -- Installing: /home/spaaaaace/Code/mid70/2025_radar_station/install/livox_interfaces/include/livox_interfaces/livox_interfaces/msg/detail/custom_point__functions.h
[3.548s] -- Installing: /home/spaaaaace/Code/mid70/2025_radar_station/install/livox_interfaces/include/livox_interfaces/livox_interfaces/msg/detail/custom_msg__type_support.h
[3.548s] -- Installing: /home/spaaaaace/Code/mid70/2025_radar_station/install/livox_interfaces/include/livox_interfaces/livox_interfaces/msg/custom_msg.h
[3.548s] -- Installing: /home/spaaaaace/Code/mid70/2025_radar_station/install/livox_interfaces/include/livox_interfaces/livox_interfaces/msg/custom_point.h
[3.548s] -- Installing: /home/spaaaaace/Code/mid70/2025_radar_station/install/livox_interfaces/include/livox_interfaces/livox_interfaces/msg/rosidl_generator_c__visibility_control.h
[3.548s] -- Installing: /home/spaaaaace/Code/mid70/2025_radar_station/install/livox_interfaces/share/livox_interfaces/environment/library_path.sh
[3.548s] -- Installing: /home/spaaaaace/Code/mid70/2025_radar_station/install/livox_interfaces/share/livox_interfaces/environment/library_path.dsv
[3.549s] -- Installing: /home/spaaaaace/Code/mid70/2025_radar_station/install/livox_interfaces/lib/liblivox_interfaces__rosidl_generator_c.so
[3.549s] -- Set runtime path of "/home/spaaaaace/Code/mid70/2025_radar_station/install/livox_interfaces/lib/liblivox_interfaces__rosidl_generator_c.so" to ""
[3.549s] -- Up-to-date: /home/spaaaaace/Code/mid70/2025_radar_station/install/livox_interfaces/include/livox_interfaces/livox_interfaces
[3.549s] -- Up-to-date: /home/spaaaaace/Code/mid70/2025_radar_station/install/livox_interfaces/include/livox_interfaces/livox_interfaces/msg
[3.549s] -- Installing: /home/spaaaaace/Code/mid70/2025_radar_station/install/livox_interfaces/include/livox_interfaces/livox_interfaces/msg/rosidl_typesupport_fastrtps_c__visibility_control.h
[3.549s] -- Up-to-date: /home/spaaaaace/Code/mid70/2025_radar_station/install/livox_interfaces/include/livox_interfaces/livox_interfaces/msg/detail
[3.549s] -- Installing: /home/spaaaaace/Code/mid70/2025_radar_station/install/livox_interfaces/include/livox_interfaces/livox_interfaces/msg/detail/custom_point__rosidl_typesupport_fastrtps_c.h
[3.549s] -- Installing: /home/spaaaaace/Code/mid70/2025_radar_station/install/livox_interfaces/include/livox_interfaces/livox_interfaces/msg/detail/custom_msg__rosidl_typesupport_fastrtps_c.h
[3.549s] -- Installing: /home/spaaaaace/Code/mid70/2025_radar_station/install/livox_interfaces/lib/liblivox_interfaces__rosidl_typesupport_fastrtps_c.so
[3.549s] -- Set runtime path of "/home/spaaaaace/Code/mid70/2025_radar_station/install/livox_interfaces/lib/liblivox_interfaces__rosidl_typesupport_fastrtps_c.so" to ""
[3.549s] -- Up-to-date: /home/spaaaaace/Code/mid70/2025_radar_station/install/livox_interfaces/include/livox_interfaces/livox_interfaces
[3.549s] -- Up-to-date: /home/spaaaaace/Code/mid70/2025_radar_station/install/livox_interfaces/include/livox_interfaces/livox_interfaces/msg
[3.549s] -- Installing: /home/spaaaaace/Code/mid70/2025_radar_station/install/livox_interfaces/include/livox_interfaces/livox_interfaces/msg/custom_msg.hpp
[3.549s] -- Up-to-date: /home/spaaaaace/Code/mid70/2025_radar_station/install/livox_interfaces/include/livox_interfaces/livox_interfaces/msg/detail
[3.550s] -- Installing: /home/spaaaaace/Code/mid70/2025_radar_station/install/livox_interfaces/include/livox_interfaces/livox_interfaces/msg/detail/custom_point__struct.hpp
[3.550s] -- Installing: /home/spaaaaace/Code/mid70/2025_radar_station/install/livox_interfaces/include/livox_interfaces/livox_interfaces/msg/detail/custom_point__traits.hpp
[3.550s] -- Installing: /home/spaaaaace/Code/mid70/2025_radar_station/install/livox_interfaces/include/livox_interfaces/livox_interfaces/msg/detail/custom_msg__traits.hpp
[3.550s] -- Installing: /home/spaaaaace/Code/mid70/2025_radar_station/install/livox_interfaces/include/livox_interfaces/livox_interfaces/msg/detail/custom_point__builder.hpp
[3.550s] -- Installing: /home/spaaaaace/Code/mid70/2025_radar_station/install/livox_interfaces/include/livox_interfaces/livox_interfaces/msg/detail/custom_msg__struct.hpp
[3.550s] -- Installing: /home/spaaaaace/Code/mid70/2025_radar_station/install/livox_interfaces/include/livox_interfaces/livox_interfaces/msg/detail/custom_msg__builder.hpp
[3.550s] -- Installing: /home/spaaaaace/Code/mid70/2025_radar_station/install/livox_interfaces/include/livox_interfaces/livox_interfaces/msg/custom_point.hpp
[3.550s] -- Up-to-date: /home/spaaaaace/Code/mid70/2025_radar_station/install/livox_interfaces/include/livox_interfaces/livox_interfaces
[3.550s] -- Up-to-date: /home/spaaaaace/Code/mid70/2025_radar_station/install/livox_interfaces/include/livox_interfaces/livox_interfaces/msg
[3.550s] -- Up-to-date: /home/spaaaaace/Code/mid70/2025_radar_station/install/livox_interfaces/include/livox_interfaces/livox_interfaces/msg/detail
[3.550s] -- Installing: /home/spaaaaace/Code/mid70/2025_radar_station/install/livox_interfaces/include/livox_interfaces/livox_interfaces/msg/detail/custom_msg__rosidl_typesupport_fastrtps_cpp.hpp
[3.550s] -- Installing: /home/spaaaaace/Code/mid70/2025_radar_station/install/livox_interfaces/include/livox_interfaces/livox_interfaces/msg/detail/custom_point__rosidl_typesupport_fastrtps_cpp.hpp
[3.550s] -- Installing: /home/spaaaaace/Code/mid70/2025_radar_station/install/livox_interfaces/include/livox_interfaces/livox_interfaces/msg/detail/dds_fastrtps
[3.550s] -- Installing: /home/spaaaaace/Code/mid70/2025_radar_station/install/livox_interfaces/include/livox_interfaces/livox_interfaces/msg/rosidl_typesupport_fastrtps_cpp__visibility_control.h
[3.550s] -- Installing: /home/spaaaaace/Code/mid70/2025_radar_station/install/livox_interfaces/lib/liblivox_interfaces__rosidl_typesupport_fastrtps_cpp.so
[3.550s] -- Set runtime path of "/home/spaaaaace/Code/mid70/2025_radar_station/install/livox_interfaces/lib/liblivox_interfaces__rosidl_typesupport_fastrtps_cpp.so" to ""
[3.550s] -- Up-to-date: /home/spaaaaace/Code/mid70/2025_radar_station/install/livox_interfaces/include/livox_interfaces/livox_interfaces
[3.550s] -- Up-to-date: /home/spaaaaace/Code/mid70/2025_radar_station/install/livox_interfaces/include/livox_interfaces/livox_interfaces/msg
[3.550s] -- Up-to-date: /home/spaaaaace/Code/mid70/2025_radar_station/install/livox_interfaces/include/livox_interfaces/livox_interfaces/msg/detail
[3.551s] -- Installing: /home/spaaaaace/Code/mid70/2025_radar_station/install/livox_interfaces/include/livox_interfaces/livox_interfaces/msg/detail/custom_msg__rosidl_typesupport_introspection_c.h
[3.551s] -- Installing: /home/spaaaaace/Code/mid70/2025_radar_station/install/livox_interfaces/include/livox_interfaces/livox_interfaces/msg/detail/custom_point__type_support.c
[3.551s] -- Installing: /home/spaaaaace/Code/mid70/2025_radar_station/install/livox_interfaces/include/livox_interfaces/livox_interfaces/msg/detail/custom_point__rosidl_typesupport_introspection_c.h
[3.551s] -- Installing: /home/spaaaaace/Code/mid70/2025_radar_station/install/livox_interfaces/include/livox_interfaces/livox_interfaces/msg/detail/custom_msg__type_support.c
[3.551s] -- Installing: /home/spaaaaace/Code/mid70/2025_radar_station/install/livox_interfaces/include/livox_interfaces/livox_interfaces/msg/rosidl_typesupport_introspection_c__visibility_control.h
[3.551s] -- Installing: /home/spaaaaace/Code/mid70/2025_radar_station/install/livox_interfaces/lib/liblivox_interfaces__rosidl_typesupport_introspection_c.so
[3.551s] -- Set runtime path of "/home/spaaaaace/Code/mid70/2025_radar_station/install/livox_interfaces/lib/liblivox_interfaces__rosidl_typesupport_introspection_c.so" to ""
[3.551s] -- Installing: /home/spaaaaace/Code/mid70/2025_radar_station/install/livox_interfaces/lib/liblivox_interfaces__rosidl_typesupport_c.so
[3.551s] -- Set runtime path of "/home/spaaaaace/Code/mid70/2025_radar_station/install/livox_interfaces/lib/liblivox_interfaces__rosidl_typesupport_c.so" to ""
[3.551s] -- Up-to-date: /home/spaaaaace/Code/mid70/2025_radar_station/install/livox_interfaces/include/livox_interfaces/livox_interfaces
[3.551s] -- Up-to-date: /home/spaaaaace/Code/mid70/2025_radar_station/install/livox_interfaces/include/livox_interfaces/livox_interfaces/msg
[3.551s] -- Up-to-date: /home/spaaaaace/Code/mid70/2025_radar_station/install/livox_interfaces/include/livox_interfaces/livox_interfaces/msg/detail
[3.551s] -- Installing: /home/spaaaaace/Code/mid70/2025_radar_station/install/livox_interfaces/include/livox_interfaces/livox_interfaces/msg/detail/custom_msg__rosidl_typesupport_introspection_cpp.hpp
[3.551s] -- Installing: /home/spaaaaace/Code/mid70/2025_radar_station/install/livox_interfaces/include/livox_interfaces/livox_interfaces/msg/detail/custom_msg__type_support.cpp
[3.551s] -- Installing: /home/spaaaaace/Code/mid70/2025_radar_station/install/livox_interfaces/include/livox_interfaces/livox_interfaces/msg/detail/custom_point__type_support.cpp
[3.551s] -- Installing: /home/spaaaaace/Code/mid70/2025_radar_station/install/livox_interfaces/include/livox_interfaces/livox_interfaces/msg/detail/custom_point__rosidl_typesupport_introspection_cpp.hpp
[3.551s] -- Installing: /home/spaaaaace/Code/mid70/2025_radar_station/install/livox_interfaces/lib/liblivox_interfaces__rosidl_typesupport_introspection_cpp.so
[3.551s] -- Set runtime path of "/home/spaaaaace/Code/mid70/2025_radar_station/install/livox_interfaces/lib/liblivox_interfaces__rosidl_typesupport_introspection_cpp.so" to ""
[3.551s] -- Installing: /home/spaaaaace/Code/mid70/2025_radar_station/install/livox_interfaces/lib/liblivox_interfaces__rosidl_typesupport_cpp.so
[3.551s] -- Set runtime path of "/home/spaaaaace/Code/mid70/2025_radar_station/install/livox_interfaces/lib/liblivox_interfaces__rosidl_typesupport_cpp.so" to ""
[3.551s] -- Installing: /home/spaaaaace/Code/mid70/2025_radar_station/install/livox_interfaces/share/livox_interfaces/environment/pythonpath.sh
[3.551s] -- Installing: /home/spaaaaace/Code/mid70/2025_radar_station/install/livox_interfaces/share/livox_interfaces/environment/pythonpath.dsv
[3.551s] -- Installing: /home/spaaaaace/Code/mid70/2025_radar_station/install/livox_interfaces/lib/python3.8/site-packages/livox_interfaces-0.0.1-py3.8.egg-info
[3.551s] -- Installing: /home/spaaaaace/Code/mid70/2025_radar_station/install/livox_interfaces/lib/python3.8/site-packages/livox_interfaces-0.0.1-py3.8.egg-info/dependency_links.txt
[3.551s] -- Installing: /home/spaaaaace/Code/mid70/2025_radar_station/install/livox_interfaces/lib/python3.8/site-packages/livox_interfaces-0.0.1-py3.8.egg-info/SOURCES.txt
[3.551s] -- Installing: /home/spaaaaace/Code/mid70/2025_radar_station/install/livox_interfaces/lib/python3.8/site-packages/livox_interfaces-0.0.1-py3.8.egg-info/PKG-INFO
[3.551s] -- Installing: /home/spaaaaace/Code/mid70/2025_radar_station/install/livox_interfaces/lib/python3.8/site-packages/livox_interfaces-0.0.1-py3.8.egg-info/top_level.txt
[3.551s] -- Installing: /home/spaaaaace/Code/mid70/2025_radar_station/install/livox_interfaces/lib/python3.8/site-packages/livox_interfaces
[3.551s] -- Installing: /home/spaaaaace/Code/mid70/2025_radar_station/install/livox_interfaces/lib/python3.8/site-packages/livox_interfaces/livox_interfaces_s__rosidl_typesupport_introspection_c.cpython-38-x86_64-linux-gnu.so
[3.551s] -- Installing: /home/spaaaaace/Code/mid70/2025_radar_station/install/livox_interfaces/lib/python3.8/site-packages/livox_interfaces/msg
[3.552s] -- Installing: /home/spaaaaace/Code/mid70/2025_radar_station/install/livox_interfaces/lib/python3.8/site-packages/livox_interfaces/msg/_custom_point.py
[3.552s] -- Installing: /home/spaaaaace/Code/mid70/2025_radar_station/install/livox_interfaces/lib/python3.8/site-packages/livox_interfaces/msg/_custom_msg_s.c
[3.552s] -- Installing: /home/spaaaaace/Code/mid70/2025_radar_station/install/livox_interfaces/lib/python3.8/site-packages/livox_interfaces/msg/_custom_msg.py
[3.552s] -- Installing: /home/spaaaaace/Code/mid70/2025_radar_station/install/livox_interfaces/lib/python3.8/site-packages/livox_interfaces/msg/_custom_point_s.c
[3.552s] -- Installing: /home/spaaaaace/Code/mid70/2025_radar_station/install/livox_interfaces/lib/python3.8/site-packages/livox_interfaces/msg/__init__.py
[3.552s] -- Installing: /home/spaaaaace/Code/mid70/2025_radar_station/install/livox_interfaces/lib/python3.8/site-packages/livox_interfaces/_livox_interfaces_s.ep.rosidl_typesupport_fastrtps_c.c
[3.552s] -- Installing: /home/spaaaaace/Code/mid70/2025_radar_station/install/livox_interfaces/lib/python3.8/site-packages/livox_interfaces/livox_interfaces_s__rosidl_typesupport_c.cpython-38-x86_64-linux-gnu.so
[3.552s] -- Installing: /home/spaaaaace/Code/mid70/2025_radar_station/install/livox_interfaces/lib/python3.8/site-packages/livox_interfaces/liblivox_interfaces__rosidl_generator_py.so
[3.552s] -- Installing: /home/spaaaaace/Code/mid70/2025_radar_station/install/livox_interfaces/lib/python3.8/site-packages/livox_interfaces/livox_interfaces_s__rosidl_typesupport_fastrtps_c.cpython-38-x86_64-linux-gnu.so
[3.552s] -- Installing: /home/spaaaaace/Code/mid70/2025_radar_station/install/livox_interfaces/lib/python3.8/site-packages/livox_interfaces/_livox_interfaces_s.ep.rosidl_typesupport_c.c
[3.552s] -- Installing: /home/spaaaaace/Code/mid70/2025_radar_station/install/livox_interfaces/lib/python3.8/site-packages/livox_interfaces/_livox_interfaces_s.ep.rosidl_typesupport_introspection_c.c
[3.552s] -- Installing: /home/spaaaaace/Code/mid70/2025_radar_station/install/livox_interfaces/lib/python3.8/site-packages/livox_interfaces/__init__.py
[3.575s] Listing '/home/spaaaaace/Code/mid70/2025_radar_station/install/livox_interfaces/lib/python3.8/site-packages/livox_interfaces'...
[3.575s] Compiling '/home/spaaaaace/Code/mid70/2025_radar_station/install/livox_interfaces/lib/python3.8/site-packages/livox_interfaces/__init__.py'...
[3.575s] Listing '/home/spaaaaace/Code/mid70/2025_radar_station/install/livox_interfaces/lib/python3.8/site-packages/livox_interfaces/msg'...
[3.575s] Compiling '/home/spaaaaace/Code/mid70/2025_radar_station/install/livox_interfaces/lib/python3.8/site-packages/livox_interfaces/msg/__init__.py'...
[3.575s] Compiling '/home/spaaaaace/Code/mid70/2025_radar_station/install/livox_interfaces/lib/python3.8/site-packages/livox_interfaces/msg/_custom_msg.py'...
[3.576s] Compiling '/home/spaaaaace/Code/mid70/2025_radar_station/install/livox_interfaces/lib/python3.8/site-packages/livox_interfaces/msg/_custom_point.py'...
[3.578s] -- Installing: /home/spaaaaace/Code/mid70/2025_radar_station/install/livox_interfaces/lib/python3.8/site-packages/livox_interfaces/livox_interfaces_s__rosidl_typesupport_fastrtps_c.cpython-38-x86_64-linux-gnu.so
[3.578s] -- Set runtime path of "/home/spaaaaace/Code/mid70/2025_radar_station/install/livox_interfaces/lib/python3.8/site-packages/livox_interfaces/livox_interfaces_s__rosidl_typesupport_fastrtps_c.cpython-38-x86_64-linux-gnu.so" to ""
[3.578s] -- Installing: /home/spaaaaace/Code/mid70/2025_radar_station/install/livox_interfaces/lib/python3.8/site-packages/livox_interfaces/livox_interfaces_s__rosidl_typesupport_introspection_c.cpython-38-x86_64-linux-gnu.so
[3.578s] -- Set runtime path of "/home/spaaaaace/Code/mid70/2025_radar_station/install/livox_interfaces/lib/python3.8/site-packages/livox_interfaces/livox_interfaces_s__rosidl_typesupport_introspection_c.cpython-38-x86_64-linux-gnu.so" to ""
[3.578s] -- Installing: /home/spaaaaace/Code/mid70/2025_radar_station/install/livox_interfaces/lib/python3.8/site-packages/livox_interfaces/livox_interfaces_s__rosidl_typesupport_c.cpython-38-x86_64-linux-gnu.so
[3.579s] -- Set runtime path of "/home/spaaaaace/Code/mid70/2025_radar_station/install/livox_interfaces/lib/python3.8/site-packages/livox_interfaces/livox_interfaces_s__rosidl_typesupport_c.cpython-38-x86_64-linux-gnu.so" to ""
[3.579s] -- Installing: /home/spaaaaace/Code/mid70/2025_radar_station/install/livox_interfaces/lib/liblivox_interfaces__rosidl_generator_py.so
[3.579s] -- Set runtime path of "/home/spaaaaace/Code/mid70/2025_radar_station/install/livox_interfaces/lib/liblivox_interfaces__rosidl_generator_py.so" to ""
[3.579s] -- Installing: /home/spaaaaace/Code/mid70/2025_radar_station/install/livox_interfaces/share/livox_interfaces/msg/CustomPoint.idl
[3.579s] -- Installing: /home/spaaaaace/Code/mid70/2025_radar_station/install/livox_interfaces/share/livox_interfaces/msg/CustomMsg.idl
[3.579s] -- Installing: /home/spaaaaace/Code/mid70/2025_radar_station/install/livox_interfaces/share/livox_interfaces/msg/CustomPoint.msg
[3.579s] -- Installing: /home/spaaaaace/Code/mid70/2025_radar_station/install/livox_interfaces/share/livox_interfaces/msg/CustomMsg.msg
[3.579s] -- Installing: /home/spaaaaace/Code/mid70/2025_radar_station/install/livox_interfaces/share/ament_index/resource_index/package_run_dependencies/livox_interfaces
[3.579s] -- Installing: /home/spaaaaace/Code/mid70/2025_radar_station/install/livox_interfaces/share/ament_index/resource_index/parent_prefix_path/livox_interfaces
[3.579s] -- Installing: /home/spaaaaace/Code/mid70/2025_radar_station/install/livox_interfaces/share/livox_interfaces/environment/ament_prefix_path.sh
[3.580s] -- Installing: /home/spaaaaace/Code/mid70/2025_radar_station/install/livox_interfaces/share/livox_interfaces/environment/ament_prefix_path.dsv
[3.580s] -- Installing: /home/spaaaaace/Code/mid70/2025_radar_station/install/livox_interfaces/share/livox_interfaces/environment/path.sh
[3.580s] -- Installing: /home/spaaaaace/Code/mid70/2025_radar_station/install/livox_interfaces/share/livox_interfaces/environment/path.dsv
[3.580s] -- Installing: /home/spaaaaace/Code/mid70/2025_radar_station/install/livox_interfaces/share/livox_interfaces/local_setup.bash
[3.580s] -- Installing: /home/spaaaaace/Code/mid70/2025_radar_station/install/livox_interfaces/share/livox_interfaces/local_setup.sh
[3.580s] -- Installing: /home/spaaaaace/Code/mid70/2025_radar_station/install/livox_interfaces/share/livox_interfaces/local_setup.zsh
[3.580s] -- Installing: /home/spaaaaace/Code/mid70/2025_radar_station/install/livox_interfaces/share/livox_interfaces/local_setup.dsv
[3.580s] -- Installing: /home/spaaaaace/Code/mid70/2025_radar_station/install/livox_interfaces/share/livox_interfaces/package.dsv
[3.580s] -- Installing: /home/spaaaaace/Code/mid70/2025_radar_station/install/livox_interfaces/share/ament_index/resource_index/packages/livox_interfaces
[3.580s] -- Installing: /home/spaaaaace/Code/mid70/2025_radar_station/install/livox_interfaces/share/livox_interfaces/cmake/export_livox_interfaces__rosidl_generator_cExport.cmake
[3.580s] -- Installing: /home/spaaaaace/Code/mid70/2025_radar_station/install/livox_interfaces/share/livox_interfaces/cmake/export_livox_interfaces__rosidl_generator_cExport-noconfig.cmake
[3.580s] -- Installing: /home/spaaaaace/Code/mid70/2025_radar_station/install/livox_interfaces/share/livox_interfaces/cmake/export_livox_interfaces__rosidl_typesupport_fastrtps_cExport.cmake
[3.580s] -- Installing: /home/spaaaaace/Code/mid70/2025_radar_station/install/livox_interfaces/share/livox_interfaces/cmake/export_livox_interfaces__rosidl_typesupport_fastrtps_cExport-noconfig.cmake
[3.581s] -- Installing: /home/spaaaaace/Code/mid70/2025_radar_station/install/livox_interfaces/share/livox_interfaces/cmake/export_livox_interfaces__rosidl_generator_cppExport.cmake
[3.581s] -- Installing: /home/spaaaaace/Code/mid70/2025_radar_station/install/livox_interfaces/share/livox_interfaces/cmake/export_livox_interfaces__rosidl_typesupport_fastrtps_cppExport.cmake
[3.581s] -- Installing: /home/spaaaaace/Code/mid70/2025_radar_station/install/livox_interfaces/share/livox_interfaces/cmake/export_livox_interfaces__rosidl_typesupport_fastrtps_cppExport-noconfig.cmake
[3.581s] -- Installing: /home/spaaaaace/Code/mid70/2025_radar_station/install/livox_interfaces/share/livox_interfaces/cmake/livox_interfaces__rosidl_typesupport_introspection_cExport.cmake
[3.581s] -- Installing: /home/spaaaaace/Code/mid70/2025_radar_station/install/livox_interfaces/share/livox_interfaces/cmake/livox_interfaces__rosidl_typesupport_introspection_cExport-noconfig.cmake
[3.581s] -- Installing: /home/spaaaaace/Code/mid70/2025_radar_station/install/livox_interfaces/share/livox_interfaces/cmake/livox_interfaces__rosidl_typesupport_cExport.cmake
[3.581s] -- Installing: /home/spaaaaace/Code/mid70/2025_radar_station/install/livox_interfaces/share/livox_interfaces/cmake/livox_interfaces__rosidl_typesupport_cExport-noconfig.cmake
[3.581s] -- Installing: /home/spaaaaace/Code/mid70/2025_radar_station/install/livox_interfaces/share/livox_interfaces/cmake/livox_interfaces__rosidl_typesupport_introspection_cppExport.cmake
[3.581s] -- Installing: /home/spaaaaace/Code/mid70/2025_radar_station/install/livox_interfaces/share/livox_interfaces/cmake/livox_interfaces__rosidl_typesupport_introspection_cppExport-noconfig.cmake
[3.581s] -- Installing: /home/spaaaaace/Code/mid70/2025_radar_station/install/livox_interfaces/share/livox_interfaces/cmake/livox_interfaces__rosidl_typesupport_cppExport.cmake
[3.581s] -- Installing: /home/spaaaaace/Code/mid70/2025_radar_station/install/livox_interfaces/share/livox_interfaces/cmake/livox_interfaces__rosidl_typesupport_cppExport-noconfig.cmake
[3.581s] -- Installing: /home/spaaaaace/Code/mid70/2025_radar_station/install/livox_interfaces/share/livox_interfaces/cmake/export_livox_interfaces__rosidl_generator_pyExport.cmake
[3.581s] -- Installing: /home/spaaaaace/Code/mid70/2025_radar_station/install/livox_interfaces/share/livox_interfaces/cmake/export_livox_interfaces__rosidl_generator_pyExport-noconfig.cmake
[3.581s] -- Installing: /home/spaaaaace/Code/mid70/2025_radar_station/install/livox_interfaces/share/livox_interfaces/cmake/rosidl_cmake-extras.cmake
[3.581s] -- Installing: /home/spaaaaace/Code/mid70/2025_radar_station/install/livox_interfaces/share/livox_interfaces/cmake/ament_cmake_export_dependencies-extras.cmake
[3.581s] -- Installing: /home/spaaaaace/Code/mid70/2025_radar_station/install/livox_interfaces/share/livox_interfaces/cmake/ament_cmake_export_include_directories-extras.cmake
[3.581s] -- Installing: /home/spaaaaace/Code/mid70/2025_radar_station/install/livox_interfaces/share/livox_interfaces/cmake/ament_cmake_export_libraries-extras.cmake
[3.582s] -- Installing: /home/spaaaaace/Code/mid70/2025_radar_station/install/livox_interfaces/share/livox_interfaces/cmake/ament_cmake_export_targets-extras.cmake
[3.582s] -- Installing: /home/spaaaaace/Code/mid70/2025_radar_station/install/livox_interfaces/share/livox_interfaces/cmake/rosidl_cmake_export_typesupport_targets-extras.cmake
[3.582s] -- Installing: /home/spaaaaace/Code/mid70/2025_radar_station/install/livox_interfaces/share/livox_interfaces/cmake/rosidl_cmake_export_typesupport_libraries-extras.cmake
[3.582s] -- Installing: /home/spaaaaace/Code/mid70/2025_radar_station/install/livox_interfaces/share/livox_interfaces/cmake/livox_interfacesConfig.cmake
[3.582s] -- Installing: /home/spaaaaace/Code/mid70/2025_radar_station/install/livox_interfaces/share/livox_interfaces/cmake/livox_interfacesConfig-version.cmake
[3.582s] -- Installing: /home/spaaaaace/Code/mid70/2025_radar_station/install/livox_interfaces/share/livox_interfaces/package.xml
[3.583s] Invoked command in '/home/spaaaaace/Code/mid70/2025_radar_station/build/livox_interfaces' returned '0': CMAKE_PREFIX_PATH=${CMAKE_PREFIX_PATH}:/opt/ros/humble CONDA_PROMPT_MODIFIER=(yolov8) /usr/local/bin/cmake --install /home/spaaaaace/Code/mid70/2025_radar_station/build/livox_interfaces
