[0.013s] Invoking command in '/home/spaaaaace/Code/mid70/2025_radar_station/build/dji_action4_camera': CMAKE_PREFIX_PATH=${CMAKE_PREFIX_PATH}:/opt/ros/humble PS1=\[\e]0;\u@\h: \w\a\]${debian_chroot:+($debian_chroot)}\[\033[01;32m\]\u@\h\[\033[00m\]:\[\033[01;34m\]\w\[\033[00m\]\$ /usr/local/bin/cmake /home/spaaaaace/Code/mid70/2025_radar_station/src/camera_driver/dji_Action4_camera -DCMAKE_INSTALL_PREFIX=/home/spaaaaace/Code/mid70/2025_radar_station/install/dji_action4_camera
[0.041s] -- The C compiler identification is GNU 11.4.0
[0.077s] -- The CXX compiler identification is GNU 11.4.0
[0.085s] -- Detecting C compiler ABI info
[0.127s] -- Detecting C compiler ABI info - done
[0.134s] -- Check for working C compiler: /usr/bin/cc - skipped
[0.134s] -- Detecting C compile features
[0.134s] -- Detecting C compile features - done
[0.136s] -- Detecting CXX compiler ABI info
[0.181s] -- Detecting CXX compiler ABI info - done
[0.188s] -- Check for working CXX compiler: /usr/bin/c++ - skipped
[0.188s] -- Detecting CXX compile features
[0.189s] -- Detecting CXX compile features - done
[0.190s] -- Found ament_cmake: 1.3.11 (/opt/ros/humble/share/ament_cmake/cmake)
[0.328s] -- Found Python3: /home/linuxbrew/.linuxbrew/bin/python3 (found version "3.13.1") found components: Interpreter 
[0.407s] -- Found OpenCV: /usr/local (found version "4.10.0") 
[0.408s] -- Found rclcpp: 16.0.10 (/opt/ros/humble/share/rclcpp/cmake)
[0.439s] -- Found rosidl_generator_c: 3.1.5 (/opt/ros/humble/share/rosidl_generator_c/cmake)
[0.442s] -- Found rosidl_adapter: 3.1.5 (/opt/ros/humble/share/rosidl_adapter/cmake)
[0.449s] -- Found rosidl_generator_cpp: 3.1.5 (/opt/ros/humble/share/rosidl_generator_cpp/cmake)
[0.458s] -- Using all available rosidl_typesupport_c: rosidl_typesupport_fastrtps_c;rosidl_typesupport_introspection_c
[0.471s] -- Using all available rosidl_typesupport_cpp: rosidl_typesupport_fastrtps_cpp;rosidl_typesupport_introspection_cpp
[0.505s] -- Found rmw_implementation_cmake: 6.1.2 (/opt/ros/humble/share/rmw_implementation_cmake/cmake)
[0.507s] -- Found rmw_fastrtps_cpp: 6.2.7 (/opt/ros/humble/share/rmw_fastrtps_cpp/cmake)
[0.573s] -- Found OpenSSL: /usr/lib/x86_64-linux-gnu/libcrypto.so (found version "3.0.2")  
[0.597s] -- Found FastRTPS: /opt/ros/humble/include  
[0.625s] -- Using RMW implementation 'rmw_fastrtps_cpp' as default
[0.630s] -- Performing Test CMAKE_HAVE_LIBC_PTHREAD
[0.675s] -- Performing Test CMAKE_HAVE_LIBC_PTHREAD - Success
[0.676s] -- Found Threads: TRUE  
[0.718s] -- Found sensor_msgs: 4.2.4 (/opt/ros/humble/share/sensor_msgs/cmake)
[0.743s] -- Found cv_bridge: 3.2.1 (/opt/ros/humble/share/cv_bridge/cmake)
[0.746s] -- Found image_transport: 3.1.9 (/opt/ros/humble/share/image_transport/cmake)
[0.768s] -- Found ament_lint_auto: 0.12.11 (/opt/ros/humble/share/ament_lint_auto/cmake)
[0.785s] Traceback (most recent call last):
[0.787s]   File "/opt/ros/humble/share/ament_cmake_core/cmake/core/package_xml_2_cmake.py", line 22, in <module>
[0.787s]     from catkin_pkg.package import parse_package_string
[0.787s] ModuleNotFoundError: No module named 'catkin_pkg'
[0.790s] [31mCMake Error at /opt/ros/humble/share/ament_cmake_core/cmake/core/ament_package_xml.cmake:95 (message):
[0.790s]   execute_process(/home/linuxbrew/.linuxbrew/bin/python3
[0.790s]   /opt/ros/humble/share/ament_cmake_core/cmake/core/package_xml_2_cmake.py
[0.790s]   /home/spaaaaace/Code/mid70/2025_radar_station/src/camera_driver/dji_Action4_camera/package.xml
[0.790s]   /home/spaaaaace/Code/mid70/2025_radar_station/build/dji_action4_camera/ament_cmake_core/package.cmake)
[0.790s]   returned error code 1
[0.790s] Call Stack (most recent call first):
[0.790s]   /opt/ros/humble/share/ament_cmake_core/cmake/core/ament_package_xml.cmake:49 (_ament_package_xml)
[0.790s]   /opt/ros/humble/share/ament_lint_auto/cmake/ament_lint_auto_find_test_dependencies.cmake:31 (ament_package_xml)
[0.790s]   CMakeLists.txt:25 (ament_lint_auto_find_test_dependencies)
[0.790s] 
[0.790s] [0m
[0.791s] -- Configuring incomplete, errors occurred!
