[0.057s] DEBUG:colcon:Command line arguments: ['/usr/bin/colcon', 'build']
[0.057s] DEBUG:colcon:Parsed command line arguments: Namespace(log_base=None, log_level=None, verb_name='build', build_base='build', install_base='install', merge_install=False, symlink_install=False, test_result_base=None, continue_on_error=False, executor='parallel', parallel_workers=22, event_handlers=None, ignore_user_meta=False, metas=['./colcon.meta'], base_paths=['.'], packages_ignore=None, packages_ignore_regex=None, paths=None, packages_up_to=None, packages_up_to_regex=None, packages_above=None, packages_above_and_dependencies=None, packages_above_depth=None, packages_select_by_dep=None, packages_skip_by_dep=None, packages_skip_up_to=None, packages_select_build_failed=False, packages_skip_build_finished=False, packages_select_test_failures=False, packages_skip_test_passed=False, packages_select=None, packages_skip=None, packages_select_regex=None, packages_skip_regex=None, packages_start=None, packages_end=None, allow_overriding=[], cmake_args=None, cmake_target=None, cmake_target_skip_unavailable=False, cmake_clean_cache=False, cmake_clean_first=False, cmake_force_configure=False, ament_cmake_args=None, catkin_cmake_args=None, catkin_skip_building_tests=False, verb_parser=<colcon_defaults.argument_parser.defaults.DefaultArgumentsDecorator object at 0x797a06e61030>, verb_extension=<colcon_core.verb.build.BuildVerb object at 0x797a06e60ac0>, main=<bound method BuildVerb.main of <colcon_core.verb.build.BuildVerb object at 0x797a06e60ac0>>)
[0.157s] Level 1:colcon.colcon_core.package_discovery:discover_packages(colcon_meta) check parameters
[0.157s] Level 1:colcon.colcon_core.package_discovery:discover_packages(recursive) check parameters
[0.157s] Level 1:colcon.colcon_core.package_discovery:discover_packages(ignore) check parameters
[0.157s] Level 1:colcon.colcon_core.package_discovery:discover_packages(path) check parameters
[0.157s] Level 1:colcon.colcon_core.package_discovery:discover_packages(colcon_meta) discover
[0.158s] Level 1:colcon.colcon_core.package_discovery:discover_packages(recursive) discover
[0.158s] INFO:colcon.colcon_core.package_discovery:Crawling recursively for packages in '/home/spaaaaace/Code/mid70/2025_radar_station'
[0.158s] Level 1:colcon.colcon_core.package_identification:_identify(.) by extensions ['ignore', 'ignore_ament_install']
[0.158s] Level 1:colcon.colcon_core.package_identification:_identify(.) by extension 'ignore'
[0.158s] Level 1:colcon.colcon_core.package_identification:_identify(.) by extension 'ignore_ament_install'
[0.158s] Level 1:colcon.colcon_core.package_identification:_identify(.) by extensions ['colcon_pkg']
[0.158s] Level 1:colcon.colcon_core.package_identification:_identify(.) by extension 'colcon_pkg'
[0.158s] Level 1:colcon.colcon_core.package_identification:_identify(.) by extensions ['colcon_meta']
[0.158s] Level 1:colcon.colcon_core.package_identification:_identify(.) by extension 'colcon_meta'
[0.158s] Level 1:colcon.colcon_core.package_identification:_identify(.) by extensions ['ros']
[0.158s] Level 1:colcon.colcon_core.package_identification:_identify(.) by extension 'ros'
[0.164s] Level 1:colcon.colcon_core.package_identification:_identify(.) by extensions ['cmake', 'python']
[0.164s] Level 1:colcon.colcon_core.package_identification:_identify(.) by extension 'cmake'
[0.164s] Level 1:colcon.colcon_core.package_identification:_identify(.) by extension 'python'
[0.164s] Level 1:colcon.colcon_core.package_identification:_identify(.) by extensions ['python_setup_py']
[0.164s] Level 1:colcon.colcon_core.package_identification:_identify(.) by extension 'python_setup_py'
[0.164s] Level 1:colcon.colcon_core.package_identification:_identify(Camera) by extensions ['ignore', 'ignore_ament_install']
[0.164s] Level 1:colcon.colcon_core.package_identification:_identify(Camera) by extension 'ignore'
[0.164s] Level 1:colcon.colcon_core.package_identification:_identify(Camera) by extension 'ignore_ament_install'
[0.164s] Level 1:colcon.colcon_core.package_identification:_identify(Camera) by extensions ['colcon_pkg']
[0.164s] Level 1:colcon.colcon_core.package_identification:_identify(Camera) by extension 'colcon_pkg'
[0.164s] Level 1:colcon.colcon_core.package_identification:_identify(Camera) by extensions ['colcon_meta']
[0.164s] Level 1:colcon.colcon_core.package_identification:_identify(Camera) by extension 'colcon_meta'
[0.164s] Level 1:colcon.colcon_core.package_identification:_identify(Camera) by extensions ['ros']
[0.164s] Level 1:colcon.colcon_core.package_identification:_identify(Camera) by extension 'ros'
[0.164s] Level 1:colcon.colcon_core.package_identification:_identify(Camera) by extensions ['cmake', 'python']
[0.164s] Level 1:colcon.colcon_core.package_identification:_identify(Camera) by extension 'cmake'
[0.164s] Level 1:colcon.colcon_core.package_identification:_identify(Camera) by extension 'python'
[0.164s] Level 1:colcon.colcon_core.package_identification:_identify(Camera) by extensions ['python_setup_py']
[0.164s] Level 1:colcon.colcon_core.package_identification:_identify(Camera) by extension 'python_setup_py'
[0.165s] Level 1:colcon.colcon_core.package_identification:_identify(Camera/Data) by extensions ['ignore', 'ignore_ament_install']
[0.165s] Level 1:colcon.colcon_core.package_identification:_identify(Camera/Data) by extension 'ignore'
[0.165s] Level 1:colcon.colcon_core.package_identification:_identify(Camera/Data) by extension 'ignore_ament_install'
[0.165s] Level 1:colcon.colcon_core.package_identification:_identify(Camera/Data) by extensions ['colcon_pkg']
[0.165s] Level 1:colcon.colcon_core.package_identification:_identify(Camera/Data) by extension 'colcon_pkg'
[0.165s] Level 1:colcon.colcon_core.package_identification:_identify(Camera/Data) by extensions ['colcon_meta']
[0.165s] Level 1:colcon.colcon_core.package_identification:_identify(Camera/Data) by extension 'colcon_meta'
[0.165s] Level 1:colcon.colcon_core.package_identification:_identify(Camera/Data) by extensions ['ros']
[0.165s] Level 1:colcon.colcon_core.package_identification:_identify(Camera/Data) by extension 'ros'
[0.165s] Level 1:colcon.colcon_core.package_identification:_identify(Camera/Data) by extensions ['cmake', 'python']
[0.165s] Level 1:colcon.colcon_core.package_identification:_identify(Camera/Data) by extension 'cmake'
[0.165s] Level 1:colcon.colcon_core.package_identification:_identify(Camera/Data) by extension 'python'
[0.165s] Level 1:colcon.colcon_core.package_identification:_identify(Camera/Data) by extensions ['python_setup_py']
[0.165s] Level 1:colcon.colcon_core.package_identification:_identify(Camera/Data) by extension 'python_setup_py'
[0.165s] Level 1:colcon.colcon_core.package_identification:_identify(Camera/log) by extensions ['ignore', 'ignore_ament_install']
[0.165s] Level 1:colcon.colcon_core.package_identification:_identify(Camera/log) by extension 'ignore'
[0.165s] Level 1:colcon.colcon_core.package_identification:_identify(Camera/log) by extension 'ignore_ament_install'
[0.165s] Level 1:colcon.colcon_core.package_identification:_identify(Camera/log) by extensions ['colcon_pkg']
[0.165s] Level 1:colcon.colcon_core.package_identification:_identify(Camera/log) by extension 'colcon_pkg'
[0.165s] Level 1:colcon.colcon_core.package_identification:_identify(Camera/log) by extensions ['colcon_meta']
[0.165s] Level 1:colcon.colcon_core.package_identification:_identify(Camera/log) by extension 'colcon_meta'
[0.165s] Level 1:colcon.colcon_core.package_identification:_identify(Camera/log) by extensions ['ros']
[0.165s] Level 1:colcon.colcon_core.package_identification:_identify(Camera/log) by extension 'ros'
[0.165s] Level 1:colcon.colcon_core.package_identification:_identify(Camera/log) by extensions ['cmake', 'python']
[0.165s] Level 1:colcon.colcon_core.package_identification:_identify(Camera/log) by extension 'cmake'
[0.165s] Level 1:colcon.colcon_core.package_identification:_identify(Camera/log) by extension 'python'
[0.165s] Level 1:colcon.colcon_core.package_identification:_identify(Camera/log) by extensions ['python_setup_py']
[0.165s] Level 1:colcon.colcon_core.package_identification:_identify(Camera/log) by extension 'python_setup_py'
[0.165s] Level 1:colcon.colcon_core.package_identification:_identify(build) by extensions ['ignore', 'ignore_ament_install']
[0.165s] Level 1:colcon.colcon_core.package_identification:_identify(build) by extension 'ignore'
[0.165s] Level 1:colcon.colcon_core.package_identification:_identify(build) ignored
[0.165s] Level 1:colcon.colcon_core.package_identification:_identify(install) by extensions ['ignore', 'ignore_ament_install']
[0.165s] Level 1:colcon.colcon_core.package_identification:_identify(install) by extension 'ignore'
[0.165s] Level 1:colcon.colcon_core.package_identification:_identify(install) ignored
[0.165s] Level 1:colcon.colcon_core.package_identification:_identify(log) by extensions ['ignore', 'ignore_ament_install']
[0.165s] Level 1:colcon.colcon_core.package_identification:_identify(log) by extension 'ignore'
[0.166s] Level 1:colcon.colcon_core.package_identification:_identify(log) ignored
[0.166s] Level 1:colcon.colcon_core.package_identification:_identify(src) by extensions ['ignore', 'ignore_ament_install']
[0.166s] Level 1:colcon.colcon_core.package_identification:_identify(src) by extension 'ignore'
[0.166s] Level 1:colcon.colcon_core.package_identification:_identify(src) by extension 'ignore_ament_install'
[0.166s] Level 1:colcon.colcon_core.package_identification:_identify(src) by extensions ['colcon_pkg']
[0.166s] Level 1:colcon.colcon_core.package_identification:_identify(src) by extension 'colcon_pkg'
[0.166s] Level 1:colcon.colcon_core.package_identification:_identify(src) by extensions ['colcon_meta']
[0.166s] Level 1:colcon.colcon_core.package_identification:_identify(src) by extension 'colcon_meta'
[0.166s] Level 1:colcon.colcon_core.package_identification:_identify(src) by extensions ['ros']
[0.166s] Level 1:colcon.colcon_core.package_identification:_identify(src) by extension 'ros'
[0.166s] Level 1:colcon.colcon_core.package_identification:_identify(src) by extensions ['cmake', 'python']
[0.166s] Level 1:colcon.colcon_core.package_identification:_identify(src) by extension 'cmake'
[0.166s] Level 1:colcon.colcon_core.package_identification:_identify(src) by extension 'python'
[0.166s] Level 1:colcon.colcon_core.package_identification:_identify(src) by extensions ['python_setup_py']
[0.166s] Level 1:colcon.colcon_core.package_identification:_identify(src) by extension 'python_setup_py'
[0.166s] Level 1:colcon.colcon_core.package_identification:_identify(src/camera_driver) by extensions ['ignore', 'ignore_ament_install']
[0.166s] Level 1:colcon.colcon_core.package_identification:_identify(src/camera_driver) by extension 'ignore'
[0.166s] Level 1:colcon.colcon_core.package_identification:_identify(src/camera_driver) by extension 'ignore_ament_install'
[0.166s] Level 1:colcon.colcon_core.package_identification:_identify(src/camera_driver) by extensions ['colcon_pkg']
[0.166s] Level 1:colcon.colcon_core.package_identification:_identify(src/camera_driver) by extension 'colcon_pkg'
[0.166s] Level 1:colcon.colcon_core.package_identification:_identify(src/camera_driver) by extensions ['colcon_meta']
[0.166s] Level 1:colcon.colcon_core.package_identification:_identify(src/camera_driver) by extension 'colcon_meta'
[0.166s] Level 1:colcon.colcon_core.package_identification:_identify(src/camera_driver) by extensions ['ros']
[0.166s] Level 1:colcon.colcon_core.package_identification:_identify(src/camera_driver) by extension 'ros'
[0.166s] Level 1:colcon.colcon_core.package_identification:_identify(src/camera_driver) by extensions ['cmake', 'python']
[0.166s] Level 1:colcon.colcon_core.package_identification:_identify(src/camera_driver) by extension 'cmake'
[0.166s] Level 1:colcon.colcon_core.package_identification:_identify(src/camera_driver) by extension 'python'
[0.166s] Level 1:colcon.colcon_core.package_identification:_identify(src/camera_driver) by extensions ['python_setup_py']
[0.166s] Level 1:colcon.colcon_core.package_identification:_identify(src/camera_driver) by extension 'python_setup_py'
[0.166s] Level 1:colcon.colcon_core.package_identification:_identify(src/camera_driver/dji_Action4_camera) by extensions ['ignore', 'ignore_ament_install']
[0.166s] Level 1:colcon.colcon_core.package_identification:_identify(src/camera_driver/dji_Action4_camera) by extension 'ignore'
[0.166s] Level 1:colcon.colcon_core.package_identification:_identify(src/camera_driver/dji_Action4_camera) by extension 'ignore_ament_install'
[0.166s] Level 1:colcon.colcon_core.package_identification:_identify(src/camera_driver/dji_Action4_camera) by extensions ['colcon_pkg']
[0.166s] Level 1:colcon.colcon_core.package_identification:_identify(src/camera_driver/dji_Action4_camera) by extension 'colcon_pkg'
[0.166s] Level 1:colcon.colcon_core.package_identification:_identify(src/camera_driver/dji_Action4_camera) by extensions ['colcon_meta']
[0.166s] Level 1:colcon.colcon_core.package_identification:_identify(src/camera_driver/dji_Action4_camera) by extension 'colcon_meta'
[0.166s] Level 1:colcon.colcon_core.package_identification:_identify(src/camera_driver/dji_Action4_camera) by extensions ['ros']
[0.166s] Level 1:colcon.colcon_core.package_identification:_identify(src/camera_driver/dji_Action4_camera) by extension 'ros'
[0.168s] DEBUG:colcon.colcon_core.package_identification:Package 'src/camera_driver/dji_Action4_camera' with type 'ros.ament_cmake' and name 'dji_action4_camera'
[0.168s] Level 1:colcon.colcon_core.package_identification:_identify(src/camera_driver/mindvision_camera) by extensions ['ignore', 'ignore_ament_install']
[0.168s] Level 1:colcon.colcon_core.package_identification:_identify(src/camera_driver/mindvision_camera) by extension 'ignore'
[0.168s] Level 1:colcon.colcon_core.package_identification:_identify(src/camera_driver/mindvision_camera) by extension 'ignore_ament_install'
[0.168s] Level 1:colcon.colcon_core.package_identification:_identify(src/camera_driver/mindvision_camera) by extensions ['colcon_pkg']
[0.168s] Level 1:colcon.colcon_core.package_identification:_identify(src/camera_driver/mindvision_camera) by extension 'colcon_pkg'
[0.168s] Level 1:colcon.colcon_core.package_identification:_identify(src/camera_driver/mindvision_camera) by extensions ['colcon_meta']
[0.168s] Level 1:colcon.colcon_core.package_identification:_identify(src/camera_driver/mindvision_camera) by extension 'colcon_meta'
[0.168s] Level 1:colcon.colcon_core.package_identification:_identify(src/camera_driver/mindvision_camera) by extensions ['ros']
[0.168s] Level 1:colcon.colcon_core.package_identification:_identify(src/camera_driver/mindvision_camera) by extension 'ros'
[0.169s] DEBUG:colcon.colcon_core.package_identification:Package 'src/camera_driver/mindvision_camera' with type 'ros.ament_cmake' and name 'mindvision_camera'
[0.169s] Level 1:colcon.colcon_core.package_identification:_identify(src/livox_ros2_driver) by extensions ['ignore', 'ignore_ament_install']
[0.169s] Level 1:colcon.colcon_core.package_identification:_identify(src/livox_ros2_driver) by extension 'ignore'
[0.169s] Level 1:colcon.colcon_core.package_identification:_identify(src/livox_ros2_driver) by extension 'ignore_ament_install'
[0.169s] Level 1:colcon.colcon_core.package_identification:_identify(src/livox_ros2_driver) by extensions ['colcon_pkg']
[0.169s] Level 1:colcon.colcon_core.package_identification:_identify(src/livox_ros2_driver) by extension 'colcon_pkg'
[0.169s] Level 1:colcon.colcon_core.package_identification:_identify(src/livox_ros2_driver) by extensions ['colcon_meta']
[0.169s] Level 1:colcon.colcon_core.package_identification:_identify(src/livox_ros2_driver) by extension 'colcon_meta'
[0.169s] Level 1:colcon.colcon_core.package_identification:_identify(src/livox_ros2_driver) by extensions ['ros']
[0.169s] Level 1:colcon.colcon_core.package_identification:_identify(src/livox_ros2_driver) by extension 'ros'
[0.169s] Level 1:colcon.colcon_core.package_identification:_identify(src/livox_ros2_driver) by extensions ['cmake', 'python']
[0.169s] Level 1:colcon.colcon_core.package_identification:_identify(src/livox_ros2_driver) by extension 'cmake'
[0.169s] Level 1:colcon.colcon_core.package_identification:_identify(src/livox_ros2_driver) by extension 'python'
[0.169s] Level 1:colcon.colcon_core.package_identification:_identify(src/livox_ros2_driver) by extensions ['python_setup_py']
[0.169s] Level 1:colcon.colcon_core.package_identification:_identify(src/livox_ros2_driver) by extension 'python_setup_py'
[0.169s] Level 1:colcon.colcon_core.package_identification:_identify(src/livox_ros2_driver/images) by extensions ['ignore', 'ignore_ament_install']
[0.169s] Level 1:colcon.colcon_core.package_identification:_identify(src/livox_ros2_driver/images) by extension 'ignore'
[0.169s] Level 1:colcon.colcon_core.package_identification:_identify(src/livox_ros2_driver/images) by extension 'ignore_ament_install'
[0.169s] Level 1:colcon.colcon_core.package_identification:_identify(src/livox_ros2_driver/images) by extensions ['colcon_pkg']
[0.169s] Level 1:colcon.colcon_core.package_identification:_identify(src/livox_ros2_driver/images) by extension 'colcon_pkg'
[0.169s] Level 1:colcon.colcon_core.package_identification:_identify(src/livox_ros2_driver/images) by extensions ['colcon_meta']
[0.169s] Level 1:colcon.colcon_core.package_identification:_identify(src/livox_ros2_driver/images) by extension 'colcon_meta'
[0.169s] Level 1:colcon.colcon_core.package_identification:_identify(src/livox_ros2_driver/images) by extensions ['ros']
[0.169s] Level 1:colcon.colcon_core.package_identification:_identify(src/livox_ros2_driver/images) by extension 'ros'
[0.169s] Level 1:colcon.colcon_core.package_identification:_identify(src/livox_ros2_driver/images) by extensions ['cmake', 'python']
[0.169s] Level 1:colcon.colcon_core.package_identification:_identify(src/livox_ros2_driver/images) by extension 'cmake'
[0.169s] Level 1:colcon.colcon_core.package_identification:_identify(src/livox_ros2_driver/images) by extension 'python'
[0.169s] Level 1:colcon.colcon_core.package_identification:_identify(src/livox_ros2_driver/images) by extensions ['python_setup_py']
[0.170s] Level 1:colcon.colcon_core.package_identification:_identify(src/livox_ros2_driver/images) by extension 'python_setup_py'
[0.170s] Level 1:colcon.colcon_core.package_identification:_identify(src/livox_ros2_driver/livox_interfaces) by extensions ['ignore', 'ignore_ament_install']
[0.170s] Level 1:colcon.colcon_core.package_identification:_identify(src/livox_ros2_driver/livox_interfaces) by extension 'ignore'
[0.170s] Level 1:colcon.colcon_core.package_identification:_identify(src/livox_ros2_driver/livox_interfaces) by extension 'ignore_ament_install'
[0.170s] Level 1:colcon.colcon_core.package_identification:_identify(src/livox_ros2_driver/livox_interfaces) by extensions ['colcon_pkg']
[0.170s] Level 1:colcon.colcon_core.package_identification:_identify(src/livox_ros2_driver/livox_interfaces) by extension 'colcon_pkg'
[0.170s] Level 1:colcon.colcon_core.package_identification:_identify(src/livox_ros2_driver/livox_interfaces) by extensions ['colcon_meta']
[0.170s] Level 1:colcon.colcon_core.package_identification:_identify(src/livox_ros2_driver/livox_interfaces) by extension 'colcon_meta'
[0.170s] Level 1:colcon.colcon_core.package_identification:_identify(src/livox_ros2_driver/livox_interfaces) by extensions ['ros']
[0.170s] Level 1:colcon.colcon_core.package_identification:_identify(src/livox_ros2_driver/livox_interfaces) by extension 'ros'
[0.170s] DEBUG:colcon.colcon_core.package_identification:Package 'src/livox_ros2_driver/livox_interfaces' with type 'ros.ament_cmake' and name 'livox_interfaces'
[0.170s] Level 1:colcon.colcon_core.package_identification:_identify(src/livox_ros2_driver/livox_ros2_driver) by extensions ['ignore', 'ignore_ament_install']
[0.170s] Level 1:colcon.colcon_core.package_identification:_identify(src/livox_ros2_driver/livox_ros2_driver) by extension 'ignore'
[0.170s] Level 1:colcon.colcon_core.package_identification:_identify(src/livox_ros2_driver/livox_ros2_driver) by extension 'ignore_ament_install'
[0.170s] Level 1:colcon.colcon_core.package_identification:_identify(src/livox_ros2_driver/livox_ros2_driver) by extensions ['colcon_pkg']
[0.170s] Level 1:colcon.colcon_core.package_identification:_identify(src/livox_ros2_driver/livox_ros2_driver) by extension 'colcon_pkg'
[0.170s] Level 1:colcon.colcon_core.package_identification:_identify(src/livox_ros2_driver/livox_ros2_driver) by extensions ['colcon_meta']
[0.170s] Level 1:colcon.colcon_core.package_identification:_identify(src/livox_ros2_driver/livox_ros2_driver) by extension 'colcon_meta'
[0.170s] Level 1:colcon.colcon_core.package_identification:_identify(src/livox_ros2_driver/livox_ros2_driver) by extensions ['ros']
[0.170s] Level 1:colcon.colcon_core.package_identification:_identify(src/livox_ros2_driver/livox_ros2_driver) by extension 'ros'
[0.171s] DEBUG:colcon.colcon_core.package_identification:Package 'src/livox_ros2_driver/livox_ros2_driver' with type 'ros.ament_cmake' and name 'livox_ros2_driver'
[0.171s] Level 1:colcon.colcon_core.package_identification:_identify(src/livox_ros2_driver/livox_sdk_vendor) by extensions ['ignore', 'ignore_ament_install']
[0.171s] Level 1:colcon.colcon_core.package_identification:_identify(src/livox_ros2_driver/livox_sdk_vendor) by extension 'ignore'
[0.171s] Level 1:colcon.colcon_core.package_identification:_identify(src/livox_ros2_driver/livox_sdk_vendor) by extension 'ignore_ament_install'
[0.171s] Level 1:colcon.colcon_core.package_identification:_identify(src/livox_ros2_driver/livox_sdk_vendor) by extensions ['colcon_pkg']
[0.171s] Level 1:colcon.colcon_core.package_identification:_identify(src/livox_ros2_driver/livox_sdk_vendor) by extension 'colcon_pkg'
[0.171s] Level 1:colcon.colcon_core.package_identification:_identify(src/livox_ros2_driver/livox_sdk_vendor) by extensions ['colcon_meta']
[0.171s] Level 1:colcon.colcon_core.package_identification:_identify(src/livox_ros2_driver/livox_sdk_vendor) by extension 'colcon_meta'
[0.171s] Level 1:colcon.colcon_core.package_identification:_identify(src/livox_ros2_driver/livox_sdk_vendor) by extensions ['ros']
[0.171s] Level 1:colcon.colcon_core.package_identification:_identify(src/livox_ros2_driver/livox_sdk_vendor) by extension 'ros'
[0.172s] DEBUG:colcon.colcon_core.package_identification:Package 'src/livox_ros2_driver/livox_sdk_vendor' with type 'ros.ament_cmake' and name 'livox_sdk_vendor'
[0.172s] Level 1:colcon.colcon_core.package_identification:_identify(src/radar_station) by extensions ['ignore', 'ignore_ament_install']
[0.172s] Level 1:colcon.colcon_core.package_identification:_identify(src/radar_station) by extension 'ignore'
[0.172s] Level 1:colcon.colcon_core.package_identification:_identify(src/radar_station) by extension 'ignore_ament_install'
[0.172s] Level 1:colcon.colcon_core.package_identification:_identify(src/radar_station) by extensions ['colcon_pkg']
[0.172s] Level 1:colcon.colcon_core.package_identification:_identify(src/radar_station) by extension 'colcon_pkg'
[0.172s] Level 1:colcon.colcon_core.package_identification:_identify(src/radar_station) by extensions ['colcon_meta']
[0.172s] Level 1:colcon.colcon_core.package_identification:_identify(src/radar_station) by extension 'colcon_meta'
[0.172s] Level 1:colcon.colcon_core.package_identification:_identify(src/radar_station) by extensions ['ros']
[0.172s] Level 1:colcon.colcon_core.package_identification:_identify(src/radar_station) by extension 'ros'
[0.172s] DEBUG:colcon.colcon_core.package_identification:Package 'src/radar_station' with type 'ros.ament_cmake' and name 'radar_station'
[0.172s] Level 1:colcon.colcon_core.package_discovery:discover_packages(recursive) using defaults
[0.172s] Level 1:colcon.colcon_core.package_discovery:discover_packages(ignore) discover
[0.172s] Level 1:colcon.colcon_core.package_discovery:discover_packages(ignore) using defaults
[0.172s] Level 1:colcon.colcon_core.package_discovery:discover_packages(path) discover
[0.172s] Level 1:colcon.colcon_core.package_discovery:discover_packages(path) using defaults
[0.191s] Level 1:colcon.colcon_core.package_discovery:discover_packages(prefix_path) check parameters
[0.191s] Level 1:colcon.colcon_core.package_discovery:discover_packages(prefix_path) discover
[0.192s] DEBUG:colcon.colcon_installed_package_information.package_discovery:Found 6 installed packages in /home/spaaaaace/Code/mid70/2025_radar_station/install
[0.192s] DEBUG:colcon.colcon_installed_package_information.package_discovery:Found 2 installed packages in /home/spaaaaace/env/MicroROS-Agent/microros_ws/install
[0.193s] DEBUG:colcon.colcon_installed_package_information.package_discovery:Found 390 installed packages in /opt/ros/humble
[0.194s] Level 1:colcon.colcon_core.package_discovery:discover_packages(prefix_path) using defaults
[0.218s] Level 5:colcon.colcon_core.verb:set package 'dji_action4_camera' build argument 'cmake_args' from command line to 'None'
[0.219s] Level 5:colcon.colcon_core.verb:set package 'dji_action4_camera' build argument 'cmake_target' from command line to 'None'
[0.219s] Level 5:colcon.colcon_core.verb:set package 'dji_action4_camera' build argument 'cmake_target_skip_unavailable' from command line to 'False'
[0.219s] Level 5:colcon.colcon_core.verb:set package 'dji_action4_camera' build argument 'cmake_clean_cache' from command line to 'False'
[0.219s] Level 5:colcon.colcon_core.verb:set package 'dji_action4_camera' build argument 'cmake_clean_first' from command line to 'False'
[0.219s] Level 5:colcon.colcon_core.verb:set package 'dji_action4_camera' build argument 'cmake_force_configure' from command line to 'False'
[0.219s] Level 5:colcon.colcon_core.verb:set package 'dji_action4_camera' build argument 'ament_cmake_args' from command line to 'None'
[0.219s] Level 5:colcon.colcon_core.verb:set package 'dji_action4_camera' build argument 'catkin_cmake_args' from command line to 'None'
[0.219s] Level 5:colcon.colcon_core.verb:set package 'dji_action4_camera' build argument 'catkin_skip_building_tests' from command line to 'False'
[0.219s] DEBUG:colcon.colcon_core.verb:Building package 'dji_action4_camera' with the following arguments: {'ament_cmake_args': None, 'build_base': '/home/spaaaaace/Code/mid70/2025_radar_station/build/dji_action4_camera', 'catkin_cmake_args': None, 'catkin_skip_building_tests': False, 'cmake_args': None, 'cmake_clean_cache': False, 'cmake_clean_first': False, 'cmake_force_configure': False, 'cmake_target': None, 'cmake_target_skip_unavailable': False, 'install_base': '/home/spaaaaace/Code/mid70/2025_radar_station/install/dji_action4_camera', 'merge_install': False, 'path': '/home/spaaaaace/Code/mid70/2025_radar_station/src/camera_driver/dji_Action4_camera', 'symlink_install': False, 'test_result_base': None}
[0.219s] Level 5:colcon.colcon_core.verb:set package 'livox_interfaces' build argument 'cmake_args' from command line to 'None'
[0.219s] Level 5:colcon.colcon_core.verb:set package 'livox_interfaces' build argument 'cmake_target' from command line to 'None'
[0.219s] Level 5:colcon.colcon_core.verb:set package 'livox_interfaces' build argument 'cmake_target_skip_unavailable' from command line to 'False'
[0.219s] Level 5:colcon.colcon_core.verb:set package 'livox_interfaces' build argument 'cmake_clean_cache' from command line to 'False'
[0.219s] Level 5:colcon.colcon_core.verb:set package 'livox_interfaces' build argument 'cmake_clean_first' from command line to 'False'
[0.219s] Level 5:colcon.colcon_core.verb:set package 'livox_interfaces' build argument 'cmake_force_configure' from command line to 'False'
[0.219s] Level 5:colcon.colcon_core.verb:set package 'livox_interfaces' build argument 'ament_cmake_args' from command line to 'None'
[0.219s] Level 5:colcon.colcon_core.verb:set package 'livox_interfaces' build argument 'catkin_cmake_args' from command line to 'None'
[0.219s] Level 5:colcon.colcon_core.verb:set package 'livox_interfaces' build argument 'catkin_skip_building_tests' from command line to 'False'
[0.219s] DEBUG:colcon.colcon_core.verb:Building package 'livox_interfaces' with the following arguments: {'ament_cmake_args': None, 'build_base': '/home/spaaaaace/Code/mid70/2025_radar_station/build/livox_interfaces', 'catkin_cmake_args': None, 'catkin_skip_building_tests': False, 'cmake_args': None, 'cmake_clean_cache': False, 'cmake_clean_first': False, 'cmake_force_configure': False, 'cmake_target': None, 'cmake_target_skip_unavailable': False, 'install_base': '/home/spaaaaace/Code/mid70/2025_radar_station/install/livox_interfaces', 'merge_install': False, 'path': '/home/spaaaaace/Code/mid70/2025_radar_station/src/livox_ros2_driver/livox_interfaces', 'symlink_install': False, 'test_result_base': None}
[0.219s] Level 5:colcon.colcon_core.verb:set package 'livox_sdk_vendor' build argument 'cmake_args' from command line to 'None'
[0.219s] Level 5:colcon.colcon_core.verb:set package 'livox_sdk_vendor' build argument 'cmake_target' from command line to 'None'
[0.219s] Level 5:colcon.colcon_core.verb:set package 'livox_sdk_vendor' build argument 'cmake_target_skip_unavailable' from command line to 'False'
[0.219s] Level 5:colcon.colcon_core.verb:set package 'livox_sdk_vendor' build argument 'cmake_clean_cache' from command line to 'False'
[0.219s] Level 5:colcon.colcon_core.verb:set package 'livox_sdk_vendor' build argument 'cmake_clean_first' from command line to 'False'
[0.219s] Level 5:colcon.colcon_core.verb:set package 'livox_sdk_vendor' build argument 'cmake_force_configure' from command line to 'False'
[0.219s] Level 5:colcon.colcon_core.verb:set package 'livox_sdk_vendor' build argument 'ament_cmake_args' from command line to 'None'
[0.219s] Level 5:colcon.colcon_core.verb:set package 'livox_sdk_vendor' build argument 'catkin_cmake_args' from command line to 'None'
[0.219s] Level 5:colcon.colcon_core.verb:set package 'livox_sdk_vendor' build argument 'catkin_skip_building_tests' from command line to 'False'
[0.219s] DEBUG:colcon.colcon_core.verb:Building package 'livox_sdk_vendor' with the following arguments: {'ament_cmake_args': None, 'build_base': '/home/spaaaaace/Code/mid70/2025_radar_station/build/livox_sdk_vendor', 'catkin_cmake_args': None, 'catkin_skip_building_tests': False, 'cmake_args': None, 'cmake_clean_cache': False, 'cmake_clean_first': False, 'cmake_force_configure': False, 'cmake_target': None, 'cmake_target_skip_unavailable': False, 'install_base': '/home/spaaaaace/Code/mid70/2025_radar_station/install/livox_sdk_vendor', 'merge_install': False, 'path': '/home/spaaaaace/Code/mid70/2025_radar_station/src/livox_ros2_driver/livox_sdk_vendor', 'symlink_install': False, 'test_result_base': None}
[0.219s] Level 5:colcon.colcon_core.verb:set package 'mindvision_camera' build argument 'cmake_args' from command line to 'None'
[0.219s] Level 5:colcon.colcon_core.verb:set package 'mindvision_camera' build argument 'cmake_target' from command line to 'None'
[0.220s] Level 5:colcon.colcon_core.verb:set package 'mindvision_camera' build argument 'cmake_target_skip_unavailable' from command line to 'False'
[0.220s] Level 5:colcon.colcon_core.verb:set package 'mindvision_camera' build argument 'cmake_clean_cache' from command line to 'False'
[0.220s] Level 5:colcon.colcon_core.verb:set package 'mindvision_camera' build argument 'cmake_clean_first' from command line to 'False'
[0.220s] Level 5:colcon.colcon_core.verb:set package 'mindvision_camera' build argument 'cmake_force_configure' from command line to 'False'
[0.220s] Level 5:colcon.colcon_core.verb:set package 'mindvision_camera' build argument 'ament_cmake_args' from command line to 'None'
[0.220s] Level 5:colcon.colcon_core.verb:set package 'mindvision_camera' build argument 'catkin_cmake_args' from command line to 'None'
[0.220s] Level 5:colcon.colcon_core.verb:set package 'mindvision_camera' build argument 'catkin_skip_building_tests' from command line to 'False'
[0.220s] DEBUG:colcon.colcon_core.verb:Building package 'mindvision_camera' with the following arguments: {'ament_cmake_args': None, 'build_base': '/home/spaaaaace/Code/mid70/2025_radar_station/build/mindvision_camera', 'catkin_cmake_args': None, 'catkin_skip_building_tests': False, 'cmake_args': None, 'cmake_clean_cache': False, 'cmake_clean_first': False, 'cmake_force_configure': False, 'cmake_target': None, 'cmake_target_skip_unavailable': False, 'install_base': '/home/spaaaaace/Code/mid70/2025_radar_station/install/mindvision_camera', 'merge_install': False, 'path': '/home/spaaaaace/Code/mid70/2025_radar_station/src/camera_driver/mindvision_camera', 'symlink_install': False, 'test_result_base': None}
[0.220s] Level 5:colcon.colcon_core.verb:set package 'radar_station' build argument 'cmake_args' from command line to 'None'
[0.220s] Level 5:colcon.colcon_core.verb:set package 'radar_station' build argument 'cmake_target' from command line to 'None'
[0.220s] Level 5:colcon.colcon_core.verb:set package 'radar_station' build argument 'cmake_target_skip_unavailable' from command line to 'False'
[0.220s] Level 5:colcon.colcon_core.verb:set package 'radar_station' build argument 'cmake_clean_cache' from command line to 'False'
[0.220s] Level 5:colcon.colcon_core.verb:set package 'radar_station' build argument 'cmake_clean_first' from command line to 'False'
[0.220s] Level 5:colcon.colcon_core.verb:set package 'radar_station' build argument 'cmake_force_configure' from command line to 'False'
[0.220s] Level 5:colcon.colcon_core.verb:set package 'radar_station' build argument 'ament_cmake_args' from command line to 'None'
[0.220s] Level 5:colcon.colcon_core.verb:set package 'radar_station' build argument 'catkin_cmake_args' from command line to 'None'
[0.220s] Level 5:colcon.colcon_core.verb:set package 'radar_station' build argument 'catkin_skip_building_tests' from command line to 'False'
[0.220s] DEBUG:colcon.colcon_core.verb:Building package 'radar_station' with the following arguments: {'ament_cmake_args': None, 'build_base': '/home/spaaaaace/Code/mid70/2025_radar_station/build/radar_station', 'catkin_cmake_args': None, 'catkin_skip_building_tests': False, 'cmake_args': None, 'cmake_clean_cache': False, 'cmake_clean_first': False, 'cmake_force_configure': False, 'cmake_target': None, 'cmake_target_skip_unavailable': False, 'install_base': '/home/spaaaaace/Code/mid70/2025_radar_station/install/radar_station', 'merge_install': False, 'path': '/home/spaaaaace/Code/mid70/2025_radar_station/src/radar_station', 'symlink_install': False, 'test_result_base': None}
[0.220s] Level 5:colcon.colcon_core.verb:set package 'livox_ros2_driver' build argument 'cmake_args' from command line to 'None'
[0.220s] Level 5:colcon.colcon_core.verb:set package 'livox_ros2_driver' build argument 'cmake_target' from command line to 'None'
[0.220s] Level 5:colcon.colcon_core.verb:set package 'livox_ros2_driver' build argument 'cmake_target_skip_unavailable' from command line to 'False'
[0.220s] Level 5:colcon.colcon_core.verb:set package 'livox_ros2_driver' build argument 'cmake_clean_cache' from command line to 'False'
[0.220s] Level 5:colcon.colcon_core.verb:set package 'livox_ros2_driver' build argument 'cmake_clean_first' from command line to 'False'
[0.220s] Level 5:colcon.colcon_core.verb:set package 'livox_ros2_driver' build argument 'cmake_force_configure' from command line to 'False'
[0.220s] Level 5:colcon.colcon_core.verb:set package 'livox_ros2_driver' build argument 'ament_cmake_args' from command line to 'None'
[0.220s] Level 5:colcon.colcon_core.verb:set package 'livox_ros2_driver' build argument 'catkin_cmake_args' from command line to 'None'
[0.220s] Level 5:colcon.colcon_core.verb:set package 'livox_ros2_driver' build argument 'catkin_skip_building_tests' from command line to 'False'
[0.220s] DEBUG:colcon.colcon_core.verb:Building package 'livox_ros2_driver' with the following arguments: {'ament_cmake_args': None, 'build_base': '/home/spaaaaace/Code/mid70/2025_radar_station/build/livox_ros2_driver', 'catkin_cmake_args': None, 'catkin_skip_building_tests': False, 'cmake_args': None, 'cmake_clean_cache': False, 'cmake_clean_first': False, 'cmake_force_configure': False, 'cmake_target': None, 'cmake_target_skip_unavailable': False, 'install_base': '/home/spaaaaace/Code/mid70/2025_radar_station/install/livox_ros2_driver', 'merge_install': False, 'path': '/home/spaaaaace/Code/mid70/2025_radar_station/src/livox_ros2_driver/livox_ros2_driver', 'symlink_install': False, 'test_result_base': None}
[0.220s] INFO:colcon.colcon_core.executor:Executing jobs using 'parallel' executor
[0.221s] DEBUG:colcon.colcon_parallel_executor.executor.parallel:run_until_complete
[0.221s] INFO:colcon.colcon_ros.task.ament_cmake.build:Building ROS package in '/home/spaaaaace/Code/mid70/2025_radar_station/src/livox_ros2_driver/livox_interfaces' with build type 'ament_cmake'
[0.221s] INFO:colcon.colcon_cmake.task.cmake.build:Building CMake package in '/home/spaaaaace/Code/mid70/2025_radar_station/src/livox_ros2_driver/livox_interfaces'
[0.223s] INFO:colcon.colcon_core.plugin_system:Skipping extension 'colcon_core.shell.bat': Not used on non-Windows systems
[0.223s] INFO:colcon.colcon_core.shell:Skip shell extension 'powershell' for command environment: Not usable outside of PowerShell
[0.223s] DEBUG:colcon.colcon_core.shell:Skip shell extension 'dsv' for command environment
[0.226s] INFO:colcon.colcon_ros.task.ament_cmake.build:Building ROS package in '/home/spaaaaace/Code/mid70/2025_radar_station/src/livox_ros2_driver/livox_sdk_vendor' with build type 'ament_cmake'
[0.226s] INFO:colcon.colcon_cmake.task.cmake.build:Building CMake package in '/home/spaaaaace/Code/mid70/2025_radar_station/src/livox_ros2_driver/livox_sdk_vendor'
[0.226s] INFO:colcon.colcon_core.shell:Skip shell extension 'powershell' for command environment: Not usable outside of PowerShell
[0.226s] DEBUG:colcon.colcon_core.shell:Skip shell extension 'dsv' for command environment
[0.228s] INFO:colcon.colcon_ros.task.ament_cmake.build:Building ROS package in '/home/spaaaaace/Code/mid70/2025_radar_station/src/camera_driver/dji_Action4_camera' with build type 'ament_cmake'
[0.228s] INFO:colcon.colcon_cmake.task.cmake.build:Building CMake package in '/home/spaaaaace/Code/mid70/2025_radar_station/src/camera_driver/dji_Action4_camera'
[0.228s] INFO:colcon.colcon_core.shell:Skip shell extension 'powershell' for command environment: Not usable outside of PowerShell
[0.228s] DEBUG:colcon.colcon_core.shell:Skip shell extension 'dsv' for command environment
[0.230s] INFO:colcon.colcon_ros.task.ament_cmake.build:Building ROS package in '/home/spaaaaace/Code/mid70/2025_radar_station/src/camera_driver/mindvision_camera' with build type 'ament_cmake'
[0.230s] INFO:colcon.colcon_cmake.task.cmake.build:Building CMake package in '/home/spaaaaace/Code/mid70/2025_radar_station/src/camera_driver/mindvision_camera'
[0.231s] INFO:colcon.colcon_core.shell:Skip shell extension 'powershell' for command environment: Not usable outside of PowerShell
[0.231s] DEBUG:colcon.colcon_core.shell:Skip shell extension 'dsv' for command environment
[0.233s] INFO:colcon.colcon_ros.task.ament_cmake.build:Building ROS package in '/home/spaaaaace/Code/mid70/2025_radar_station/src/radar_station' with build type 'ament_cmake'
[0.233s] INFO:colcon.colcon_cmake.task.cmake.build:Building CMake package in '/home/spaaaaace/Code/mid70/2025_radar_station/src/radar_station'
[0.233s] INFO:colcon.colcon_core.shell:Skip shell extension 'powershell' for command environment: Not usable outside of PowerShell
[0.233s] DEBUG:colcon.colcon_core.shell:Skip shell extension 'dsv' for command environment
[0.240s] DEBUG:colcon.colcon_core.event_handler.log_command:Invoking command in '/home/spaaaaace/Code/mid70/2025_radar_station/build/livox_interfaces': CMAKE_PREFIX_PATH=${CMAKE_PREFIX_PATH}:/opt/ros/humble CONDA_PROMPT_MODIFIER=(vision) PS1=(vision) \[\e]0;\u@\h: \w\a\]${debian_chroot:+($debian_chroot)}\[\033[01;32m\]\u@\h\[\033[00m\]:\[\033[01;34m\]\w\[\033[00m\]\$ /usr/local/bin/cmake --build /home/spaaaaace/Code/mid70/2025_radar_station/build/livox_interfaces -- -j22 -l22
[0.242s] DEBUG:colcon.colcon_core.event_handler.log_command:Invoking command in '/home/spaaaaace/Code/mid70/2025_radar_station/build/livox_sdk_vendor': CMAKE_PREFIX_PATH=${CMAKE_PREFIX_PATH}:/opt/ros/humble CONDA_PROMPT_MODIFIER=(vision) PS1=(vision) \[\e]0;\u@\h: \w\a\]${debian_chroot:+($debian_chroot)}\[\033[01;32m\]\u@\h\[\033[00m\]:\[\033[01;34m\]\w\[\033[00m\]\$ /usr/local/bin/cmake --build /home/spaaaaace/Code/mid70/2025_radar_station/build/livox_sdk_vendor -- -j22 -l22
[0.243s] DEBUG:colcon.colcon_core.event_handler.log_command:Invoking command in '/home/spaaaaace/Code/mid70/2025_radar_station/build/dji_action4_camera': CMAKE_PREFIX_PATH=${CMAKE_PREFIX_PATH}:/opt/ros/humble CONDA_PROMPT_MODIFIER=(vision) PS1=(vision) \[\e]0;\u@\h: \w\a\]${debian_chroot:+($debian_chroot)}\[\033[01;32m\]\u@\h\[\033[00m\]:\[\033[01;34m\]\w\[\033[00m\]\$ /usr/local/bin/cmake --build /home/spaaaaace/Code/mid70/2025_radar_station/build/dji_action4_camera -- -j22 -l22
[0.245s] DEBUG:colcon.colcon_core.event_handler.log_command:Invoking command in '/home/spaaaaace/Code/mid70/2025_radar_station/build/mindvision_camera': CMAKE_PREFIX_PATH=${CMAKE_PREFIX_PATH}:/opt/ros/humble CONDA_PROMPT_MODIFIER=(vision) PS1=(vision) \[\e]0;\u@\h: \w\a\]${debian_chroot:+($debian_chroot)}\[\033[01;32m\]\u@\h\[\033[00m\]:\[\033[01;34m\]\w\[\033[00m\]\$ /usr/local/bin/cmake --build /home/spaaaaace/Code/mid70/2025_radar_station/build/mindvision_camera -- -j22 -l22
[0.248s] DEBUG:colcon.colcon_core.event_handler.log_command:Invoking command in '/home/spaaaaace/Code/mid70/2025_radar_station/build/radar_station': CMAKE_PREFIX_PATH=${CMAKE_PREFIX_PATH}:/opt/ros/humble CONDA_PROMPT_MODIFIER=(vision) PS1=(vision) \[\e]0;\u@\h: \w\a\]${debian_chroot:+($debian_chroot)}\[\033[01;32m\]\u@\h\[\033[00m\]:\[\033[01;34m\]\w\[\033[00m\]\$ /usr/local/bin/cmake --build /home/spaaaaace/Code/mid70/2025_radar_station/build/radar_station -- -j22 -l22
[0.262s] DEBUG:colcon.colcon_core.event_handler.log_command:Invoked command in '/home/spaaaaace/Code/mid70/2025_radar_station/build/dji_action4_camera' returned '0': CMAKE_PREFIX_PATH=${CMAKE_PREFIX_PATH}:/opt/ros/humble CONDA_PROMPT_MODIFIER=(vision) PS1=(vision) \[\e]0;\u@\h: \w\a\]${debian_chroot:+($debian_chroot)}\[\033[01;32m\]\u@\h\[\033[00m\]:\[\033[01;34m\]\w\[\033[00m\]\$ /usr/local/bin/cmake --build /home/spaaaaace/Code/mid70/2025_radar_station/build/dji_action4_camera -- -j22 -l22
[0.270s] DEBUG:colcon.colcon_core.event_handler.log_command:Invoked command in '/home/spaaaaace/Code/mid70/2025_radar_station/build/mindvision_camera' returned '0': CMAKE_PREFIX_PATH=${CMAKE_PREFIX_PATH}:/opt/ros/humble CONDA_PROMPT_MODIFIER=(vision) PS1=(vision) \[\e]0;\u@\h: \w\a\]${debian_chroot:+($debian_chroot)}\[\033[01;32m\]\u@\h\[\033[00m\]:\[\033[01;34m\]\w\[\033[00m\]\$ /usr/local/bin/cmake --build /home/spaaaaace/Code/mid70/2025_radar_station/build/mindvision_camera -- -j22 -l22
[0.280s] DEBUG:colcon.colcon_core.event_handler.log_command:Invoking command in '/home/spaaaaace/Code/mid70/2025_radar_station/build/dji_action4_camera': CMAKE_PREFIX_PATH=${CMAKE_PREFIX_PATH}:/opt/ros/humble CONDA_PROMPT_MODIFIER=(vision) PS1=(vision) \[\e]0;\u@\h: \w\a\]${debian_chroot:+($debian_chroot)}\[\033[01;32m\]\u@\h\[\033[00m\]:\[\033[01;34m\]\w\[\033[00m\]\$ /usr/local/bin/cmake --install /home/spaaaaace/Code/mid70/2025_radar_station/build/dji_action4_camera
[0.282s] Level 1:colcon.colcon_core.environment:create_environment_scripts_only(dji_action4_camera)
[0.284s] Level 1:colcon.colcon_core.environment:checking '/home/spaaaaace/Code/mid70/2025_radar_station/install/dji_action4_camera' for CMake module files
[0.284s] DEBUG:colcon.colcon_core.event_handler.log_command:Invoked command in '/home/spaaaaace/Code/mid70/2025_radar_station/build/dji_action4_camera' returned '0': CMAKE_PREFIX_PATH=${CMAKE_PREFIX_PATH}:/opt/ros/humble CONDA_PROMPT_MODIFIER=(vision) PS1=(vision) \[\e]0;\u@\h: \w\a\]${debian_chroot:+($debian_chroot)}\[\033[01;32m\]\u@\h\[\033[00m\]:\[\033[01;34m\]\w\[\033[00m\]\$ /usr/local/bin/cmake --install /home/spaaaaace/Code/mid70/2025_radar_station/build/dji_action4_camera
[0.285s] Level 1:colcon.colcon_core.environment:checking '/home/spaaaaace/Code/mid70/2025_radar_station/install/dji_action4_camera' for CMake config files
[0.286s] Level 1:colcon.colcon_core.shell:create_environment_hook('dji_action4_camera', 'cmake_prefix_path')
[0.286s] INFO:colcon.colcon_core.shell:Creating environment hook '/home/spaaaaace/Code/mid70/2025_radar_station/install/dji_action4_camera/share/dji_action4_camera/hook/cmake_prefix_path.ps1'
[0.287s] INFO:colcon.colcon_core.shell:Creating environment descriptor '/home/spaaaaace/Code/mid70/2025_radar_station/install/dji_action4_camera/share/dji_action4_camera/hook/cmake_prefix_path.dsv'
[0.288s] INFO:colcon.colcon_core.shell:Creating environment hook '/home/spaaaaace/Code/mid70/2025_radar_station/install/dji_action4_camera/share/dji_action4_camera/hook/cmake_prefix_path.sh'
[0.289s] Level 1:colcon.colcon_core.environment:checking '/home/spaaaaace/Code/mid70/2025_radar_station/install/dji_action4_camera/lib'
[0.289s] Level 1:colcon.colcon_core.environment:checking '/home/spaaaaace/Code/mid70/2025_radar_station/install/dji_action4_camera/bin'
[0.289s] Level 1:colcon.colcon_core.environment:checking '/home/spaaaaace/Code/mid70/2025_radar_station/install/dji_action4_camera/lib/pkgconfig/dji_action4_camera.pc'
[0.290s] Level 1:colcon.colcon_core.environment:checking '/home/spaaaaace/Code/mid70/2025_radar_station/install/dji_action4_camera/lib/python3.10/site-packages'
[0.290s] Level 1:colcon.colcon_core.environment:checking '/home/spaaaaace/Code/mid70/2025_radar_station/install/dji_action4_camera/bin'
[0.290s] INFO:colcon.colcon_core.shell:Creating package script '/home/spaaaaace/Code/mid70/2025_radar_station/install/dji_action4_camera/share/dji_action4_camera/package.ps1'
[0.291s] INFO:colcon.colcon_core.shell:Creating package descriptor '/home/spaaaaace/Code/mid70/2025_radar_station/install/dji_action4_camera/share/dji_action4_camera/package.dsv'
[0.292s] INFO:colcon.colcon_core.shell:Creating package script '/home/spaaaaace/Code/mid70/2025_radar_station/install/dji_action4_camera/share/dji_action4_camera/package.sh'
[0.293s] INFO:colcon.colcon_core.shell:Creating package script '/home/spaaaaace/Code/mid70/2025_radar_station/install/dji_action4_camera/share/dji_action4_camera/package.bash'
[0.293s] INFO:colcon.colcon_core.shell:Creating package script '/home/spaaaaace/Code/mid70/2025_radar_station/install/dji_action4_camera/share/dji_action4_camera/package.zsh'
[0.294s] Level 1:colcon.colcon_core.environment:create_file_with_runtime_dependencies(/home/spaaaaace/Code/mid70/2025_radar_station/install/dji_action4_camera/share/colcon-core/packages/dji_action4_camera)
[0.297s] DEBUG:colcon.colcon_core.event_handler.log_command:Invoking command in '/home/spaaaaace/Code/mid70/2025_radar_station/build/mindvision_camera': CMAKE_PREFIX_PATH=${CMAKE_PREFIX_PATH}:/opt/ros/humble CONDA_PROMPT_MODIFIER=(vision) PS1=(vision) \[\e]0;\u@\h: \w\a\]${debian_chroot:+($debian_chroot)}\[\033[01;32m\]\u@\h\[\033[00m\]:\[\033[01;34m\]\w\[\033[00m\]\$ /usr/local/bin/cmake --install /home/spaaaaace/Code/mid70/2025_radar_station/build/mindvision_camera
[0.301s] Level 1:colcon.colcon_core.environment:create_environment_scripts_only(mindvision_camera)
[0.302s] Level 1:colcon.colcon_core.environment:checking '/home/spaaaaace/Code/mid70/2025_radar_station/install/mindvision_camera' for CMake module files
[0.303s] Level 1:colcon.colcon_core.environment:checking '/home/spaaaaace/Code/mid70/2025_radar_station/install/mindvision_camera' for CMake config files
[0.303s] DEBUG:colcon.colcon_core.event_handler.log_command:Invoked command in '/home/spaaaaace/Code/mid70/2025_radar_station/build/mindvision_camera' returned '0': CMAKE_PREFIX_PATH=${CMAKE_PREFIX_PATH}:/opt/ros/humble CONDA_PROMPT_MODIFIER=(vision) PS1=(vision) \[\e]0;\u@\h: \w\a\]${debian_chroot:+($debian_chroot)}\[\033[01;32m\]\u@\h\[\033[00m\]:\[\033[01;34m\]\w\[\033[00m\]\$ /usr/local/bin/cmake --install /home/spaaaaace/Code/mid70/2025_radar_station/build/mindvision_camera
[0.303s] Level 1:colcon.colcon_core.shell:create_environment_hook('mindvision_camera', 'cmake_prefix_path')
[0.303s] INFO:colcon.colcon_core.shell:Creating environment hook '/home/spaaaaace/Code/mid70/2025_radar_station/install/mindvision_camera/share/mindvision_camera/hook/cmake_prefix_path.ps1'
[0.304s] INFO:colcon.colcon_core.shell:Creating environment descriptor '/home/spaaaaace/Code/mid70/2025_radar_station/install/mindvision_camera/share/mindvision_camera/hook/cmake_prefix_path.dsv'
[0.304s] INFO:colcon.colcon_core.shell:Creating environment hook '/home/spaaaaace/Code/mid70/2025_radar_station/install/mindvision_camera/share/mindvision_camera/hook/cmake_prefix_path.sh'
[0.304s] Level 1:colcon.colcon_core.environment:checking '/home/spaaaaace/Code/mid70/2025_radar_station/install/mindvision_camera/lib'
[0.305s] Level 1:colcon.colcon_core.shell:create_environment_hook('mindvision_camera', 'ld_library_path_lib')
[0.305s] INFO:colcon.colcon_core.shell:Creating environment hook '/home/spaaaaace/Code/mid70/2025_radar_station/install/mindvision_camera/share/mindvision_camera/hook/ld_library_path_lib.ps1'
[0.305s] INFO:colcon.colcon_core.shell:Creating environment descriptor '/home/spaaaaace/Code/mid70/2025_radar_station/install/mindvision_camera/share/mindvision_camera/hook/ld_library_path_lib.dsv'
[0.305s] INFO:colcon.colcon_core.shell:Creating environment hook '/home/spaaaaace/Code/mid70/2025_radar_station/install/mindvision_camera/share/mindvision_camera/hook/ld_library_path_lib.sh'
[0.305s] Level 1:colcon.colcon_core.environment:checking '/home/spaaaaace/Code/mid70/2025_radar_station/install/mindvision_camera/bin'
[0.305s] Level 1:colcon.colcon_core.environment:checking '/home/spaaaaace/Code/mid70/2025_radar_station/install/mindvision_camera/lib/pkgconfig/mindvision_camera.pc'
[0.306s] Level 1:colcon.colcon_core.environment:checking '/home/spaaaaace/Code/mid70/2025_radar_station/install/mindvision_camera/lib/python3.10/site-packages'
[0.306s] Level 1:colcon.colcon_core.environment:checking '/home/spaaaaace/Code/mid70/2025_radar_station/install/mindvision_camera/bin'
[0.306s] INFO:colcon.colcon_core.shell:Creating package script '/home/spaaaaace/Code/mid70/2025_radar_station/install/mindvision_camera/share/mindvision_camera/package.ps1'
[0.306s] INFO:colcon.colcon_core.shell:Creating package descriptor '/home/spaaaaace/Code/mid70/2025_radar_station/install/mindvision_camera/share/mindvision_camera/package.dsv'
[0.307s] INFO:colcon.colcon_core.shell:Creating package script '/home/spaaaaace/Code/mid70/2025_radar_station/install/mindvision_camera/share/mindvision_camera/package.sh'
[0.307s] INFO:colcon.colcon_core.shell:Creating package script '/home/spaaaaace/Code/mid70/2025_radar_station/install/mindvision_camera/share/mindvision_camera/package.bash'
[0.307s] INFO:colcon.colcon_core.shell:Creating package script '/home/spaaaaace/Code/mid70/2025_radar_station/install/mindvision_camera/share/mindvision_camera/package.zsh'
[0.307s] Level 1:colcon.colcon_core.environment:create_file_with_runtime_dependencies(/home/spaaaaace/Code/mid70/2025_radar_station/install/mindvision_camera/share/colcon-core/packages/mindvision_camera)
[0.314s] Level 1:colcon.colcon_core.environment:create_environment_scripts_only(dji_action4_camera)
[0.314s] Level 1:colcon.colcon_core.environment:checking '/home/spaaaaace/Code/mid70/2025_radar_station/install/dji_action4_camera' for CMake module files
[0.314s] Level 1:colcon.colcon_core.environment:checking '/home/spaaaaace/Code/mid70/2025_radar_station/install/dji_action4_camera' for CMake config files
[0.314s] Level 1:colcon.colcon_core.shell:create_environment_hook('dji_action4_camera', 'cmake_prefix_path')
[0.314s] INFO:colcon.colcon_core.shell:Creating environment hook '/home/spaaaaace/Code/mid70/2025_radar_station/install/dji_action4_camera/share/dji_action4_camera/hook/cmake_prefix_path.ps1'
[0.315s] INFO:colcon.colcon_core.shell:Creating environment descriptor '/home/spaaaaace/Code/mid70/2025_radar_station/install/dji_action4_camera/share/dji_action4_camera/hook/cmake_prefix_path.dsv'
[0.315s] INFO:colcon.colcon_core.shell:Creating environment hook '/home/spaaaaace/Code/mid70/2025_radar_station/install/dji_action4_camera/share/dji_action4_camera/hook/cmake_prefix_path.sh'
[0.315s] Level 1:colcon.colcon_core.environment:checking '/home/spaaaaace/Code/mid70/2025_radar_station/install/dji_action4_camera/lib'
[0.316s] Level 1:colcon.colcon_core.environment:checking '/home/spaaaaace/Code/mid70/2025_radar_station/install/dji_action4_camera/bin'
[0.316s] Level 1:colcon.colcon_core.environment:checking '/home/spaaaaace/Code/mid70/2025_radar_station/install/dji_action4_camera/lib/pkgconfig/dji_action4_camera.pc'
[0.316s] Level 1:colcon.colcon_core.environment:checking '/home/spaaaaace/Code/mid70/2025_radar_station/install/dji_action4_camera/lib/python3.10/site-packages'
[0.316s] Level 1:colcon.colcon_core.environment:checking '/home/spaaaaace/Code/mid70/2025_radar_station/install/dji_action4_camera/bin'
[0.316s] INFO:colcon.colcon_core.shell:Creating package script '/home/spaaaaace/Code/mid70/2025_radar_station/install/dji_action4_camera/share/dji_action4_camera/package.ps1'
[0.316s] INFO:colcon.colcon_core.shell:Creating package descriptor '/home/spaaaaace/Code/mid70/2025_radar_station/install/dji_action4_camera/share/dji_action4_camera/package.dsv'
[0.317s] INFO:colcon.colcon_core.shell:Creating package script '/home/spaaaaace/Code/mid70/2025_radar_station/install/dji_action4_camera/share/dji_action4_camera/package.sh'
[0.317s] INFO:colcon.colcon_core.shell:Creating package script '/home/spaaaaace/Code/mid70/2025_radar_station/install/dji_action4_camera/share/dji_action4_camera/package.bash'
[0.317s] INFO:colcon.colcon_core.shell:Creating package script '/home/spaaaaace/Code/mid70/2025_radar_station/install/dji_action4_camera/share/dji_action4_camera/package.zsh'
[0.318s] Level 1:colcon.colcon_core.environment:create_file_with_runtime_dependencies(/home/spaaaaace/Code/mid70/2025_radar_station/install/dji_action4_camera/share/colcon-core/packages/dji_action4_camera)
[0.327s] Level 1:colcon.colcon_core.environment:create_environment_scripts_only(mindvision_camera)
[0.328s] Level 1:colcon.colcon_core.environment:checking '/home/spaaaaace/Code/mid70/2025_radar_station/install/mindvision_camera' for CMake module files
[0.328s] Level 1:colcon.colcon_core.environment:checking '/home/spaaaaace/Code/mid70/2025_radar_station/install/mindvision_camera' for CMake config files
[0.328s] Level 1:colcon.colcon_core.shell:create_environment_hook('mindvision_camera', 'cmake_prefix_path')
[0.328s] INFO:colcon.colcon_core.shell:Creating environment hook '/home/spaaaaace/Code/mid70/2025_radar_station/install/mindvision_camera/share/mindvision_camera/hook/cmake_prefix_path.ps1'
[0.329s] INFO:colcon.colcon_core.shell:Creating environment descriptor '/home/spaaaaace/Code/mid70/2025_radar_station/install/mindvision_camera/share/mindvision_camera/hook/cmake_prefix_path.dsv'
[0.329s] INFO:colcon.colcon_core.shell:Creating environment hook '/home/spaaaaace/Code/mid70/2025_radar_station/install/mindvision_camera/share/mindvision_camera/hook/cmake_prefix_path.sh'
[0.329s] Level 1:colcon.colcon_core.environment:checking '/home/spaaaaace/Code/mid70/2025_radar_station/install/mindvision_camera/lib'
[0.329s] Level 1:colcon.colcon_core.shell:create_environment_hook('mindvision_camera', 'ld_library_path_lib')
[0.330s] INFO:colcon.colcon_core.shell:Creating environment hook '/home/spaaaaace/Code/mid70/2025_radar_station/install/mindvision_camera/share/mindvision_camera/hook/ld_library_path_lib.ps1'
[0.330s] INFO:colcon.colcon_core.shell:Creating environment descriptor '/home/spaaaaace/Code/mid70/2025_radar_station/install/mindvision_camera/share/mindvision_camera/hook/ld_library_path_lib.dsv'
[0.330s] INFO:colcon.colcon_core.shell:Creating environment hook '/home/spaaaaace/Code/mid70/2025_radar_station/install/mindvision_camera/share/mindvision_camera/hook/ld_library_path_lib.sh'
[0.330s] Level 1:colcon.colcon_core.environment:checking '/home/spaaaaace/Code/mid70/2025_radar_station/install/mindvision_camera/bin'
[0.330s] Level 1:colcon.colcon_core.environment:checking '/home/spaaaaace/Code/mid70/2025_radar_station/install/mindvision_camera/lib/pkgconfig/mindvision_camera.pc'
[0.330s] Level 1:colcon.colcon_core.environment:checking '/home/spaaaaace/Code/mid70/2025_radar_station/install/mindvision_camera/lib/python3.10/site-packages'
[0.331s] Level 1:colcon.colcon_core.environment:checking '/home/spaaaaace/Code/mid70/2025_radar_station/install/mindvision_camera/bin'
[0.331s] INFO:colcon.colcon_core.shell:Creating package script '/home/spaaaaace/Code/mid70/2025_radar_station/install/mindvision_camera/share/mindvision_camera/package.ps1'
[0.331s] INFO:colcon.colcon_core.shell:Creating package descriptor '/home/spaaaaace/Code/mid70/2025_radar_station/install/mindvision_camera/share/mindvision_camera/package.dsv'
[0.331s] INFO:colcon.colcon_core.shell:Creating package script '/home/spaaaaace/Code/mid70/2025_radar_station/install/mindvision_camera/share/mindvision_camera/package.sh'
[0.332s] INFO:colcon.colcon_core.shell:Creating package script '/home/spaaaaace/Code/mid70/2025_radar_station/install/mindvision_camera/share/mindvision_camera/package.bash'
[0.332s] INFO:colcon.colcon_core.shell:Creating package script '/home/spaaaaace/Code/mid70/2025_radar_station/install/mindvision_camera/share/mindvision_camera/package.zsh'
[0.332s] Level 1:colcon.colcon_core.environment:create_file_with_runtime_dependencies(/home/spaaaaace/Code/mid70/2025_radar_station/install/mindvision_camera/share/colcon-core/packages/mindvision_camera)
[0.410s] DEBUG:colcon.colcon_core.event_handler.log_command:Invoked command in '/home/spaaaaace/Code/mid70/2025_radar_station/build/livox_sdk_vendor' returned '0': CMAKE_PREFIX_PATH=${CMAKE_PREFIX_PATH}:/opt/ros/humble CONDA_PROMPT_MODIFIER=(vision) PS1=(vision) \[\e]0;\u@\h: \w\a\]${debian_chroot:+($debian_chroot)}\[\033[01;32m\]\u@\h\[\033[00m\]:\[\033[01;34m\]\w\[\033[00m\]\$ /usr/local/bin/cmake --build /home/spaaaaace/Code/mid70/2025_radar_station/build/livox_sdk_vendor -- -j22 -l22
[0.427s] DEBUG:colcon.colcon_core.event_handler.log_command:Invoking command in '/home/spaaaaace/Code/mid70/2025_radar_station/build/livox_sdk_vendor': CMAKE_PREFIX_PATH=${CMAKE_PREFIX_PATH}:/opt/ros/humble CONDA_PROMPT_MODIFIER=(vision) PS1=(vision) \[\e]0;\u@\h: \w\a\]${debian_chroot:+($debian_chroot)}\[\033[01;32m\]\u@\h\[\033[00m\]:\[\033[01;34m\]\w\[\033[00m\]\$ /usr/local/bin/cmake --install /home/spaaaaace/Code/mid70/2025_radar_station/build/livox_sdk_vendor
[0.430s] Level 1:colcon.colcon_core.environment:create_environment_scripts_only(livox_sdk_vendor)
[0.430s] Level 1:colcon.colcon_core.environment:checking '/home/spaaaaace/Code/mid70/2025_radar_station/install/livox_sdk_vendor' for CMake module files
[0.431s] DEBUG:colcon.colcon_core.event_handler.log_command:Invoked command in '/home/spaaaaace/Code/mid70/2025_radar_station/build/livox_sdk_vendor' returned '0': CMAKE_PREFIX_PATH=${CMAKE_PREFIX_PATH}:/opt/ros/humble CONDA_PROMPT_MODIFIER=(vision) PS1=(vision) \[\e]0;\u@\h: \w\a\]${debian_chroot:+($debian_chroot)}\[\033[01;32m\]\u@\h\[\033[00m\]:\[\033[01;34m\]\w\[\033[00m\]\$ /usr/local/bin/cmake --install /home/spaaaaace/Code/mid70/2025_radar_station/build/livox_sdk_vendor
[0.431s] Level 1:colcon.colcon_core.environment:checking '/home/spaaaaace/Code/mid70/2025_radar_station/install/livox_sdk_vendor' for CMake config files
[0.432s] Level 1:colcon.colcon_core.shell:create_environment_hook('livox_sdk_vendor', 'cmake_prefix_path')
[0.432s] INFO:colcon.colcon_core.shell:Creating environment hook '/home/spaaaaace/Code/mid70/2025_radar_station/install/livox_sdk_vendor/share/livox_sdk_vendor/hook/cmake_prefix_path.ps1'
[0.433s] INFO:colcon.colcon_core.shell:Creating environment descriptor '/home/spaaaaace/Code/mid70/2025_radar_station/install/livox_sdk_vendor/share/livox_sdk_vendor/hook/cmake_prefix_path.dsv'
[0.433s] INFO:colcon.colcon_core.shell:Creating environment hook '/home/spaaaaace/Code/mid70/2025_radar_station/install/livox_sdk_vendor/share/livox_sdk_vendor/hook/cmake_prefix_path.sh'
[0.433s] Level 1:colcon.colcon_core.environment:checking '/home/spaaaaace/Code/mid70/2025_radar_station/install/livox_sdk_vendor/lib'
[0.433s] Level 1:colcon.colcon_core.environment:checking '/home/spaaaaace/Code/mid70/2025_radar_station/install/livox_sdk_vendor/bin'
[0.434s] Level 1:colcon.colcon_core.environment:checking '/home/spaaaaace/Code/mid70/2025_radar_station/install/livox_sdk_vendor/lib/pkgconfig/livox_sdk_vendor.pc'
[0.434s] Level 1:colcon.colcon_core.environment:checking '/home/spaaaaace/Code/mid70/2025_radar_station/install/livox_sdk_vendor/lib/python3.10/site-packages'
[0.434s] Level 1:colcon.colcon_core.environment:checking '/home/spaaaaace/Code/mid70/2025_radar_station/install/livox_sdk_vendor/bin'
[0.434s] INFO:colcon.colcon_core.shell:Creating package script '/home/spaaaaace/Code/mid70/2025_radar_station/install/livox_sdk_vendor/share/livox_sdk_vendor/package.ps1'
[0.435s] INFO:colcon.colcon_core.shell:Creating package descriptor '/home/spaaaaace/Code/mid70/2025_radar_station/install/livox_sdk_vendor/share/livox_sdk_vendor/package.dsv'
[0.435s] INFO:colcon.colcon_core.shell:Creating package script '/home/spaaaaace/Code/mid70/2025_radar_station/install/livox_sdk_vendor/share/livox_sdk_vendor/package.sh'
[0.436s] INFO:colcon.colcon_core.shell:Creating package script '/home/spaaaaace/Code/mid70/2025_radar_station/install/livox_sdk_vendor/share/livox_sdk_vendor/package.bash'
[0.436s] INFO:colcon.colcon_core.shell:Creating package script '/home/spaaaaace/Code/mid70/2025_radar_station/install/livox_sdk_vendor/share/livox_sdk_vendor/package.zsh'
[0.436s] Level 1:colcon.colcon_core.environment:create_file_with_runtime_dependencies(/home/spaaaaace/Code/mid70/2025_radar_station/install/livox_sdk_vendor/share/colcon-core/packages/livox_sdk_vendor)
[0.453s] Level 1:colcon.colcon_core.environment:create_environment_scripts_only(livox_sdk_vendor)
[0.453s] Level 1:colcon.colcon_core.environment:checking '/home/spaaaaace/Code/mid70/2025_radar_station/install/livox_sdk_vendor' for CMake module files
[0.453s] Level 1:colcon.colcon_core.environment:checking '/home/spaaaaace/Code/mid70/2025_radar_station/install/livox_sdk_vendor' for CMake config files
[0.454s] Level 1:colcon.colcon_core.shell:create_environment_hook('livox_sdk_vendor', 'cmake_prefix_path')
[0.454s] INFO:colcon.colcon_core.shell:Creating environment hook '/home/spaaaaace/Code/mid70/2025_radar_station/install/livox_sdk_vendor/share/livox_sdk_vendor/hook/cmake_prefix_path.ps1'
[0.454s] INFO:colcon.colcon_core.shell:Creating environment descriptor '/home/spaaaaace/Code/mid70/2025_radar_station/install/livox_sdk_vendor/share/livox_sdk_vendor/hook/cmake_prefix_path.dsv'
[0.454s] INFO:colcon.colcon_core.shell:Creating environment hook '/home/spaaaaace/Code/mid70/2025_radar_station/install/livox_sdk_vendor/share/livox_sdk_vendor/hook/cmake_prefix_path.sh'
[0.455s] Level 1:colcon.colcon_core.environment:checking '/home/spaaaaace/Code/mid70/2025_radar_station/install/livox_sdk_vendor/lib'
[0.455s] Level 1:colcon.colcon_core.environment:checking '/home/spaaaaace/Code/mid70/2025_radar_station/install/livox_sdk_vendor/bin'
[0.455s] Level 1:colcon.colcon_core.environment:checking '/home/spaaaaace/Code/mid70/2025_radar_station/install/livox_sdk_vendor/lib/pkgconfig/livox_sdk_vendor.pc'
[0.455s] Level 1:colcon.colcon_core.environment:checking '/home/spaaaaace/Code/mid70/2025_radar_station/install/livox_sdk_vendor/lib/python3.10/site-packages'
[0.455s] Level 1:colcon.colcon_core.environment:checking '/home/spaaaaace/Code/mid70/2025_radar_station/install/livox_sdk_vendor/bin'
[0.455s] INFO:colcon.colcon_core.shell:Creating package script '/home/spaaaaace/Code/mid70/2025_radar_station/install/livox_sdk_vendor/share/livox_sdk_vendor/package.ps1'
[0.455s] INFO:colcon.colcon_core.shell:Creating package descriptor '/home/spaaaaace/Code/mid70/2025_radar_station/install/livox_sdk_vendor/share/livox_sdk_vendor/package.dsv'
[0.456s] INFO:colcon.colcon_core.shell:Creating package script '/home/spaaaaace/Code/mid70/2025_radar_station/install/livox_sdk_vendor/share/livox_sdk_vendor/package.sh'
[0.456s] INFO:colcon.colcon_core.shell:Creating package script '/home/spaaaaace/Code/mid70/2025_radar_station/install/livox_sdk_vendor/share/livox_sdk_vendor/package.bash'
[0.456s] INFO:colcon.colcon_core.shell:Creating package script '/home/spaaaaace/Code/mid70/2025_radar_station/install/livox_sdk_vendor/share/livox_sdk_vendor/package.zsh'
[0.456s] Level 1:colcon.colcon_core.environment:create_file_with_runtime_dependencies(/home/spaaaaace/Code/mid70/2025_radar_station/install/livox_sdk_vendor/share/colcon-core/packages/livox_sdk_vendor)
[0.468s] DEBUG:colcon.colcon_core.event_handler.log_command:Invoked command in '/home/spaaaaace/Code/mid70/2025_radar_station/build/livox_interfaces' returned '0': CMAKE_PREFIX_PATH=${CMAKE_PREFIX_PATH}:/opt/ros/humble CONDA_PROMPT_MODIFIER=(vision) PS1=(vision) \[\e]0;\u@\h: \w\a\]${debian_chroot:+($debian_chroot)}\[\033[01;32m\]\u@\h\[\033[00m\]:\[\033[01;34m\]\w\[\033[00m\]\$ /usr/local/bin/cmake --build /home/spaaaaace/Code/mid70/2025_radar_station/build/livox_interfaces -- -j22 -l22
[0.541s] DEBUG:colcon.colcon_core.event_handler.log_command:Invoking command in '/home/spaaaaace/Code/mid70/2025_radar_station/build/livox_interfaces': CMAKE_PREFIX_PATH=${CMAKE_PREFIX_PATH}:/opt/ros/humble CONDA_PROMPT_MODIFIER=(vision) PS1=(vision) \[\e]0;\u@\h: \w\a\]${debian_chroot:+($debian_chroot)}\[\033[01;32m\]\u@\h\[\033[00m\]:\[\033[01;34m\]\w\[\033[00m\]\$ /usr/local/bin/cmake --install /home/spaaaaace/Code/mid70/2025_radar_station/build/livox_interfaces
[0.572s] Level 1:colcon.colcon_core.environment:create_environment_scripts_only(livox_interfaces)
[0.573s] Level 1:colcon.colcon_core.environment:checking '/home/spaaaaace/Code/mid70/2025_radar_station/install/livox_interfaces' for CMake module files
[0.574s] Level 1:colcon.colcon_core.environment:checking '/home/spaaaaace/Code/mid70/2025_radar_station/install/livox_interfaces' for CMake config files
[0.575s] DEBUG:colcon.colcon_core.event_handler.log_command:Invoked command in '/home/spaaaaace/Code/mid70/2025_radar_station/build/livox_interfaces' returned '0': CMAKE_PREFIX_PATH=${CMAKE_PREFIX_PATH}:/opt/ros/humble CONDA_PROMPT_MODIFIER=(vision) PS1=(vision) \[\e]0;\u@\h: \w\a\]${debian_chroot:+($debian_chroot)}\[\033[01;32m\]\u@\h\[\033[00m\]:\[\033[01;34m\]\w\[\033[00m\]\$ /usr/local/bin/cmake --install /home/spaaaaace/Code/mid70/2025_radar_station/build/livox_interfaces
[0.575s] Level 1:colcon.colcon_core.shell:create_environment_hook('livox_interfaces', 'cmake_prefix_path')
[0.575s] INFO:colcon.colcon_core.shell:Creating environment hook '/home/spaaaaace/Code/mid70/2025_radar_station/install/livox_interfaces/share/livox_interfaces/hook/cmake_prefix_path.ps1'
[0.576s] INFO:colcon.colcon_core.shell:Creating environment descriptor '/home/spaaaaace/Code/mid70/2025_radar_station/install/livox_interfaces/share/livox_interfaces/hook/cmake_prefix_path.dsv'
[0.576s] INFO:colcon.colcon_core.shell:Creating environment hook '/home/spaaaaace/Code/mid70/2025_radar_station/install/livox_interfaces/share/livox_interfaces/hook/cmake_prefix_path.sh'
[0.576s] Level 1:colcon.colcon_core.environment:checking '/home/spaaaaace/Code/mid70/2025_radar_station/install/livox_interfaces/lib'
[0.576s] Level 1:colcon.colcon_core.shell:create_environment_hook('livox_interfaces', 'ld_library_path_lib')
[0.576s] INFO:colcon.colcon_core.shell:Creating environment hook '/home/spaaaaace/Code/mid70/2025_radar_station/install/livox_interfaces/share/livox_interfaces/hook/ld_library_path_lib.ps1'
[0.577s] INFO:colcon.colcon_core.shell:Creating environment descriptor '/home/spaaaaace/Code/mid70/2025_radar_station/install/livox_interfaces/share/livox_interfaces/hook/ld_library_path_lib.dsv'
[0.577s] INFO:colcon.colcon_core.shell:Creating environment hook '/home/spaaaaace/Code/mid70/2025_radar_station/install/livox_interfaces/share/livox_interfaces/hook/ld_library_path_lib.sh'
[0.577s] Level 1:colcon.colcon_core.environment:checking '/home/spaaaaace/Code/mid70/2025_radar_station/install/livox_interfaces/bin'
[0.577s] Level 1:colcon.colcon_core.environment:checking '/home/spaaaaace/Code/mid70/2025_radar_station/install/livox_interfaces/lib/pkgconfig/livox_interfaces.pc'
[0.577s] Level 1:colcon.colcon_core.environment:checking '/home/spaaaaace/Code/mid70/2025_radar_station/install/livox_interfaces/lib/python3.10/site-packages'
[0.577s] Level 1:colcon.colcon_core.environment:checking '/home/spaaaaace/Code/mid70/2025_radar_station/install/livox_interfaces/bin'
[0.578s] INFO:colcon.colcon_core.shell:Creating package script '/home/spaaaaace/Code/mid70/2025_radar_station/install/livox_interfaces/share/livox_interfaces/package.ps1'
[0.578s] INFO:colcon.colcon_core.shell:Creating package descriptor '/home/spaaaaace/Code/mid70/2025_radar_station/install/livox_interfaces/share/livox_interfaces/package.dsv'
[0.578s] INFO:colcon.colcon_core.shell:Creating package script '/home/spaaaaace/Code/mid70/2025_radar_station/install/livox_interfaces/share/livox_interfaces/package.sh'
[0.578s] INFO:colcon.colcon_core.shell:Creating package script '/home/spaaaaace/Code/mid70/2025_radar_station/install/livox_interfaces/share/livox_interfaces/package.bash'
[0.579s] INFO:colcon.colcon_core.shell:Creating package script '/home/spaaaaace/Code/mid70/2025_radar_station/install/livox_interfaces/share/livox_interfaces/package.zsh'
[0.579s] Level 1:colcon.colcon_core.environment:create_file_with_runtime_dependencies(/home/spaaaaace/Code/mid70/2025_radar_station/install/livox_interfaces/share/colcon-core/packages/livox_interfaces)
[0.652s] Level 1:colcon.colcon_core.environment:create_environment_scripts_only(livox_interfaces)
[0.652s] Level 1:colcon.colcon_core.environment:checking '/home/spaaaaace/Code/mid70/2025_radar_station/install/livox_interfaces' for CMake module files
[0.653s] Level 1:colcon.colcon_core.environment:checking '/home/spaaaaace/Code/mid70/2025_radar_station/install/livox_interfaces' for CMake config files
[0.653s] Level 1:colcon.colcon_core.shell:create_environment_hook('livox_interfaces', 'cmake_prefix_path')
[0.653s] INFO:colcon.colcon_core.shell:Creating environment hook '/home/spaaaaace/Code/mid70/2025_radar_station/install/livox_interfaces/share/livox_interfaces/hook/cmake_prefix_path.ps1'
[0.653s] INFO:colcon.colcon_core.shell:Creating environment descriptor '/home/spaaaaace/Code/mid70/2025_radar_station/install/livox_interfaces/share/livox_interfaces/hook/cmake_prefix_path.dsv'
[0.654s] INFO:colcon.colcon_core.shell:Creating environment hook '/home/spaaaaace/Code/mid70/2025_radar_station/install/livox_interfaces/share/livox_interfaces/hook/cmake_prefix_path.sh'
[0.654s] Level 1:colcon.colcon_core.environment:checking '/home/spaaaaace/Code/mid70/2025_radar_station/install/livox_interfaces/lib'
[0.654s] Level 1:colcon.colcon_core.shell:create_environment_hook('livox_interfaces', 'ld_library_path_lib')
[0.654s] INFO:colcon.colcon_core.shell:Creating environment hook '/home/spaaaaace/Code/mid70/2025_radar_station/install/livox_interfaces/share/livox_interfaces/hook/ld_library_path_lib.ps1'
[0.654s] INFO:colcon.colcon_core.shell:Creating environment descriptor '/home/spaaaaace/Code/mid70/2025_radar_station/install/livox_interfaces/share/livox_interfaces/hook/ld_library_path_lib.dsv'
[0.655s] INFO:colcon.colcon_core.shell:Creating environment hook '/home/spaaaaace/Code/mid70/2025_radar_station/install/livox_interfaces/share/livox_interfaces/hook/ld_library_path_lib.sh'
[0.655s] Level 1:colcon.colcon_core.environment:checking '/home/spaaaaace/Code/mid70/2025_radar_station/install/livox_interfaces/bin'
[0.655s] Level 1:colcon.colcon_core.environment:checking '/home/spaaaaace/Code/mid70/2025_radar_station/install/livox_interfaces/lib/pkgconfig/livox_interfaces.pc'
[0.655s] Level 1:colcon.colcon_core.environment:checking '/home/spaaaaace/Code/mid70/2025_radar_station/install/livox_interfaces/lib/python3.10/site-packages'
[0.655s] Level 1:colcon.colcon_core.environment:checking '/home/spaaaaace/Code/mid70/2025_radar_station/install/livox_interfaces/bin'
[0.655s] INFO:colcon.colcon_core.shell:Creating package script '/home/spaaaaace/Code/mid70/2025_radar_station/install/livox_interfaces/share/livox_interfaces/package.ps1'
[0.656s] INFO:colcon.colcon_core.shell:Creating package descriptor '/home/spaaaaace/Code/mid70/2025_radar_station/install/livox_interfaces/share/livox_interfaces/package.dsv'
[0.656s] INFO:colcon.colcon_core.shell:Creating package script '/home/spaaaaace/Code/mid70/2025_radar_station/install/livox_interfaces/share/livox_interfaces/package.sh'
[0.656s] INFO:colcon.colcon_core.shell:Creating package script '/home/spaaaaace/Code/mid70/2025_radar_station/install/livox_interfaces/share/livox_interfaces/package.bash'
[0.656s] INFO:colcon.colcon_core.shell:Creating package script '/home/spaaaaace/Code/mid70/2025_radar_station/install/livox_interfaces/share/livox_interfaces/package.zsh'
[0.657s] Level 1:colcon.colcon_core.environment:create_file_with_runtime_dependencies(/home/spaaaaace/Code/mid70/2025_radar_station/install/livox_interfaces/share/colcon-core/packages/livox_interfaces)
[0.657s] INFO:colcon.colcon_ros.task.ament_cmake.build:Building ROS package in '/home/spaaaaace/Code/mid70/2025_radar_station/src/livox_ros2_driver/livox_ros2_driver' with build type 'ament_cmake'
[0.657s] INFO:colcon.colcon_cmake.task.cmake.build:Building CMake package in '/home/spaaaaace/Code/mid70/2025_radar_station/src/livox_ros2_driver/livox_ros2_driver'
[0.657s] INFO:colcon.colcon_core.shell:Skip shell extension 'powershell' for command environment: Not usable outside of PowerShell
[0.657s] DEBUG:colcon.colcon_core.shell:Skip shell extension 'dsv' for command environment
[0.667s] DEBUG:colcon.colcon_core.event_handler.log_command:Invoking command in '/home/spaaaaace/Code/mid70/2025_radar_station/build/livox_ros2_driver': CMAKE_PREFIX_PATH=/home/spaaaaace/Code/mid70/2025_radar_station/install/livox_sdk_vendor:/home/spaaaaace/Code/mid70/2025_radar_station/install/livox_interfaces:/home/spaaaaace/Code/mid70/2025_radar_station/install/radar_station:/home/spaaaaace/Code/mid70/2025_radar_station/install/mindvision_camera:/home/spaaaaace/Code/mid70/2025_radar_station/install/livox_ros2_driver:/home/spaaaaace/Code/mid70/2025_radar_station/install/dji_action4_camera:/home/spaaaaace/env/MicroROS-Agent/microros_ws/install/micro_ros_agent:/home/spaaaaace/env/MicroROS-Agent/microros_ws/install/micro_ros_msgs:/usr/local:/opt/ros/humble CONDA_PROMPT_MODIFIER=(vision) LD_LIBRARY_PATH=/home/spaaaaace/Code/mid70/2025_radar_station/install/livox_interfaces/lib:/home/spaaaaace/Code/mid70/2025_radar_station/install/mindvision_camera/lib:/home/spaaaaace/Code/mid70/2025_radar_station/install/livox_ros2_driver/lib:/opt/intel/l_openvino_toolkit_ubuntu22_2024.5.0.17288.7975fa5da0c_x86_64/runtime/3rdparty/tbb/lib:/opt/intel/l_openvino_toolkit_ubuntu22_2024.5.0.17288.7975fa5da0c_x86_64/runtime/lib/intel64:/home/spaaaaace/env/MicroROS-Agent/microros_ws/install/micro_ros_agent/lib:/home/spaaaaace/env/MicroROS-Agent/microros_ws/install/micro_ros_msgs/lib:/usr/local/cuda-11.8/lib64:/opt/intel/l_openvino_toolkit_ubuntu22_2024.5.0.17288.7975fa5da0c_x86_64/runtime/3rdparty/tbb/lib:/opt/intel/l_openvino_toolkit_ubuntu22_2024.5.0.17288.7975fa5da0c_x86_64/runtime/lib/intel64:/usr/lib/x86_64-linux-gnu/gazebo-11/plugins:/opt/ros/humble/opt/rviz_ogre_vendor/lib:/opt/ros/humble/lib/x86_64-linux-gnu:/opt/ros/humble/opt/openvdb_vendor/lib:/opt/ros/humble/lib:/usr/local/lib PS1=(vision) \[\e]0;\u@\h: \w\a\]${debian_chroot:+($debian_chroot)}\[\033[01;32m\]\u@\h\[\033[00m\]:\[\033[01;34m\]\w\[\033[00m\]\$ /usr/local/bin/cmake --build /home/spaaaaace/Code/mid70/2025_radar_station/build/livox_ros2_driver -- -j22 -l22
[0.707s] DEBUG:colcon.colcon_core.event_handler.log_command:Invoked command in '/home/spaaaaace/Code/mid70/2025_radar_station/build/livox_ros2_driver' returned '0': CMAKE_PREFIX_PATH=/home/spaaaaace/Code/mid70/2025_radar_station/install/livox_sdk_vendor:/home/spaaaaace/Code/mid70/2025_radar_station/install/livox_interfaces:/home/spaaaaace/Code/mid70/2025_radar_station/install/radar_station:/home/spaaaaace/Code/mid70/2025_radar_station/install/mindvision_camera:/home/spaaaaace/Code/mid70/2025_radar_station/install/livox_ros2_driver:/home/spaaaaace/Code/mid70/2025_radar_station/install/dji_action4_camera:/home/spaaaaace/env/MicroROS-Agent/microros_ws/install/micro_ros_agent:/home/spaaaaace/env/MicroROS-Agent/microros_ws/install/micro_ros_msgs:/usr/local:/opt/ros/humble CONDA_PROMPT_MODIFIER=(vision) LD_LIBRARY_PATH=/home/spaaaaace/Code/mid70/2025_radar_station/install/livox_interfaces/lib:/home/spaaaaace/Code/mid70/2025_radar_station/install/mindvision_camera/lib:/home/spaaaaace/Code/mid70/2025_radar_station/install/livox_ros2_driver/lib:/opt/intel/l_openvino_toolkit_ubuntu22_2024.5.0.17288.7975fa5da0c_x86_64/runtime/3rdparty/tbb/lib:/opt/intel/l_openvino_toolkit_ubuntu22_2024.5.0.17288.7975fa5da0c_x86_64/runtime/lib/intel64:/home/spaaaaace/env/MicroROS-Agent/microros_ws/install/micro_ros_agent/lib:/home/spaaaaace/env/MicroROS-Agent/microros_ws/install/micro_ros_msgs/lib:/usr/local/cuda-11.8/lib64:/opt/intel/l_openvino_toolkit_ubuntu22_2024.5.0.17288.7975fa5da0c_x86_64/runtime/3rdparty/tbb/lib:/opt/intel/l_openvino_toolkit_ubuntu22_2024.5.0.17288.7975fa5da0c_x86_64/runtime/lib/intel64:/usr/lib/x86_64-linux-gnu/gazebo-11/plugins:/opt/ros/humble/opt/rviz_ogre_vendor/lib:/opt/ros/humble/lib/x86_64-linux-gnu:/opt/ros/humble/opt/openvdb_vendor/lib:/opt/ros/humble/lib:/usr/local/lib PS1=(vision) \[\e]0;\u@\h: \w\a\]${debian_chroot:+($debian_chroot)}\[\033[01;32m\]\u@\h\[\033[00m\]:\[\033[01;34m\]\w\[\033[00m\]\$ /usr/local/bin/cmake --build /home/spaaaaace/Code/mid70/2025_radar_station/build/livox_ros2_driver -- -j22 -l22
[0.757s] DEBUG:colcon.colcon_core.event_handler.log_command:Invoking command in '/home/spaaaaace/Code/mid70/2025_radar_station/build/livox_ros2_driver': CMAKE_PREFIX_PATH=/home/spaaaaace/Code/mid70/2025_radar_station/install/livox_sdk_vendor:/home/spaaaaace/Code/mid70/2025_radar_station/install/livox_interfaces:/home/spaaaaace/Code/mid70/2025_radar_station/install/radar_station:/home/spaaaaace/Code/mid70/2025_radar_station/install/mindvision_camera:/home/spaaaaace/Code/mid70/2025_radar_station/install/livox_ros2_driver:/home/spaaaaace/Code/mid70/2025_radar_station/install/dji_action4_camera:/home/spaaaaace/env/MicroROS-Agent/microros_ws/install/micro_ros_agent:/home/spaaaaace/env/MicroROS-Agent/microros_ws/install/micro_ros_msgs:/usr/local:/opt/ros/humble CONDA_PROMPT_MODIFIER=(vision) LD_LIBRARY_PATH=/home/spaaaaace/Code/mid70/2025_radar_station/install/livox_interfaces/lib:/home/spaaaaace/Code/mid70/2025_radar_station/install/mindvision_camera/lib:/home/spaaaaace/Code/mid70/2025_radar_station/install/livox_ros2_driver/lib:/opt/intel/l_openvino_toolkit_ubuntu22_2024.5.0.17288.7975fa5da0c_x86_64/runtime/3rdparty/tbb/lib:/opt/intel/l_openvino_toolkit_ubuntu22_2024.5.0.17288.7975fa5da0c_x86_64/runtime/lib/intel64:/home/spaaaaace/env/MicroROS-Agent/microros_ws/install/micro_ros_agent/lib:/home/spaaaaace/env/MicroROS-Agent/microros_ws/install/micro_ros_msgs/lib:/usr/local/cuda-11.8/lib64:/opt/intel/l_openvino_toolkit_ubuntu22_2024.5.0.17288.7975fa5da0c_x86_64/runtime/3rdparty/tbb/lib:/opt/intel/l_openvino_toolkit_ubuntu22_2024.5.0.17288.7975fa5da0c_x86_64/runtime/lib/intel64:/usr/lib/x86_64-linux-gnu/gazebo-11/plugins:/opt/ros/humble/opt/rviz_ogre_vendor/lib:/opt/ros/humble/lib/x86_64-linux-gnu:/opt/ros/humble/opt/openvdb_vendor/lib:/opt/ros/humble/lib:/usr/local/lib PS1=(vision) \[\e]0;\u@\h: \w\a\]${debian_chroot:+($debian_chroot)}\[\033[01;32m\]\u@\h\[\033[00m\]:\[\033[01;34m\]\w\[\033[00m\]\$ /usr/local/bin/cmake --install /home/spaaaaace/Code/mid70/2025_radar_station/build/livox_ros2_driver
[0.760s] Level 1:colcon.colcon_core.environment:create_environment_scripts_only(livox_ros2_driver)
[0.760s] Level 1:colcon.colcon_core.environment:checking '/home/spaaaaace/Code/mid70/2025_radar_station/install/livox_ros2_driver' for CMake module files
[0.761s] Level 1:colcon.colcon_core.environment:checking '/home/spaaaaace/Code/mid70/2025_radar_station/install/livox_ros2_driver' for CMake config files
[0.762s] Level 1:colcon.colcon_core.shell:create_environment_hook('livox_ros2_driver', 'cmake_prefix_path')
[0.763s] INFO:colcon.colcon_core.shell:Creating environment hook '/home/spaaaaace/Code/mid70/2025_radar_station/install/livox_ros2_driver/share/livox_ros2_driver/hook/cmake_prefix_path.ps1'
[0.763s] INFO:colcon.colcon_core.shell:Creating environment descriptor '/home/spaaaaace/Code/mid70/2025_radar_station/install/livox_ros2_driver/share/livox_ros2_driver/hook/cmake_prefix_path.dsv'
[0.764s] DEBUG:colcon.colcon_core.event_handler.log_command:Invoked command in '/home/spaaaaace/Code/mid70/2025_radar_station/build/livox_ros2_driver' returned '0': CMAKE_PREFIX_PATH=/home/spaaaaace/Code/mid70/2025_radar_station/install/livox_sdk_vendor:/home/spaaaaace/Code/mid70/2025_radar_station/install/livox_interfaces:/home/spaaaaace/Code/mid70/2025_radar_station/install/radar_station:/home/spaaaaace/Code/mid70/2025_radar_station/install/mindvision_camera:/home/spaaaaace/Code/mid70/2025_radar_station/install/livox_ros2_driver:/home/spaaaaace/Code/mid70/2025_radar_station/install/dji_action4_camera:/home/spaaaaace/env/MicroROS-Agent/microros_ws/install/micro_ros_agent:/home/spaaaaace/env/MicroROS-Agent/microros_ws/install/micro_ros_msgs:/usr/local:/opt/ros/humble CONDA_PROMPT_MODIFIER=(vision) LD_LIBRARY_PATH=/home/spaaaaace/Code/mid70/2025_radar_station/install/livox_interfaces/lib:/home/spaaaaace/Code/mid70/2025_radar_station/install/mindvision_camera/lib:/home/spaaaaace/Code/mid70/2025_radar_station/install/livox_ros2_driver/lib:/opt/intel/l_openvino_toolkit_ubuntu22_2024.5.0.17288.7975fa5da0c_x86_64/runtime/3rdparty/tbb/lib:/opt/intel/l_openvino_toolkit_ubuntu22_2024.5.0.17288.7975fa5da0c_x86_64/runtime/lib/intel64:/home/spaaaaace/env/MicroROS-Agent/microros_ws/install/micro_ros_agent/lib:/home/spaaaaace/env/MicroROS-Agent/microros_ws/install/micro_ros_msgs/lib:/usr/local/cuda-11.8/lib64:/opt/intel/l_openvino_toolkit_ubuntu22_2024.5.0.17288.7975fa5da0c_x86_64/runtime/3rdparty/tbb/lib:/opt/intel/l_openvino_toolkit_ubuntu22_2024.5.0.17288.7975fa5da0c_x86_64/runtime/lib/intel64:/usr/lib/x86_64-linux-gnu/gazebo-11/plugins:/opt/ros/humble/opt/rviz_ogre_vendor/lib:/opt/ros/humble/lib/x86_64-linux-gnu:/opt/ros/humble/opt/openvdb_vendor/lib:/opt/ros/humble/lib:/usr/local/lib PS1=(vision) \[\e]0;\u@\h: \w\a\]${debian_chroot:+($debian_chroot)}\[\033[01;32m\]\u@\h\[\033[00m\]:\[\033[01;34m\]\w\[\033[00m\]\$ /usr/local/bin/cmake --install /home/spaaaaace/Code/mid70/2025_radar_station/build/livox_ros2_driver
[0.764s] INFO:colcon.colcon_core.shell:Creating environment hook '/home/spaaaaace/Code/mid70/2025_radar_station/install/livox_ros2_driver/share/livox_ros2_driver/hook/cmake_prefix_path.sh'
[0.764s] Level 1:colcon.colcon_core.environment:checking '/home/spaaaaace/Code/mid70/2025_radar_station/install/livox_ros2_driver/lib'
[0.764s] Level 1:colcon.colcon_core.shell:create_environment_hook('livox_ros2_driver', 'ld_library_path_lib')
[0.764s] INFO:colcon.colcon_core.shell:Creating environment hook '/home/spaaaaace/Code/mid70/2025_radar_station/install/livox_ros2_driver/share/livox_ros2_driver/hook/ld_library_path_lib.ps1'
[0.765s] INFO:colcon.colcon_core.shell:Creating environment descriptor '/home/spaaaaace/Code/mid70/2025_radar_station/install/livox_ros2_driver/share/livox_ros2_driver/hook/ld_library_path_lib.dsv'
[0.765s] INFO:colcon.colcon_core.shell:Creating environment hook '/home/spaaaaace/Code/mid70/2025_radar_station/install/livox_ros2_driver/share/livox_ros2_driver/hook/ld_library_path_lib.sh'
[0.765s] Level 1:colcon.colcon_core.environment:checking '/home/spaaaaace/Code/mid70/2025_radar_station/install/livox_ros2_driver/bin'
[0.765s] Level 1:colcon.colcon_core.environment:checking '/home/spaaaaace/Code/mid70/2025_radar_station/install/livox_ros2_driver/lib/pkgconfig/livox_ros2_driver.pc'
[0.765s] Level 1:colcon.colcon_core.environment:checking '/home/spaaaaace/Code/mid70/2025_radar_station/install/livox_ros2_driver/lib/python3.10/site-packages'
[0.765s] Level 1:colcon.colcon_core.environment:checking '/home/spaaaaace/Code/mid70/2025_radar_station/install/livox_ros2_driver/bin'
[0.766s] INFO:colcon.colcon_core.shell:Creating package script '/home/spaaaaace/Code/mid70/2025_radar_station/install/livox_ros2_driver/share/livox_ros2_driver/package.ps1'
[0.766s] INFO:colcon.colcon_core.shell:Creating package descriptor '/home/spaaaaace/Code/mid70/2025_radar_station/install/livox_ros2_driver/share/livox_ros2_driver/package.dsv'
[0.766s] INFO:colcon.colcon_core.shell:Creating package script '/home/spaaaaace/Code/mid70/2025_radar_station/install/livox_ros2_driver/share/livox_ros2_driver/package.sh'
[0.767s] INFO:colcon.colcon_core.shell:Creating package script '/home/spaaaaace/Code/mid70/2025_radar_station/install/livox_ros2_driver/share/livox_ros2_driver/package.bash'
[0.767s] INFO:colcon.colcon_core.shell:Creating package script '/home/spaaaaace/Code/mid70/2025_radar_station/install/livox_ros2_driver/share/livox_ros2_driver/package.zsh'
[0.767s] Level 1:colcon.colcon_core.environment:create_file_with_runtime_dependencies(/home/spaaaaace/Code/mid70/2025_radar_station/install/livox_ros2_driver/share/colcon-core/packages/livox_ros2_driver)
[0.819s] Level 1:colcon.colcon_core.environment:create_environment_scripts_only(livox_ros2_driver)
[0.819s] Level 1:colcon.colcon_core.environment:checking '/home/spaaaaace/Code/mid70/2025_radar_station/install/livox_ros2_driver' for CMake module files
[0.819s] Level 1:colcon.colcon_core.environment:checking '/home/spaaaaace/Code/mid70/2025_radar_station/install/livox_ros2_driver' for CMake config files
[0.819s] Level 1:colcon.colcon_core.shell:create_environment_hook('livox_ros2_driver', 'cmake_prefix_path')
[0.820s] INFO:colcon.colcon_core.shell:Creating environment hook '/home/spaaaaace/Code/mid70/2025_radar_station/install/livox_ros2_driver/share/livox_ros2_driver/hook/cmake_prefix_path.ps1'
[0.820s] INFO:colcon.colcon_core.shell:Creating environment descriptor '/home/spaaaaace/Code/mid70/2025_radar_station/install/livox_ros2_driver/share/livox_ros2_driver/hook/cmake_prefix_path.dsv'
[0.821s] INFO:colcon.colcon_core.shell:Creating environment hook '/home/spaaaaace/Code/mid70/2025_radar_station/install/livox_ros2_driver/share/livox_ros2_driver/hook/cmake_prefix_path.sh'
[0.821s] Level 1:colcon.colcon_core.environment:checking '/home/spaaaaace/Code/mid70/2025_radar_station/install/livox_ros2_driver/lib'
[0.822s] Level 1:colcon.colcon_core.shell:create_environment_hook('livox_ros2_driver', 'ld_library_path_lib')
[0.822s] INFO:colcon.colcon_core.shell:Creating environment hook '/home/spaaaaace/Code/mid70/2025_radar_station/install/livox_ros2_driver/share/livox_ros2_driver/hook/ld_library_path_lib.ps1'
[0.822s] INFO:colcon.colcon_core.shell:Creating environment descriptor '/home/spaaaaace/Code/mid70/2025_radar_station/install/livox_ros2_driver/share/livox_ros2_driver/hook/ld_library_path_lib.dsv'
[0.823s] INFO:colcon.colcon_core.shell:Creating environment hook '/home/spaaaaace/Code/mid70/2025_radar_station/install/livox_ros2_driver/share/livox_ros2_driver/hook/ld_library_path_lib.sh'
[0.823s] Level 1:colcon.colcon_core.environment:checking '/home/spaaaaace/Code/mid70/2025_radar_station/install/livox_ros2_driver/bin'
[0.823s] Level 1:colcon.colcon_core.environment:checking '/home/spaaaaace/Code/mid70/2025_radar_station/install/livox_ros2_driver/lib/pkgconfig/livox_ros2_driver.pc'
[0.823s] Level 1:colcon.colcon_core.environment:checking '/home/spaaaaace/Code/mid70/2025_radar_station/install/livox_ros2_driver/lib/python3.10/site-packages'
[0.824s] Level 1:colcon.colcon_core.environment:checking '/home/spaaaaace/Code/mid70/2025_radar_station/install/livox_ros2_driver/bin'
[0.824s] INFO:colcon.colcon_core.shell:Creating package script '/home/spaaaaace/Code/mid70/2025_radar_station/install/livox_ros2_driver/share/livox_ros2_driver/package.ps1'
[0.824s] INFO:colcon.colcon_core.shell:Creating package descriptor '/home/spaaaaace/Code/mid70/2025_radar_station/install/livox_ros2_driver/share/livox_ros2_driver/package.dsv'
[0.825s] INFO:colcon.colcon_core.shell:Creating package script '/home/spaaaaace/Code/mid70/2025_radar_station/install/livox_ros2_driver/share/livox_ros2_driver/package.sh'
[0.825s] INFO:colcon.colcon_core.shell:Creating package script '/home/spaaaaace/Code/mid70/2025_radar_station/install/livox_ros2_driver/share/livox_ros2_driver/package.bash'
[0.826s] INFO:colcon.colcon_core.shell:Creating package script '/home/spaaaaace/Code/mid70/2025_radar_station/install/livox_ros2_driver/share/livox_ros2_driver/package.zsh'
[0.826s] Level 1:colcon.colcon_core.environment:create_file_with_runtime_dependencies(/home/spaaaaace/Code/mid70/2025_radar_station/install/livox_ros2_driver/share/colcon-core/packages/livox_ros2_driver)
[10.860s] DEBUG:colcon.colcon_core.event_handler.log_command:Invoked command in '/home/spaaaaace/Code/mid70/2025_radar_station/build/radar_station' returned '0': CMAKE_PREFIX_PATH=${CMAKE_PREFIX_PATH}:/opt/ros/humble CONDA_PROMPT_MODIFIER=(vision) PS1=(vision) \[\e]0;\u@\h: \w\a\]${debian_chroot:+($debian_chroot)}\[\033[01;32m\]\u@\h\[\033[00m\]:\[\033[01;34m\]\w\[\033[00m\]\$ /usr/local/bin/cmake --build /home/spaaaaace/Code/mid70/2025_radar_station/build/radar_station -- -j22 -l22
[10.880s] DEBUG:colcon.colcon_core.event_handler.log_command:Invoking command in '/home/spaaaaace/Code/mid70/2025_radar_station/build/radar_station': CMAKE_PREFIX_PATH=${CMAKE_PREFIX_PATH}:/opt/ros/humble CONDA_PROMPT_MODIFIER=(vision) PS1=(vision) \[\e]0;\u@\h: \w\a\]${debian_chroot:+($debian_chroot)}\[\033[01;32m\]\u@\h\[\033[00m\]:\[\033[01;34m\]\w\[\033[00m\]\$ /usr/local/bin/cmake --install /home/spaaaaace/Code/mid70/2025_radar_station/build/radar_station
[10.888s] Level 1:colcon.colcon_core.environment:create_environment_scripts_only(radar_station)
[10.889s] Level 1:colcon.colcon_core.environment:checking '/home/spaaaaace/Code/mid70/2025_radar_station/install/radar_station' for CMake module files
[10.889s] DEBUG:colcon.colcon_core.event_handler.log_command:Invoked command in '/home/spaaaaace/Code/mid70/2025_radar_station/build/radar_station' returned '0': CMAKE_PREFIX_PATH=${CMAKE_PREFIX_PATH}:/opt/ros/humble CONDA_PROMPT_MODIFIER=(vision) PS1=(vision) \[\e]0;\u@\h: \w\a\]${debian_chroot:+($debian_chroot)}\[\033[01;32m\]\u@\h\[\033[00m\]:\[\033[01;34m\]\w\[\033[00m\]\$ /usr/local/bin/cmake --install /home/spaaaaace/Code/mid70/2025_radar_station/build/radar_station
[10.890s] Level 1:colcon.colcon_core.environment:checking '/home/spaaaaace/Code/mid70/2025_radar_station/install/radar_station' for CMake config files
[10.890s] Level 1:colcon.colcon_core.shell:create_environment_hook('radar_station', 'cmake_prefix_path')
[10.890s] INFO:colcon.colcon_core.shell:Creating environment hook '/home/spaaaaace/Code/mid70/2025_radar_station/install/radar_station/share/radar_station/hook/cmake_prefix_path.ps1'
[10.891s] INFO:colcon.colcon_core.shell:Creating environment descriptor '/home/spaaaaace/Code/mid70/2025_radar_station/install/radar_station/share/radar_station/hook/cmake_prefix_path.dsv'
[10.891s] INFO:colcon.colcon_core.shell:Creating environment hook '/home/spaaaaace/Code/mid70/2025_radar_station/install/radar_station/share/radar_station/hook/cmake_prefix_path.sh'
[10.891s] Level 1:colcon.colcon_core.environment:checking '/home/spaaaaace/Code/mid70/2025_radar_station/install/radar_station/lib'
[10.892s] Level 1:colcon.colcon_core.environment:checking '/home/spaaaaace/Code/mid70/2025_radar_station/install/radar_station/bin'
[10.892s] Level 1:colcon.colcon_core.environment:checking '/home/spaaaaace/Code/mid70/2025_radar_station/install/radar_station/lib/pkgconfig/radar_station.pc'
[10.892s] Level 1:colcon.colcon_core.environment:checking '/home/spaaaaace/Code/mid70/2025_radar_station/install/radar_station/lib/python3.10/site-packages'
[10.892s] Level 1:colcon.colcon_core.environment:checking '/home/spaaaaace/Code/mid70/2025_radar_station/install/radar_station/bin'
[10.892s] INFO:colcon.colcon_core.shell:Creating package script '/home/spaaaaace/Code/mid70/2025_radar_station/install/radar_station/share/radar_station/package.ps1'
[10.892s] INFO:colcon.colcon_core.shell:Creating package descriptor '/home/spaaaaace/Code/mid70/2025_radar_station/install/radar_station/share/radar_station/package.dsv'
[10.893s] INFO:colcon.colcon_core.shell:Creating package script '/home/spaaaaace/Code/mid70/2025_radar_station/install/radar_station/share/radar_station/package.sh'
[10.893s] INFO:colcon.colcon_core.shell:Creating package script '/home/spaaaaace/Code/mid70/2025_radar_station/install/radar_station/share/radar_station/package.bash'
[10.893s] INFO:colcon.colcon_core.shell:Creating package script '/home/spaaaaace/Code/mid70/2025_radar_station/install/radar_station/share/radar_station/package.zsh'
[10.893s] Level 1:colcon.colcon_core.environment:create_file_with_runtime_dependencies(/home/spaaaaace/Code/mid70/2025_radar_station/install/radar_station/share/colcon-core/packages/radar_station)
[10.913s] Level 1:colcon.colcon_core.environment:create_environment_scripts_only(radar_station)
[10.913s] Level 1:colcon.colcon_core.environment:checking '/home/spaaaaace/Code/mid70/2025_radar_station/install/radar_station' for CMake module files
[10.914s] Level 1:colcon.colcon_core.environment:checking '/home/spaaaaace/Code/mid70/2025_radar_station/install/radar_station' for CMake config files
[10.914s] Level 1:colcon.colcon_core.shell:create_environment_hook('radar_station', 'cmake_prefix_path')
[10.915s] INFO:colcon.colcon_core.shell:Creating environment hook '/home/spaaaaace/Code/mid70/2025_radar_station/install/radar_station/share/radar_station/hook/cmake_prefix_path.ps1'
[10.915s] INFO:colcon.colcon_core.shell:Creating environment descriptor '/home/spaaaaace/Code/mid70/2025_radar_station/install/radar_station/share/radar_station/hook/cmake_prefix_path.dsv'
[10.916s] INFO:colcon.colcon_core.shell:Creating environment hook '/home/spaaaaace/Code/mid70/2025_radar_station/install/radar_station/share/radar_station/hook/cmake_prefix_path.sh'
[10.916s] Level 1:colcon.colcon_core.environment:checking '/home/spaaaaace/Code/mid70/2025_radar_station/install/radar_station/lib'
[10.916s] Level 1:colcon.colcon_core.environment:checking '/home/spaaaaace/Code/mid70/2025_radar_station/install/radar_station/bin'
[10.916s] Level 1:colcon.colcon_core.environment:checking '/home/spaaaaace/Code/mid70/2025_radar_station/install/radar_station/lib/pkgconfig/radar_station.pc'
[10.917s] Level 1:colcon.colcon_core.environment:checking '/home/spaaaaace/Code/mid70/2025_radar_station/install/radar_station/lib/python3.10/site-packages'
[10.917s] Level 1:colcon.colcon_core.environment:checking '/home/spaaaaace/Code/mid70/2025_radar_station/install/radar_station/bin'
[10.917s] INFO:colcon.colcon_core.shell:Creating package script '/home/spaaaaace/Code/mid70/2025_radar_station/install/radar_station/share/radar_station/package.ps1'
[10.917s] INFO:colcon.colcon_core.shell:Creating package descriptor '/home/spaaaaace/Code/mid70/2025_radar_station/install/radar_station/share/radar_station/package.dsv'
[10.918s] INFO:colcon.colcon_core.shell:Creating package script '/home/spaaaaace/Code/mid70/2025_radar_station/install/radar_station/share/radar_station/package.sh'
[10.918s] INFO:colcon.colcon_core.shell:Creating package script '/home/spaaaaace/Code/mid70/2025_radar_station/install/radar_station/share/radar_station/package.bash'
[10.918s] INFO:colcon.colcon_core.shell:Creating package script '/home/spaaaaace/Code/mid70/2025_radar_station/install/radar_station/share/radar_station/package.zsh'
[10.919s] Level 1:colcon.colcon_core.environment:create_file_with_runtime_dependencies(/home/spaaaaace/Code/mid70/2025_radar_station/install/radar_station/share/colcon-core/packages/radar_station)
[10.919s] DEBUG:colcon.colcon_parallel_executor.executor.parallel:closing loop
[10.919s] DEBUG:colcon.colcon_parallel_executor.executor.parallel:loop closed
[10.919s] DEBUG:colcon.colcon_parallel_executor.executor.parallel:run_until_complete finished with '0'
[10.919s] DEBUG:colcon.colcon_core.event_reactor:joining thread
[10.923s] INFO:colcon.colcon_core.plugin_system:Skipping extension 'colcon_notification.desktop_notification.terminal_notifier': Not used on non-Darwin systems
[10.923s] INFO:colcon.colcon_core.plugin_system:Skipping extension 'colcon_notification.desktop_notification.win32': Not used on non-Windows systems
[10.923s] INFO:colcon.colcon_notification.desktop_notification:Sending desktop notification using 'notify2'
[10.928s] DEBUG:colcon.colcon_notification.desktop_notification.notify2:Failed to initialize notify2: org.freedesktop.DBus.Error.ServiceUnknown: The name org.freedesktop.Notifications was not provided by any .service files
[10.928s] DEBUG:colcon.colcon_core.event_reactor:joined thread
[10.929s] INFO:colcon.colcon_core.shell:Creating prefix script '/home/spaaaaace/Code/mid70/2025_radar_station/install/local_setup.ps1'
[10.930s] INFO:colcon.colcon_core.shell:Creating prefix util module '/home/spaaaaace/Code/mid70/2025_radar_station/install/_local_setup_util_ps1.py'
[10.931s] INFO:colcon.colcon_core.shell:Creating prefix chain script '/home/spaaaaace/Code/mid70/2025_radar_station/install/setup.ps1'
[10.931s] INFO:colcon.colcon_core.shell:Creating prefix script '/home/spaaaaace/Code/mid70/2025_radar_station/install/local_setup.sh'
[10.932s] INFO:colcon.colcon_core.shell:Creating prefix util module '/home/spaaaaace/Code/mid70/2025_radar_station/install/_local_setup_util_sh.py'
[10.932s] INFO:colcon.colcon_core.shell:Creating prefix chain script '/home/spaaaaace/Code/mid70/2025_radar_station/install/setup.sh'
[10.933s] INFO:colcon.colcon_core.shell:Creating prefix script '/home/spaaaaace/Code/mid70/2025_radar_station/install/local_setup.bash'
[10.933s] INFO:colcon.colcon_core.shell:Creating prefix chain script '/home/spaaaaace/Code/mid70/2025_radar_station/install/setup.bash'
[10.934s] INFO:colcon.colcon_core.shell:Creating prefix script '/home/spaaaaace/Code/mid70/2025_radar_station/install/local_setup.zsh'
[10.934s] INFO:colcon.colcon_core.shell:Creating prefix chain script '/home/spaaaaace/Code/mid70/2025_radar_station/install/setup.zsh'
