[ 50%] [32mBuilding CXX object CMakeFiles/radar_station.dir/src/radar_station.cpp.o[0m
In file included from [01m[K/home/spaaaaace/Code/mid70/2025_radar_station/src/radar_station/src/radar_station.cpp:17[m[K:
[01m[K/home/spaaaaace/Code/mid70/2025_radar_station/src/radar_station/src/../include/radar_station/radar_station.hpp:43:39:[m[K [01;31m[Kerror: [m[Kexpected identifier before numeric constant
   43 |     std::vector<cv::Scalar> colormap_([01;31m[K256[m[K);
      |                                       [01;31m[K^~~[m[K
[01m[K/home/spaaaaace/Code/mid70/2025_radar_station/src/radar_station/src/../include/radar_station/radar_station.hpp:43:39:[m[K [01;31m[Kerror: [m[Kexpected ‘[01m[K,[m[K’ or ‘[01m[K...[m[K’ before numeric constant
[01m[K/home/spaaaaace/Code/mid70/2025_radar_station/src/radar_station/src/radar_station.cpp:[m[K In constructor ‘[01m[KRadarStation::RadarStation()[m[K’:
[01m[K/home/spaaaaace/Code/mid70/2025_radar_station/src/radar_station/src/radar_station.cpp:37:25:[m[K [01;31m[Kerror: [m[Kexpected ‘[01m[K;[m[K’ before ‘[01m[Kdo[m[K’
   37 |     generate_color_map()
      |                         [01;31m[K^[m[K
      |                         [32m[K;[m[K
[01m[K/home/spaaaaace/Code/mid70/2025_radar_station/src/radar_station/src/radar_station.cpp:[m[K In member function ‘[01m[Kvoid RadarStation::image_callback(sensor_msgs::msg::Image_<std::allocator<void> >::SharedPtr)[m[K’:
[01m[K/home/spaaaaace/Code/mid70/2025_radar_station/src/radar_station/src/radar_station.cpp:80:26:[m[K [01;35m[Kwarning: [m[Kcomparison of integer expressions of different signedness: ‘[01m[Kint[m[K’ and ‘[01m[Kstd::vector<cv::Point_<float> >::size_type[m[K’ {aka ‘[01m[Klong unsigned int[m[K’} [[01;35m[K]8;;https://gcc.gnu.org/onlinedocs/gcc/Warning-Options.html#index-Wsign-compare-Wsign-compare]8;;[m[K]
   80 |         for(int i = 0; [01;35m[Ki < lidar_points_projection.size()[m[K; i++){
      |                        [01;35m[K~~^~~~~~~~~~~~~~~~~~~~~~~~~~~~~~~~[m[K
[01m[K/home/spaaaaace/Code/mid70/2025_radar_station/src/radar_station/src/radar_station.cpp:82:42:[m[K [01;31m[Kerror: [m[Kno matching function for call to ‘[01m[Kmax(__gnu_cxx::__alloc_traits<std::allocator<float>, float>::value_type&, int)[m[K’
   82 |             int value = std::min([01;31m[Kstd::max(intensity_values[i], 0)[m[K, 255);
      |                                  [01;31m[K~~~~~~~~^~~~~~~~~~~~~~~~~~~~~~~~[m[K
In file included from [01m[K/usr/include/c++/11/algorithm:61[m[K,
                 from [01m[K/usr/local/include/opencv4/opencv2/core/base.hpp:55[m[K,
                 from [01m[K/usr/local/include/opencv4/opencv2/core.hpp:53[m[K,
                 from [01m[K/usr/local/include/opencv4/opencv2/opencv.hpp:52[m[K,
                 from [01m[K/home/spaaaaace/Code/mid70/2025_radar_station/src/radar_station/src/radar_station.cpp:2[m[K:
[01m[K/usr/include/c++/11/bits/stl_algobase.h:254:5:[m[K [01;36m[Knote: [m[Kcandidate: ‘[01m[Ktemplate<class _Tp> constexpr const _Tp& std::max(const _Tp&, const _Tp&)[m[K’
  254 |     [01;36m[Kmax[m[K(const _Tp& __a, const _Tp& __b)
      |     [01;36m[K^~~[m[K
[01m[K/usr/include/c++/11/bits/stl_algobase.h:254:5:[m[K [01;36m[Knote: [m[K  template argument deduction/substitution failed:
[01m[K/home/spaaaaace/Code/mid70/2025_radar_station/src/radar_station/src/radar_station.cpp:82:42:[m[K [01;36m[Knote: [m[K  deduced conflicting types for parameter ‘[01m[Kconst _Tp[m[K’ (‘[01m[Kfloat[m[K’ and ‘[01m[Kint[m[K’)
   82 |             int value = std::min([01;36m[Kstd::max(intensity_values[i], 0)[m[K, 255);
      |                                  [01;36m[K~~~~~~~~^~~~~~~~~~~~~~~~~~~~~~~~[m[K
In file included from [01m[K/usr/include/c++/11/algorithm:61[m[K,
                 from [01m[K/usr/local/include/opencv4/opencv2/core/base.hpp:55[m[K,
                 from [01m[K/usr/local/include/opencv4/opencv2/core.hpp:53[m[K,
                 from [01m[K/usr/local/include/opencv4/opencv2/opencv.hpp:52[m[K,
                 from [01m[K/home/spaaaaace/Code/mid70/2025_radar_station/src/radar_station/src/radar_station.cpp:2[m[K:
[01m[K/usr/include/c++/11/bits/stl_algobase.h:300:5:[m[K [01;36m[Knote: [m[Kcandidate: ‘[01m[Ktemplate<class _Tp, class _Compare> constexpr const _Tp& std::max(const _Tp&, const _Tp&, _Compare)[m[K’
  300 |     [01;36m[Kmax[m[K(const _Tp& __a, const _Tp& __b, _Compare __comp)
      |     [01;36m[K^~~[m[K
[01m[K/usr/include/c++/11/bits/stl_algobase.h:300:5:[m[K [01;36m[Knote: [m[K  template argument deduction/substitution failed:
[01m[K/home/spaaaaace/Code/mid70/2025_radar_station/src/radar_station/src/radar_station.cpp:82:42:[m[K [01;36m[Knote: [m[K  deduced conflicting types for parameter ‘[01m[Kconst _Tp[m[K’ (‘[01m[Kfloat[m[K’ and ‘[01m[Kint[m[K’)
   82 |             int value = std::min([01;36m[Kstd::max(intensity_values[i], 0)[m[K, 255);
      |                                  [01;36m[K~~~~~~~~^~~~~~~~~~~~~~~~~~~~~~~~[m[K
In file included from [01m[K/usr/include/c++/11/algorithm:62[m[K,
                 from [01m[K/usr/local/include/opencv4/opencv2/core/base.hpp:55[m[K,
                 from [01m[K/usr/local/include/opencv4/opencv2/core.hpp:53[m[K,
                 from [01m[K/usr/local/include/opencv4/opencv2/opencv.hpp:52[m[K,
                 from [01m[K/home/spaaaaace/Code/mid70/2025_radar_station/src/radar_station/src/radar_station.cpp:2[m[K:
[01m[K/usr/include/c++/11/bits/stl_algo.h:3461:5:[m[K [01;36m[Knote: [m[Kcandidate: ‘[01m[Ktemplate<class _Tp> constexpr _Tp std::max(std::initializer_list<_Tp>)[m[K’
 3461 |     [01;36m[Kmax[m[K(initializer_list<_Tp> __l)
      |     [01;36m[K^~~[m[K
[01m[K/usr/include/c++/11/bits/stl_algo.h:3461:5:[m[K [01;36m[Knote: [m[K  template argument deduction/substitution failed:
[01m[K/home/spaaaaace/Code/mid70/2025_radar_station/src/radar_station/src/radar_station.cpp:82:42:[m[K [01;36m[Knote: [m[K  mismatched types ‘[01m[Kstd::initializer_list<_Tp>[m[K’ and ‘[01m[Kfloat[m[K’
   82 |             int value = std::min([01;36m[Kstd::max(intensity_values[i], 0)[m[K, 255);
      |                                  [01;36m[K~~~~~~~~^~~~~~~~~~~~~~~~~~~~~~~~[m[K
In file included from [01m[K/usr/include/c++/11/algorithm:62[m[K,
                 from [01m[K/usr/local/include/opencv4/opencv2/core/base.hpp:55[m[K,
                 from [01m[K/usr/local/include/opencv4/opencv2/core.hpp:53[m[K,
                 from [01m[K/usr/local/include/opencv4/opencv2/opencv.hpp:52[m[K,
                 from [01m[K/home/spaaaaace/Code/mid70/2025_radar_station/src/radar_station/src/radar_station.cpp:2[m[K:
[01m[K/usr/include/c++/11/bits/stl_algo.h:3467:5:[m[K [01;36m[Knote: [m[Kcandidate: ‘[01m[Ktemplate<class _Tp, class _Compare> constexpr _Tp std::max(std::initializer_list<_Tp>, _Compare)[m[K’
 3467 |     [01;36m[Kmax[m[K(initializer_list<_Tp> __l, _Compare __comp)
      |     [01;36m[K^~~[m[K
[01m[K/usr/include/c++/11/bits/stl_algo.h:3467:5:[m[K [01;36m[Knote: [m[K  template argument deduction/substitution failed:
[01m[K/home/spaaaaace/Code/mid70/2025_radar_station/src/radar_station/src/radar_station.cpp:82:42:[m[K [01;36m[Knote: [m[K  mismatched types ‘[01m[Kstd::initializer_list<_Tp>[m[K’ and ‘[01m[Kfloat[m[K’
   82 |             int value = std::min([01;36m[Kstd::max(intensity_values[i], 0)[m[K, 255);
      |                                  [01;36m[K~~~~~~~~^~~~~~~~~~~~~~~~~~~~~~~~[m[K
[01m[K/home/spaaaaace/Code/mid70/2025_radar_station/src/radar_station/src/radar_station.cpp:83:62:[m[K [01;31m[Kerror: [m[K‘[01m[KmaxValue[m[K’ was not declared in this scope
   83 |             uchar index = static_cast<uchar>(255.0 * value / [01;31m[KmaxValue[m[K);
      |                                                              [01;31m[K^~~~~~~~[m[K
[01m[K/home/spaaaaace/Code/mid70/2025_radar_station/src/radar_station/src/radar_station.cpp:84:41:[m[K [01;31m[Kerror: [m[Kinvalid types ‘[01m[K<unresolved overloaded function type>[uchar {aka unsigned char}][m[K’ for array subscript
   84 |             cv::Scalar color = colormap_[01;31m[K[[m[Kindex];
      |                                         [01;31m[K^[m[K
[01m[K/home/spaaaaace/Code/mid70/2025_radar_station/src/radar_station/src/radar_station.cpp:[m[K In member function ‘[01m[Kvoid RadarStation::generate_color_map()[m[K’:
[01m[K/home/spaaaaace/Code/mid70/2025_radar_station/src/radar_station/src/radar_station.cpp:134:18:[m[K [01;31m[Kerror: [m[Kinvalid types ‘[01m[K<unresolved overloaded function type>[int][m[K’ for array subscript
  134 |         colormap_[01;31m[K[[m[Ki] = cv::Scalar(bgr[0], bgr[1], bgr[2]);
      |                  [01;31m[K^[m[K
gmake[2]: *** [CMakeFiles/radar_station.dir/build.make:76：CMakeFiles/radar_station.dir/src/radar_station.cpp.o] 错误 1
gmake[1]: *** [CMakeFiles/Makefile2:137：CMakeFiles/radar_station.dir/all] 错误 2
gmake: *** [Makefile:146：all] 错误 2
