[33mCMake Warning (dev) at CMakeLists.txt:31 (find_package):
  Policy CMP0074 is not set: find_package uses <PackageName>_ROOT variables.
  Run "cmake --help-policy CMP0074" for policy details.  Use the cmake_policy
  command to set the policy and suppress this warning.

  CMake variable PCL_ROOT is set to:

    /usr

  For compatibility, CMake is ignoring the variable.
This warning is for project developers.  Use -Wno-dev to suppress it.
[0m
[0m/usr/include/apr-1.0[0m
[0mapr-1[0m
[33mCMake Warning at /opt/ros/humble/share/ament_cmake_auto/cmake/ament_auto_add_library.cmake:66 (add_library):
  Cannot generate a safe runtime search path for target livox_ros2_driver
  because files in some directories may conflict with libraries in implicit
  directories:

    runtime library [libpng16.so.16] in /usr/lib/x86_64-linux-gnu may be hidden by files in:
      /home/spaaaaace/anaconda3/envs/yolov8/lib
    runtime library [libz.so.1] in /usr/lib/x86_64-linux-gnu may be hidden by files in:
      /home/spaaaaace/anaconda3/envs/yolov8/lib
    runtime library [libfreetype.so.6] in /usr/lib/x86_64-linux-gnu may be hidden by files in:
      /home/spaaaaace/anaconda3/envs/yolov8/lib
    runtime library [libtbb.so.12] in /usr/lib/x86_64-linux-gnu may be hidden by files in:
      /home/spaaaaace/anaconda3/envs/yolov8/lib

  Some of these libraries may not be found correctly.
Call Stack (most recent call first):
  CMakeLists.txt:50 (ament_auto_add_library)

[0m
gmake[2]: *** [CMakeFiles/livox_ros2_driver.dir/build.make:174: CMakeFiles/livox_ros2_driver.dir/livox_ros2_driver/livox_ros2_driver.cpp.o] 中断
gmake[2]: *** [CMakeFiles/livox_ros2_driver.dir/build.make:160: CMakeFiles/livox_ros2_driver.dir/livox_ros2_driver/lddc.cpp.o] 中断
gmake[1]: *** [CMakeFiles/Makefile2:139: CMakeFiles/livox_ros2_driver.dir/all] 中断
gmake: *** [Makefile:146: all] 中断
