[ 50%] [32mBuilding CXX object CMakeFiles/radar_station.dir/src/radar_station.cpp.o[0m
In file included from [01m[K/opt/ros/humble/include/rclcpp/rclcpp/logging.hpp:24[m[K,
                 from [01m[K/opt/ros/humble/include/rclcpp/rclcpp/client.hpp:40[m[K,
                 from [01m[K/opt/ros/humble/include/rclcpp/rclcpp/callback_group.hpp:24[m[K,
                 from [01m[K/opt/ros/humble/include/rclcpp/rclcpp/any_executable.hpp:20[m[K,
                 from [01m[K/opt/ros/humble/include/rclcpp/rclcpp/memory_strategy.hpp:25[m[K,
                 from [01m[K/opt/ros/humble/include/rclcpp/rclcpp/memory_strategies.hpp:18[m[K,
                 from [01m[K/opt/ros/humble/include/rclcpp/rclcpp/executor_options.hpp:20[m[K,
                 from [01m[K/opt/ros/humble/include/rclcpp/rclcpp/executor.hpp:37[m[K,
                 from [01m[K/opt/ros/humble/include/rclcpp/rclcpp/executors/multi_threaded_executor.hpp:25[m[K,
                 from [01m[K/opt/ros/humble/include/rclcpp/rclcpp/executors.hpp:21[m[K,
                 from [01m[K/opt/ros/humble/include/rclcpp/rclcpp/rclcpp.hpp:155[m[K,
                 from [01m[K/home/spaaaaace/Code/mid70/2025_radar_station/src/radar_station/src/radar_station.cpp:4[m[K:
[01m[K/home/spaaaaace/Code/mid70/2025_radar_station/src/radar_station/src/radar_station.cpp:[m[K In member function ‘[01m[Kvoid RadarStation::image_callback(sensor_msgs::msg::Image_<std::allocator<void> >::SharedPtr)[m[K’:
[01m[K/home/spaaaaace/Code/mid70/2025_radar_station/src/radar_station/src/radar_station.cpp:43:61:[m[K [01;31m[Kerror: [m[K‘[01m[Kimage_mat[m[K’ was not declared in this scope; did you mean ‘[01m[Kimage_mat_[m[K’?
   43 |             RCLCPP_INFO(this->get_logger(), "Image: %dx%d", [01;31m[Kimage_mat[m[K.cols, image_mat.rows);
      |                                                             [01;31m[K^~~~~~~~~[m[K
gmake[2]: *** [CMakeFiles/radar_station.dir/build.make:76：CMakeFiles/radar_station.dir/src/radar_station.cpp.o] 错误 1
gmake[1]: *** [CMakeFiles/Makefile2:137：CMakeFiles/radar_station.dir/all] 错误 2
gmake: *** [Makefile:146：all] 错误 2
