[0.015s] Invoking command in '/home/spaaaaace/Code/mid70/2025_radar_station/build/dji_action4_camera': CMAKE_PREFIX_PATH=${CMAKE_PREFIX_PATH}:/opt/ros/humble CONDA_PROMPT_MODIFIER=(vision) PS1=(vision) \[\e]0;\u@\h: \w\a\]${debian_chroot:+($debian_chroot)}\[\033[01;32m\]\u@\h\[\033[00m\]:\[\033[01;34m\]\w\[\033[00m\]\$ /usr/local/bin/cmake --build /home/spaaaaace/Code/mid70/2025_radar_station/build/dji_action4_camera -- -j22 -l22
[0.035s] [100%] Built target camera_node
[0.038s] Invoked command in '/home/spaaaaace/Code/mid70/2025_radar_station/build/dji_action4_camera' returned '0': CMAKE_PREFIX_PATH=${CMAKE_PREFIX_PATH}:/opt/ros/humble CONDA_PROMPT_MODIFIER=(vision) PS1=(vision) \[\e]0;\u@\h: \w\a\]${debian_chroot:+($debian_chroot)}\[\033[01;32m\]\u@\h\[\033[00m\]:\[\033[01;34m\]\w\[\033[00m\]\$ /usr/local/bin/cmake --build /home/spaaaaace/Code/mid70/2025_radar_station/build/dji_action4_camera -- -j22 -l22
[0.055s] Invoking command in '/home/spaaaaace/Code/mid70/2025_radar_station/build/dji_action4_camera': CMAKE_PREFIX_PATH=${CMAKE_PREFIX_PATH}:/opt/ros/humble CONDA_PROMPT_MODIFIER=(vision) PS1=(vision) \[\e]0;\u@\h: \w\a\]${debian_chroot:+($debian_chroot)}\[\033[01;32m\]\u@\h\[\033[00m\]:\[\033[01;34m\]\w\[\033[00m\]\$ /usr/local/bin/cmake --install /home/spaaaaace/Code/mid70/2025_radar_station/build/dji_action4_camera
[0.056s] -- Install configuration: ""
[0.056s] -- Up-to-date: /home/spaaaaace/Code/mid70/2025_radar_station/install/dji_action4_camera/lib/dji_action4_camera/camera_node
[0.056s] -- Up-to-date: /home/spaaaaace/Code/mid70/2025_radar_station/install/dji_action4_camera/share/ament_index/resource_index/package_run_dependencies/dji_action4_camera
[0.056s] -- Up-to-date: /home/spaaaaace/Code/mid70/2025_radar_station/install/dji_action4_camera/share/ament_index/resource_index/parent_prefix_path/dji_action4_camera
[0.057s] -- Up-to-date: /home/spaaaaace/Code/mid70/2025_radar_station/install/dji_action4_camera/share/dji_action4_camera/environment/ament_prefix_path.sh
[0.057s] -- Up-to-date: /home/spaaaaace/Code/mid70/2025_radar_station/install/dji_action4_camera/share/dji_action4_camera/environment/ament_prefix_path.dsv
[0.057s] -- Up-to-date: /home/spaaaaace/Code/mid70/2025_radar_station/install/dji_action4_camera/share/dji_action4_camera/environment/path.sh
[0.057s] -- Up-to-date: /home/spaaaaace/Code/mid70/2025_radar_station/install/dji_action4_camera/share/dji_action4_camera/environment/path.dsv
[0.057s] -- Up-to-date: /home/spaaaaace/Code/mid70/2025_radar_station/install/dji_action4_camera/share/dji_action4_camera/local_setup.bash
[0.057s] -- Up-to-date: /home/spaaaaace/Code/mid70/2025_radar_station/install/dji_action4_camera/share/dji_action4_camera/local_setup.sh
[0.058s] -- Up-to-date: /home/spaaaaace/Code/mid70/2025_radar_station/install/dji_action4_camera/share/dji_action4_camera/local_setup.zsh
[0.058s] -- Up-to-date: /home/spaaaaace/Code/mid70/2025_radar_station/install/dji_action4_camera/share/dji_action4_camera/local_setup.dsv
[0.058s] -- Installing: /home/spaaaaace/Code/mid70/2025_radar_station/install/dji_action4_camera/share/dji_action4_camera/package.dsv
[0.059s] -- Up-to-date: /home/spaaaaace/Code/mid70/2025_radar_station/install/dji_action4_camera/share/ament_index/resource_index/packages/dji_action4_camera
[0.059s] -- Up-to-date: /home/spaaaaace/Code/mid70/2025_radar_station/install/dji_action4_camera/share/dji_action4_camera/cmake/dji_action4_cameraConfig.cmake
[0.059s] -- Up-to-date: /home/spaaaaace/Code/mid70/2025_radar_station/install/dji_action4_camera/share/dji_action4_camera/cmake/dji_action4_cameraConfig-version.cmake
[0.059s] -- Up-to-date: /home/spaaaaace/Code/mid70/2025_radar_station/install/dji_action4_camera/share/dji_action4_camera/package.xml
[0.060s] Invoked command in '/home/spaaaaace/Code/mid70/2025_radar_station/build/dji_action4_camera' returned '0': CMAKE_PREFIX_PATH=${CMAKE_PREFIX_PATH}:/opt/ros/humble CONDA_PROMPT_MODIFIER=(vision) PS1=(vision) \[\e]0;\u@\h: \w\a\]${debian_chroot:+($debian_chroot)}\[\033[01;32m\]\u@\h\[\033[00m\]:\[\033[01;34m\]\w\[\033[00m\]\$ /usr/local/bin/cmake --install /home/spaaaaace/Code/mid70/2025_radar_station/build/dji_action4_camera
