[0.015s] Invoking command in '/home/spaaaaace/Code/mid70/2025_radar_station/build/livox_sdk_vendor': CMAKE_PREFIX_PATH=${CMAKE_PREFIX_PATH}:/opt/ros/humble CONDA_PROMPT_MODIFIER=(vision) PS1=(vision) \[\e]0;\u@\h: \w\a\]${debian_chroot:+($debian_chroot)}\[\033[01;32m\]\u@\h\[\033[00m\]:\[\033[01;34m\]\w\[\033[00m\]\$ /usr/local/bin/cmake --build /home/spaaaaace/Code/mid70/2025_radar_station/build/livox_sdk_vendor -- -j22 -l22
[0.029s] [ 12%] [34m[1mPerforming update step for 'livox-sdk-v2.3.1'[0m
[0.039s] [ 25%] [34m[1mNo patch step for 'livox-sdk-v2.3.1'[0m
[0.043s] [ 37%] [34m[1mPerforming configure step for 'livox-sdk-v2.3.1'[0m
[0.049s] -- main project dir: /home/spaaaaace/Code/mid70/2025_radar_station/build/livox_sdk_vendor/livox-sdk-v2.3.1-prefix/src/livox-sdk-v2.3.1
[0.051s] -- Configuring done (0.0s)
[0.068s] -- Generating done (0.0s)
[0.068s] -- Build files have been written to: /home/spaaaaace/Code/mid70/2025_radar_station/build/livox_sdk_vendor/livox-sdk-v2.3.1-prefix/src/livox-sdk-v2.3.1-build
[0.073s] [ 50%] [34m[1mPerforming build step for 'livox-sdk-v2.3.1'[0m
[0.102s] [ 54%] Built target livox_sdk_static
[0.110s] [ 58%] Built target lidar_sample
[0.111s] [ 62%] Built target hub_sample
[0.111s] [ 68%] Built target hub_sample_cc
[0.111s] [ 77%] Built target lidar_utc_sync
[0.112s] [ 83%] Built target lidar_sample_cc
[0.112s] [ 89%] Built target lidar_lvx_sample
[0.113s] [ 93%] Built target trouble_shooting
[0.113s] [100%] Built target hub_lvx_sample
[0.119s] [ 62%] [34m[1mPerforming install step for 'livox-sdk-v2.3.1'[0m
[0.146s] [ 54%] Built target livox_sdk_static
[0.154s] [ 58%] Built target trouble_shooting
[0.155s] [ 62%] Built target hub_sample
[0.155s] [ 68%] Built target lidar_lvx_sample
[0.155s] [ 75%] Built target hub_lvx_sample
[0.155s] [ 79%] Built target lidar_sample
[0.155s] [ 85%] Built target hub_sample_cc
[0.155s] [ 91%] Built target lidar_sample_cc
[0.156s] [100%] Built target lidar_utc_sync
[0.162s] [36mInstall the project...[0m
[0.164s] -- Install configuration: ""
[0.164s] -- Up-to-date: /home/spaaaaace/Code/mid70/2025_radar_station/build/livox_sdk_vendor/livox-sdk_install/lib/liblivox_sdk_static.a
[0.164s] -- Up-to-date: /home/spaaaaace/Code/mid70/2025_radar_station/build/livox_sdk_vendor/livox-sdk_install/include/livox_def.h
[0.164s] -- Up-to-date: /home/spaaaaace/Code/mid70/2025_radar_station/build/livox_sdk_vendor/livox-sdk_install/include/livox_sdk.h
[0.169s] [ 75%] [34m[1mCompleted 'livox-sdk-v2.3.1'[0m
[0.177s] [100%] Built target livox-sdk-v2.3.1
[0.181s] Invoked command in '/home/spaaaaace/Code/mid70/2025_radar_station/build/livox_sdk_vendor' returned '0': CMAKE_PREFIX_PATH=${CMAKE_PREFIX_PATH}:/opt/ros/humble CONDA_PROMPT_MODIFIER=(vision) PS1=(vision) \[\e]0;\u@\h: \w\a\]${debian_chroot:+($debian_chroot)}\[\033[01;32m\]\u@\h\[\033[00m\]:\[\033[01;34m\]\w\[\033[00m\]\$ /usr/local/bin/cmake --build /home/spaaaaace/Code/mid70/2025_radar_station/build/livox_sdk_vendor -- -j22 -l22
[0.195s] Invoking command in '/home/spaaaaace/Code/mid70/2025_radar_station/build/livox_sdk_vendor': CMAKE_PREFIX_PATH=${CMAKE_PREFIX_PATH}:/opt/ros/humble CONDA_PROMPT_MODIFIER=(vision) PS1=(vision) \[\e]0;\u@\h: \w\a\]${debian_chroot:+($debian_chroot)}\[\033[01;32m\]\u@\h\[\033[00m\]:\[\033[01;34m\]\w\[\033[00m\]\$ /usr/local/bin/cmake --install /home/spaaaaace/Code/mid70/2025_radar_station/build/livox_sdk_vendor
[0.197s] -- Install configuration: ""
[0.197s] -- Up-to-date: /home/spaaaaace/Code/mid70/2025_radar_station/install/livox_sdk_vendor
[0.197s] -- Up-to-date: /home/spaaaaace/Code/mid70/2025_radar_station/install/livox_sdk_vendor/include
[0.197s] -- Up-to-date: /home/spaaaaace/Code/mid70/2025_radar_station/install/livox_sdk_vendor/include/livox_sdk.h
[0.197s] -- Up-to-date: /home/spaaaaace/Code/mid70/2025_radar_station/install/livox_sdk_vendor/include/livox_def.h
[0.197s] -- Up-to-date: /home/spaaaaace/Code/mid70/2025_radar_station/install/livox_sdk_vendor/lib
[0.197s] -- Up-to-date: /home/spaaaaace/Code/mid70/2025_radar_station/install/livox_sdk_vendor/lib/liblivox_sdk_static.a
[0.198s] -- Up-to-date: /home/spaaaaace/Code/mid70/2025_radar_station/install/livox_sdk_vendor/share/livox_sdk_vendor/cmake
[0.198s] -- Up-to-date: /home/spaaaaace/Code/mid70/2025_radar_station/install/livox_sdk_vendor/share/livox_sdk_vendor/cmake/Modules
[0.198s] -- Up-to-date: /home/spaaaaace/Code/mid70/2025_radar_station/install/livox_sdk_vendor/share/livox_sdk_vendor/cmake/Modules/Findlivox_sdk.cmake
[0.198s] -- Up-to-date: /home/spaaaaace/Code/mid70/2025_radar_station/install/livox_sdk_vendor/share/ament_index/resource_index/package_run_dependencies/livox_sdk_vendor
[0.198s] -- Up-to-date: /home/spaaaaace/Code/mid70/2025_radar_station/install/livox_sdk_vendor/share/ament_index/resource_index/parent_prefix_path/livox_sdk_vendor
[0.198s] -- Up-to-date: /home/spaaaaace/Code/mid70/2025_radar_station/install/livox_sdk_vendor/share/livox_sdk_vendor/environment/ament_prefix_path.sh
[0.198s] -- Up-to-date: /home/spaaaaace/Code/mid70/2025_radar_station/install/livox_sdk_vendor/share/livox_sdk_vendor/environment/ament_prefix_path.dsv
[0.198s] -- Up-to-date: /home/spaaaaace/Code/mid70/2025_radar_station/install/livox_sdk_vendor/share/livox_sdk_vendor/environment/path.sh
[0.198s] -- Up-to-date: /home/spaaaaace/Code/mid70/2025_radar_station/install/livox_sdk_vendor/share/livox_sdk_vendor/environment/path.dsv
[0.198s] -- Up-to-date: /home/spaaaaace/Code/mid70/2025_radar_station/install/livox_sdk_vendor/share/livox_sdk_vendor/local_setup.bash
[0.198s] -- Up-to-date: /home/spaaaaace/Code/mid70/2025_radar_station/install/livox_sdk_vendor/share/livox_sdk_vendor/local_setup.sh
[0.198s] -- Up-to-date: /home/spaaaaace/Code/mid70/2025_radar_station/install/livox_sdk_vendor/share/livox_sdk_vendor/local_setup.zsh
[0.198s] -- Up-to-date: /home/spaaaaace/Code/mid70/2025_radar_station/install/livox_sdk_vendor/share/livox_sdk_vendor/local_setup.dsv
[0.198s] -- Installing: /home/spaaaaace/Code/mid70/2025_radar_station/install/livox_sdk_vendor/share/livox_sdk_vendor/package.dsv
[0.198s] -- Up-to-date: /home/spaaaaace/Code/mid70/2025_radar_station/install/livox_sdk_vendor/share/ament_index/resource_index/packages/livox_sdk_vendor
[0.198s] -- Up-to-date: /home/spaaaaace/Code/mid70/2025_radar_station/install/livox_sdk_vendor/share/livox_sdk_vendor/cmake/livox_sdk_vendor-extras.cmake
[0.198s] -- Up-to-date: /home/spaaaaace/Code/mid70/2025_radar_station/install/livox_sdk_vendor/share/livox_sdk_vendor/cmake/livox_sdk_vendorConfig.cmake
[0.198s] -- Up-to-date: /home/spaaaaace/Code/mid70/2025_radar_station/install/livox_sdk_vendor/share/livox_sdk_vendor/cmake/livox_sdk_vendorConfig-version.cmake
[0.198s] -- Up-to-date: /home/spaaaaace/Code/mid70/2025_radar_station/install/livox_sdk_vendor/share/livox_sdk_vendor/package.xml
[0.200s] Invoked command in '/home/spaaaaace/Code/mid70/2025_radar_station/build/livox_sdk_vendor' returned '0': CMAKE_PREFIX_PATH=${CMAKE_PREFIX_PATH}:/opt/ros/humble CONDA_PROMPT_MODIFIER=(vision) PS1=(vision) \[\e]0;\u@\h: \w\a\]${debian_chroot:+($debian_chroot)}\[\033[01;32m\]\u@\h\[\033[00m\]:\[\033[01;34m\]\w\[\033[00m\]\$ /usr/local/bin/cmake --install /home/spaaaaace/Code/mid70/2025_radar_station/build/livox_sdk_vendor
