[0.018s] Invoking command in '/home/spaaaaace/Code/mid70/2025_radar_station/build/radar_station': CMAKE_PREFIX_PATH=${CMAKE_PREFIX_PATH}:/opt/ros/humble CONDA_PROMPT_MODIFIER=(vision) PS1=(vision) \[\e]0;\u@\h: \w\a\]${debian_chroot:+($debian_chroot)}\[\033[01;32m\]\u@\h\[\033[00m\]:\[\033[01;34m\]\w\[\033[00m\]\$ /usr/local/bin/cmake --build /home/spaaaaace/Code/mid70/2025_radar_station/build/radar_station -- -j22 -l22
[0.055s] [ 50%] [32mBuilding CXX object CMakeFiles/radar_station.dir/src/radar_station.cpp.o[0m
[3.881s] [01m[K/home/spaaaaace/Code/mid70/2025_radar_station/src/radar_station/src/radar_station.cpp:[m[K In member function ‘[01m[Kvoid RadarStation::point_cloud_callback(sensor_msgs::msg::PointCloud2_<std::allocator<void> >::SharedPtr)[m[K’:
[3.881s] [01m[K/home/spaaaaace/Code/mid70/2025_radar_station/src/radar_station/src/radar_station.cpp:88:33:[m[K [01;35m[Kwarning: [m[Ksuggest parentheses around assignment used as truth value [[01;35m[K]8;;https://gcc.gnu.org/onlinedocs/gcc/Warning-Options.html#index-Wparentheses-Wparentheses]8;;[m[K]
[3.881s]    88 |         if([01;35m[Klidar_frame_counter_ = 0[m[K){
[3.881s]       |            [01;35m[K~~~~~~~~~~~~~~~~~~~~~^~~[m[K
[10.070s] [100%] [32m[1mLinking CXX executable radar_station[0m
[10.786s] [100%] Built target radar_station
[10.794s] Invoked command in '/home/spaaaaace/Code/mid70/2025_radar_station/build/radar_station' returned '0': CMAKE_PREFIX_PATH=${CMAKE_PREFIX_PATH}:/opt/ros/humble CONDA_PROMPT_MODIFIER=(vision) PS1=(vision) \[\e]0;\u@\h: \w\a\]${debian_chroot:+($debian_chroot)}\[\033[01;32m\]\u@\h\[\033[00m\]:\[\033[01;34m\]\w\[\033[00m\]\$ /usr/local/bin/cmake --build /home/spaaaaace/Code/mid70/2025_radar_station/build/radar_station -- -j22 -l22
[10.815s] Invoking command in '/home/spaaaaace/Code/mid70/2025_radar_station/build/radar_station': CMAKE_PREFIX_PATH=${CMAKE_PREFIX_PATH}:/opt/ros/humble CONDA_PROMPT_MODIFIER=(vision) PS1=(vision) \[\e]0;\u@\h: \w\a\]${debian_chroot:+($debian_chroot)}\[\033[01;32m\]\u@\h\[\033[00m\]:\[\033[01;34m\]\w\[\033[00m\]\$ /usr/local/bin/cmake --install /home/spaaaaace/Code/mid70/2025_radar_station/build/radar_station
[10.817s] -- Install configuration: ""
[10.818s] -- Installing: /home/spaaaaace/Code/mid70/2025_radar_station/install/radar_station/lib/radar_station/radar_station
[10.822s] -- Set runtime path of "/home/spaaaaace/Code/mid70/2025_radar_station/install/radar_station/lib/radar_station/radar_station" to ""
[10.822s] -- Up-to-date: /home/spaaaaace/Code/mid70/2025_radar_station/install/radar_station/share/ament_index/resource_index/package_run_dependencies/radar_station
[10.822s] -- Up-to-date: /home/spaaaaace/Code/mid70/2025_radar_station/install/radar_station/share/ament_index/resource_index/parent_prefix_path/radar_station
[10.822s] -- Up-to-date: /home/spaaaaace/Code/mid70/2025_radar_station/install/radar_station/share/radar_station/environment/ament_prefix_path.sh
[10.822s] -- Up-to-date: /home/spaaaaace/Code/mid70/2025_radar_station/install/radar_station/share/radar_station/environment/ament_prefix_path.dsv
[10.822s] -- Up-to-date: /home/spaaaaace/Code/mid70/2025_radar_station/install/radar_station/share/radar_station/environment/path.sh
[10.822s] -- Up-to-date: /home/spaaaaace/Code/mid70/2025_radar_station/install/radar_station/share/radar_station/environment/path.dsv
[10.822s] -- Up-to-date: /home/spaaaaace/Code/mid70/2025_radar_station/install/radar_station/share/radar_station/local_setup.bash
[10.822s] -- Up-to-date: /home/spaaaaace/Code/mid70/2025_radar_station/install/radar_station/share/radar_station/local_setup.sh
[10.822s] -- Up-to-date: /home/spaaaaace/Code/mid70/2025_radar_station/install/radar_station/share/radar_station/local_setup.zsh
[10.823s] -- Up-to-date: /home/spaaaaace/Code/mid70/2025_radar_station/install/radar_station/share/radar_station/local_setup.dsv
[10.823s] -- Installing: /home/spaaaaace/Code/mid70/2025_radar_station/install/radar_station/share/radar_station/package.dsv
[10.823s] -- Up-to-date: /home/spaaaaace/Code/mid70/2025_radar_station/install/radar_station/share/ament_index/resource_index/packages/radar_station
[10.823s] -- Up-to-date: /home/spaaaaace/Code/mid70/2025_radar_station/install/radar_station/share/radar_station/cmake/radar_stationConfig.cmake
[10.823s] -- Up-to-date: /home/spaaaaace/Code/mid70/2025_radar_station/install/radar_station/share/radar_station/cmake/radar_stationConfig-version.cmake
[10.823s] -- Up-to-date: /home/spaaaaace/Code/mid70/2025_radar_station/install/radar_station/share/radar_station/package.xml
[10.824s] Invoked command in '/home/spaaaaace/Code/mid70/2025_radar_station/build/radar_station' returned '0': CMAKE_PREFIX_PATH=${CMAKE_PREFIX_PATH}:/opt/ros/humble CONDA_PROMPT_MODIFIER=(vision) PS1=(vision) \[\e]0;\u@\h: \w\a\]${debian_chroot:+($debian_chroot)}\[\033[01;32m\]\u@\h\[\033[00m\]:\[\033[01;34m\]\w\[\033[00m\]\$ /usr/local/bin/cmake --install /home/spaaaaace/Code/mid70/2025_radar_station/build/radar_station
