[01m[K/home/spaaaaace/Code/mid70/2025_radar_station/src/radar_station/src/radar_station.cpp:104:55:[m[K [01;31m[Kerror: [m[Kexpected identifier before ‘[01m[Knew[m[K’
  104 |     pcl::PointCloud<pcl::PointXYZI>::Ptr point_cloud_([01;31m[Knew[m[K pcl::PointCloud<pcl::PointXYZI>);
      |                                                       [01;31m[K^~~[m[K
[01m[K/home/spaaaaace/Code/mid70/2025_radar_station/src/radar_station/src/radar_station.cpp:104:55:[m[K [01;31m[Kerror: [m[Kexpected ‘[01m[K,[m[K’ or ‘[01m[K...[m[K’ before ‘[01m[Knew[m[K’
[01m[K/home/spaaaaace/Code/mid70/2025_radar_station/src/radar_station/src/radar_station.cpp:[m[K In member function ‘[01m[Kvoid RadarStation::image_callback(sensor_msgs::msg::Image_<std::allocator<void> >::SharedPtr)[m[K’:
[01m[K/home/spaaaaace/Code/mid70/2025_radar_station/src/radar_station/src/radar_station.cpp:58:35:[m[K [01;31m[Kerror: [m[Kinvalid use of member function ‘[01m[Kpcl::PointCloud<pcl::PointXYZI>::Ptr RadarStation::point_cloud_(int)[m[K’ (did you forget the ‘[01m[K()[m[K’ ?)
   58 |             for(size_t i = 0; i < [01;31m[Kpoint_cloud_[m[K->points.size(); i++){
      |                                   [01;31m[K^~~~~~~~~~~~[m[K
[01m[K/home/spaaaaace/Code/mid70/2025_radar_station/src/radar_station/src/radar_station.cpp:59:33:[m[K [01;31m[Kerror: [m[Kinvalid use of member function ‘[01m[Kpcl::PointCloud<pcl::PointXYZI>::Ptr RadarStation::point_cloud_(int)[m[K’ (did you forget the ‘[01m[K()[m[K’ ?)
   59 |                 const auto& p = [01;31m[Kpoint_cloud_[m[K->points[i];
      |                                 [01;31m[K^~~~~~~~~~~~[m[K
[01m[K/home/spaaaaace/Code/mid70/2025_radar_station/src/radar_station/src/radar_station.cpp:79:65:[m[K [01;31m[Kerror: [m[Kconversion from ‘[01m[Kpcl::PointCloud<pcl::PointXYZI>*[m[K’ to non-scalar type ‘[01m[Kpcl::PointCloud<pcl::PointXYZI>::Ptr[m[K’ {aka ‘[01m[Kstd::shared_ptr<pcl::PointCloud<pcl::PointXYZI> >[m[K’} requested
   79 |           pcl::PointCloud<pcl::PointXYZI>::Ptr point_cloud_ = [01;31m[Knew pcl::PointCloud<pcl::PointXYZI>[m[K;
      |                                                               [01;31m[K^~~~~~~~~~~~~~~~~~~~~~~~~~~~~~~~~~~[m[K

[01m[K/home/spaaaaace/Code/mid70/2025_radar_station/src/radar_station/src/radar_station.cpp:[m[K In member function ‘[01m[Kvoid RadarStation::point_cloud_callback(sensor_msgs::msg::PointCloud2_<std::allocator<void> >::SharedPtr)[m[K’:
[01m[K/home/spaaaaace/Code/mid70/2025_radar_station/src/radar_station/src/radar_station.cpp:89:10:[m[K [01;31m[Kerror: [m[Kinvalid use of member function ‘[01m[Kpcl::PointCloud<pcl::PointXYZI>::Ptr RadarStation::point_cloud_(int)[m[K’ (did you forget the ‘[01m[K()[m[K’ ?)
   89 |         *[01;31m[Kpoint_cloud_[m[K += *cloud;
      |          [01;31m[K^~~~~~~~~~~~[m[K
gmake[2]: *** [CMakeFiles/radar_station.dir/build.make:76：CMakeFiles/radar_station.dir/src/radar_station.cpp.o] 错误 1
gmake[1]: *** [CMakeFiles/Makefile2:137：CMakeFiles/radar_station.dir/all] 错误 2
gmake: *** [Makefile:146：all] 错误 2
