[0.016s] Invoking command in '/home/spaaaaace/Code/mid70/2025_radar_station/build/radar_station': CMAKE_PREFIX_PATH=${CMAKE_PREFIX_PATH}:/opt/ros/humble CONDA_PROMPT_MODIFIER=(vision) PS1=(vision) \[\e]0;\u@\h: \w\a\]${debian_chroot:+($debian_chroot)}\[\033[01;32m\]\u@\h\[\033[00m\]:\[\033[01;34m\]\w\[\033[00m\]\$ /usr/local/bin/cmake --build /home/spaaaaace/Code/mid70/2025_radar_station/build/radar_station -- -j22 -l22
[0.054s] [ 50%] [32mBuilding CXX object CMakeFiles/radar_station.dir/src/radar_station.cpp.o[0m
[3.832s] [01m[K/home/spaaaaace/Code/mid70/2025_radar_station/src/radar_station/src/radar_station.cpp:104:55:[m[K [01;31m[Kerror: [m[Kexpected identifier before ‘[01m[Knew[m[K’
[3.832s]   104 |     pcl::PointCloud<pcl::PointXYZI>::Ptr point_cloud_([01;31m[Knew[m[K pcl::PointCloud<pcl::PointXYZI>);
[3.832s]       |                                                       [01;31m[K^~~[m[K
[3.832s] [01m[K/home/spaaaaace/Code/mid70/2025_radar_station/src/radar_station/src/radar_station.cpp:104:55:[m[K [01;31m[Kerror: [m[Kexpected ‘[01m[K,[m[K’ or ‘[01m[K...[m[K’ before ‘[01m[Knew[m[K’
[3.853s] [01m[K/home/spaaaaace/Code/mid70/2025_radar_station/src/radar_station/src/radar_station.cpp:[m[K In member function ‘[01m[Kvoid RadarStation::image_callback(sensor_msgs::msg::Image_<std::allocator<void> >::SharedPtr)[m[K’:
[3.853s] [01m[K/home/spaaaaace/Code/mid70/2025_radar_station/src/radar_station/src/radar_station.cpp:58:35:[m[K [01;31m[Kerror: [m[Kinvalid use of member function ‘[01m[Kpcl::PointCloud<pcl::PointXYZI>::Ptr RadarStation::point_cloud_(int)[m[K’ (did you forget the ‘[01m[K()[m[K’ ?)
[3.853s]    58 |             for(size_t i = 0; i < [01;31m[Kpoint_cloud_[m[K->points.size(); i++){
[3.853s]       |                                   [01;31m[K^~~~~~~~~~~~[m[K
[3.853s] [01m[K/home/spaaaaace/Code/mid70/2025_radar_station/src/radar_station/src/radar_station.cpp:59:33:[m[K [01;31m[Kerror: [m[Kinvalid use of member function ‘[01m[Kpcl::PointCloud<pcl::PointXYZI>::Ptr RadarStation::point_cloud_(int)[m[K’ (did you forget the ‘[01m[K()[m[K’ ?)
[3.853s]    59 |                 const auto& p = [01;31m[Kpoint_cloud_[m[K->points[i];
[3.853s]       |                                 [01;31m[K^~~~~~~~~~~~[m[K
[3.875s] [01m[K/home/spaaaaace/Code/mid70/2025_radar_station/src/radar_station/src/radar_station.cpp:79:65:[m[K [01;31m[Kerror: [m[Kconversion from ‘[01m[Kpcl::PointCloud<pcl::PointXYZI>*[m[K’ to non-scalar type ‘[01m[Kpcl::PointCloud<pcl::PointXYZI>::Ptr[m[K’ {aka ‘[01m[Kstd::shared_ptr<pcl::PointCloud<pcl::PointXYZI> >[m[K’} requested
[3.875s]    79 |           pcl::PointCloud<pcl::PointXYZI>::Ptr point_cloud_ = [01;31m[Knew pcl::PointCloud<pcl::PointXYZI>[m[K;
[3.875s]       |                                                               [01;31m[K^~~~~~~~~~~~~~~~~~~~~~~~~~~~~~~~~~~[m[K
[3.875s] 
[3.879s] [01m[K/home/spaaaaace/Code/mid70/2025_radar_station/src/radar_station/src/radar_station.cpp:[m[K In member function ‘[01m[Kvoid RadarStation::point_cloud_callback(sensor_msgs::msg::PointCloud2_<std::allocator<void> >::SharedPtr)[m[K’:
[3.879s] [01m[K/home/spaaaaace/Code/mid70/2025_radar_station/src/radar_station/src/radar_station.cpp:89:10:[m[K [01;31m[Kerror: [m[Kinvalid use of member function ‘[01m[Kpcl::PointCloud<pcl::PointXYZI>::Ptr RadarStation::point_cloud_(int)[m[K’ (did you forget the ‘[01m[K()[m[K’ ?)
[3.879s]    89 |         *[01;31m[Kpoint_cloud_[m[K += *cloud;
[3.879s]       |          [01;31m[K^~~~~~~~~~~~[m[K
[7.026s] gmake[2]: *** [CMakeFiles/radar_station.dir/build.make:76：CMakeFiles/radar_station.dir/src/radar_station.cpp.o] 错误 1
[7.026s] gmake[1]: *** [CMakeFiles/Makefile2:137：CMakeFiles/radar_station.dir/all] 错误 2
[7.026s] gmake: *** [Makefile:146：all] 错误 2
[7.028s] Invoked command in '/home/spaaaaace/Code/mid70/2025_radar_station/build/radar_station' returned '2': CMAKE_PREFIX_PATH=${CMAKE_PREFIX_PATH}:/opt/ros/humble CONDA_PROMPT_MODIFIER=(vision) PS1=(vision) \[\e]0;\u@\h: \w\a\]${debian_chroot:+($debian_chroot)}\[\033[01;32m\]\u@\h\[\033[00m\]:\[\033[01;34m\]\w\[\033[00m\]\$ /usr/local/bin/cmake --build /home/spaaaaace/Code/mid70/2025_radar_station/build/radar_station -- -j22 -l22
