[0.019s] Invoking command in '/home/spaaaaace/Code/mid70/2025_radar_station/build/livox_sdk_vendor': CMAKE_PREFIX_PATH=${CMAKE_PREFIX_PATH}:/opt/ros/humble CONDA_PROMPT_MODIFIER=(vision) PS1=(vision) \[\e]0;\u@\h: \w\a\]${debian_chroot:+($debian_chroot)}\[\033[01;32m\]\u@\h\[\033[00m\]:\[\033[01;34m\]\w\[\033[00m\]\$ /usr/local/bin/cmake /home/spaaaaace/Code/mid70/2025_radar_station/src/livox_ros2_driver/livox_sdk_vendor -DCMAKE_INSTALL_PREFIX=/home/spaaaaace/Code/mid70/2025_radar_station/install/livox_sdk_vendor
[0.058s] -- The C compiler identification is GNU 11.4.0
[0.093s] -- The CXX compiler identification is GNU 11.4.0
[0.102s] -- Detecting C compiler ABI info
[0.143s] -- Detecting C compiler ABI info - done
[0.150s] -- Check for working C compiler: /usr/bin/cc - skipped
[0.150s] -- Detecting C compile features
[0.150s] -- Detecting C compile features - done
[0.152s] -- Detecting CXX compiler ABI info
[0.205s] -- Detecting CXX compiler ABI info - done
[0.216s] -- Check for working CXX compiler: /usr/bin/c++ - skipped
[0.216s] -- Detecting CXX compile features
[0.216s] -- Detecting CXX compile features - done
[0.218s] -- Found ament_cmake: 1.3.11 (/opt/ros/humble/share/ament_cmake/cmake)
[0.463s] -- Found Python3: /home/spaaaaace/anaconda3/envs/vision/bin/python3 (found version "3.8.20") found components: Interpreter 
[0.612s] -- Configuring done (0.6s)
[0.614s] -- Generating done (0.0s)
[0.614s] -- Build files have been written to: /home/spaaaaace/Code/mid70/2025_radar_station/build/livox_sdk_vendor
[0.620s] Invoked command in '/home/spaaaaace/Code/mid70/2025_radar_station/build/livox_sdk_vendor' returned '0': CMAKE_PREFIX_PATH=${CMAKE_PREFIX_PATH}:/opt/ros/humble CONDA_PROMPT_MODIFIER=(vision) PS1=(vision) \[\e]0;\u@\h: \w\a\]${debian_chroot:+($debian_chroot)}\[\033[01;32m\]\u@\h\[\033[00m\]:\[\033[01;34m\]\w\[\033[00m\]\$ /usr/local/bin/cmake /home/spaaaaace/Code/mid70/2025_radar_station/src/livox_ros2_driver/livox_sdk_vendor -DCMAKE_INSTALL_PREFIX=/home/spaaaaace/Code/mid70/2025_radar_station/install/livox_sdk_vendor
[0.622s] Invoking command in '/home/spaaaaace/Code/mid70/2025_radar_station/build/livox_sdk_vendor': CMAKE_PREFIX_PATH=${CMAKE_PREFIX_PATH}:/opt/ros/humble CONDA_PROMPT_MODIFIER=(vision) PS1=(vision) \[\e]0;\u@\h: \w\a\]${debian_chroot:+($debian_chroot)}\[\033[01;32m\]\u@\h\[\033[00m\]:\[\033[01;34m\]\w\[\033[00m\]\$ /usr/local/bin/cmake --build /home/spaaaaace/Code/mid70/2025_radar_station/build/livox_sdk_vendor -- -j22 -l22
[0.640s] [ 12%] [34m[1mCreating directories for 'livox-sdk-v2.3.1'[0m
[0.646s] [ 25%] [34m[1mPerforming download step (git clone) for 'livox-sdk-v2.3.1'[0m
[0.651s] 正克隆到 'livox-sdk-v2.3.1'...
[21.400s] HEAD 目前位于 14c533d fix ROS2 Humble build error
[21.431s] [ 37%] [34m[1mPerforming update step for 'livox-sdk-v2.3.1'[0m
[21.441s] [ 50%] [34m[1mNo patch step for 'livox-sdk-v2.3.1'[0m
[21.447s] [ 62%] [34m[1mPerforming configure step for 'livox-sdk-v2.3.1'[0m
[21.491s] -- The C compiler identification is GNU 11.4.0
[21.538s] -- The CXX compiler identification is GNU 11.4.0
[21.547s] -- Detecting C compiler ABI info
[21.589s] -- Detecting C compiler ABI info - done
[21.597s] -- Check for working C compiler: /usr/bin/cc - skipped
[21.597s] -- Detecting C compile features
[21.597s] -- Detecting C compile features - done
[21.600s] -- Detecting CXX compiler ABI info
[21.651s] -- Detecting CXX compiler ABI info - done
[21.658s] -- Check for working CXX compiler: /usr/bin/c++ - skipped
[21.658s] -- Detecting CXX compile features
[21.658s] -- Detecting CXX compile features - done
[21.659s] -- main project dir: /home/spaaaaace/Code/mid70/2025_radar_station/build/livox_sdk_vendor/livox-sdk-v2.3.1-prefix/src/livox-sdk-v2.3.1
[21.662s] -- Configuring done (0.2s)
[21.673s] -- Generating done (0.0s)
[21.674s] -- Build files have been written to: /home/spaaaaace/Code/mid70/2025_radar_station/build/livox_sdk_vendor/livox-sdk-v2.3.1-prefix/src/livox-sdk-v2.3.1-build
[21.682s] [ 75%] [34m[1mPerforming build step for 'livox-sdk-v2.3.1'[0m
[21.699s] [  2%] [32mBuilding CXX object sdk_core/CMakeFiles/livox_sdk_static.dir/src/third_party/FastCRC/FastCRCsw.cpp.o[0m
[21.700s] [  4%] [32mBuilding CXX object sdk_core/CMakeFiles/livox_sdk_static.dir/src/base/io_loop.cpp.o[0m
[21.700s] [  8%] [32mBuilding CXX object sdk_core/CMakeFiles/livox_sdk_static.dir/src/base/network/unix/network_util.cpp.o[0m
[21.700s] [  8%] [32mBuilding CXX object sdk_core/CMakeFiles/livox_sdk_static.dir/src/base/thread_base.cpp.o[0m
[21.700s] [ 10%] [32mBuilding CXX object sdk_core/CMakeFiles/livox_sdk_static.dir/src/base/io_thread.cpp.o[0m
[21.700s] [ 12%] [32mBuilding CXX object sdk_core/CMakeFiles/livox_sdk_static.dir/src/base/logging.cpp.o[0m
[21.700s] [ 16%] [32mBuilding CXX object sdk_core/CMakeFiles/livox_sdk_static.dir/src/device_manager.cpp.o[0m
[21.700s] [ 16%] [32mBuilding CXX object sdk_core/CMakeFiles/livox_sdk_static.dir/src/livox_sdk.cpp.o[0m
[21.701s] [ 18%] [32mBuilding CXX object sdk_core/CMakeFiles/livox_sdk_static.dir/src/comm/comm_port.cpp.o[0m
[21.701s] [ 20%] [32mBuilding CXX object sdk_core/CMakeFiles/livox_sdk_static.dir/src/device_discovery.cpp.o[0m
[21.701s] [ 22%] [32mBuilding CXX object sdk_core/CMakeFiles/livox_sdk_static.dir/src/comm/sdk_protocol.cpp.o[0m
[21.702s] [ 25%] [32mBuilding CXX object sdk_core/CMakeFiles/livox_sdk_static.dir/src/data_handler/data_handler.cpp.o[0m
[21.703s] [ 27%] [32mBuilding CXX object sdk_core/CMakeFiles/livox_sdk_static.dir/src/data_handler/hub_data_handler.cpp.o[0m
[21.704s] [ 29%] [32mBuilding CXX object sdk_core/CMakeFiles/livox_sdk_static.dir/src/command_handler/command_handler.cpp.o[0m
[21.705s] [ 31%] [32mBuilding CXX object sdk_core/CMakeFiles/livox_sdk_static.dir/src/data_handler/lidar_data_handler.cpp.o[0m
[21.705s] [ 37%] [32mBuilding CXX object sdk_core/CMakeFiles/livox_sdk_static.dir/src/command_handler/lidar_command_handler.cpp.o[0m
[21.706s] [ 37%] [32mBuilding CXX object sdk_core/CMakeFiles/livox_sdk_static.dir/src/command_handler/hub_command_handler.cpp.o[0m
[21.706s] [ 37%] [32mBuilding CXX object sdk_core/CMakeFiles/livox_sdk_static.dir/src/command_handler/command_channel.cpp.o[0m
[21.708s] [ 39%] [32mBuilding CXX object sdk_core/CMakeFiles/livox_sdk_static.dir/src/base/multiple_io/multiple_io_base.cpp.o[0m
[21.709s] [ 41%] [32mBuilding CXX object sdk_core/CMakeFiles/livox_sdk_static.dir/src/command_handler/command_impl.cpp.o[0m
[21.710s] [ 43%] [32mBuilding CXX object sdk_core/CMakeFiles/livox_sdk_static.dir/src/base/multiple_io/multiple_io_epoll.cpp.o[0m
[21.712s] [ 45%] [32mBuilding CXX object sdk_core/CMakeFiles/livox_sdk_static.dir/src/base/multiple_io/multiple_io_poll.cpp.o[0m
[21.730s] [ 47%] [32mBuilding CXX object sdk_core/CMakeFiles/livox_sdk_static.dir/src/base/multiple_io/multiple_io_select.cpp.o[0m
[21.745s] [ 50%] [32mBuilding CXX object sdk_core/CMakeFiles/livox_sdk_static.dir/src/base/multiple_io/multiple_io_kqueue.cpp.o[0m
[21.862s] [ 52%] [32mBuilding CXX object sdk_core/CMakeFiles/livox_sdk_static.dir/src/base/wake_up/unix/wake_up_pipe.cpp.o[0m
[24.134s] [ 54%] [32m[1mLinking CXX static library liblivox_sdk_static.a[0m
[24.219s] [ 54%] Built target livox_sdk_static
[24.226s] [ 56%] [32mBuilding C object sample/lidar/CMakeFiles/lidar_sample.dir/main.c.o[0m
[24.227s] [ 58%] [32mBuilding CXX object sample/hub_lvx_file/CMakeFiles/hub_lvx_sample.dir/main.cpp.o[0m
[24.227s] [ 60%] [32mBuilding C object sample/hub/CMakeFiles/hub_sample.dir/main.c.o[0m
[24.227s] [ 66%] [32mBuilding CXX object sample/hub_lvx_file/CMakeFiles/hub_lvx_sample.dir/lvx_file.cpp.o[0m
[24.228s] [ 66%] [32mBuilding CXX object sample_cc/lidar_utc_sync/CMakeFiles/lidar_utc_sync.dir/lds_lidar.cpp.o[0m
[24.228s] [ 66%] [32mBuilding CXX object sample/lidar_lvx_file/CMakeFiles/lidar_lvx_sample.dir/main.cpp.o[0m
[24.228s] [ 70%] [32mBuilding CXX object sample_cc/lidar_utc_sync/CMakeFiles/lidar_utc_sync.dir/synchro.cpp.o[0m
[24.228s] [ 70%] [32mBuilding CXX object sample/lidar_lvx_file/CMakeFiles/lidar_lvx_sample.dir/lvx_file.cpp.o[0m
[24.228s] [ 72%] [32mBuilding CXX object sample_cc/lidar_utc_sync/CMakeFiles/lidar_utc_sync.dir/main.cpp.o[0m
[24.228s] [ 75%] [32mBuilding CXX object sample_cc/lidar/CMakeFiles/lidar_sample_cc.dir/main.cpp.o[0m
[24.228s] [ 77%] [32mBuilding CXX object sample_cc/lidar/CMakeFiles/lidar_sample_cc.dir/lds_lidar.cpp.o[0m
[24.228s] [ 79%] [32mBuilding CXX object sample_cc/hub/CMakeFiles/hub_sample_cc.dir/main.cpp.o[0m
[24.228s] [ 81%] [32mBuilding CXX object sample_cc/hub/CMakeFiles/hub_sample_cc.dir/lds_hub.cpp.o[0m
[24.229s] [ 83%] [32mBuilding CXX object sample_cc/trouble_shooting/CMakeFiles/trouble_shooting.dir/main.cpp.o[0m
[24.256s] [ 85%] [32m[1mLinking CXX executable hub_sample[0m
[24.274s] [ 87%] [32m[1mLinking CXX executable lidar_sample[0m
[24.517s] [ 89%] [32m[1mLinking CXX executable trouble_shooting[0m
[24.609s] [ 89%] Built target hub_sample
[24.669s] [ 89%] Built target lidar_sample
[24.823s] [ 89%] Built target trouble_shooting
[24.831s] [ 91%] [32m[1mLinking CXX executable lidar_utc_sync[0m
[24.841s] [ 93%] [32m[1mLinking CXX executable lidar_sample_cc[0m
[24.885s] [ 95%] [32m[1mLinking CXX executable hub_lvx_sample[0m
[25.005s] [ 97%] [32m[1mLinking CXX executable hub_sample_cc[0m
[25.070s] [100%] [32m[1mLinking CXX executable lidar_lvx_sample[0m
[25.183s] [100%] Built target lidar_utc_sync
[25.190s] [100%] Built target lidar_sample_cc
[25.261s] [100%] Built target hub_lvx_sample
[25.339s] [100%] Built target hub_sample_cc
[25.375s] [100%] Built target lidar_lvx_sample
[25.383s] [ 87%] [34m[1mPerforming install step for 'livox-sdk-v2.3.1'[0m
[25.417s] [ 54%] Built target livox_sdk_static
[25.423s] [ 58%] Built target lidar_sample
[25.424s] [ 62%] Built target hub_sample
[25.425s] [ 70%] Built target lidar_sample_cc
[25.425s] [ 75%] Built target hub_lvx_sample
[25.425s] [ 81%] Built target hub_sample_cc
[25.426s] [ 85%] Built target trouble_shooting
[25.426s] [ 91%] Built target lidar_lvx_sample
[25.427s] [100%] Built target lidar_utc_sync
[25.433s] [36mInstall the project...[0m
[25.434s] -- Install configuration: ""
[25.435s] -- Installing: /home/spaaaaace/Code/mid70/2025_radar_station/build/livox_sdk_vendor/livox-sdk_install/lib/liblivox_sdk_static.a
[25.443s] -- Installing: /home/spaaaaace/Code/mid70/2025_radar_station/build/livox_sdk_vendor/livox-sdk_install/include/livox_def.h
[25.443s] -- Installing: /home/spaaaaace/Code/mid70/2025_radar_station/build/livox_sdk_vendor/livox-sdk_install/include/livox_sdk.h
[25.449s] [100%] [34m[1mCompleted 'livox-sdk-v2.3.1'[0m
[25.456s] [100%] Built target livox-sdk-v2.3.1
