[0.019s] Invoking command in '/home/spaaaaace/Code/mid70/2025_radar_station/build/livox_sdk_vendor': CMAKE_PREFIX_PATH=${CMAKE_PREFIX_PATH}:/opt/ros/humble CONDA_PROMPT_MODIFIER=(yolov8) /usr/local/bin/cmake --build /home/spaaaaace/Code/mid70/2025_radar_station/build/livox_sdk_vendor -- -j22 -l22
[0.031s] [ 12%] [34m[1mPerforming update step for 'livox-sdk-v2.3.1'[0m
[0.039s] [ 25%] [34m[1mNo patch step for 'livox-sdk-v2.3.1'[0m
[0.043s] [ 37%] [34m[1mPerforming configure step for 'livox-sdk-v2.3.1'[0m
[0.054s] -- main project dir: /home/spaaaaace/Code/mid70/2025_radar_station/build/livox_sdk_vendor/livox-sdk-v2.3.1-prefix/src/livox-sdk-v2.3.1
[0.059s] -- Configuring done (0.0s)
[0.087s] -- Generating done (0.0s)
[0.089s] -- Build files have been written to: /home/spaaaaace/Code/mid70/2025_radar_station/build/livox_sdk_vendor/livox-sdk-v2.3.1-prefix/src/livox-sdk-v2.3.1-build
[0.096s] [ 50%] [34m[1mPerforming build step for 'livox-sdk-v2.3.1'[0m
[0.128s] [ 54%] Built target livox_sdk_static
[0.136s] [ 60%] Built target lidar_lvx_sample
[0.137s] [ 66%] Built target hub_lvx_sample
[0.137s] [ 72%] Built target lidar_sample_cc
[0.137s] [ 77%] Built target hub_sample
[0.137s] [ 83%] Built target hub_sample_cc
[0.138s] [ 87%] Built target lidar_sample
[0.138s] [ 91%] Built target trouble_shooting
[0.139s] [100%] Built target lidar_utc_sync
[0.146s] [ 62%] [34m[1mPerforming install step for 'livox-sdk-v2.3.1'[0m
[0.170s] [ 54%] Built target livox_sdk_static
[0.176s] [ 58%] Built target lidar_sample
[0.176s] [ 62%] Built target hub_sample
[0.177s] [ 72%] Built target lidar_sample_cc
[0.178s] [ 77%] Built target lidar_utc_sync
[0.178s] [ 81%] Built target trouble_shooting
[0.178s] [ 91%] Built target hub_sample_cc
[0.178s] [ 93%] Built target lidar_lvx_sample
[0.179s] [100%] Built target hub_lvx_sample
[0.185s] [36mInstall the project...[0m
[0.186s] -- Install configuration: ""
[0.186s] -- Up-to-date: /home/spaaaaace/Code/mid70/2025_radar_station/build/livox_sdk_vendor/livox-sdk_install/lib/liblivox_sdk_static.a
[0.186s] -- Up-to-date: /home/spaaaaace/Code/mid70/2025_radar_station/build/livox_sdk_vendor/livox-sdk_install/include/livox_def.h
[0.186s] -- Up-to-date: /home/spaaaaace/Code/mid70/2025_radar_station/build/livox_sdk_vendor/livox-sdk_install/include/livox_sdk.h
[0.191s] [ 75%] [34m[1mCompleted 'livox-sdk-v2.3.1'[0m
[0.199s] [100%] Built target livox-sdk-v2.3.1
[0.203s] Invoked command in '/home/spaaaaace/Code/mid70/2025_radar_station/build/livox_sdk_vendor' returned '0': CMAKE_PREFIX_PATH=${CMAKE_PREFIX_PATH}:/opt/ros/humble CONDA_PROMPT_MODIFIER=(yolov8) /usr/local/bin/cmake --build /home/spaaaaace/Code/mid70/2025_radar_station/build/livox_sdk_vendor -- -j22 -l22
[0.219s] Invoking command in '/home/spaaaaace/Code/mid70/2025_radar_station/build/livox_sdk_vendor': CMAKE_PREFIX_PATH=${CMAKE_PREFIX_PATH}:/opt/ros/humble CONDA_PROMPT_MODIFIER=(yolov8) /usr/local/bin/cmake --install /home/spaaaaace/Code/mid70/2025_radar_station/build/livox_sdk_vendor
[0.221s] -- Install configuration: ""
[0.221s] -- Up-to-date: /home/spaaaaace/Code/mid70/2025_radar_station/install/livox_sdk_vendor
[0.221s] -- Up-to-date: /home/spaaaaace/Code/mid70/2025_radar_station/install/livox_sdk_vendor/include
[0.221s] -- Up-to-date: /home/spaaaaace/Code/mid70/2025_radar_station/install/livox_sdk_vendor/include/livox_sdk.h
[0.222s] -- Up-to-date: /home/spaaaaace/Code/mid70/2025_radar_station/install/livox_sdk_vendor/include/livox_def.h
[0.222s] -- Up-to-date: /home/spaaaaace/Code/mid70/2025_radar_station/install/livox_sdk_vendor/lib
[0.222s] -- Up-to-date: /home/spaaaaace/Code/mid70/2025_radar_station/install/livox_sdk_vendor/lib/liblivox_sdk_static.a
[0.222s] -- Up-to-date: /home/spaaaaace/Code/mid70/2025_radar_station/install/livox_sdk_vendor/share/livox_sdk_vendor/cmake
[0.222s] -- Up-to-date: /home/spaaaaace/Code/mid70/2025_radar_station/install/livox_sdk_vendor/share/livox_sdk_vendor/cmake/Modules
[0.222s] -- Up-to-date: /home/spaaaaace/Code/mid70/2025_radar_station/install/livox_sdk_vendor/share/livox_sdk_vendor/cmake/Modules/Findlivox_sdk.cmake
[0.222s] -- Up-to-date: /home/spaaaaace/Code/mid70/2025_radar_station/install/livox_sdk_vendor/share/ament_index/resource_index/package_run_dependencies/livox_sdk_vendor
[0.222s] -- Up-to-date: /home/spaaaaace/Code/mid70/2025_radar_station/install/livox_sdk_vendor/share/ament_index/resource_index/parent_prefix_path/livox_sdk_vendor
[0.222s] -- Up-to-date: /home/spaaaaace/Code/mid70/2025_radar_station/install/livox_sdk_vendor/share/livox_sdk_vendor/environment/ament_prefix_path.sh
[0.222s] -- Up-to-date: /home/spaaaaace/Code/mid70/2025_radar_station/install/livox_sdk_vendor/share/livox_sdk_vendor/environment/ament_prefix_path.dsv
[0.222s] -- Up-to-date: /home/spaaaaace/Code/mid70/2025_radar_station/install/livox_sdk_vendor/share/livox_sdk_vendor/environment/path.sh
[0.222s] -- Up-to-date: /home/spaaaaace/Code/mid70/2025_radar_station/install/livox_sdk_vendor/share/livox_sdk_vendor/environment/path.dsv
[0.222s] -- Up-to-date: /home/spaaaaace/Code/mid70/2025_radar_station/install/livox_sdk_vendor/share/livox_sdk_vendor/local_setup.bash
[0.222s] -- Up-to-date: /home/spaaaaace/Code/mid70/2025_radar_station/install/livox_sdk_vendor/share/livox_sdk_vendor/local_setup.sh
[0.222s] -- Up-to-date: /home/spaaaaace/Code/mid70/2025_radar_station/install/livox_sdk_vendor/share/livox_sdk_vendor/local_setup.zsh
[0.222s] -- Up-to-date: /home/spaaaaace/Code/mid70/2025_radar_station/install/livox_sdk_vendor/share/livox_sdk_vendor/local_setup.dsv
[0.222s] -- Installing: /home/spaaaaace/Code/mid70/2025_radar_station/install/livox_sdk_vendor/share/livox_sdk_vendor/package.dsv
[0.222s] -- Up-to-date: /home/spaaaaace/Code/mid70/2025_radar_station/install/livox_sdk_vendor/share/ament_index/resource_index/packages/livox_sdk_vendor
[0.222s] -- Up-to-date: /home/spaaaaace/Code/mid70/2025_radar_station/install/livox_sdk_vendor/share/livox_sdk_vendor/cmake/livox_sdk_vendor-extras.cmake
[0.222s] -- Up-to-date: /home/spaaaaace/Code/mid70/2025_radar_station/install/livox_sdk_vendor/share/livox_sdk_vendor/cmake/livox_sdk_vendorConfig.cmake
[0.222s] -- Up-to-date: /home/spaaaaace/Code/mid70/2025_radar_station/install/livox_sdk_vendor/share/livox_sdk_vendor/cmake/livox_sdk_vendorConfig-version.cmake
[0.222s] -- Up-to-date: /home/spaaaaace/Code/mid70/2025_radar_station/install/livox_sdk_vendor/share/livox_sdk_vendor/package.xml
[0.223s] Invoked command in '/home/spaaaaace/Code/mid70/2025_radar_station/build/livox_sdk_vendor' returned '0': CMAKE_PREFIX_PATH=${CMAKE_PREFIX_PATH}:/opt/ros/humble CONDA_PROMPT_MODIFIER=(yolov8) /usr/local/bin/cmake --install /home/spaaaaace/Code/mid70/2025_radar_station/build/livox_sdk_vendor
