[0.008s] Invoking command in '/home/spaaaaace/Code/mid70/2025_radar_station/build/livox_ros2_driver': AMENT_PREFIX_PATH=/home/spaaaaace/Code/mid70/2025_radar_station/install/livox_sdk_vendor:/home/spaaaaace/Code/mid70/2025_radar_station/install/livox_interfaces:${AMENT_PREFIX_PATH} CMAKE_PREFIX_PATH=/home/spaaaaace/Code/mid70/2025_radar_station/install/livox_sdk_vendor:/home/spaaaaace/Code/mid70/2025_radar_station/install/livox_interfaces:/home/spaaaaace/env/MicroROS-Agent/microros_ws/install/micro_ros_agent:/home/spaaaaace/env/MicroROS-Agent/microros_ws/install/micro_ros_msgs:/usr/local:/opt/ros/humble CONDA_PROMPT_MODIFIER=(vision) LD_LIBRARY_PATH=/home/spaaaaace/Code/mid70/2025_radar_station/install/livox_interfaces/lib:${LD_LIBRARY_PATH} PS1=(vision) \[\e]0;\u@\h: \w\a\]${debian_chroot:+($debian_chroot)}\[\033[01;32m\]\u@\h\[\033[00m\]:\[\033[01;34m\]\w\[\033[00m\]\$ PYTHONPATH=/home/spaaaaace/Code/mid70/2025_radar_station/install/livox_interfaces/lib/python3.8/site-packages:${PYTHONPATH} /usr/local/bin/cmake /home/spaaaaace/Code/mid70/2025_radar_station/src/livox_ros2_driver/livox_ros2_driver -DCMAKE_INSTALL_PREFIX=/home/spaaaaace/Code/mid70/2025_radar_station/install/livox_ros2_driver
[0.043s] -- The C compiler identification is GNU 11.4.0
[0.091s] -- The CXX compiler identification is GNU 11.4.0
[0.100s] -- Detecting C compiler ABI info
[0.145s] -- Detecting C compiler ABI info - done
[0.153s] -- Check for working C compiler: /usr/bin/cc - skipped
[0.153s] -- Detecting C compile features
[0.153s] -- Detecting C compile features - done
[0.155s] -- Detecting CXX compiler ABI info
[0.213s] -- Detecting CXX compiler ABI info - done
[0.221s] -- Check for working CXX compiler: /usr/bin/c++ - skipped
[0.221s] -- Detecting CXX compile features
[0.221s] -- Detecting CXX compile features - done
[0.222s] -- livox_ros2_driver version: 0.0.1
[0.223s] -- Found ament_cmake_auto: 1.3.10 (/opt/ros/humble/share/ament_cmake_auto/cmake)
[0.471s] -- Found Python3: /home/spaaaaace/anaconda3/envs/vision/bin/python3 (found version "3.8.20") found components: Interpreter 
[0.613s] -- Found rosidl_generator_c: 3.1.5 (/opt/ros/humble/share/rosidl_generator_c/cmake)
[0.617s] -- Found rosidl_adapter: 3.1.5 (/opt/ros/humble/share/rosidl_adapter/cmake)
[0.623s] -- Found rosidl_generator_cpp: 3.1.5 (/opt/ros/humble/share/rosidl_generator_cpp/cmake)
[0.631s] -- Using all available rosidl_typesupport_c: rosidl_typesupport_fastrtps_c;rosidl_typesupport_introspection_c
[0.643s] -- Using all available rosidl_typesupport_cpp: rosidl_typesupport_fastrtps_cpp;rosidl_typesupport_introspection_cpp
[0.676s] -- Found rmw_implementation_cmake: 6.1.2 (/opt/ros/humble/share/rmw_implementation_cmake/cmake)
[0.678s] -- Found rmw_fastrtps_cpp: 6.2.7 (/opt/ros/humble/share/rmw_fastrtps_cpp/cmake)
[0.750s] -- Found OpenSSL: /usr/lib/x86_64-linux-gnu/libcrypto.so (found version "3.0.2")  
[0.773s] -- Found FastRTPS: /opt/ros/humble/include  
[0.805s] -- Using RMW implementation 'rmw_fastrtps_cpp' as default
[0.811s] -- Performing Test CMAKE_HAVE_LIBC_PTHREAD
[0.862s] -- Performing Test CMAKE_HAVE_LIBC_PTHREAD - Success
[0.863s] -- Found Threads: TRUE  
[0.999s] -- Checking for module 'eigen3'
[1.009s] --   Found eigen3, version 3.4.0
[1.036s] -- Found Eigen: /usr/local/include/eigen3 (Required is at least version "3.1") 
[1.036s] -- Eigen found (include: /usr/local/include/eigen3, version: 3.4.0)
[1.062s] -- Checking for module 'flann'
[1.073s] --   Found flann, version 1.9.1
[1.105s] -- Found FLANN: /usr/lib/x86_64-linux-gnu/libflann_cpp.so  
[1.105s] -- FLANN found (include: /usr/include, lib: /usr/lib/x86_64-linux-gnu/libflann_cpp.so)
[1.822s] -- Checking for module 'libusb-1.0'
[1.834s] --   Found libusb-1.0, version 1.0.25
[1.866s] -- Found libusb: /usr/lib/x86_64-linux-gnu/libusb-1.0.so  
[1.868s] -- OpenNI found (version: 1.5.4.0, include: /usr/include/ni, lib: /usr/lib/libOpenNI.so;libusb::libusb)
[1.916s] -- OpenNI2 found (version: 2.2.0.33, include: /usr/include/openni2, lib: /usr/lib/x86_64-linux-gnu/libOpenNI2.so;libusb::libusb)
[2.058s] -- Eigen found (include: /usr/local/include/eigen3, version: 3.4.0)
[2.065s] -- OpenNI found (version: 1.5.4.0, include: /usr/include/ni, lib: /usr/lib/libOpenNI.so;libusb::libusb)
[2.072s] -- OpenNI2 found (version: 2.2.0.33, include: /usr/include/openni2, lib: /usr/lib/x86_64-linux-gnu/libOpenNI2.so;libusb::libusb)
[2.200s] -- Found Qhull version 8.0.2
[2.331s] -- OpenNI found (version: 1.5.4.0, include: /usr/include/ni, lib: /usr/lib/libOpenNI.so;libusb::libusb)
[2.459s] -- Found PCL_COMMON: /usr/lib/x86_64-linux-gnu/libpcl_common.so  
[2.460s] -- Found PCL_KDTREE: /usr/lib/x86_64-linux-gnu/libpcl_kdtree.so  
[2.460s] -- Found PCL_OCTREE: /usr/lib/x86_64-linux-gnu/libpcl_octree.so  
[2.461s] -- Found PCL_SEARCH: /usr/lib/x86_64-linux-gnu/libpcl_search.so  
[2.462s] -- Found PCL_SAMPLE_CONSENSUS: /usr/lib/x86_64-linux-gnu/libpcl_sample_consensus.so  
[2.463s] -- Found PCL_FILTERS: /usr/lib/x86_64-linux-gnu/libpcl_filters.so  
[2.463s] -- Found PCL_2D: /usr/include/pcl-1.12  
[2.463s] -- Found PCL_GEOMETRY: /usr/include/pcl-1.12  
[2.464s] -- Found PCL_IO: /usr/lib/x86_64-linux-gnu/libpcl_io.so  
[2.465s] -- Found PCL_FEATURES: /usr/lib/x86_64-linux-gnu/libpcl_features.so  
[2.466s] -- Found PCL_ML: /usr/lib/x86_64-linux-gnu/libpcl_ml.so  
[2.466s] -- Found PCL_SEGMENTATION: /usr/lib/x86_64-linux-gnu/libpcl_segmentation.so  
[2.467s] -- Found PCL_VISUALIZATION: /usr/lib/x86_64-linux-gnu/libpcl_visualization.so  
[2.468s] -- Found PCL_SURFACE: /usr/lib/x86_64-linux-gnu/libpcl_surface.so  
[2.469s] -- Found PCL_REGISTRATION: /usr/lib/x86_64-linux-gnu/libpcl_registration.so  
[2.470s] -- Found PCL_KEYPOINTS: /usr/lib/x86_64-linux-gnu/libpcl_keypoints.so  
[2.470s] -- Found PCL_TRACKING: /usr/lib/x86_64-linux-gnu/libpcl_tracking.so  
[2.471s] -- Found PCL_RECOGNITION: /usr/lib/x86_64-linux-gnu/libpcl_recognition.so  
[2.472s] -- Found PCL_STEREO: /usr/lib/x86_64-linux-gnu/libpcl_stereo.so  
[2.473s] -- Found PCL_APPS: /usr/lib/x86_64-linux-gnu/libpcl_apps.so  
[2.474s] -- Found PCL_IN_HAND_SCANNER: /usr/include/pcl-1.12  
[2.474s] -- Found PCL_MODELER: /usr/include/pcl-1.12  
[2.474s] -- Found PCL_POINT_CLOUD_EDITOR: /usr/include/pcl-1.12  
[2.475s] -- Found PCL_OUTOFCORE: /usr/lib/x86_64-linux-gnu/libpcl_outofcore.so  
[2.476s] -- Found PCL_PEOPLE: /usr/lib/x86_64-linux-gnu/libpcl_people.so  
[2.498s] [33mCMake Warning (dev) at CMakeLists.txt:31 (find_package):
[2.499s]   Policy CMP0074 is not set: find_package uses <PackageName>_ROOT variables.
[2.499s]   Run "cmake --help-policy CMP0074" for policy details.  Use the cmake_policy
[2.499s]   command to set the policy and suppress this warning.
[2.499s] 
[2.499s]   CMake variable PCL_ROOT is set to:
[2.499s] 
[2.499s]     /usr
[2.499s] 
[2.499s]   For compatibility, CMake is ignoring the variable.
[2.499s] This warning is for project developers.  Use -Wno-dev to suppress it.
[2.499s] [0m
[2.505s] -- Found livox_sdk: /home/spaaaaace/Code/mid70/2025_radar_station/install/livox_sdk_vendor/include  
[2.508s] -- Found PkgConfig: /usr/bin/pkg-config (found version "1.8.0") 
[2.509s] -- Checking for module 'apr-1'
[2.521s] --   Found apr-1, version 1.7.0
[2.551s] [0m/usr/include/apr-1.0[0m
[2.551s] [0mapr-1[0m
[2.569s] -- Found ament_lint_auto: 0.12.11 (/opt/ros/humble/share/ament_lint_auto/cmake)
[2.584s] -- Added test 'copyright' to check source files copyright and LICENSE
[2.586s] -- Added test 'cppcheck' to perform static code analysis on C / C++ code
[2.586s] -- Configured cppcheck include dirs: /home/spaaaaace/Code/mid70/2025_radar_station/src/livox_ros2_driver/livox_ros2_driver/common;/home/spaaaaace/Code/mid70/2025_radar_station/src/livox_ros2_driver/livox_ros2_driver/common/rapidjson;/home/spaaaaace/Code/mid70/2025_radar_station/src/livox_ros2_driver/livox_ros2_driver/comon/rapdidxml;/home/spaaaaace/Code/mid70/2025_radar_station/src/livox_ros2_driver/livox_ros2_driver/common/comm;/home/spaaaaace/Code/mid70/2025_radar_station/src/livox_ros2_driver/livox_ros2_driver/timesync;/home/spaaaaace/Code/mid70/2025_radar_station/src/livox_ros2_driver/livox_ros2_driver/timesync/user_uart;/home/spaaaaace/Code/mid70/2025_radar_station/src/livox_ros2_driver/livox_ros2_driver/livox_ros2_driver
[2.587s] -- Configured cppcheck exclude dirs and/or files: 
[2.588s] -- Added test 'cpplint' to check C / C++ code against the Google style
[2.588s] -- Configured cpplint exclude dirs and/or files: 
[2.589s] -- Added test 'flake8' to check Python code syntax and style conventions
[2.590s] -- Added test 'lint_cmake' to check CMake code style
[2.590s] -- Added test 'pep257' to check Python code against some of the docstring style conventions in PEP 257
[2.592s] -- Added test 'uncrustify' to check C / C++ code style
[2.592s] -- Configured uncrustify additional arguments: 
[2.593s] -- Added test 'xmllint' to check XML markup files
[2.594s] -- Configuring done (2.6s)
[2.614s] [33mCMake Warning at /opt/ros/humble/share/ament_cmake_auto/cmake/ament_auto_add_library.cmake:66 (add_library):
[2.614s]   Cannot generate a safe runtime search path for target livox_ros2_driver
[2.614s]   because files in some directories may conflict with libraries in implicit
[2.615s]   directories:
[2.615s] 
[2.615s]     runtime library [libz.so.1] in /usr/lib/x86_64-linux-gnu may be hidden by files in:
[2.615s]       /home/spaaaaace/anaconda3/envs/vision/lib
[2.615s] 
[2.615s]   Some of these libraries may not be found correctly.
[2.615s] Call Stack (most recent call first):
[2.615s]   CMakeLists.txt:50 (ament_auto_add_library)
[2.615s] 
[2.615s] [0m
[2.618s] -- Generating done (0.0s)
[2.620s] -- Build files have been written to: /home/spaaaaace/Code/mid70/2025_radar_station/build/livox_ros2_driver
[2.637s] Invoked command in '/home/spaaaaace/Code/mid70/2025_radar_station/build/livox_ros2_driver' returned '0': AMENT_PREFIX_PATH=/home/spaaaaace/Code/mid70/2025_radar_station/install/livox_sdk_vendor:/home/spaaaaace/Code/mid70/2025_radar_station/install/livox_interfaces:${AMENT_PREFIX_PATH} CMAKE_PREFIX_PATH=/home/spaaaaace/Code/mid70/2025_radar_station/install/livox_sdk_vendor:/home/spaaaaace/Code/mid70/2025_radar_station/install/livox_interfaces:/home/spaaaaace/env/MicroROS-Agent/microros_ws/install/micro_ros_agent:/home/spaaaaace/env/MicroROS-Agent/microros_ws/install/micro_ros_msgs:/usr/local:/opt/ros/humble CONDA_PROMPT_MODIFIER=(vision) LD_LIBRARY_PATH=/home/spaaaaace/Code/mid70/2025_radar_station/install/livox_interfaces/lib:${LD_LIBRARY_PATH} PS1=(vision) \[\e]0;\u@\h: \w\a\]${debian_chroot:+($debian_chroot)}\[\033[01;32m\]\u@\h\[\033[00m\]:\[\033[01;34m\]\w\[\033[00m\]\$ PYTHONPATH=/home/spaaaaace/Code/mid70/2025_radar_station/install/livox_interfaces/lib/python3.8/site-packages:${PYTHONPATH} /usr/local/bin/cmake /home/spaaaaace/Code/mid70/2025_radar_station/src/livox_ros2_driver/livox_ros2_driver -DCMAKE_INSTALL_PREFIX=/home/spaaaaace/Code/mid70/2025_radar_station/install/livox_ros2_driver
[2.638s] Invoking command in '/home/spaaaaace/Code/mid70/2025_radar_station/build/livox_ros2_driver': AMENT_PREFIX_PATH=/home/spaaaaace/Code/mid70/2025_radar_station/install/livox_sdk_vendor:/home/spaaaaace/Code/mid70/2025_radar_station/install/livox_interfaces:${AMENT_PREFIX_PATH} CMAKE_PREFIX_PATH=/home/spaaaaace/Code/mid70/2025_radar_station/install/livox_sdk_vendor:/home/spaaaaace/Code/mid70/2025_radar_station/install/livox_interfaces:/home/spaaaaace/env/MicroROS-Agent/microros_ws/install/micro_ros_agent:/home/spaaaaace/env/MicroROS-Agent/microros_ws/install/micro_ros_msgs:/usr/local:/opt/ros/humble CONDA_PROMPT_MODIFIER=(vision) LD_LIBRARY_PATH=/home/spaaaaace/Code/mid70/2025_radar_station/install/livox_interfaces/lib:${LD_LIBRARY_PATH} PS1=(vision) \[\e]0;\u@\h: \w\a\]${debian_chroot:+($debian_chroot)}\[\033[01;32m\]\u@\h\[\033[00m\]:\[\033[01;34m\]\w\[\033[00m\]\$ PYTHONPATH=/home/spaaaaace/Code/mid70/2025_radar_station/install/livox_interfaces/lib/python3.8/site-packages:${PYTHONPATH} /usr/local/bin/cmake --build /home/spaaaaace/Code/mid70/2025_radar_station/build/livox_ros2_driver -- -j22 -l22
[2.660s] [  6%] [32mBuilding CXX object CMakeFiles/livox_ros2_driver_node.dir/rclcpp_components/node_main_livox_ros2_driver_node.cpp.o[0m
[2.660s] [ 18%] [32mBuilding CXX object CMakeFiles/livox_ros2_driver.dir/livox_ros2_driver/lds_lvx.cpp.o[0m
[2.660s] [ 18%] [32mBuilding CXX object CMakeFiles/livox_ros2_driver.dir/livox_ros2_driver/ldq.cpp.o[0m
[2.660s] [ 25%] [32mBuilding CXX object CMakeFiles/livox_ros2_driver.dir/livox_ros2_driver/lvx_file.cpp.o[0m
[2.660s] [ 31%] [32mBuilding CXX object CMakeFiles/livox_ros2_driver.dir/livox_ros2_driver/lds.cpp.o[0m
[2.660s] [ 37%] [32mBuilding CXX object CMakeFiles/livox_ros2_driver.dir/livox_ros2_driver/lds_hub.cpp.o[0m
[2.660s] [ 43%] [32mBuilding CXX object CMakeFiles/livox_ros2_driver.dir/livox_ros2_driver/livox_ros2_driver.cpp.o[0m
[2.661s] [ 56%] [32mBuilding CXX object CMakeFiles/livox_ros2_driver.dir/livox_ros2_driver/lddc.cpp.o[0m
[2.661s] [ 56%] [32mBuilding CXX object CMakeFiles/livox_ros2_driver.dir/livox_ros2_driver/lds_lidar.cpp.o[0m
[2.661s] [ 62%] [32mBuilding CXX object CMakeFiles/livox_ros2_driver.dir/common/comm/sdk_protocol.cpp.o[0m
[2.662s] [ 81%] [32mBuilding CXX object CMakeFiles/livox_ros2_driver.dir/timesync/user_uart/user_uart.cpp.o[0m
[2.662s] [ 81%] [32mBuilding CXX object CMakeFiles/livox_ros2_driver.dir/common/comm/comm_protocol.cpp.o[0m
[2.662s] [ 81%] [32mBuilding CXX object CMakeFiles/livox_ros2_driver.dir/timesync/timesync.cpp.o[0m
[2.662s] [ 87%] [32mBuilding CXX object CMakeFiles/livox_ros2_driver.dir/common/comm/gps_protocol.cpp.o[0m
[4.838s] [ 93%] [32m[1mLinking CXX executable livox_ros2_driver_node[0m
[4.915s] [ 93%] Built target livox_ros2_driver_node
[7.887s] [100%] [32m[1mLinking CXX shared library liblivox_ros2_driver.so[0m
[8.489s] [100%] Built target livox_ros2_driver
