[0.016s] Invoking command in '/home/spaaaaace/Code/mid70/2025_radar_station/build/mindvision_camera': CMAKE_PREFIX_PATH=${CMAKE_PREFIX_PATH}:/opt/ros/humble CONDA_PROMPT_MODIFIER=(vision) PS1=(vision) \[\e]0;\u@\h: \w\a\]${debian_chroot:+($debian_chroot)}\[\033[01;32m\]\u@\h\[\033[00m\]:\[\033[01;34m\]\w\[\033[00m\]\$ /usr/local/bin/cmake --build /home/spaaaaace/Code/mid70/2025_radar_station/build/mindvision_camera -- -j22 -l22
[0.042s] [ 50%] Built target mindvision_camera_node
[0.042s] [100%] Built target mindvision_camera
[0.046s] Invoked command in '/home/spaaaaace/Code/mid70/2025_radar_station/build/mindvision_camera' returned '0': CMAKE_PREFIX_PATH=${CMAKE_PREFIX_PATH}:/opt/ros/humble CONDA_PROMPT_MODIFIER=(vision) PS1=(vision) \[\e]0;\u@\h: \w\a\]${debian_chroot:+($debian_chroot)}\[\033[01;32m\]\u@\h\[\033[00m\]:\[\033[01;34m\]\w\[\033[00m\]\$ /usr/local/bin/cmake --build /home/spaaaaace/Code/mid70/2025_radar_station/build/mindvision_camera -- -j22 -l22
[0.068s] Invoking command in '/home/spaaaaace/Code/mid70/2025_radar_station/build/mindvision_camera': CMAKE_PREFIX_PATH=${CMAKE_PREFIX_PATH}:/opt/ros/humble CONDA_PROMPT_MODIFIER=(vision) PS1=(vision) \[\e]0;\u@\h: \w\a\]${debian_chroot:+($debian_chroot)}\[\033[01;32m\]\u@\h\[\033[00m\]:\[\033[01;34m\]\w\[\033[00m\]\$ /usr/local/bin/cmake --install /home/spaaaaace/Code/mid70/2025_radar_station/build/mindvision_camera
[0.071s] -- Install configuration: ""
[0.071s] -- Up-to-date: /home/spaaaaace/Code/mid70/2025_radar_station/install/mindvision_camera/lib/mindvision_camera/mindvision_camera_node
[0.071s] -- Up-to-date: /home/spaaaaace/Code/mid70/2025_radar_station/install/mindvision_camera/share/mindvision_camera/environment/library_path.sh
[0.072s] -- Up-to-date: /home/spaaaaace/Code/mid70/2025_radar_station/install/mindvision_camera/share/mindvision_camera/environment/library_path.dsv
[0.072s] -- Up-to-date: /home/spaaaaace/Code/mid70/2025_radar_station/install/mindvision_camera/lib/libmindvision_camera.so
[0.072s] -- Up-to-date: /home/spaaaaace/Code/mid70/2025_radar_station/install/mindvision_camera/share/mindvision_camera/config
[0.072s] -- Up-to-date: /home/spaaaaace/Code/mid70/2025_radar_station/install/mindvision_camera/share/mindvision_camera/config/camera_params.yaml
[0.072s] -- Up-to-date: /home/spaaaaace/Code/mid70/2025_radar_station/install/mindvision_camera/share/mindvision_camera/config/camera_info.yaml
[0.072s] -- Up-to-date: /home/spaaaaace/Code/mid70/2025_radar_station/install/mindvision_camera/share/mindvision_camera/launch
[0.072s] -- Up-to-date: /home/spaaaaace/Code/mid70/2025_radar_station/install/mindvision_camera/share/mindvision_camera/launch/mv_launch.py
[0.072s] -- Up-to-date: /home/spaaaaace/Code/mid70/2025_radar_station/install/mindvision_camera/share/ament_index/resource_index/package_run_dependencies/mindvision_camera
[0.072s] -- Up-to-date: /home/spaaaaace/Code/mid70/2025_radar_station/install/mindvision_camera/share/ament_index/resource_index/parent_prefix_path/mindvision_camera
[0.072s] -- Up-to-date: /home/spaaaaace/Code/mid70/2025_radar_station/install/mindvision_camera/share/mindvision_camera/environment/ament_prefix_path.sh
[0.072s] -- Up-to-date: /home/spaaaaace/Code/mid70/2025_radar_station/install/mindvision_camera/share/mindvision_camera/environment/ament_prefix_path.dsv
[0.072s] -- Up-to-date: /home/spaaaaace/Code/mid70/2025_radar_station/install/mindvision_camera/share/mindvision_camera/environment/path.sh
[0.072s] -- Up-to-date: /home/spaaaaace/Code/mid70/2025_radar_station/install/mindvision_camera/share/mindvision_camera/environment/path.dsv
[0.073s] -- Up-to-date: /home/spaaaaace/Code/mid70/2025_radar_station/install/mindvision_camera/share/mindvision_camera/local_setup.bash
[0.073s] -- Up-to-date: /home/spaaaaace/Code/mid70/2025_radar_station/install/mindvision_camera/share/mindvision_camera/local_setup.sh
[0.073s] -- Up-to-date: /home/spaaaaace/Code/mid70/2025_radar_station/install/mindvision_camera/share/mindvision_camera/local_setup.zsh
[0.073s] -- Up-to-date: /home/spaaaaace/Code/mid70/2025_radar_station/install/mindvision_camera/share/mindvision_camera/local_setup.dsv
[0.073s] -- Installing: /home/spaaaaace/Code/mid70/2025_radar_station/install/mindvision_camera/share/mindvision_camera/package.dsv
[0.073s] -- Up-to-date: /home/spaaaaace/Code/mid70/2025_radar_station/install/mindvision_camera/share/ament_index/resource_index/packages/mindvision_camera
[0.073s] -- Up-to-date: /home/spaaaaace/Code/mid70/2025_radar_station/install/mindvision_camera/share/ament_index/resource_index/rclcpp_components/mindvision_camera
[0.073s] -- Up-to-date: /home/spaaaaace/Code/mid70/2025_radar_station/install/mindvision_camera/share/mindvision_camera/cmake/ament_cmake_export_dependencies-extras.cmake
[0.073s] -- Up-to-date: /home/spaaaaace/Code/mid70/2025_radar_station/install/mindvision_camera/share/mindvision_camera/cmake/ament_cmake_export_libraries-extras.cmake
[0.073s] -- Up-to-date: /home/spaaaaace/Code/mid70/2025_radar_station/install/mindvision_camera/share/mindvision_camera/cmake/mindvision_cameraConfig.cmake
[0.073s] -- Up-to-date: /home/spaaaaace/Code/mid70/2025_radar_station/install/mindvision_camera/share/mindvision_camera/cmake/mindvision_cameraConfig-version.cmake
[0.073s] -- Up-to-date: /home/spaaaaace/Code/mid70/2025_radar_station/install/mindvision_camera/share/mindvision_camera/package.xml
[0.085s] Invoked command in '/home/spaaaaace/Code/mid70/2025_radar_station/build/mindvision_camera' returned '0': CMAKE_PREFIX_PATH=${CMAKE_PREFIX_PATH}:/opt/ros/humble CONDA_PROMPT_MODIFIER=(vision) PS1=(vision) \[\e]0;\u@\h: \w\a\]${debian_chroot:+($debian_chroot)}\[\033[01;32m\]\u@\h\[\033[00m\]:\[\033[01;34m\]\w\[\033[00m\]\$ /usr/local/bin/cmake --install /home/spaaaaace/Code/mid70/2025_radar_station/build/mindvision_camera
