[0.015s] Invoking command in '/home/spaaaaace/Code/mid70/2025_radar_station/build/livox_sdk_vendor': CMAKE_PREFIX_PATH=${CMAKE_PREFIX_PATH}:/opt/ros/humble CONDA_PROMPT_MODIFIER=(vision) PS1=(vision) \[\e]0;\u@\h: \w\a\]${debian_chroot:+($debian_chroot)}\[\033[01;32m\]\u@\h\[\033[00m\]:\[\033[01;34m\]\w\[\033[00m\]\$ /usr/local/bin/cmake --build /home/spaaaaace/Code/mid70/2025_radar_station/build/livox_sdk_vendor -- -j22 -l22
[0.029s] [ 12%] [34m[1mPerforming update step for 'livox-sdk-v2.3.1'[0m
[0.039s] [ 25%] [34m[1mNo patch step for 'livox-sdk-v2.3.1'[0m
[0.045s] [ 37%] [34m[1mPerforming configure step for 'livox-sdk-v2.3.1'[0m
[0.052s] -- main project dir: /home/spaaaaace/Code/mid70/2025_radar_station/build/livox_sdk_vendor/livox-sdk-v2.3.1-prefix/src/livox-sdk-v2.3.1
[0.054s] -- Configuring done (0.0s)
[0.068s] -- Generating done (0.0s)
[0.073s] -- Build files have been written to: /home/spaaaaace/Code/mid70/2025_radar_station/build/livox_sdk_vendor/livox-sdk-v2.3.1-prefix/src/livox-sdk-v2.3.1-build
[0.074s] [ 50%] [34m[1mPerforming build step for 'livox-sdk-v2.3.1'[0m
[0.111s] [ 54%] Built target livox_sdk_static
[0.119s] [ 58%] Built target hub_sample
[0.119s] [ 66%] Built target lidar_sample
[0.119s] [ 66%] Built target trouble_shooting
[0.119s] [ 72%] Built target hub_lvx_sample
[0.120s] [ 79%] Built target lidar_sample_cc
[0.120s] [ 85%] Built target lidar_lvx_sample
[0.122s] [ 95%] Built target hub_sample_cc
[0.122s] [100%] Built target lidar_utc_sync
[0.129s] [ 62%] [34m[1mPerforming install step for 'livox-sdk-v2.3.1'[0m
[0.155s] [ 54%] Built target livox_sdk_static
[0.162s] [ 58%] Built target lidar_sample
[0.162s] [ 64%] Built target lidar_sample_cc
[0.162s] [ 77%] Built target lidar_lvx_sample
[0.162s] [ 77%] Built target hub_sample_cc
[0.163s] [ 81%] Built target hub_sample
[0.163s] [ 85%] Built target trouble_shooting
[0.163s] [ 91%] Built target hub_lvx_sample
[0.165s] [100%] Built target lidar_utc_sync
[0.170s] [36mInstall the project...[0m
[0.172s] -- Install configuration: ""
[0.172s] -- Up-to-date: /home/spaaaaace/Code/mid70/2025_radar_station/build/livox_sdk_vendor/livox-sdk_install/lib/liblivox_sdk_static.a
[0.173s] -- Up-to-date: /home/spaaaaace/Code/mid70/2025_radar_station/build/livox_sdk_vendor/livox-sdk_install/include/livox_def.h
[0.173s] -- Up-to-date: /home/spaaaaace/Code/mid70/2025_radar_station/build/livox_sdk_vendor/livox-sdk_install/include/livox_sdk.h
[0.178s] [ 75%] [34m[1mCompleted 'livox-sdk-v2.3.1'[0m
[0.185s] [100%] Built target livox-sdk-v2.3.1
[0.188s] Invoked command in '/home/spaaaaace/Code/mid70/2025_radar_station/build/livox_sdk_vendor' returned '0': CMAKE_PREFIX_PATH=${CMAKE_PREFIX_PATH}:/opt/ros/humble CONDA_PROMPT_MODIFIER=(vision) PS1=(vision) \[\e]0;\u@\h: \w\a\]${debian_chroot:+($debian_chroot)}\[\033[01;32m\]\u@\h\[\033[00m\]:\[\033[01;34m\]\w\[\033[00m\]\$ /usr/local/bin/cmake --build /home/spaaaaace/Code/mid70/2025_radar_station/build/livox_sdk_vendor -- -j22 -l22
[0.204s] Invoking command in '/home/spaaaaace/Code/mid70/2025_radar_station/build/livox_sdk_vendor': CMAKE_PREFIX_PATH=${CMAKE_PREFIX_PATH}:/opt/ros/humble CONDA_PROMPT_MODIFIER=(vision) PS1=(vision) \[\e]0;\u@\h: \w\a\]${debian_chroot:+($debian_chroot)}\[\033[01;32m\]\u@\h\[\033[00m\]:\[\033[01;34m\]\w\[\033[00m\]\$ /usr/local/bin/cmake --install /home/spaaaaace/Code/mid70/2025_radar_station/build/livox_sdk_vendor
[0.205s] -- Install configuration: ""
[0.205s] -- Up-to-date: /home/spaaaaace/Code/mid70/2025_radar_station/install/livox_sdk_vendor
[0.205s] -- Up-to-date: /home/spaaaaace/Code/mid70/2025_radar_station/install/livox_sdk_vendor/include
[0.205s] -- Up-to-date: /home/spaaaaace/Code/mid70/2025_radar_station/install/livox_sdk_vendor/include/livox_sdk.h
[0.205s] -- Up-to-date: /home/spaaaaace/Code/mid70/2025_radar_station/install/livox_sdk_vendor/include/livox_def.h
[0.205s] -- Up-to-date: /home/spaaaaace/Code/mid70/2025_radar_station/install/livox_sdk_vendor/lib
[0.205s] -- Up-to-date: /home/spaaaaace/Code/mid70/2025_radar_station/install/livox_sdk_vendor/lib/liblivox_sdk_static.a
[0.205s] -- Up-to-date: /home/spaaaaace/Code/mid70/2025_radar_station/install/livox_sdk_vendor/share/livox_sdk_vendor/cmake
[0.205s] -- Up-to-date: /home/spaaaaace/Code/mid70/2025_radar_station/install/livox_sdk_vendor/share/livox_sdk_vendor/cmake/Modules
[0.205s] -- Up-to-date: /home/spaaaaace/Code/mid70/2025_radar_station/install/livox_sdk_vendor/share/livox_sdk_vendor/cmake/Modules/Findlivox_sdk.cmake
[0.205s] -- Up-to-date: /home/spaaaaace/Code/mid70/2025_radar_station/install/livox_sdk_vendor/share/ament_index/resource_index/package_run_dependencies/livox_sdk_vendor
[0.205s] -- Up-to-date: /home/spaaaaace/Code/mid70/2025_radar_station/install/livox_sdk_vendor/share/ament_index/resource_index/parent_prefix_path/livox_sdk_vendor
[0.205s] -- Up-to-date: /home/spaaaaace/Code/mid70/2025_radar_station/install/livox_sdk_vendor/share/livox_sdk_vendor/environment/ament_prefix_path.sh
[0.205s] -- Up-to-date: /home/spaaaaace/Code/mid70/2025_radar_station/install/livox_sdk_vendor/share/livox_sdk_vendor/environment/ament_prefix_path.dsv
[0.205s] -- Up-to-date: /home/spaaaaace/Code/mid70/2025_radar_station/install/livox_sdk_vendor/share/livox_sdk_vendor/environment/path.sh
[0.206s] -- Up-to-date: /home/spaaaaace/Code/mid70/2025_radar_station/install/livox_sdk_vendor/share/livox_sdk_vendor/environment/path.dsv
[0.206s] -- Up-to-date: /home/spaaaaace/Code/mid70/2025_radar_station/install/livox_sdk_vendor/share/livox_sdk_vendor/local_setup.bash
[0.206s] -- Up-to-date: /home/spaaaaace/Code/mid70/2025_radar_station/install/livox_sdk_vendor/share/livox_sdk_vendor/local_setup.sh
[0.206s] -- Up-to-date: /home/spaaaaace/Code/mid70/2025_radar_station/install/livox_sdk_vendor/share/livox_sdk_vendor/local_setup.zsh
[0.207s] -- Up-to-date: /home/spaaaaace/Code/mid70/2025_radar_station/install/livox_sdk_vendor/share/livox_sdk_vendor/local_setup.dsv
[0.207s] -- Installing: /home/spaaaaace/Code/mid70/2025_radar_station/install/livox_sdk_vendor/share/livox_sdk_vendor/package.dsv
[0.207s] -- Up-to-date: /home/spaaaaace/Code/mid70/2025_radar_station/install/livox_sdk_vendor/share/ament_index/resource_index/packages/livox_sdk_vendor
[0.207s] -- Up-to-date: /home/spaaaaace/Code/mid70/2025_radar_station/install/livox_sdk_vendor/share/livox_sdk_vendor/cmake/livox_sdk_vendor-extras.cmake
[0.207s] -- Up-to-date: /home/spaaaaace/Code/mid70/2025_radar_station/install/livox_sdk_vendor/share/livox_sdk_vendor/cmake/livox_sdk_vendorConfig.cmake
[0.207s] -- Up-to-date: /home/spaaaaace/Code/mid70/2025_radar_station/install/livox_sdk_vendor/share/livox_sdk_vendor/cmake/livox_sdk_vendorConfig-version.cmake
[0.207s] -- Up-to-date: /home/spaaaaace/Code/mid70/2025_radar_station/install/livox_sdk_vendor/share/livox_sdk_vendor/package.xml
[0.207s] Invoked command in '/home/spaaaaace/Code/mid70/2025_radar_station/build/livox_sdk_vendor' returned '0': CMAKE_PREFIX_PATH=${CMAKE_PREFIX_PATH}:/opt/ros/humble CONDA_PROMPT_MODIFIER=(vision) PS1=(vision) \[\e]0;\u@\h: \w\a\]${debian_chroot:+($debian_chroot)}\[\033[01;32m\]\u@\h\[\033[00m\]:\[\033[01;34m\]\w\[\033[00m\]\$ /usr/local/bin/cmake --install /home/spaaaaace/Code/mid70/2025_radar_station/build/livox_sdk_vendor
