[0.058s] DEBUG:colcon:Command line arguments: ['/usr/bin/colcon', 'build']
[0.058s] DEBUG:colcon:Parsed command line arguments: Namespace(log_base=None, log_level=None, verb_name='build', build_base='build', install_base='install', merge_install=False, symlink_install=False, test_result_base=None, continue_on_error=False, executor='parallel', parallel_workers=22, event_handlers=None, ignore_user_meta=False, metas=['./colcon.meta'], base_paths=['.'], packages_ignore=None, packages_ignore_regex=None, paths=None, packages_up_to=None, packages_up_to_regex=None, packages_above=None, packages_above_and_dependencies=None, packages_above_depth=None, packages_select_by_dep=None, packages_skip_by_dep=None, packages_skip_up_to=None, packages_select_build_failed=False, packages_skip_build_finished=False, packages_select_test_failures=False, packages_skip_test_passed=False, packages_select=None, packages_skip=None, packages_select_regex=None, packages_skip_regex=None, packages_start=None, packages_end=None, allow_overriding=[], cmake_args=None, cmake_target=None, cmake_target_skip_unavailable=False, cmake_clean_cache=False, cmake_clean_first=False, cmake_force_configure=False, ament_cmake_args=None, catkin_cmake_args=None, catkin_skip_building_tests=False, verb_parser=<colcon_defaults.argument_parser.defaults.DefaultArgumentsDecorator object at 0x786b34569030>, verb_extension=<colcon_core.verb.build.BuildVerb object at 0x786b34568ac0>, main=<bound method BuildVerb.main of <colcon_core.verb.build.BuildVerb object at 0x786b34568ac0>>)
[0.155s] Level 1:colcon.colcon_core.package_discovery:discover_packages(colcon_meta) check parameters
[0.155s] Level 1:colcon.colcon_core.package_discovery:discover_packages(recursive) check parameters
[0.155s] Level 1:colcon.colcon_core.package_discovery:discover_packages(ignore) check parameters
[0.155s] Level 1:colcon.colcon_core.package_discovery:discover_packages(path) check parameters
[0.155s] Level 1:colcon.colcon_core.package_discovery:discover_packages(colcon_meta) discover
[0.155s] Level 1:colcon.colcon_core.package_discovery:discover_packages(recursive) discover
[0.155s] INFO:colcon.colcon_core.package_discovery:Crawling recursively for packages in '/home/spaaaaace/Code/mid70/2025_radar_station'
[0.155s] Level 1:colcon.colcon_core.package_identification:_identify(.) by extensions ['ignore', 'ignore_ament_install']
[0.155s] Level 1:colcon.colcon_core.package_identification:_identify(.) by extension 'ignore'
[0.155s] Level 1:colcon.colcon_core.package_identification:_identify(.) by extension 'ignore_ament_install'
[0.155s] Level 1:colcon.colcon_core.package_identification:_identify(.) by extensions ['colcon_pkg']
[0.155s] Level 1:colcon.colcon_core.package_identification:_identify(.) by extension 'colcon_pkg'
[0.155s] Level 1:colcon.colcon_core.package_identification:_identify(.) by extensions ['colcon_meta']
[0.155s] Level 1:colcon.colcon_core.package_identification:_identify(.) by extension 'colcon_meta'
[0.155s] Level 1:colcon.colcon_core.package_identification:_identify(.) by extensions ['ros']
[0.155s] Level 1:colcon.colcon_core.package_identification:_identify(.) by extension 'ros'
[0.162s] Level 1:colcon.colcon_core.package_identification:_identify(.) by extensions ['cmake', 'python']
[0.162s] Level 1:colcon.colcon_core.package_identification:_identify(.) by extension 'cmake'
[0.162s] Level 1:colcon.colcon_core.package_identification:_identify(.) by extension 'python'
[0.162s] Level 1:colcon.colcon_core.package_identification:_identify(.) by extensions ['python_setup_py']
[0.162s] Level 1:colcon.colcon_core.package_identification:_identify(.) by extension 'python_setup_py'
[0.162s] Level 1:colcon.colcon_core.package_identification:_identify(Camera) by extensions ['ignore', 'ignore_ament_install']
[0.162s] Level 1:colcon.colcon_core.package_identification:_identify(Camera) by extension 'ignore'
[0.162s] Level 1:colcon.colcon_core.package_identification:_identify(Camera) by extension 'ignore_ament_install'
[0.162s] Level 1:colcon.colcon_core.package_identification:_identify(Camera) by extensions ['colcon_pkg']
[0.162s] Level 1:colcon.colcon_core.package_identification:_identify(Camera) by extension 'colcon_pkg'
[0.162s] Level 1:colcon.colcon_core.package_identification:_identify(Camera) by extensions ['colcon_meta']
[0.162s] Level 1:colcon.colcon_core.package_identification:_identify(Camera) by extension 'colcon_meta'
[0.162s] Level 1:colcon.colcon_core.package_identification:_identify(Camera) by extensions ['ros']
[0.162s] Level 1:colcon.colcon_core.package_identification:_identify(Camera) by extension 'ros'
[0.162s] Level 1:colcon.colcon_core.package_identification:_identify(Camera) by extensions ['cmake', 'python']
[0.162s] Level 1:colcon.colcon_core.package_identification:_identify(Camera) by extension 'cmake'
[0.162s] Level 1:colcon.colcon_core.package_identification:_identify(Camera) by extension 'python'
[0.162s] Level 1:colcon.colcon_core.package_identification:_identify(Camera) by extensions ['python_setup_py']
[0.162s] Level 1:colcon.colcon_core.package_identification:_identify(Camera) by extension 'python_setup_py'
[0.162s] Level 1:colcon.colcon_core.package_identification:_identify(Camera/Data) by extensions ['ignore', 'ignore_ament_install']
[0.162s] Level 1:colcon.colcon_core.package_identification:_identify(Camera/Data) by extension 'ignore'
[0.162s] Level 1:colcon.colcon_core.package_identification:_identify(Camera/Data) by extension 'ignore_ament_install'
[0.162s] Level 1:colcon.colcon_core.package_identification:_identify(Camera/Data) by extensions ['colcon_pkg']
[0.162s] Level 1:colcon.colcon_core.package_identification:_identify(Camera/Data) by extension 'colcon_pkg'
[0.162s] Level 1:colcon.colcon_core.package_identification:_identify(Camera/Data) by extensions ['colcon_meta']
[0.162s] Level 1:colcon.colcon_core.package_identification:_identify(Camera/Data) by extension 'colcon_meta'
[0.162s] Level 1:colcon.colcon_core.package_identification:_identify(Camera/Data) by extensions ['ros']
[0.162s] Level 1:colcon.colcon_core.package_identification:_identify(Camera/Data) by extension 'ros'
[0.162s] Level 1:colcon.colcon_core.package_identification:_identify(Camera/Data) by extensions ['cmake', 'python']
[0.162s] Level 1:colcon.colcon_core.package_identification:_identify(Camera/Data) by extension 'cmake'
[0.162s] Level 1:colcon.colcon_core.package_identification:_identify(Camera/Data) by extension 'python'
[0.162s] Level 1:colcon.colcon_core.package_identification:_identify(Camera/Data) by extensions ['python_setup_py']
[0.162s] Level 1:colcon.colcon_core.package_identification:_identify(Camera/Data) by extension 'python_setup_py'
[0.162s] Level 1:colcon.colcon_core.package_identification:_identify(Camera/log) by extensions ['ignore', 'ignore_ament_install']
[0.162s] Level 1:colcon.colcon_core.package_identification:_identify(Camera/log) by extension 'ignore'
[0.163s] Level 1:colcon.colcon_core.package_identification:_identify(Camera/log) by extension 'ignore_ament_install'
[0.163s] Level 1:colcon.colcon_core.package_identification:_identify(Camera/log) by extensions ['colcon_pkg']
[0.163s] Level 1:colcon.colcon_core.package_identification:_identify(Camera/log) by extension 'colcon_pkg'
[0.163s] Level 1:colcon.colcon_core.package_identification:_identify(Camera/log) by extensions ['colcon_meta']
[0.163s] Level 1:colcon.colcon_core.package_identification:_identify(Camera/log) by extension 'colcon_meta'
[0.163s] Level 1:colcon.colcon_core.package_identification:_identify(Camera/log) by extensions ['ros']
[0.163s] Level 1:colcon.colcon_core.package_identification:_identify(Camera/log) by extension 'ros'
[0.163s] Level 1:colcon.colcon_core.package_identification:_identify(Camera/log) by extensions ['cmake', 'python']
[0.163s] Level 1:colcon.colcon_core.package_identification:_identify(Camera/log) by extension 'cmake'
[0.163s] Level 1:colcon.colcon_core.package_identification:_identify(Camera/log) by extension 'python'
[0.163s] Level 1:colcon.colcon_core.package_identification:_identify(Camera/log) by extensions ['python_setup_py']
[0.163s] Level 1:colcon.colcon_core.package_identification:_identify(Camera/log) by extension 'python_setup_py'
[0.163s] Level 1:colcon.colcon_core.package_identification:_identify(build) by extensions ['ignore', 'ignore_ament_install']
[0.163s] Level 1:colcon.colcon_core.package_identification:_identify(build) by extension 'ignore'
[0.163s] Level 1:colcon.colcon_core.package_identification:_identify(build) ignored
[0.163s] Level 1:colcon.colcon_core.package_identification:_identify(install) by extensions ['ignore', 'ignore_ament_install']
[0.163s] Level 1:colcon.colcon_core.package_identification:_identify(install) by extension 'ignore'
[0.163s] Level 1:colcon.colcon_core.package_identification:_identify(install) ignored
[0.163s] Level 1:colcon.colcon_core.package_identification:_identify(log) by extensions ['ignore', 'ignore_ament_install']
[0.163s] Level 1:colcon.colcon_core.package_identification:_identify(log) by extension 'ignore'
[0.163s] Level 1:colcon.colcon_core.package_identification:_identify(log) ignored
[0.163s] Level 1:colcon.colcon_core.package_identification:_identify(src) by extensions ['ignore', 'ignore_ament_install']
[0.163s] Level 1:colcon.colcon_core.package_identification:_identify(src) by extension 'ignore'
[0.163s] Level 1:colcon.colcon_core.package_identification:_identify(src) by extension 'ignore_ament_install'
[0.163s] Level 1:colcon.colcon_core.package_identification:_identify(src) by extensions ['colcon_pkg']
[0.163s] Level 1:colcon.colcon_core.package_identification:_identify(src) by extension 'colcon_pkg'
[0.163s] Level 1:colcon.colcon_core.package_identification:_identify(src) by extensions ['colcon_meta']
[0.163s] Level 1:colcon.colcon_core.package_identification:_identify(src) by extension 'colcon_meta'
[0.163s] Level 1:colcon.colcon_core.package_identification:_identify(src) by extensions ['ros']
[0.163s] Level 1:colcon.colcon_core.package_identification:_identify(src) by extension 'ros'
[0.163s] Level 1:colcon.colcon_core.package_identification:_identify(src) by extensions ['cmake', 'python']
[0.163s] Level 1:colcon.colcon_core.package_identification:_identify(src) by extension 'cmake'
[0.163s] Level 1:colcon.colcon_core.package_identification:_identify(src) by extension 'python'
[0.163s] Level 1:colcon.colcon_core.package_identification:_identify(src) by extensions ['python_setup_py']
[0.163s] Level 1:colcon.colcon_core.package_identification:_identify(src) by extension 'python_setup_py'
[0.163s] Level 1:colcon.colcon_core.package_identification:_identify(src/camera_driver) by extensions ['ignore', 'ignore_ament_install']
[0.163s] Level 1:colcon.colcon_core.package_identification:_identify(src/camera_driver) by extension 'ignore'
[0.164s] Level 1:colcon.colcon_core.package_identification:_identify(src/camera_driver) by extension 'ignore_ament_install'
[0.164s] Level 1:colcon.colcon_core.package_identification:_identify(src/camera_driver) by extensions ['colcon_pkg']
[0.164s] Level 1:colcon.colcon_core.package_identification:_identify(src/camera_driver) by extension 'colcon_pkg'
[0.164s] Level 1:colcon.colcon_core.package_identification:_identify(src/camera_driver) by extensions ['colcon_meta']
[0.164s] Level 1:colcon.colcon_core.package_identification:_identify(src/camera_driver) by extension 'colcon_meta'
[0.164s] Level 1:colcon.colcon_core.package_identification:_identify(src/camera_driver) by extensions ['ros']
[0.164s] Level 1:colcon.colcon_core.package_identification:_identify(src/camera_driver) by extension 'ros'
[0.164s] Level 1:colcon.colcon_core.package_identification:_identify(src/camera_driver) by extensions ['cmake', 'python']
[0.164s] Level 1:colcon.colcon_core.package_identification:_identify(src/camera_driver) by extension 'cmake'
[0.164s] Level 1:colcon.colcon_core.package_identification:_identify(src/camera_driver) by extension 'python'
[0.164s] Level 1:colcon.colcon_core.package_identification:_identify(src/camera_driver) by extensions ['python_setup_py']
[0.164s] Level 1:colcon.colcon_core.package_identification:_identify(src/camera_driver) by extension 'python_setup_py'
[0.164s] Level 1:colcon.colcon_core.package_identification:_identify(src/camera_driver/dji_Action4_camera) by extensions ['ignore', 'ignore_ament_install']
[0.164s] Level 1:colcon.colcon_core.package_identification:_identify(src/camera_driver/dji_Action4_camera) by extension 'ignore'
[0.164s] Level 1:colcon.colcon_core.package_identification:_identify(src/camera_driver/dji_Action4_camera) by extension 'ignore_ament_install'
[0.164s] Level 1:colcon.colcon_core.package_identification:_identify(src/camera_driver/dji_Action4_camera) by extensions ['colcon_pkg']
[0.164s] Level 1:colcon.colcon_core.package_identification:_identify(src/camera_driver/dji_Action4_camera) by extension 'colcon_pkg'
[0.164s] Level 1:colcon.colcon_core.package_identification:_identify(src/camera_driver/dji_Action4_camera) by extensions ['colcon_meta']
[0.164s] Level 1:colcon.colcon_core.package_identification:_identify(src/camera_driver/dji_Action4_camera) by extension 'colcon_meta'
[0.164s] Level 1:colcon.colcon_core.package_identification:_identify(src/camera_driver/dji_Action4_camera) by extensions ['ros']
[0.164s] Level 1:colcon.colcon_core.package_identification:_identify(src/camera_driver/dji_Action4_camera) by extension 'ros'
[0.166s] DEBUG:colcon.colcon_core.package_identification:Package 'src/camera_driver/dji_Action4_camera' with type 'ros.ament_cmake' and name 'dji_action4_camera'
[0.166s] Level 1:colcon.colcon_core.package_identification:_identify(src/camera_driver/mindvision_camera) by extensions ['ignore', 'ignore_ament_install']
[0.166s] Level 1:colcon.colcon_core.package_identification:_identify(src/camera_driver/mindvision_camera) by extension 'ignore'
[0.166s] Level 1:colcon.colcon_core.package_identification:_identify(src/camera_driver/mindvision_camera) by extension 'ignore_ament_install'
[0.166s] Level 1:colcon.colcon_core.package_identification:_identify(src/camera_driver/mindvision_camera) by extensions ['colcon_pkg']
[0.166s] Level 1:colcon.colcon_core.package_identification:_identify(src/camera_driver/mindvision_camera) by extension 'colcon_pkg'
[0.166s] Level 1:colcon.colcon_core.package_identification:_identify(src/camera_driver/mindvision_camera) by extensions ['colcon_meta']
[0.166s] Level 1:colcon.colcon_core.package_identification:_identify(src/camera_driver/mindvision_camera) by extension 'colcon_meta'
[0.166s] Level 1:colcon.colcon_core.package_identification:_identify(src/camera_driver/mindvision_camera) by extensions ['ros']
[0.166s] Level 1:colcon.colcon_core.package_identification:_identify(src/camera_driver/mindvision_camera) by extension 'ros'
[0.166s] DEBUG:colcon.colcon_core.package_identification:Package 'src/camera_driver/mindvision_camera' with type 'ros.ament_cmake' and name 'mindvision_camera'
[0.166s] Level 1:colcon.colcon_core.package_identification:_identify(src/livox_ros2_driver) by extensions ['ignore', 'ignore_ament_install']
[0.167s] Level 1:colcon.colcon_core.package_identification:_identify(src/livox_ros2_driver) by extension 'ignore'
[0.167s] Level 1:colcon.colcon_core.package_identification:_identify(src/livox_ros2_driver) by extension 'ignore_ament_install'
[0.167s] Level 1:colcon.colcon_core.package_identification:_identify(src/livox_ros2_driver) by extensions ['colcon_pkg']
[0.167s] Level 1:colcon.colcon_core.package_identification:_identify(src/livox_ros2_driver) by extension 'colcon_pkg'
[0.167s] Level 1:colcon.colcon_core.package_identification:_identify(src/livox_ros2_driver) by extensions ['colcon_meta']
[0.167s] Level 1:colcon.colcon_core.package_identification:_identify(src/livox_ros2_driver) by extension 'colcon_meta'
[0.167s] Level 1:colcon.colcon_core.package_identification:_identify(src/livox_ros2_driver) by extensions ['ros']
[0.167s] Level 1:colcon.colcon_core.package_identification:_identify(src/livox_ros2_driver) by extension 'ros'
[0.167s] Level 1:colcon.colcon_core.package_identification:_identify(src/livox_ros2_driver) by extensions ['cmake', 'python']
[0.167s] Level 1:colcon.colcon_core.package_identification:_identify(src/livox_ros2_driver) by extension 'cmake'
[0.167s] Level 1:colcon.colcon_core.package_identification:_identify(src/livox_ros2_driver) by extension 'python'
[0.167s] Level 1:colcon.colcon_core.package_identification:_identify(src/livox_ros2_driver) by extensions ['python_setup_py']
[0.167s] Level 1:colcon.colcon_core.package_identification:_identify(src/livox_ros2_driver) by extension 'python_setup_py'
[0.167s] Level 1:colcon.colcon_core.package_identification:_identify(src/livox_ros2_driver/images) by extensions ['ignore', 'ignore_ament_install']
[0.167s] Level 1:colcon.colcon_core.package_identification:_identify(src/livox_ros2_driver/images) by extension 'ignore'
[0.167s] Level 1:colcon.colcon_core.package_identification:_identify(src/livox_ros2_driver/images) by extension 'ignore_ament_install'
[0.167s] Level 1:colcon.colcon_core.package_identification:_identify(src/livox_ros2_driver/images) by extensions ['colcon_pkg']
[0.167s] Level 1:colcon.colcon_core.package_identification:_identify(src/livox_ros2_driver/images) by extension 'colcon_pkg'
[0.167s] Level 1:colcon.colcon_core.package_identification:_identify(src/livox_ros2_driver/images) by extensions ['colcon_meta']
[0.167s] Level 1:colcon.colcon_core.package_identification:_identify(src/livox_ros2_driver/images) by extension 'colcon_meta'
[0.167s] Level 1:colcon.colcon_core.package_identification:_identify(src/livox_ros2_driver/images) by extensions ['ros']
[0.167s] Level 1:colcon.colcon_core.package_identification:_identify(src/livox_ros2_driver/images) by extension 'ros'
[0.167s] Level 1:colcon.colcon_core.package_identification:_identify(src/livox_ros2_driver/images) by extensions ['cmake', 'python']
[0.167s] Level 1:colcon.colcon_core.package_identification:_identify(src/livox_ros2_driver/images) by extension 'cmake'
[0.167s] Level 1:colcon.colcon_core.package_identification:_identify(src/livox_ros2_driver/images) by extension 'python'
[0.167s] Level 1:colcon.colcon_core.package_identification:_identify(src/livox_ros2_driver/images) by extensions ['python_setup_py']
[0.167s] Level 1:colcon.colcon_core.package_identification:_identify(src/livox_ros2_driver/images) by extension 'python_setup_py'
[0.167s] Level 1:colcon.colcon_core.package_identification:_identify(src/livox_ros2_driver/livox_interfaces) by extensions ['ignore', 'ignore_ament_install']
[0.167s] Level 1:colcon.colcon_core.package_identification:_identify(src/livox_ros2_driver/livox_interfaces) by extension 'ignore'
[0.167s] Level 1:colcon.colcon_core.package_identification:_identify(src/livox_ros2_driver/livox_interfaces) by extension 'ignore_ament_install'
[0.167s] Level 1:colcon.colcon_core.package_identification:_identify(src/livox_ros2_driver/livox_interfaces) by extensions ['colcon_pkg']
[0.167s] Level 1:colcon.colcon_core.package_identification:_identify(src/livox_ros2_driver/livox_interfaces) by extension 'colcon_pkg'
[0.167s] Level 1:colcon.colcon_core.package_identification:_identify(src/livox_ros2_driver/livox_interfaces) by extensions ['colcon_meta']
[0.167s] Level 1:colcon.colcon_core.package_identification:_identify(src/livox_ros2_driver/livox_interfaces) by extension 'colcon_meta'
[0.167s] Level 1:colcon.colcon_core.package_identification:_identify(src/livox_ros2_driver/livox_interfaces) by extensions ['ros']
[0.167s] Level 1:colcon.colcon_core.package_identification:_identify(src/livox_ros2_driver/livox_interfaces) by extension 'ros'
[0.168s] DEBUG:colcon.colcon_core.package_identification:Package 'src/livox_ros2_driver/livox_interfaces' with type 'ros.ament_cmake' and name 'livox_interfaces'
[0.168s] Level 1:colcon.colcon_core.package_identification:_identify(src/livox_ros2_driver/livox_ros2_driver) by extensions ['ignore', 'ignore_ament_install']
[0.168s] Level 1:colcon.colcon_core.package_identification:_identify(src/livox_ros2_driver/livox_ros2_driver) by extension 'ignore'
[0.168s] Level 1:colcon.colcon_core.package_identification:_identify(src/livox_ros2_driver/livox_ros2_driver) by extension 'ignore_ament_install'
[0.168s] Level 1:colcon.colcon_core.package_identification:_identify(src/livox_ros2_driver/livox_ros2_driver) by extensions ['colcon_pkg']
[0.168s] Level 1:colcon.colcon_core.package_identification:_identify(src/livox_ros2_driver/livox_ros2_driver) by extension 'colcon_pkg'
[0.168s] Level 1:colcon.colcon_core.package_identification:_identify(src/livox_ros2_driver/livox_ros2_driver) by extensions ['colcon_meta']
[0.168s] Level 1:colcon.colcon_core.package_identification:_identify(src/livox_ros2_driver/livox_ros2_driver) by extension 'colcon_meta'
[0.168s] Level 1:colcon.colcon_core.package_identification:_identify(src/livox_ros2_driver/livox_ros2_driver) by extensions ['ros']
[0.168s] Level 1:colcon.colcon_core.package_identification:_identify(src/livox_ros2_driver/livox_ros2_driver) by extension 'ros'
[0.169s] DEBUG:colcon.colcon_core.package_identification:Package 'src/livox_ros2_driver/livox_ros2_driver' with type 'ros.ament_cmake' and name 'livox_ros2_driver'
[0.169s] Level 1:colcon.colcon_core.package_identification:_identify(src/livox_ros2_driver/livox_sdk_vendor) by extensions ['ignore', 'ignore_ament_install']
[0.169s] Level 1:colcon.colcon_core.package_identification:_identify(src/livox_ros2_driver/livox_sdk_vendor) by extension 'ignore'
[0.169s] Level 1:colcon.colcon_core.package_identification:_identify(src/livox_ros2_driver/livox_sdk_vendor) by extension 'ignore_ament_install'
[0.169s] Level 1:colcon.colcon_core.package_identification:_identify(src/livox_ros2_driver/livox_sdk_vendor) by extensions ['colcon_pkg']
[0.169s] Level 1:colcon.colcon_core.package_identification:_identify(src/livox_ros2_driver/livox_sdk_vendor) by extension 'colcon_pkg'
[0.169s] Level 1:colcon.colcon_core.package_identification:_identify(src/livox_ros2_driver/livox_sdk_vendor) by extensions ['colcon_meta']
[0.169s] Level 1:colcon.colcon_core.package_identification:_identify(src/livox_ros2_driver/livox_sdk_vendor) by extension 'colcon_meta'
[0.169s] Level 1:colcon.colcon_core.package_identification:_identify(src/livox_ros2_driver/livox_sdk_vendor) by extensions ['ros']
[0.169s] Level 1:colcon.colcon_core.package_identification:_identify(src/livox_ros2_driver/livox_sdk_vendor) by extension 'ros'
[0.169s] DEBUG:colcon.colcon_core.package_identification:Package 'src/livox_ros2_driver/livox_sdk_vendor' with type 'ros.ament_cmake' and name 'livox_sdk_vendor'
[0.169s] Level 1:colcon.colcon_core.package_identification:_identify(src/radar_station) by extensions ['ignore', 'ignore_ament_install']
[0.169s] Level 1:colcon.colcon_core.package_identification:_identify(src/radar_station) by extension 'ignore'
[0.169s] Level 1:colcon.colcon_core.package_identification:_identify(src/radar_station) by extension 'ignore_ament_install'
[0.169s] Level 1:colcon.colcon_core.package_identification:_identify(src/radar_station) by extensions ['colcon_pkg']
[0.169s] Level 1:colcon.colcon_core.package_identification:_identify(src/radar_station) by extension 'colcon_pkg'
[0.169s] Level 1:colcon.colcon_core.package_identification:_identify(src/radar_station) by extensions ['colcon_meta']
[0.169s] Level 1:colcon.colcon_core.package_identification:_identify(src/radar_station) by extension 'colcon_meta'
[0.169s] Level 1:colcon.colcon_core.package_identification:_identify(src/radar_station) by extensions ['ros']
[0.169s] Level 1:colcon.colcon_core.package_identification:_identify(src/radar_station) by extension 'ros'
[0.170s] DEBUG:colcon.colcon_core.package_identification:Package 'src/radar_station' with type 'ros.ament_cmake' and name 'radar_station'
[0.170s] Level 1:colcon.colcon_core.package_discovery:discover_packages(recursive) using defaults
[0.170s] Level 1:colcon.colcon_core.package_discovery:discover_packages(ignore) discover
[0.170s] Level 1:colcon.colcon_core.package_discovery:discover_packages(ignore) using defaults
[0.170s] Level 1:colcon.colcon_core.package_discovery:discover_packages(path) discover
[0.170s] Level 1:colcon.colcon_core.package_discovery:discover_packages(path) using defaults
[0.188s] Level 1:colcon.colcon_core.package_discovery:discover_packages(prefix_path) check parameters
[0.188s] Level 1:colcon.colcon_core.package_discovery:discover_packages(prefix_path) discover
[0.189s] DEBUG:colcon.colcon_installed_package_information.package_discovery:Found 6 installed packages in /home/spaaaaace/Code/mid70/2025_radar_station/install
[0.189s] DEBUG:colcon.colcon_installed_package_information.package_discovery:Found 2 installed packages in /home/spaaaaace/env/MicroROS-Agent/microros_ws/install
[0.190s] DEBUG:colcon.colcon_installed_package_information.package_discovery:Found 390 installed packages in /opt/ros/humble
[0.191s] Level 1:colcon.colcon_core.package_discovery:discover_packages(prefix_path) using defaults
[0.216s] Level 5:colcon.colcon_core.verb:set package 'dji_action4_camera' build argument 'cmake_args' from command line to 'None'
[0.216s] Level 5:colcon.colcon_core.verb:set package 'dji_action4_camera' build argument 'cmake_target' from command line to 'None'
[0.216s] Level 5:colcon.colcon_core.verb:set package 'dji_action4_camera' build argument 'cmake_target_skip_unavailable' from command line to 'False'
[0.216s] Level 5:colcon.colcon_core.verb:set package 'dji_action4_camera' build argument 'cmake_clean_cache' from command line to 'False'
[0.216s] Level 5:colcon.colcon_core.verb:set package 'dji_action4_camera' build argument 'cmake_clean_first' from command line to 'False'
[0.216s] Level 5:colcon.colcon_core.verb:set package 'dji_action4_camera' build argument 'cmake_force_configure' from command line to 'False'
[0.216s] Level 5:colcon.colcon_core.verb:set package 'dji_action4_camera' build argument 'ament_cmake_args' from command line to 'None'
[0.216s] Level 5:colcon.colcon_core.verb:set package 'dji_action4_camera' build argument 'catkin_cmake_args' from command line to 'None'
[0.216s] Level 5:colcon.colcon_core.verb:set package 'dji_action4_camera' build argument 'catkin_skip_building_tests' from command line to 'False'
[0.216s] DEBUG:colcon.colcon_core.verb:Building package 'dji_action4_camera' with the following arguments: {'ament_cmake_args': None, 'build_base': '/home/spaaaaace/Code/mid70/2025_radar_station/build/dji_action4_camera', 'catkin_cmake_args': None, 'catkin_skip_building_tests': False, 'cmake_args': None, 'cmake_clean_cache': False, 'cmake_clean_first': False, 'cmake_force_configure': False, 'cmake_target': None, 'cmake_target_skip_unavailable': False, 'install_base': '/home/spaaaaace/Code/mid70/2025_radar_station/install/dji_action4_camera', 'merge_install': False, 'path': '/home/spaaaaace/Code/mid70/2025_radar_station/src/camera_driver/dji_Action4_camera', 'symlink_install': False, 'test_result_base': None}
[0.216s] Level 5:colcon.colcon_core.verb:set package 'livox_interfaces' build argument 'cmake_args' from command line to 'None'
[0.216s] Level 5:colcon.colcon_core.verb:set package 'livox_interfaces' build argument 'cmake_target' from command line to 'None'
[0.216s] Level 5:colcon.colcon_core.verb:set package 'livox_interfaces' build argument 'cmake_target_skip_unavailable' from command line to 'False'
[0.216s] Level 5:colcon.colcon_core.verb:set package 'livox_interfaces' build argument 'cmake_clean_cache' from command line to 'False'
[0.216s] Level 5:colcon.colcon_core.verb:set package 'livox_interfaces' build argument 'cmake_clean_first' from command line to 'False'
[0.216s] Level 5:colcon.colcon_core.verb:set package 'livox_interfaces' build argument 'cmake_force_configure' from command line to 'False'
[0.216s] Level 5:colcon.colcon_core.verb:set package 'livox_interfaces' build argument 'ament_cmake_args' from command line to 'None'
[0.216s] Level 5:colcon.colcon_core.verb:set package 'livox_interfaces' build argument 'catkin_cmake_args' from command line to 'None'
[0.216s] Level 5:colcon.colcon_core.verb:set package 'livox_interfaces' build argument 'catkin_skip_building_tests' from command line to 'False'
[0.216s] DEBUG:colcon.colcon_core.verb:Building package 'livox_interfaces' with the following arguments: {'ament_cmake_args': None, 'build_base': '/home/spaaaaace/Code/mid70/2025_radar_station/build/livox_interfaces', 'catkin_cmake_args': None, 'catkin_skip_building_tests': False, 'cmake_args': None, 'cmake_clean_cache': False, 'cmake_clean_first': False, 'cmake_force_configure': False, 'cmake_target': None, 'cmake_target_skip_unavailable': False, 'install_base': '/home/spaaaaace/Code/mid70/2025_radar_station/install/livox_interfaces', 'merge_install': False, 'path': '/home/spaaaaace/Code/mid70/2025_radar_station/src/livox_ros2_driver/livox_interfaces', 'symlink_install': False, 'test_result_base': None}
[0.216s] Level 5:colcon.colcon_core.verb:set package 'livox_sdk_vendor' build argument 'cmake_args' from command line to 'None'
[0.216s] Level 5:colcon.colcon_core.verb:set package 'livox_sdk_vendor' build argument 'cmake_target' from command line to 'None'
[0.216s] Level 5:colcon.colcon_core.verb:set package 'livox_sdk_vendor' build argument 'cmake_target_skip_unavailable' from command line to 'False'
[0.216s] Level 5:colcon.colcon_core.verb:set package 'livox_sdk_vendor' build argument 'cmake_clean_cache' from command line to 'False'
[0.216s] Level 5:colcon.colcon_core.verb:set package 'livox_sdk_vendor' build argument 'cmake_clean_first' from command line to 'False'
[0.216s] Level 5:colcon.colcon_core.verb:set package 'livox_sdk_vendor' build argument 'cmake_force_configure' from command line to 'False'
[0.216s] Level 5:colcon.colcon_core.verb:set package 'livox_sdk_vendor' build argument 'ament_cmake_args' from command line to 'None'
[0.216s] Level 5:colcon.colcon_core.verb:set package 'livox_sdk_vendor' build argument 'catkin_cmake_args' from command line to 'None'
[0.216s] Level 5:colcon.colcon_core.verb:set package 'livox_sdk_vendor' build argument 'catkin_skip_building_tests' from command line to 'False'
[0.216s] DEBUG:colcon.colcon_core.verb:Building package 'livox_sdk_vendor' with the following arguments: {'ament_cmake_args': None, 'build_base': '/home/spaaaaace/Code/mid70/2025_radar_station/build/livox_sdk_vendor', 'catkin_cmake_args': None, 'catkin_skip_building_tests': False, 'cmake_args': None, 'cmake_clean_cache': False, 'cmake_clean_first': False, 'cmake_force_configure': False, 'cmake_target': None, 'cmake_target_skip_unavailable': False, 'install_base': '/home/spaaaaace/Code/mid70/2025_radar_station/install/livox_sdk_vendor', 'merge_install': False, 'path': '/home/spaaaaace/Code/mid70/2025_radar_station/src/livox_ros2_driver/livox_sdk_vendor', 'symlink_install': False, 'test_result_base': None}
[0.217s] Level 5:colcon.colcon_core.verb:set package 'mindvision_camera' build argument 'cmake_args' from command line to 'None'
[0.217s] Level 5:colcon.colcon_core.verb:set package 'mindvision_camera' build argument 'cmake_target' from command line to 'None'
[0.217s] Level 5:colcon.colcon_core.verb:set package 'mindvision_camera' build argument 'cmake_target_skip_unavailable' from command line to 'False'
[0.217s] Level 5:colcon.colcon_core.verb:set package 'mindvision_camera' build argument 'cmake_clean_cache' from command line to 'False'
[0.217s] Level 5:colcon.colcon_core.verb:set package 'mindvision_camera' build argument 'cmake_clean_first' from command line to 'False'
[0.217s] Level 5:colcon.colcon_core.verb:set package 'mindvision_camera' build argument 'cmake_force_configure' from command line to 'False'
[0.217s] Level 5:colcon.colcon_core.verb:set package 'mindvision_camera' build argument 'ament_cmake_args' from command line to 'None'
[0.217s] Level 5:colcon.colcon_core.verb:set package 'mindvision_camera' build argument 'catkin_cmake_args' from command line to 'None'
[0.217s] Level 5:colcon.colcon_core.verb:set package 'mindvision_camera' build argument 'catkin_skip_building_tests' from command line to 'False'
[0.217s] DEBUG:colcon.colcon_core.verb:Building package 'mindvision_camera' with the following arguments: {'ament_cmake_args': None, 'build_base': '/home/spaaaaace/Code/mid70/2025_radar_station/build/mindvision_camera', 'catkin_cmake_args': None, 'catkin_skip_building_tests': False, 'cmake_args': None, 'cmake_clean_cache': False, 'cmake_clean_first': False, 'cmake_force_configure': False, 'cmake_target': None, 'cmake_target_skip_unavailable': False, 'install_base': '/home/spaaaaace/Code/mid70/2025_radar_station/install/mindvision_camera', 'merge_install': False, 'path': '/home/spaaaaace/Code/mid70/2025_radar_station/src/camera_driver/mindvision_camera', 'symlink_install': False, 'test_result_base': None}
[0.217s] Level 5:colcon.colcon_core.verb:set package 'radar_station' build argument 'cmake_args' from command line to 'None'
[0.217s] Level 5:colcon.colcon_core.verb:set package 'radar_station' build argument 'cmake_target' from command line to 'None'
[0.217s] Level 5:colcon.colcon_core.verb:set package 'radar_station' build argument 'cmake_target_skip_unavailable' from command line to 'False'
[0.217s] Level 5:colcon.colcon_core.verb:set package 'radar_station' build argument 'cmake_clean_cache' from command line to 'False'
[0.217s] Level 5:colcon.colcon_core.verb:set package 'radar_station' build argument 'cmake_clean_first' from command line to 'False'
[0.217s] Level 5:colcon.colcon_core.verb:set package 'radar_station' build argument 'cmake_force_configure' from command line to 'False'
[0.217s] Level 5:colcon.colcon_core.verb:set package 'radar_station' build argument 'ament_cmake_args' from command line to 'None'
[0.217s] Level 5:colcon.colcon_core.verb:set package 'radar_station' build argument 'catkin_cmake_args' from command line to 'None'
[0.217s] Level 5:colcon.colcon_core.verb:set package 'radar_station' build argument 'catkin_skip_building_tests' from command line to 'False'
[0.217s] DEBUG:colcon.colcon_core.verb:Building package 'radar_station' with the following arguments: {'ament_cmake_args': None, 'build_base': '/home/spaaaaace/Code/mid70/2025_radar_station/build/radar_station', 'catkin_cmake_args': None, 'catkin_skip_building_tests': False, 'cmake_args': None, 'cmake_clean_cache': False, 'cmake_clean_first': False, 'cmake_force_configure': False, 'cmake_target': None, 'cmake_target_skip_unavailable': False, 'install_base': '/home/spaaaaace/Code/mid70/2025_radar_station/install/radar_station', 'merge_install': False, 'path': '/home/spaaaaace/Code/mid70/2025_radar_station/src/radar_station', 'symlink_install': False, 'test_result_base': None}
[0.217s] Level 5:colcon.colcon_core.verb:set package 'livox_ros2_driver' build argument 'cmake_args' from command line to 'None'
[0.217s] Level 5:colcon.colcon_core.verb:set package 'livox_ros2_driver' build argument 'cmake_target' from command line to 'None'
[0.217s] Level 5:colcon.colcon_core.verb:set package 'livox_ros2_driver' build argument 'cmake_target_skip_unavailable' from command line to 'False'
[0.217s] Level 5:colcon.colcon_core.verb:set package 'livox_ros2_driver' build argument 'cmake_clean_cache' from command line to 'False'
[0.217s] Level 5:colcon.colcon_core.verb:set package 'livox_ros2_driver' build argument 'cmake_clean_first' from command line to 'False'
[0.217s] Level 5:colcon.colcon_core.verb:set package 'livox_ros2_driver' build argument 'cmake_force_configure' from command line to 'False'
[0.217s] Level 5:colcon.colcon_core.verb:set package 'livox_ros2_driver' build argument 'ament_cmake_args' from command line to 'None'
[0.217s] Level 5:colcon.colcon_core.verb:set package 'livox_ros2_driver' build argument 'catkin_cmake_args' from command line to 'None'
[0.217s] Level 5:colcon.colcon_core.verb:set package 'livox_ros2_driver' build argument 'catkin_skip_building_tests' from command line to 'False'
[0.217s] DEBUG:colcon.colcon_core.verb:Building package 'livox_ros2_driver' with the following arguments: {'ament_cmake_args': None, 'build_base': '/home/spaaaaace/Code/mid70/2025_radar_station/build/livox_ros2_driver', 'catkin_cmake_args': None, 'catkin_skip_building_tests': False, 'cmake_args': None, 'cmake_clean_cache': False, 'cmake_clean_first': False, 'cmake_force_configure': False, 'cmake_target': None, 'cmake_target_skip_unavailable': False, 'install_base': '/home/spaaaaace/Code/mid70/2025_radar_station/install/livox_ros2_driver', 'merge_install': False, 'path': '/home/spaaaaace/Code/mid70/2025_radar_station/src/livox_ros2_driver/livox_ros2_driver', 'symlink_install': False, 'test_result_base': None}
[0.217s] INFO:colcon.colcon_core.executor:Executing jobs using 'parallel' executor
[0.218s] DEBUG:colcon.colcon_parallel_executor.executor.parallel:run_until_complete
[0.219s] INFO:colcon.colcon_ros.task.ament_cmake.build:Building ROS package in '/home/spaaaaace/Code/mid70/2025_radar_station/src/livox_ros2_driver/livox_interfaces' with build type 'ament_cmake'
[0.219s] INFO:colcon.colcon_cmake.task.cmake.build:Building CMake package in '/home/spaaaaace/Code/mid70/2025_radar_station/src/livox_ros2_driver/livox_interfaces'
[0.221s] INFO:colcon.colcon_core.plugin_system:Skipping extension 'colcon_core.shell.bat': Not used on non-Windows systems
[0.221s] INFO:colcon.colcon_core.shell:Skip shell extension 'powershell' for command environment: Not usable outside of PowerShell
[0.221s] DEBUG:colcon.colcon_core.shell:Skip shell extension 'dsv' for command environment
[0.224s] INFO:colcon.colcon_ros.task.ament_cmake.build:Building ROS package in '/home/spaaaaace/Code/mid70/2025_radar_station/src/livox_ros2_driver/livox_sdk_vendor' with build type 'ament_cmake'
[0.224s] INFO:colcon.colcon_cmake.task.cmake.build:Building CMake package in '/home/spaaaaace/Code/mid70/2025_radar_station/src/livox_ros2_driver/livox_sdk_vendor'
[0.224s] INFO:colcon.colcon_core.shell:Skip shell extension 'powershell' for command environment: Not usable outside of PowerShell
[0.224s] DEBUG:colcon.colcon_core.shell:Skip shell extension 'dsv' for command environment
[0.226s] INFO:colcon.colcon_ros.task.ament_cmake.build:Building ROS package in '/home/spaaaaace/Code/mid70/2025_radar_station/src/camera_driver/dji_Action4_camera' with build type 'ament_cmake'
[0.226s] INFO:colcon.colcon_cmake.task.cmake.build:Building CMake package in '/home/spaaaaace/Code/mid70/2025_radar_station/src/camera_driver/dji_Action4_camera'
[0.226s] INFO:colcon.colcon_core.shell:Skip shell extension 'powershell' for command environment: Not usable outside of PowerShell
[0.226s] DEBUG:colcon.colcon_core.shell:Skip shell extension 'dsv' for command environment
[0.229s] INFO:colcon.colcon_ros.task.ament_cmake.build:Building ROS package in '/home/spaaaaace/Code/mid70/2025_radar_station/src/camera_driver/mindvision_camera' with build type 'ament_cmake'
[0.229s] INFO:colcon.colcon_cmake.task.cmake.build:Building CMake package in '/home/spaaaaace/Code/mid70/2025_radar_station/src/camera_driver/mindvision_camera'
[0.229s] INFO:colcon.colcon_core.shell:Skip shell extension 'powershell' for command environment: Not usable outside of PowerShell
[0.229s] DEBUG:colcon.colcon_core.shell:Skip shell extension 'dsv' for command environment
[0.231s] INFO:colcon.colcon_ros.task.ament_cmake.build:Building ROS package in '/home/spaaaaace/Code/mid70/2025_radar_station/src/radar_station' with build type 'ament_cmake'
[0.231s] INFO:colcon.colcon_cmake.task.cmake.build:Building CMake package in '/home/spaaaaace/Code/mid70/2025_radar_station/src/radar_station'
[0.231s] INFO:colcon.colcon_core.shell:Skip shell extension 'powershell' for command environment: Not usable outside of PowerShell
[0.231s] DEBUG:colcon.colcon_core.shell:Skip shell extension 'dsv' for command environment
[0.238s] DEBUG:colcon.colcon_core.event_handler.log_command:Invoking command in '/home/spaaaaace/Code/mid70/2025_radar_station/build/livox_interfaces': CMAKE_PREFIX_PATH=${CMAKE_PREFIX_PATH}:/opt/ros/humble CONDA_PROMPT_MODIFIER=(vision) PS1=(vision) \[\e]0;\u@\h: \w\a\]${debian_chroot:+($debian_chroot)}\[\033[01;32m\]\u@\h\[\033[00m\]:\[\033[01;34m\]\w\[\033[00m\]\$ /usr/local/bin/cmake --build /home/spaaaaace/Code/mid70/2025_radar_station/build/livox_interfaces -- -j22 -l22
[0.240s] DEBUG:colcon.colcon_core.event_handler.log_command:Invoking command in '/home/spaaaaace/Code/mid70/2025_radar_station/build/livox_sdk_vendor': CMAKE_PREFIX_PATH=${CMAKE_PREFIX_PATH}:/opt/ros/humble CONDA_PROMPT_MODIFIER=(vision) PS1=(vision) \[\e]0;\u@\h: \w\a\]${debian_chroot:+($debian_chroot)}\[\033[01;32m\]\u@\h\[\033[00m\]:\[\033[01;34m\]\w\[\033[00m\]\$ /usr/local/bin/cmake --build /home/spaaaaace/Code/mid70/2025_radar_station/build/livox_sdk_vendor -- -j22 -l22
[0.243s] DEBUG:colcon.colcon_core.event_handler.log_command:Invoking command in '/home/spaaaaace/Code/mid70/2025_radar_station/build/dji_action4_camera': CMAKE_PREFIX_PATH=${CMAKE_PREFIX_PATH}:/opt/ros/humble CONDA_PROMPT_MODIFIER=(vision) PS1=(vision) \[\e]0;\u@\h: \w\a\]${debian_chroot:+($debian_chroot)}\[\033[01;32m\]\u@\h\[\033[00m\]:\[\033[01;34m\]\w\[\033[00m\]\$ /usr/local/bin/cmake --build /home/spaaaaace/Code/mid70/2025_radar_station/build/dji_action4_camera -- -j22 -l22
[0.244s] DEBUG:colcon.colcon_core.event_handler.log_command:Invoking command in '/home/spaaaaace/Code/mid70/2025_radar_station/build/mindvision_camera': CMAKE_PREFIX_PATH=${CMAKE_PREFIX_PATH}:/opt/ros/humble CONDA_PROMPT_MODIFIER=(vision) PS1=(vision) \[\e]0;\u@\h: \w\a\]${debian_chroot:+($debian_chroot)}\[\033[01;32m\]\u@\h\[\033[00m\]:\[\033[01;34m\]\w\[\033[00m\]\$ /usr/local/bin/cmake --build /home/spaaaaace/Code/mid70/2025_radar_station/build/mindvision_camera -- -j22 -l22
[0.247s] DEBUG:colcon.colcon_core.event_handler.log_command:Invoking command in '/home/spaaaaace/Code/mid70/2025_radar_station/build/radar_station': CMAKE_PREFIX_PATH=${CMAKE_PREFIX_PATH}:/opt/ros/humble CONDA_PROMPT_MODIFIER=(vision) PS1=(vision) \[\e]0;\u@\h: \w\a\]${debian_chroot:+($debian_chroot)}\[\033[01;32m\]\u@\h\[\033[00m\]:\[\033[01;34m\]\w\[\033[00m\]\$ /usr/local/bin/cmake --build /home/spaaaaace/Code/mid70/2025_radar_station/build/radar_station -- -j22 -l22
[0.265s] DEBUG:colcon.colcon_core.event_handler.log_command:Invoked command in '/home/spaaaaace/Code/mid70/2025_radar_station/build/dji_action4_camera' returned '0': CMAKE_PREFIX_PATH=${CMAKE_PREFIX_PATH}:/opt/ros/humble CONDA_PROMPT_MODIFIER=(vision) PS1=(vision) \[\e]0;\u@\h: \w\a\]${debian_chroot:+($debian_chroot)}\[\033[01;32m\]\u@\h\[\033[00m\]:\[\033[01;34m\]\w\[\033[00m\]\$ /usr/local/bin/cmake --build /home/spaaaaace/Code/mid70/2025_radar_station/build/dji_action4_camera -- -j22 -l22
[0.267s] DEBUG:colcon.colcon_core.event_handler.log_command:Invoked command in '/home/spaaaaace/Code/mid70/2025_radar_station/build/mindvision_camera' returned '0': CMAKE_PREFIX_PATH=${CMAKE_PREFIX_PATH}:/opt/ros/humble CONDA_PROMPT_MODIFIER=(vision) PS1=(vision) \[\e]0;\u@\h: \w\a\]${debian_chroot:+($debian_chroot)}\[\033[01;32m\]\u@\h\[\033[00m\]:\[\033[01;34m\]\w\[\033[00m\]\$ /usr/local/bin/cmake --build /home/spaaaaace/Code/mid70/2025_radar_station/build/mindvision_camera -- -j22 -l22
[0.283s] DEBUG:colcon.colcon_core.event_handler.log_command:Invoking command in '/home/spaaaaace/Code/mid70/2025_radar_station/build/dji_action4_camera': CMAKE_PREFIX_PATH=${CMAKE_PREFIX_PATH}:/opt/ros/humble CONDA_PROMPT_MODIFIER=(vision) PS1=(vision) \[\e]0;\u@\h: \w\a\]${debian_chroot:+($debian_chroot)}\[\033[01;32m\]\u@\h\[\033[00m\]:\[\033[01;34m\]\w\[\033[00m\]\$ /usr/local/bin/cmake --install /home/spaaaaace/Code/mid70/2025_radar_station/build/dji_action4_camera
[0.286s] Level 1:colcon.colcon_core.environment:create_environment_scripts_only(dji_action4_camera)
[0.288s] DEBUG:colcon.colcon_core.event_handler.log_command:Invoking command in '/home/spaaaaace/Code/mid70/2025_radar_station/build/mindvision_camera': CMAKE_PREFIX_PATH=${CMAKE_PREFIX_PATH}:/opt/ros/humble CONDA_PROMPT_MODIFIER=(vision) PS1=(vision) \[\e]0;\u@\h: \w\a\]${debian_chroot:+($debian_chroot)}\[\033[01;32m\]\u@\h\[\033[00m\]:\[\033[01;34m\]\w\[\033[00m\]\$ /usr/local/bin/cmake --install /home/spaaaaace/Code/mid70/2025_radar_station/build/mindvision_camera
[0.288s] DEBUG:colcon.colcon_core.event_handler.log_command:Invoked command in '/home/spaaaaace/Code/mid70/2025_radar_station/build/dji_action4_camera' returned '0': CMAKE_PREFIX_PATH=${CMAKE_PREFIX_PATH}:/opt/ros/humble CONDA_PROMPT_MODIFIER=(vision) PS1=(vision) \[\e]0;\u@\h: \w\a\]${debian_chroot:+($debian_chroot)}\[\033[01;32m\]\u@\h\[\033[00m\]:\[\033[01;34m\]\w\[\033[00m\]\$ /usr/local/bin/cmake --install /home/spaaaaace/Code/mid70/2025_radar_station/build/dji_action4_camera
[0.291s] Level 1:colcon.colcon_core.environment:checking '/home/spaaaaace/Code/mid70/2025_radar_station/install/dji_action4_camera' for CMake module files
[0.293s] Level 1:colcon.colcon_core.environment:checking '/home/spaaaaace/Code/mid70/2025_radar_station/install/dji_action4_camera' for CMake config files
[0.294s] Level 1:colcon.colcon_core.shell:create_environment_hook('dji_action4_camera', 'cmake_prefix_path')
[0.294s] INFO:colcon.colcon_core.shell:Creating environment hook '/home/spaaaaace/Code/mid70/2025_radar_station/install/dji_action4_camera/share/dji_action4_camera/hook/cmake_prefix_path.ps1'
[0.295s] INFO:colcon.colcon_core.shell:Creating environment descriptor '/home/spaaaaace/Code/mid70/2025_radar_station/install/dji_action4_camera/share/dji_action4_camera/hook/cmake_prefix_path.dsv'
[0.295s] INFO:colcon.colcon_core.shell:Creating environment hook '/home/spaaaaace/Code/mid70/2025_radar_station/install/dji_action4_camera/share/dji_action4_camera/hook/cmake_prefix_path.sh'
[0.296s] Level 1:colcon.colcon_core.environment:checking '/home/spaaaaace/Code/mid70/2025_radar_station/install/dji_action4_camera/lib'
[0.296s] Level 1:colcon.colcon_core.environment:checking '/home/spaaaaace/Code/mid70/2025_radar_station/install/dji_action4_camera/bin'
[0.296s] Level 1:colcon.colcon_core.environment:checking '/home/spaaaaace/Code/mid70/2025_radar_station/install/dji_action4_camera/lib/pkgconfig/dji_action4_camera.pc'
[0.296s] Level 1:colcon.colcon_core.environment:checking '/home/spaaaaace/Code/mid70/2025_radar_station/install/dji_action4_camera/lib/python3.10/site-packages'
[0.296s] Level 1:colcon.colcon_core.environment:checking '/home/spaaaaace/Code/mid70/2025_radar_station/install/dji_action4_camera/bin'
[0.296s] INFO:colcon.colcon_core.shell:Creating package script '/home/spaaaaace/Code/mid70/2025_radar_station/install/dji_action4_camera/share/dji_action4_camera/package.ps1'
[0.297s] INFO:colcon.colcon_core.shell:Creating package descriptor '/home/spaaaaace/Code/mid70/2025_radar_station/install/dji_action4_camera/share/dji_action4_camera/package.dsv'
[0.297s] INFO:colcon.colcon_core.shell:Creating package script '/home/spaaaaace/Code/mid70/2025_radar_station/install/dji_action4_camera/share/dji_action4_camera/package.sh'
[0.297s] INFO:colcon.colcon_core.shell:Creating package script '/home/spaaaaace/Code/mid70/2025_radar_station/install/dji_action4_camera/share/dji_action4_camera/package.bash'
[0.298s] INFO:colcon.colcon_core.shell:Creating package script '/home/spaaaaace/Code/mid70/2025_radar_station/install/dji_action4_camera/share/dji_action4_camera/package.zsh'
[0.298s] Level 1:colcon.colcon_core.environment:create_file_with_runtime_dependencies(/home/spaaaaace/Code/mid70/2025_radar_station/install/dji_action4_camera/share/colcon-core/packages/dji_action4_camera)
[0.300s] Level 1:colcon.colcon_core.environment:create_environment_scripts_only(mindvision_camera)
[0.301s] Level 1:colcon.colcon_core.environment:checking '/home/spaaaaace/Code/mid70/2025_radar_station/install/mindvision_camera' for CMake module files
[0.301s] DEBUG:colcon.colcon_core.event_handler.log_command:Invoked command in '/home/spaaaaace/Code/mid70/2025_radar_station/build/mindvision_camera' returned '0': CMAKE_PREFIX_PATH=${CMAKE_PREFIX_PATH}:/opt/ros/humble CONDA_PROMPT_MODIFIER=(vision) PS1=(vision) \[\e]0;\u@\h: \w\a\]${debian_chroot:+($debian_chroot)}\[\033[01;32m\]\u@\h\[\033[00m\]:\[\033[01;34m\]\w\[\033[00m\]\$ /usr/local/bin/cmake --install /home/spaaaaace/Code/mid70/2025_radar_station/build/mindvision_camera
[0.302s] Level 1:colcon.colcon_core.environment:checking '/home/spaaaaace/Code/mid70/2025_radar_station/install/mindvision_camera' for CMake config files
[0.302s] Level 1:colcon.colcon_core.shell:create_environment_hook('mindvision_camera', 'cmake_prefix_path')
[0.302s] INFO:colcon.colcon_core.shell:Creating environment hook '/home/spaaaaace/Code/mid70/2025_radar_station/install/mindvision_camera/share/mindvision_camera/hook/cmake_prefix_path.ps1'
[0.302s] INFO:colcon.colcon_core.shell:Creating environment descriptor '/home/spaaaaace/Code/mid70/2025_radar_station/install/mindvision_camera/share/mindvision_camera/hook/cmake_prefix_path.dsv'
[0.302s] INFO:colcon.colcon_core.shell:Creating environment hook '/home/spaaaaace/Code/mid70/2025_radar_station/install/mindvision_camera/share/mindvision_camera/hook/cmake_prefix_path.sh'
[0.303s] Level 1:colcon.colcon_core.environment:checking '/home/spaaaaace/Code/mid70/2025_radar_station/install/mindvision_camera/lib'
[0.303s] Level 1:colcon.colcon_core.shell:create_environment_hook('mindvision_camera', 'ld_library_path_lib')
[0.303s] INFO:colcon.colcon_core.shell:Creating environment hook '/home/spaaaaace/Code/mid70/2025_radar_station/install/mindvision_camera/share/mindvision_camera/hook/ld_library_path_lib.ps1'
[0.303s] INFO:colcon.colcon_core.shell:Creating environment descriptor '/home/spaaaaace/Code/mid70/2025_radar_station/install/mindvision_camera/share/mindvision_camera/hook/ld_library_path_lib.dsv'
[0.303s] INFO:colcon.colcon_core.shell:Creating environment hook '/home/spaaaaace/Code/mid70/2025_radar_station/install/mindvision_camera/share/mindvision_camera/hook/ld_library_path_lib.sh'
[0.304s] Level 1:colcon.colcon_core.environment:checking '/home/spaaaaace/Code/mid70/2025_radar_station/install/mindvision_camera/bin'
[0.304s] Level 1:colcon.colcon_core.environment:checking '/home/spaaaaace/Code/mid70/2025_radar_station/install/mindvision_camera/lib/pkgconfig/mindvision_camera.pc'
[0.304s] Level 1:colcon.colcon_core.environment:checking '/home/spaaaaace/Code/mid70/2025_radar_station/install/mindvision_camera/lib/python3.10/site-packages'
[0.304s] Level 1:colcon.colcon_core.environment:checking '/home/spaaaaace/Code/mid70/2025_radar_station/install/mindvision_camera/bin'
[0.304s] INFO:colcon.colcon_core.shell:Creating package script '/home/spaaaaace/Code/mid70/2025_radar_station/install/mindvision_camera/share/mindvision_camera/package.ps1'
[0.304s] INFO:colcon.colcon_core.shell:Creating package descriptor '/home/spaaaaace/Code/mid70/2025_radar_station/install/mindvision_camera/share/mindvision_camera/package.dsv'
[0.305s] INFO:colcon.colcon_core.shell:Creating package script '/home/spaaaaace/Code/mid70/2025_radar_station/install/mindvision_camera/share/mindvision_camera/package.sh'
[0.305s] INFO:colcon.colcon_core.shell:Creating package script '/home/spaaaaace/Code/mid70/2025_radar_station/install/mindvision_camera/share/mindvision_camera/package.bash'
[0.305s] INFO:colcon.colcon_core.shell:Creating package script '/home/spaaaaace/Code/mid70/2025_radar_station/install/mindvision_camera/share/mindvision_camera/package.zsh'
[0.305s] Level 1:colcon.colcon_core.environment:create_file_with_runtime_dependencies(/home/spaaaaace/Code/mid70/2025_radar_station/install/mindvision_camera/share/colcon-core/packages/mindvision_camera)
[0.314s] Level 1:colcon.colcon_core.environment:create_environment_scripts_only(dji_action4_camera)
[0.314s] Level 1:colcon.colcon_core.environment:checking '/home/spaaaaace/Code/mid70/2025_radar_station/install/dji_action4_camera' for CMake module files
[0.315s] Level 1:colcon.colcon_core.environment:checking '/home/spaaaaace/Code/mid70/2025_radar_station/install/dji_action4_camera' for CMake config files
[0.315s] Level 1:colcon.colcon_core.shell:create_environment_hook('dji_action4_camera', 'cmake_prefix_path')
[0.315s] INFO:colcon.colcon_core.shell:Creating environment hook '/home/spaaaaace/Code/mid70/2025_radar_station/install/dji_action4_camera/share/dji_action4_camera/hook/cmake_prefix_path.ps1'
[0.316s] INFO:colcon.colcon_core.shell:Creating environment descriptor '/home/spaaaaace/Code/mid70/2025_radar_station/install/dji_action4_camera/share/dji_action4_camera/hook/cmake_prefix_path.dsv'
[0.317s] INFO:colcon.colcon_core.shell:Creating environment hook '/home/spaaaaace/Code/mid70/2025_radar_station/install/dji_action4_camera/share/dji_action4_camera/hook/cmake_prefix_path.sh'
[0.317s] Level 1:colcon.colcon_core.environment:checking '/home/spaaaaace/Code/mid70/2025_radar_station/install/dji_action4_camera/lib'
[0.317s] Level 1:colcon.colcon_core.environment:checking '/home/spaaaaace/Code/mid70/2025_radar_station/install/dji_action4_camera/bin'
[0.317s] Level 1:colcon.colcon_core.environment:checking '/home/spaaaaace/Code/mid70/2025_radar_station/install/dji_action4_camera/lib/pkgconfig/dji_action4_camera.pc'
[0.318s] Level 1:colcon.colcon_core.environment:checking '/home/spaaaaace/Code/mid70/2025_radar_station/install/dji_action4_camera/lib/python3.10/site-packages'
[0.318s] Level 1:colcon.colcon_core.environment:checking '/home/spaaaaace/Code/mid70/2025_radar_station/install/dji_action4_camera/bin'
[0.318s] INFO:colcon.colcon_core.shell:Creating package script '/home/spaaaaace/Code/mid70/2025_radar_station/install/dji_action4_camera/share/dji_action4_camera/package.ps1'
[0.319s] INFO:colcon.colcon_core.shell:Creating package descriptor '/home/spaaaaace/Code/mid70/2025_radar_station/install/dji_action4_camera/share/dji_action4_camera/package.dsv'
[0.319s] INFO:colcon.colcon_core.shell:Creating package script '/home/spaaaaace/Code/mid70/2025_radar_station/install/dji_action4_camera/share/dji_action4_camera/package.sh'
[0.320s] INFO:colcon.colcon_core.shell:Creating package script '/home/spaaaaace/Code/mid70/2025_radar_station/install/dji_action4_camera/share/dji_action4_camera/package.bash'
[0.320s] INFO:colcon.colcon_core.shell:Creating package script '/home/spaaaaace/Code/mid70/2025_radar_station/install/dji_action4_camera/share/dji_action4_camera/package.zsh'
[0.321s] Level 1:colcon.colcon_core.environment:create_file_with_runtime_dependencies(/home/spaaaaace/Code/mid70/2025_radar_station/install/dji_action4_camera/share/colcon-core/packages/dji_action4_camera)
[0.327s] Level 1:colcon.colcon_core.environment:create_environment_scripts_only(mindvision_camera)
[0.327s] Level 1:colcon.colcon_core.environment:checking '/home/spaaaaace/Code/mid70/2025_radar_station/install/mindvision_camera' for CMake module files
[0.328s] Level 1:colcon.colcon_core.environment:checking '/home/spaaaaace/Code/mid70/2025_radar_station/install/mindvision_camera' for CMake config files
[0.328s] Level 1:colcon.colcon_core.shell:create_environment_hook('mindvision_camera', 'cmake_prefix_path')
[0.328s] INFO:colcon.colcon_core.shell:Creating environment hook '/home/spaaaaace/Code/mid70/2025_radar_station/install/mindvision_camera/share/mindvision_camera/hook/cmake_prefix_path.ps1'
[0.328s] INFO:colcon.colcon_core.shell:Creating environment descriptor '/home/spaaaaace/Code/mid70/2025_radar_station/install/mindvision_camera/share/mindvision_camera/hook/cmake_prefix_path.dsv'
[0.329s] INFO:colcon.colcon_core.shell:Creating environment hook '/home/spaaaaace/Code/mid70/2025_radar_station/install/mindvision_camera/share/mindvision_camera/hook/cmake_prefix_path.sh'
[0.329s] Level 1:colcon.colcon_core.environment:checking '/home/spaaaaace/Code/mid70/2025_radar_station/install/mindvision_camera/lib'
[0.329s] Level 1:colcon.colcon_core.shell:create_environment_hook('mindvision_camera', 'ld_library_path_lib')
[0.329s] INFO:colcon.colcon_core.shell:Creating environment hook '/home/spaaaaace/Code/mid70/2025_radar_station/install/mindvision_camera/share/mindvision_camera/hook/ld_library_path_lib.ps1'
[0.329s] INFO:colcon.colcon_core.shell:Creating environment descriptor '/home/spaaaaace/Code/mid70/2025_radar_station/install/mindvision_camera/share/mindvision_camera/hook/ld_library_path_lib.dsv'
[0.330s] INFO:colcon.colcon_core.shell:Creating environment hook '/home/spaaaaace/Code/mid70/2025_radar_station/install/mindvision_camera/share/mindvision_camera/hook/ld_library_path_lib.sh'
[0.330s] Level 1:colcon.colcon_core.environment:checking '/home/spaaaaace/Code/mid70/2025_radar_station/install/mindvision_camera/bin'
[0.330s] Level 1:colcon.colcon_core.environment:checking '/home/spaaaaace/Code/mid70/2025_radar_station/install/mindvision_camera/lib/pkgconfig/mindvision_camera.pc'
[0.330s] Level 1:colcon.colcon_core.environment:checking '/home/spaaaaace/Code/mid70/2025_radar_station/install/mindvision_camera/lib/python3.10/site-packages'
[0.330s] Level 1:colcon.colcon_core.environment:checking '/home/spaaaaace/Code/mid70/2025_radar_station/install/mindvision_camera/bin'
[0.330s] INFO:colcon.colcon_core.shell:Creating package script '/home/spaaaaace/Code/mid70/2025_radar_station/install/mindvision_camera/share/mindvision_camera/package.ps1'
[0.331s] INFO:colcon.colcon_core.shell:Creating package descriptor '/home/spaaaaace/Code/mid70/2025_radar_station/install/mindvision_camera/share/mindvision_camera/package.dsv'
[0.331s] INFO:colcon.colcon_core.shell:Creating package script '/home/spaaaaace/Code/mid70/2025_radar_station/install/mindvision_camera/share/mindvision_camera/package.sh'
[0.331s] INFO:colcon.colcon_core.shell:Creating package script '/home/spaaaaace/Code/mid70/2025_radar_station/install/mindvision_camera/share/mindvision_camera/package.bash'
[0.332s] INFO:colcon.colcon_core.shell:Creating package script '/home/spaaaaace/Code/mid70/2025_radar_station/install/mindvision_camera/share/mindvision_camera/package.zsh'
[0.332s] Level 1:colcon.colcon_core.environment:create_file_with_runtime_dependencies(/home/spaaaaace/Code/mid70/2025_radar_station/install/mindvision_camera/share/colcon-core/packages/mindvision_camera)
[0.409s] DEBUG:colcon.colcon_core.event_handler.log_command:Invoked command in '/home/spaaaaace/Code/mid70/2025_radar_station/build/livox_sdk_vendor' returned '0': CMAKE_PREFIX_PATH=${CMAKE_PREFIX_PATH}:/opt/ros/humble CONDA_PROMPT_MODIFIER=(vision) PS1=(vision) \[\e]0;\u@\h: \w\a\]${debian_chroot:+($debian_chroot)}\[\033[01;32m\]\u@\h\[\033[00m\]:\[\033[01;34m\]\w\[\033[00m\]\$ /usr/local/bin/cmake --build /home/spaaaaace/Code/mid70/2025_radar_station/build/livox_sdk_vendor -- -j22 -l22
[0.425s] DEBUG:colcon.colcon_core.event_handler.log_command:Invoking command in '/home/spaaaaace/Code/mid70/2025_radar_station/build/livox_sdk_vendor': CMAKE_PREFIX_PATH=${CMAKE_PREFIX_PATH}:/opt/ros/humble CONDA_PROMPT_MODIFIER=(vision) PS1=(vision) \[\e]0;\u@\h: \w\a\]${debian_chroot:+($debian_chroot)}\[\033[01;32m\]\u@\h\[\033[00m\]:\[\033[01;34m\]\w\[\033[00m\]\$ /usr/local/bin/cmake --install /home/spaaaaace/Code/mid70/2025_radar_station/build/livox_sdk_vendor
[0.429s] Level 1:colcon.colcon_core.environment:create_environment_scripts_only(livox_sdk_vendor)
[0.430s] Level 1:colcon.colcon_core.environment:checking '/home/spaaaaace/Code/mid70/2025_radar_station/install/livox_sdk_vendor' for CMake module files
[0.430s] DEBUG:colcon.colcon_core.event_handler.log_command:Invoked command in '/home/spaaaaace/Code/mid70/2025_radar_station/build/livox_sdk_vendor' returned '0': CMAKE_PREFIX_PATH=${CMAKE_PREFIX_PATH}:/opt/ros/humble CONDA_PROMPT_MODIFIER=(vision) PS1=(vision) \[\e]0;\u@\h: \w\a\]${debian_chroot:+($debian_chroot)}\[\033[01;32m\]\u@\h\[\033[00m\]:\[\033[01;34m\]\w\[\033[00m\]\$ /usr/local/bin/cmake --install /home/spaaaaace/Code/mid70/2025_radar_station/build/livox_sdk_vendor
[0.430s] Level 1:colcon.colcon_core.environment:checking '/home/spaaaaace/Code/mid70/2025_radar_station/install/livox_sdk_vendor' for CMake config files
[0.431s] Level 1:colcon.colcon_core.shell:create_environment_hook('livox_sdk_vendor', 'cmake_prefix_path')
[0.431s] INFO:colcon.colcon_core.shell:Creating environment hook '/home/spaaaaace/Code/mid70/2025_radar_station/install/livox_sdk_vendor/share/livox_sdk_vendor/hook/cmake_prefix_path.ps1'
[0.431s] INFO:colcon.colcon_core.shell:Creating environment descriptor '/home/spaaaaace/Code/mid70/2025_radar_station/install/livox_sdk_vendor/share/livox_sdk_vendor/hook/cmake_prefix_path.dsv'
[0.431s] INFO:colcon.colcon_core.shell:Creating environment hook '/home/spaaaaace/Code/mid70/2025_radar_station/install/livox_sdk_vendor/share/livox_sdk_vendor/hook/cmake_prefix_path.sh'
[0.432s] Level 1:colcon.colcon_core.environment:checking '/home/spaaaaace/Code/mid70/2025_radar_station/install/livox_sdk_vendor/lib'
[0.432s] Level 1:colcon.colcon_core.environment:checking '/home/spaaaaace/Code/mid70/2025_radar_station/install/livox_sdk_vendor/bin'
[0.432s] Level 1:colcon.colcon_core.environment:checking '/home/spaaaaace/Code/mid70/2025_radar_station/install/livox_sdk_vendor/lib/pkgconfig/livox_sdk_vendor.pc'
[0.432s] Level 1:colcon.colcon_core.environment:checking '/home/spaaaaace/Code/mid70/2025_radar_station/install/livox_sdk_vendor/lib/python3.10/site-packages'
[0.432s] Level 1:colcon.colcon_core.environment:checking '/home/spaaaaace/Code/mid70/2025_radar_station/install/livox_sdk_vendor/bin'
[0.432s] INFO:colcon.colcon_core.shell:Creating package script '/home/spaaaaace/Code/mid70/2025_radar_station/install/livox_sdk_vendor/share/livox_sdk_vendor/package.ps1'
[0.432s] INFO:colcon.colcon_core.shell:Creating package descriptor '/home/spaaaaace/Code/mid70/2025_radar_station/install/livox_sdk_vendor/share/livox_sdk_vendor/package.dsv'
[0.433s] INFO:colcon.colcon_core.shell:Creating package script '/home/spaaaaace/Code/mid70/2025_radar_station/install/livox_sdk_vendor/share/livox_sdk_vendor/package.sh'
[0.433s] INFO:colcon.colcon_core.shell:Creating package script '/home/spaaaaace/Code/mid70/2025_radar_station/install/livox_sdk_vendor/share/livox_sdk_vendor/package.bash'
[0.433s] INFO:colcon.colcon_core.shell:Creating package script '/home/spaaaaace/Code/mid70/2025_radar_station/install/livox_sdk_vendor/share/livox_sdk_vendor/package.zsh'
[0.433s] Level 1:colcon.colcon_core.environment:create_file_with_runtime_dependencies(/home/spaaaaace/Code/mid70/2025_radar_station/install/livox_sdk_vendor/share/colcon-core/packages/livox_sdk_vendor)
[0.438s] DEBUG:colcon.colcon_core.event_handler.log_command:Invoked command in '/home/spaaaaace/Code/mid70/2025_radar_station/build/livox_interfaces' returned '0': CMAKE_PREFIX_PATH=${CMAKE_PREFIX_PATH}:/opt/ros/humble CONDA_PROMPT_MODIFIER=(vision) PS1=(vision) \[\e]0;\u@\h: \w\a\]${debian_chroot:+($debian_chroot)}\[\033[01;32m\]\u@\h\[\033[00m\]:\[\033[01;34m\]\w\[\033[00m\]\$ /usr/local/bin/cmake --build /home/spaaaaace/Code/mid70/2025_radar_station/build/livox_interfaces -- -j22 -l22
[0.448s] Level 1:colcon.colcon_core.environment:create_environment_scripts_only(livox_sdk_vendor)
[0.449s] Level 1:colcon.colcon_core.environment:checking '/home/spaaaaace/Code/mid70/2025_radar_station/install/livox_sdk_vendor' for CMake module files
[0.449s] Level 1:colcon.colcon_core.environment:checking '/home/spaaaaace/Code/mid70/2025_radar_station/install/livox_sdk_vendor' for CMake config files
[0.449s] Level 1:colcon.colcon_core.shell:create_environment_hook('livox_sdk_vendor', 'cmake_prefix_path')
[0.449s] INFO:colcon.colcon_core.shell:Creating environment hook '/home/spaaaaace/Code/mid70/2025_radar_station/install/livox_sdk_vendor/share/livox_sdk_vendor/hook/cmake_prefix_path.ps1'
[0.449s] INFO:colcon.colcon_core.shell:Creating environment descriptor '/home/spaaaaace/Code/mid70/2025_radar_station/install/livox_sdk_vendor/share/livox_sdk_vendor/hook/cmake_prefix_path.dsv'
[0.450s] INFO:colcon.colcon_core.shell:Creating environment hook '/home/spaaaaace/Code/mid70/2025_radar_station/install/livox_sdk_vendor/share/livox_sdk_vendor/hook/cmake_prefix_path.sh'
[0.450s] Level 1:colcon.colcon_core.environment:checking '/home/spaaaaace/Code/mid70/2025_radar_station/install/livox_sdk_vendor/lib'
[0.450s] Level 1:colcon.colcon_core.environment:checking '/home/spaaaaace/Code/mid70/2025_radar_station/install/livox_sdk_vendor/bin'
[0.450s] Level 1:colcon.colcon_core.environment:checking '/home/spaaaaace/Code/mid70/2025_radar_station/install/livox_sdk_vendor/lib/pkgconfig/livox_sdk_vendor.pc'
[0.450s] Level 1:colcon.colcon_core.environment:checking '/home/spaaaaace/Code/mid70/2025_radar_station/install/livox_sdk_vendor/lib/python3.10/site-packages'
[0.450s] Level 1:colcon.colcon_core.environment:checking '/home/spaaaaace/Code/mid70/2025_radar_station/install/livox_sdk_vendor/bin'
[0.450s] INFO:colcon.colcon_core.shell:Creating package script '/home/spaaaaace/Code/mid70/2025_radar_station/install/livox_sdk_vendor/share/livox_sdk_vendor/package.ps1'
[0.451s] INFO:colcon.colcon_core.shell:Creating package descriptor '/home/spaaaaace/Code/mid70/2025_radar_station/install/livox_sdk_vendor/share/livox_sdk_vendor/package.dsv'
[0.451s] INFO:colcon.colcon_core.shell:Creating package script '/home/spaaaaace/Code/mid70/2025_radar_station/install/livox_sdk_vendor/share/livox_sdk_vendor/package.sh'
[0.451s] INFO:colcon.colcon_core.shell:Creating package script '/home/spaaaaace/Code/mid70/2025_radar_station/install/livox_sdk_vendor/share/livox_sdk_vendor/package.bash'
[0.451s] INFO:colcon.colcon_core.shell:Creating package script '/home/spaaaaace/Code/mid70/2025_radar_station/install/livox_sdk_vendor/share/livox_sdk_vendor/package.zsh'
[0.452s] Level 1:colcon.colcon_core.environment:create_file_with_runtime_dependencies(/home/spaaaaace/Code/mid70/2025_radar_station/install/livox_sdk_vendor/share/colcon-core/packages/livox_sdk_vendor)
[0.512s] DEBUG:colcon.colcon_core.event_handler.log_command:Invoking command in '/home/spaaaaace/Code/mid70/2025_radar_station/build/livox_interfaces': CMAKE_PREFIX_PATH=${CMAKE_PREFIX_PATH}:/opt/ros/humble CONDA_PROMPT_MODIFIER=(vision) PS1=(vision) \[\e]0;\u@\h: \w\a\]${debian_chroot:+($debian_chroot)}\[\033[01;32m\]\u@\h\[\033[00m\]:\[\033[01;34m\]\w\[\033[00m\]\$ /usr/local/bin/cmake --install /home/spaaaaace/Code/mid70/2025_radar_station/build/livox_interfaces
[0.543s] Level 1:colcon.colcon_core.environment:create_environment_scripts_only(livox_interfaces)
[0.543s] Level 1:colcon.colcon_core.environment:checking '/home/spaaaaace/Code/mid70/2025_radar_station/install/livox_interfaces' for CMake module files
[0.544s] DEBUG:colcon.colcon_core.event_handler.log_command:Invoked command in '/home/spaaaaace/Code/mid70/2025_radar_station/build/livox_interfaces' returned '0': CMAKE_PREFIX_PATH=${CMAKE_PREFIX_PATH}:/opt/ros/humble CONDA_PROMPT_MODIFIER=(vision) PS1=(vision) \[\e]0;\u@\h: \w\a\]${debian_chroot:+($debian_chroot)}\[\033[01;32m\]\u@\h\[\033[00m\]:\[\033[01;34m\]\w\[\033[00m\]\$ /usr/local/bin/cmake --install /home/spaaaaace/Code/mid70/2025_radar_station/build/livox_interfaces
[0.544s] Level 1:colcon.colcon_core.environment:checking '/home/spaaaaace/Code/mid70/2025_radar_station/install/livox_interfaces' for CMake config files
[0.545s] Level 1:colcon.colcon_core.shell:create_environment_hook('livox_interfaces', 'cmake_prefix_path')
[0.545s] INFO:colcon.colcon_core.shell:Creating environment hook '/home/spaaaaace/Code/mid70/2025_radar_station/install/livox_interfaces/share/livox_interfaces/hook/cmake_prefix_path.ps1'
[0.546s] INFO:colcon.colcon_core.shell:Creating environment descriptor '/home/spaaaaace/Code/mid70/2025_radar_station/install/livox_interfaces/share/livox_interfaces/hook/cmake_prefix_path.dsv'
[0.546s] INFO:colcon.colcon_core.shell:Creating environment hook '/home/spaaaaace/Code/mid70/2025_radar_station/install/livox_interfaces/share/livox_interfaces/hook/cmake_prefix_path.sh'
[0.547s] Level 1:colcon.colcon_core.environment:checking '/home/spaaaaace/Code/mid70/2025_radar_station/install/livox_interfaces/lib'
[0.547s] Level 1:colcon.colcon_core.shell:create_environment_hook('livox_interfaces', 'ld_library_path_lib')
[0.547s] INFO:colcon.colcon_core.shell:Creating environment hook '/home/spaaaaace/Code/mid70/2025_radar_station/install/livox_interfaces/share/livox_interfaces/hook/ld_library_path_lib.ps1'
[0.548s] INFO:colcon.colcon_core.shell:Creating environment descriptor '/home/spaaaaace/Code/mid70/2025_radar_station/install/livox_interfaces/share/livox_interfaces/hook/ld_library_path_lib.dsv'
[0.548s] INFO:colcon.colcon_core.shell:Creating environment hook '/home/spaaaaace/Code/mid70/2025_radar_station/install/livox_interfaces/share/livox_interfaces/hook/ld_library_path_lib.sh'
[0.548s] Level 1:colcon.colcon_core.environment:checking '/home/spaaaaace/Code/mid70/2025_radar_station/install/livox_interfaces/bin'
[0.548s] Level 1:colcon.colcon_core.environment:checking '/home/spaaaaace/Code/mid70/2025_radar_station/install/livox_interfaces/lib/pkgconfig/livox_interfaces.pc'
[0.549s] Level 1:colcon.colcon_core.environment:checking '/home/spaaaaace/Code/mid70/2025_radar_station/install/livox_interfaces/lib/python3.10/site-packages'
[0.549s] Level 1:colcon.colcon_core.environment:checking '/home/spaaaaace/Code/mid70/2025_radar_station/install/livox_interfaces/bin'
[0.549s] INFO:colcon.colcon_core.shell:Creating package script '/home/spaaaaace/Code/mid70/2025_radar_station/install/livox_interfaces/share/livox_interfaces/package.ps1'
[0.549s] INFO:colcon.colcon_core.shell:Creating package descriptor '/home/spaaaaace/Code/mid70/2025_radar_station/install/livox_interfaces/share/livox_interfaces/package.dsv'
[0.549s] INFO:colcon.colcon_core.shell:Creating package script '/home/spaaaaace/Code/mid70/2025_radar_station/install/livox_interfaces/share/livox_interfaces/package.sh'
[0.550s] INFO:colcon.colcon_core.shell:Creating package script '/home/spaaaaace/Code/mid70/2025_radar_station/install/livox_interfaces/share/livox_interfaces/package.bash'
[0.550s] INFO:colcon.colcon_core.shell:Creating package script '/home/spaaaaace/Code/mid70/2025_radar_station/install/livox_interfaces/share/livox_interfaces/package.zsh'
[0.550s] Level 1:colcon.colcon_core.environment:create_file_with_runtime_dependencies(/home/spaaaaace/Code/mid70/2025_radar_station/install/livox_interfaces/share/colcon-core/packages/livox_interfaces)
[0.623s] Level 1:colcon.colcon_core.environment:create_environment_scripts_only(livox_interfaces)
[0.623s] Level 1:colcon.colcon_core.environment:checking '/home/spaaaaace/Code/mid70/2025_radar_station/install/livox_interfaces' for CMake module files
[0.624s] Level 1:colcon.colcon_core.environment:checking '/home/spaaaaace/Code/mid70/2025_radar_station/install/livox_interfaces' for CMake config files
[0.624s] Level 1:colcon.colcon_core.shell:create_environment_hook('livox_interfaces', 'cmake_prefix_path')
[0.624s] INFO:colcon.colcon_core.shell:Creating environment hook '/home/spaaaaace/Code/mid70/2025_radar_station/install/livox_interfaces/share/livox_interfaces/hook/cmake_prefix_path.ps1'
[0.625s] INFO:colcon.colcon_core.shell:Creating environment descriptor '/home/spaaaaace/Code/mid70/2025_radar_station/install/livox_interfaces/share/livox_interfaces/hook/cmake_prefix_path.dsv'
[0.625s] INFO:colcon.colcon_core.shell:Creating environment hook '/home/spaaaaace/Code/mid70/2025_radar_station/install/livox_interfaces/share/livox_interfaces/hook/cmake_prefix_path.sh'
[0.626s] Level 1:colcon.colcon_core.environment:checking '/home/spaaaaace/Code/mid70/2025_radar_station/install/livox_interfaces/lib'
[0.626s] Level 1:colcon.colcon_core.shell:create_environment_hook('livox_interfaces', 'ld_library_path_lib')
[0.626s] INFO:colcon.colcon_core.shell:Creating environment hook '/home/spaaaaace/Code/mid70/2025_radar_station/install/livox_interfaces/share/livox_interfaces/hook/ld_library_path_lib.ps1'
[0.627s] INFO:colcon.colcon_core.shell:Creating environment descriptor '/home/spaaaaace/Code/mid70/2025_radar_station/install/livox_interfaces/share/livox_interfaces/hook/ld_library_path_lib.dsv'
[0.627s] INFO:colcon.colcon_core.shell:Creating environment hook '/home/spaaaaace/Code/mid70/2025_radar_station/install/livox_interfaces/share/livox_interfaces/hook/ld_library_path_lib.sh'
[0.628s] Level 1:colcon.colcon_core.environment:checking '/home/spaaaaace/Code/mid70/2025_radar_station/install/livox_interfaces/bin'
[0.628s] Level 1:colcon.colcon_core.environment:checking '/home/spaaaaace/Code/mid70/2025_radar_station/install/livox_interfaces/lib/pkgconfig/livox_interfaces.pc'
[0.628s] Level 1:colcon.colcon_core.environment:checking '/home/spaaaaace/Code/mid70/2025_radar_station/install/livox_interfaces/lib/python3.10/site-packages'
[0.628s] Level 1:colcon.colcon_core.environment:checking '/home/spaaaaace/Code/mid70/2025_radar_station/install/livox_interfaces/bin'
[0.628s] INFO:colcon.colcon_core.shell:Creating package script '/home/spaaaaace/Code/mid70/2025_radar_station/install/livox_interfaces/share/livox_interfaces/package.ps1'
[0.629s] INFO:colcon.colcon_core.shell:Creating package descriptor '/home/spaaaaace/Code/mid70/2025_radar_station/install/livox_interfaces/share/livox_interfaces/package.dsv'
[0.629s] INFO:colcon.colcon_core.shell:Creating package script '/home/spaaaaace/Code/mid70/2025_radar_station/install/livox_interfaces/share/livox_interfaces/package.sh'
[0.630s] INFO:colcon.colcon_core.shell:Creating package script '/home/spaaaaace/Code/mid70/2025_radar_station/install/livox_interfaces/share/livox_interfaces/package.bash'
[0.630s] INFO:colcon.colcon_core.shell:Creating package script '/home/spaaaaace/Code/mid70/2025_radar_station/install/livox_interfaces/share/livox_interfaces/package.zsh'
[0.630s] Level 1:colcon.colcon_core.environment:create_file_with_runtime_dependencies(/home/spaaaaace/Code/mid70/2025_radar_station/install/livox_interfaces/share/colcon-core/packages/livox_interfaces)
[0.630s] INFO:colcon.colcon_ros.task.ament_cmake.build:Building ROS package in '/home/spaaaaace/Code/mid70/2025_radar_station/src/livox_ros2_driver/livox_ros2_driver' with build type 'ament_cmake'
[0.630s] INFO:colcon.colcon_cmake.task.cmake.build:Building CMake package in '/home/spaaaaace/Code/mid70/2025_radar_station/src/livox_ros2_driver/livox_ros2_driver'
[0.631s] INFO:colcon.colcon_core.shell:Skip shell extension 'powershell' for command environment: Not usable outside of PowerShell
[0.631s] DEBUG:colcon.colcon_core.shell:Skip shell extension 'dsv' for command environment
[0.640s] DEBUG:colcon.colcon_core.event_handler.log_command:Invoking command in '/home/spaaaaace/Code/mid70/2025_radar_station/build/livox_ros2_driver': CMAKE_PREFIX_PATH=/home/spaaaaace/Code/mid70/2025_radar_station/install/livox_sdk_vendor:/home/spaaaaace/Code/mid70/2025_radar_station/install/livox_interfaces:/home/spaaaaace/Code/mid70/2025_radar_station/install/radar_station:/home/spaaaaace/Code/mid70/2025_radar_station/install/mindvision_camera:/home/spaaaaace/Code/mid70/2025_radar_station/install/livox_ros2_driver:/home/spaaaaace/Code/mid70/2025_radar_station/install/dji_action4_camera:/home/spaaaaace/env/MicroROS-Agent/microros_ws/install/micro_ros_agent:/home/spaaaaace/env/MicroROS-Agent/microros_ws/install/micro_ros_msgs:/usr/local:/opt/ros/humble CONDA_PROMPT_MODIFIER=(vision) LD_LIBRARY_PATH=/home/spaaaaace/Code/mid70/2025_radar_station/install/livox_interfaces/lib:/home/spaaaaace/Code/mid70/2025_radar_station/install/mindvision_camera/lib:/home/spaaaaace/Code/mid70/2025_radar_station/install/livox_ros2_driver/lib:/opt/intel/l_openvino_toolkit_ubuntu22_2024.5.0.17288.7975fa5da0c_x86_64/runtime/3rdparty/tbb/lib:/opt/intel/l_openvino_toolkit_ubuntu22_2024.5.0.17288.7975fa5da0c_x86_64/runtime/lib/intel64:/home/spaaaaace/env/MicroROS-Agent/microros_ws/install/micro_ros_agent/lib:/home/spaaaaace/env/MicroROS-Agent/microros_ws/install/micro_ros_msgs/lib:/usr/local/cuda-11.8/lib64:/opt/intel/l_openvino_toolkit_ubuntu22_2024.5.0.17288.7975fa5da0c_x86_64/runtime/3rdparty/tbb/lib:/opt/intel/l_openvino_toolkit_ubuntu22_2024.5.0.17288.7975fa5da0c_x86_64/runtime/lib/intel64:/usr/lib/x86_64-linux-gnu/gazebo-11/plugins:/opt/ros/humble/opt/rviz_ogre_vendor/lib:/opt/ros/humble/lib/x86_64-linux-gnu:/opt/ros/humble/opt/openvdb_vendor/lib:/opt/ros/humble/lib:/usr/local/lib PS1=(vision) \[\e]0;\u@\h: \w\a\]${debian_chroot:+($debian_chroot)}\[\033[01;32m\]\u@\h\[\033[00m\]:\[\033[01;34m\]\w\[\033[00m\]\$ /usr/local/bin/cmake --build /home/spaaaaace/Code/mid70/2025_radar_station/build/livox_ros2_driver -- -j22 -l22
[0.678s] DEBUG:colcon.colcon_core.event_handler.log_command:Invoked command in '/home/spaaaaace/Code/mid70/2025_radar_station/build/livox_ros2_driver' returned '0': CMAKE_PREFIX_PATH=/home/spaaaaace/Code/mid70/2025_radar_station/install/livox_sdk_vendor:/home/spaaaaace/Code/mid70/2025_radar_station/install/livox_interfaces:/home/spaaaaace/Code/mid70/2025_radar_station/install/radar_station:/home/spaaaaace/Code/mid70/2025_radar_station/install/mindvision_camera:/home/spaaaaace/Code/mid70/2025_radar_station/install/livox_ros2_driver:/home/spaaaaace/Code/mid70/2025_radar_station/install/dji_action4_camera:/home/spaaaaace/env/MicroROS-Agent/microros_ws/install/micro_ros_agent:/home/spaaaaace/env/MicroROS-Agent/microros_ws/install/micro_ros_msgs:/usr/local:/opt/ros/humble CONDA_PROMPT_MODIFIER=(vision) LD_LIBRARY_PATH=/home/spaaaaace/Code/mid70/2025_radar_station/install/livox_interfaces/lib:/home/spaaaaace/Code/mid70/2025_radar_station/install/mindvision_camera/lib:/home/spaaaaace/Code/mid70/2025_radar_station/install/livox_ros2_driver/lib:/opt/intel/l_openvino_toolkit_ubuntu22_2024.5.0.17288.7975fa5da0c_x86_64/runtime/3rdparty/tbb/lib:/opt/intel/l_openvino_toolkit_ubuntu22_2024.5.0.17288.7975fa5da0c_x86_64/runtime/lib/intel64:/home/spaaaaace/env/MicroROS-Agent/microros_ws/install/micro_ros_agent/lib:/home/spaaaaace/env/MicroROS-Agent/microros_ws/install/micro_ros_msgs/lib:/usr/local/cuda-11.8/lib64:/opt/intel/l_openvino_toolkit_ubuntu22_2024.5.0.17288.7975fa5da0c_x86_64/runtime/3rdparty/tbb/lib:/opt/intel/l_openvino_toolkit_ubuntu22_2024.5.0.17288.7975fa5da0c_x86_64/runtime/lib/intel64:/usr/lib/x86_64-linux-gnu/gazebo-11/plugins:/opt/ros/humble/opt/rviz_ogre_vendor/lib:/opt/ros/humble/lib/x86_64-linux-gnu:/opt/ros/humble/opt/openvdb_vendor/lib:/opt/ros/humble/lib:/usr/local/lib PS1=(vision) \[\e]0;\u@\h: \w\a\]${debian_chroot:+($debian_chroot)}\[\033[01;32m\]\u@\h\[\033[00m\]:\[\033[01;34m\]\w\[\033[00m\]\$ /usr/local/bin/cmake --build /home/spaaaaace/Code/mid70/2025_radar_station/build/livox_ros2_driver -- -j22 -l22
[0.732s] DEBUG:colcon.colcon_core.event_handler.log_command:Invoking command in '/home/spaaaaace/Code/mid70/2025_radar_station/build/livox_ros2_driver': CMAKE_PREFIX_PATH=/home/spaaaaace/Code/mid70/2025_radar_station/install/livox_sdk_vendor:/home/spaaaaace/Code/mid70/2025_radar_station/install/livox_interfaces:/home/spaaaaace/Code/mid70/2025_radar_station/install/radar_station:/home/spaaaaace/Code/mid70/2025_radar_station/install/mindvision_camera:/home/spaaaaace/Code/mid70/2025_radar_station/install/livox_ros2_driver:/home/spaaaaace/Code/mid70/2025_radar_station/install/dji_action4_camera:/home/spaaaaace/env/MicroROS-Agent/microros_ws/install/micro_ros_agent:/home/spaaaaace/env/MicroROS-Agent/microros_ws/install/micro_ros_msgs:/usr/local:/opt/ros/humble CONDA_PROMPT_MODIFIER=(vision) LD_LIBRARY_PATH=/home/spaaaaace/Code/mid70/2025_radar_station/install/livox_interfaces/lib:/home/spaaaaace/Code/mid70/2025_radar_station/install/mindvision_camera/lib:/home/spaaaaace/Code/mid70/2025_radar_station/install/livox_ros2_driver/lib:/opt/intel/l_openvino_toolkit_ubuntu22_2024.5.0.17288.7975fa5da0c_x86_64/runtime/3rdparty/tbb/lib:/opt/intel/l_openvino_toolkit_ubuntu22_2024.5.0.17288.7975fa5da0c_x86_64/runtime/lib/intel64:/home/spaaaaace/env/MicroROS-Agent/microros_ws/install/micro_ros_agent/lib:/home/spaaaaace/env/MicroROS-Agent/microros_ws/install/micro_ros_msgs/lib:/usr/local/cuda-11.8/lib64:/opt/intel/l_openvino_toolkit_ubuntu22_2024.5.0.17288.7975fa5da0c_x86_64/runtime/3rdparty/tbb/lib:/opt/intel/l_openvino_toolkit_ubuntu22_2024.5.0.17288.7975fa5da0c_x86_64/runtime/lib/intel64:/usr/lib/x86_64-linux-gnu/gazebo-11/plugins:/opt/ros/humble/opt/rviz_ogre_vendor/lib:/opt/ros/humble/lib/x86_64-linux-gnu:/opt/ros/humble/opt/openvdb_vendor/lib:/opt/ros/humble/lib:/usr/local/lib PS1=(vision) \[\e]0;\u@\h: \w\a\]${debian_chroot:+($debian_chroot)}\[\033[01;32m\]\u@\h\[\033[00m\]:\[\033[01;34m\]\w\[\033[00m\]\$ /usr/local/bin/cmake --install /home/spaaaaace/Code/mid70/2025_radar_station/build/livox_ros2_driver
[0.737s] Level 1:colcon.colcon_core.environment:create_environment_scripts_only(livox_ros2_driver)
[0.737s] Level 1:colcon.colcon_core.environment:checking '/home/spaaaaace/Code/mid70/2025_radar_station/install/livox_ros2_driver' for CMake module files
[0.738s] DEBUG:colcon.colcon_core.event_handler.log_command:Invoked command in '/home/spaaaaace/Code/mid70/2025_radar_station/build/livox_ros2_driver' returned '0': CMAKE_PREFIX_PATH=/home/spaaaaace/Code/mid70/2025_radar_station/install/livox_sdk_vendor:/home/spaaaaace/Code/mid70/2025_radar_station/install/livox_interfaces:/home/spaaaaace/Code/mid70/2025_radar_station/install/radar_station:/home/spaaaaace/Code/mid70/2025_radar_station/install/mindvision_camera:/home/spaaaaace/Code/mid70/2025_radar_station/install/livox_ros2_driver:/home/spaaaaace/Code/mid70/2025_radar_station/install/dji_action4_camera:/home/spaaaaace/env/MicroROS-Agent/microros_ws/install/micro_ros_agent:/home/spaaaaace/env/MicroROS-Agent/microros_ws/install/micro_ros_msgs:/usr/local:/opt/ros/humble CONDA_PROMPT_MODIFIER=(vision) LD_LIBRARY_PATH=/home/spaaaaace/Code/mid70/2025_radar_station/install/livox_interfaces/lib:/home/spaaaaace/Code/mid70/2025_radar_station/install/mindvision_camera/lib:/home/spaaaaace/Code/mid70/2025_radar_station/install/livox_ros2_driver/lib:/opt/intel/l_openvino_toolkit_ubuntu22_2024.5.0.17288.7975fa5da0c_x86_64/runtime/3rdparty/tbb/lib:/opt/intel/l_openvino_toolkit_ubuntu22_2024.5.0.17288.7975fa5da0c_x86_64/runtime/lib/intel64:/home/spaaaaace/env/MicroROS-Agent/microros_ws/install/micro_ros_agent/lib:/home/spaaaaace/env/MicroROS-Agent/microros_ws/install/micro_ros_msgs/lib:/usr/local/cuda-11.8/lib64:/opt/intel/l_openvino_toolkit_ubuntu22_2024.5.0.17288.7975fa5da0c_x86_64/runtime/3rdparty/tbb/lib:/opt/intel/l_openvino_toolkit_ubuntu22_2024.5.0.17288.7975fa5da0c_x86_64/runtime/lib/intel64:/usr/lib/x86_64-linux-gnu/gazebo-11/plugins:/opt/ros/humble/opt/rviz_ogre_vendor/lib:/opt/ros/humble/lib/x86_64-linux-gnu:/opt/ros/humble/opt/openvdb_vendor/lib:/opt/ros/humble/lib:/usr/local/lib PS1=(vision) \[\e]0;\u@\h: \w\a\]${debian_chroot:+($debian_chroot)}\[\033[01;32m\]\u@\h\[\033[00m\]:\[\033[01;34m\]\w\[\033[00m\]\$ /usr/local/bin/cmake --install /home/spaaaaace/Code/mid70/2025_radar_station/build/livox_ros2_driver
[0.738s] Level 1:colcon.colcon_core.environment:checking '/home/spaaaaace/Code/mid70/2025_radar_station/install/livox_ros2_driver' for CMake config files
[0.738s] Level 1:colcon.colcon_core.shell:create_environment_hook('livox_ros2_driver', 'cmake_prefix_path')
[0.739s] INFO:colcon.colcon_core.shell:Creating environment hook '/home/spaaaaace/Code/mid70/2025_radar_station/install/livox_ros2_driver/share/livox_ros2_driver/hook/cmake_prefix_path.ps1'
[0.739s] INFO:colcon.colcon_core.shell:Creating environment descriptor '/home/spaaaaace/Code/mid70/2025_radar_station/install/livox_ros2_driver/share/livox_ros2_driver/hook/cmake_prefix_path.dsv'
[0.739s] INFO:colcon.colcon_core.shell:Creating environment hook '/home/spaaaaace/Code/mid70/2025_radar_station/install/livox_ros2_driver/share/livox_ros2_driver/hook/cmake_prefix_path.sh'
[0.740s] Level 1:colcon.colcon_core.environment:checking '/home/spaaaaace/Code/mid70/2025_radar_station/install/livox_ros2_driver/lib'
[0.740s] Level 1:colcon.colcon_core.shell:create_environment_hook('livox_ros2_driver', 'ld_library_path_lib')
[0.740s] INFO:colcon.colcon_core.shell:Creating environment hook '/home/spaaaaace/Code/mid70/2025_radar_station/install/livox_ros2_driver/share/livox_ros2_driver/hook/ld_library_path_lib.ps1'
[0.740s] INFO:colcon.colcon_core.shell:Creating environment descriptor '/home/spaaaaace/Code/mid70/2025_radar_station/install/livox_ros2_driver/share/livox_ros2_driver/hook/ld_library_path_lib.dsv'
[0.740s] INFO:colcon.colcon_core.shell:Creating environment hook '/home/spaaaaace/Code/mid70/2025_radar_station/install/livox_ros2_driver/share/livox_ros2_driver/hook/ld_library_path_lib.sh'
[0.741s] Level 1:colcon.colcon_core.environment:checking '/home/spaaaaace/Code/mid70/2025_radar_station/install/livox_ros2_driver/bin'
[0.741s] Level 1:colcon.colcon_core.environment:checking '/home/spaaaaace/Code/mid70/2025_radar_station/install/livox_ros2_driver/lib/pkgconfig/livox_ros2_driver.pc'
[0.741s] Level 1:colcon.colcon_core.environment:checking '/home/spaaaaace/Code/mid70/2025_radar_station/install/livox_ros2_driver/lib/python3.10/site-packages'
[0.741s] Level 1:colcon.colcon_core.environment:checking '/home/spaaaaace/Code/mid70/2025_radar_station/install/livox_ros2_driver/bin'
[0.741s] INFO:colcon.colcon_core.shell:Creating package script '/home/spaaaaace/Code/mid70/2025_radar_station/install/livox_ros2_driver/share/livox_ros2_driver/package.ps1'
[0.742s] INFO:colcon.colcon_core.shell:Creating package descriptor '/home/spaaaaace/Code/mid70/2025_radar_station/install/livox_ros2_driver/share/livox_ros2_driver/package.dsv'
[0.742s] INFO:colcon.colcon_core.shell:Creating package script '/home/spaaaaace/Code/mid70/2025_radar_station/install/livox_ros2_driver/share/livox_ros2_driver/package.sh'
[0.743s] INFO:colcon.colcon_core.shell:Creating package script '/home/spaaaaace/Code/mid70/2025_radar_station/install/livox_ros2_driver/share/livox_ros2_driver/package.bash'
[0.743s] INFO:colcon.colcon_core.shell:Creating package script '/home/spaaaaace/Code/mid70/2025_radar_station/install/livox_ros2_driver/share/livox_ros2_driver/package.zsh'
[0.743s] Level 1:colcon.colcon_core.environment:create_file_with_runtime_dependencies(/home/spaaaaace/Code/mid70/2025_radar_station/install/livox_ros2_driver/share/colcon-core/packages/livox_ros2_driver)
[0.787s] Level 1:colcon.colcon_core.environment:create_environment_scripts_only(livox_ros2_driver)
[0.787s] Level 1:colcon.colcon_core.environment:checking '/home/spaaaaace/Code/mid70/2025_radar_station/install/livox_ros2_driver' for CMake module files
[0.787s] Level 1:colcon.colcon_core.environment:checking '/home/spaaaaace/Code/mid70/2025_radar_station/install/livox_ros2_driver' for CMake config files
[0.787s] Level 1:colcon.colcon_core.shell:create_environment_hook('livox_ros2_driver', 'cmake_prefix_path')
[0.787s] INFO:colcon.colcon_core.shell:Creating environment hook '/home/spaaaaace/Code/mid70/2025_radar_station/install/livox_ros2_driver/share/livox_ros2_driver/hook/cmake_prefix_path.ps1'
[0.788s] INFO:colcon.colcon_core.shell:Creating environment descriptor '/home/spaaaaace/Code/mid70/2025_radar_station/install/livox_ros2_driver/share/livox_ros2_driver/hook/cmake_prefix_path.dsv'
[0.788s] INFO:colcon.colcon_core.shell:Creating environment hook '/home/spaaaaace/Code/mid70/2025_radar_station/install/livox_ros2_driver/share/livox_ros2_driver/hook/cmake_prefix_path.sh'
[0.788s] Level 1:colcon.colcon_core.environment:checking '/home/spaaaaace/Code/mid70/2025_radar_station/install/livox_ros2_driver/lib'
[0.788s] Level 1:colcon.colcon_core.shell:create_environment_hook('livox_ros2_driver', 'ld_library_path_lib')
[0.789s] INFO:colcon.colcon_core.shell:Creating environment hook '/home/spaaaaace/Code/mid70/2025_radar_station/install/livox_ros2_driver/share/livox_ros2_driver/hook/ld_library_path_lib.ps1'
[0.789s] INFO:colcon.colcon_core.shell:Creating environment descriptor '/home/spaaaaace/Code/mid70/2025_radar_station/install/livox_ros2_driver/share/livox_ros2_driver/hook/ld_library_path_lib.dsv'
[0.789s] INFO:colcon.colcon_core.shell:Creating environment hook '/home/spaaaaace/Code/mid70/2025_radar_station/install/livox_ros2_driver/share/livox_ros2_driver/hook/ld_library_path_lib.sh'
[0.789s] Level 1:colcon.colcon_core.environment:checking '/home/spaaaaace/Code/mid70/2025_radar_station/install/livox_ros2_driver/bin'
[0.789s] Level 1:colcon.colcon_core.environment:checking '/home/spaaaaace/Code/mid70/2025_radar_station/install/livox_ros2_driver/lib/pkgconfig/livox_ros2_driver.pc'
[0.789s] Level 1:colcon.colcon_core.environment:checking '/home/spaaaaace/Code/mid70/2025_radar_station/install/livox_ros2_driver/lib/python3.10/site-packages'
[0.790s] Level 1:colcon.colcon_core.environment:checking '/home/spaaaaace/Code/mid70/2025_radar_station/install/livox_ros2_driver/bin'
[0.790s] INFO:colcon.colcon_core.shell:Creating package script '/home/spaaaaace/Code/mid70/2025_radar_station/install/livox_ros2_driver/share/livox_ros2_driver/package.ps1'
[0.790s] INFO:colcon.colcon_core.shell:Creating package descriptor '/home/spaaaaace/Code/mid70/2025_radar_station/install/livox_ros2_driver/share/livox_ros2_driver/package.dsv'
[0.790s] INFO:colcon.colcon_core.shell:Creating package script '/home/spaaaaace/Code/mid70/2025_radar_station/install/livox_ros2_driver/share/livox_ros2_driver/package.sh'
[0.791s] INFO:colcon.colcon_core.shell:Creating package script '/home/spaaaaace/Code/mid70/2025_radar_station/install/livox_ros2_driver/share/livox_ros2_driver/package.bash'
[0.791s] INFO:colcon.colcon_core.shell:Creating package script '/home/spaaaaace/Code/mid70/2025_radar_station/install/livox_ros2_driver/share/livox_ros2_driver/package.zsh'
[0.791s] Level 1:colcon.colcon_core.environment:create_file_with_runtime_dependencies(/home/spaaaaace/Code/mid70/2025_radar_station/install/livox_ros2_driver/share/colcon-core/packages/livox_ros2_driver)
[6.633s] DEBUG:colcon.colcon_core.event_handler.log_command:Invoked command in '/home/spaaaaace/Code/mid70/2025_radar_station/build/radar_station' returned '2': CMAKE_PREFIX_PATH=${CMAKE_PREFIX_PATH}:/opt/ros/humble CONDA_PROMPT_MODIFIER=(vision) PS1=(vision) \[\e]0;\u@\h: \w\a\]${debian_chroot:+($debian_chroot)}\[\033[01;32m\]\u@\h\[\033[00m\]:\[\033[01;34m\]\w\[\033[00m\]\$ /usr/local/bin/cmake --build /home/spaaaaace/Code/mid70/2025_radar_station/build/radar_station -- -j22 -l22
[6.657s] Level 1:colcon.colcon_core.environment:create_environment_scripts_only(radar_station)
[6.657s] Level 1:colcon.colcon_core.environment:checking '/home/spaaaaace/Code/mid70/2025_radar_station/install/radar_station' for CMake module files
[6.658s] Level 1:colcon.colcon_core.environment:checking '/home/spaaaaace/Code/mid70/2025_radar_station/install/radar_station' for CMake config files
[6.658s] Level 1:colcon.colcon_core.shell:create_environment_hook('radar_station', 'cmake_prefix_path')
[6.658s] INFO:colcon.colcon_core.shell:Creating environment hook '/home/spaaaaace/Code/mid70/2025_radar_station/install/radar_station/share/radar_station/hook/cmake_prefix_path.ps1'
[6.658s] INFO:colcon.colcon_core.shell:Creating environment descriptor '/home/spaaaaace/Code/mid70/2025_radar_station/install/radar_station/share/radar_station/hook/cmake_prefix_path.dsv'
[6.659s] INFO:colcon.colcon_core.shell:Creating environment hook '/home/spaaaaace/Code/mid70/2025_radar_station/install/radar_station/share/radar_station/hook/cmake_prefix_path.sh'
[6.659s] Level 1:colcon.colcon_core.environment:checking '/home/spaaaaace/Code/mid70/2025_radar_station/install/radar_station/lib'
[6.659s] Level 1:colcon.colcon_core.environment:checking '/home/spaaaaace/Code/mid70/2025_radar_station/install/radar_station/bin'
[6.659s] Level 1:colcon.colcon_core.environment:checking '/home/spaaaaace/Code/mid70/2025_radar_station/install/radar_station/lib/pkgconfig/radar_station.pc'
[6.659s] Level 1:colcon.colcon_core.environment:checking '/home/spaaaaace/Code/mid70/2025_radar_station/install/radar_station/lib/python3.10/site-packages'
[6.659s] Level 1:colcon.colcon_core.environment:checking '/home/spaaaaace/Code/mid70/2025_radar_station/install/radar_station/bin'
[6.660s] INFO:colcon.colcon_core.shell:Creating package script '/home/spaaaaace/Code/mid70/2025_radar_station/install/radar_station/share/radar_station/package.ps1'
[6.660s] INFO:colcon.colcon_core.shell:Creating package descriptor '/home/spaaaaace/Code/mid70/2025_radar_station/install/radar_station/share/radar_station/package.dsv'
[6.660s] INFO:colcon.colcon_core.shell:Creating package script '/home/spaaaaace/Code/mid70/2025_radar_station/install/radar_station/share/radar_station/package.sh'
[6.660s] INFO:colcon.colcon_core.shell:Creating package script '/home/spaaaaace/Code/mid70/2025_radar_station/install/radar_station/share/radar_station/package.bash'
[6.661s] INFO:colcon.colcon_core.shell:Creating package script '/home/spaaaaace/Code/mid70/2025_radar_station/install/radar_station/share/radar_station/package.zsh'
[6.661s] Level 1:colcon.colcon_core.environment:create_file_with_runtime_dependencies(/home/spaaaaace/Code/mid70/2025_radar_station/install/radar_station/share/colcon-core/packages/radar_station)
[6.671s] DEBUG:colcon.colcon_parallel_executor.executor.parallel:closing loop
[6.671s] DEBUG:colcon.colcon_parallel_executor.executor.parallel:loop closed
[6.671s] DEBUG:colcon.colcon_parallel_executor.executor.parallel:run_until_complete finished with '2'
[6.672s] DEBUG:colcon.colcon_core.event_reactor:joining thread
[6.675s] INFO:colcon.colcon_core.plugin_system:Skipping extension 'colcon_notification.desktop_notification.terminal_notifier': Not used on non-Darwin systems
[6.675s] INFO:colcon.colcon_core.plugin_system:Skipping extension 'colcon_notification.desktop_notification.win32': Not used on non-Windows systems
[6.675s] INFO:colcon.colcon_notification.desktop_notification:Sending desktop notification using 'notify2'
[6.679s] DEBUG:colcon.colcon_notification.desktop_notification.notify2:Failed to initialize notify2: org.freedesktop.DBus.Error.ServiceUnknown: The name org.freedesktop.Notifications was not provided by any .service files
[6.679s] DEBUG:colcon.colcon_core.event_reactor:joined thread
[6.680s] INFO:colcon.colcon_core.shell:Creating prefix script '/home/spaaaaace/Code/mid70/2025_radar_station/install/local_setup.ps1'
[6.681s] INFO:colcon.colcon_core.shell:Creating prefix util module '/home/spaaaaace/Code/mid70/2025_radar_station/install/_local_setup_util_ps1.py'
[6.681s] INFO:colcon.colcon_core.shell:Creating prefix chain script '/home/spaaaaace/Code/mid70/2025_radar_station/install/setup.ps1'
[6.682s] INFO:colcon.colcon_core.shell:Creating prefix script '/home/spaaaaace/Code/mid70/2025_radar_station/install/local_setup.sh'
[6.683s] INFO:colcon.colcon_core.shell:Creating prefix util module '/home/spaaaaace/Code/mid70/2025_radar_station/install/_local_setup_util_sh.py'
[6.683s] INFO:colcon.colcon_core.shell:Creating prefix chain script '/home/spaaaaace/Code/mid70/2025_radar_station/install/setup.sh'
[6.684s] INFO:colcon.colcon_core.shell:Creating prefix script '/home/spaaaaace/Code/mid70/2025_radar_station/install/local_setup.bash'
[6.684s] INFO:colcon.colcon_core.shell:Creating prefix chain script '/home/spaaaaace/Code/mid70/2025_radar_station/install/setup.bash'
[6.685s] INFO:colcon.colcon_core.shell:Creating prefix script '/home/spaaaaace/Code/mid70/2025_radar_station/install/local_setup.zsh'
[6.685s] INFO:colcon.colcon_core.shell:Creating prefix chain script '/home/spaaaaace/Code/mid70/2025_radar_station/install/setup.zsh'
